<!DOCTYPE html>
<html>
  <head>
    <meta charset="utf-8"/>
    <title id="head-title">sanity_report_2025-08-01_11-37-23.html</title>
      <style type="text/css">body {
  font-family: Helvetica, Arial, sans-serif;
  font-size: 12px;
  /* do not increase min-width as some may use split screens */
  min-width: 800px;
  color: #999;
}

h1 {
  font-size: 24px;
  color: black;
}

h2 {
  font-size: 16px;
  color: black;
}

p {
  color: black;
}

a {
  color: #999;
}

table {
  border-collapse: collapse;
}

/******************************
 * SUMMARY INFORMATION
 ******************************/
#environment td {
  padding: 5px;
  border: 1px solid #e6e6e6;
  vertical-align: top;
}
#environment tr:nth-child(odd) {
  background-color: #f6f6f6;
}
#environment ul {
  margin: 0;
  padding: 0 20px;
}

/******************************
 * TEST RESULT COLORS
 ******************************/
span.passed,
.passed .col-result {
  color: green;
}

span.skipped,
span.xfailed,
span.rerun,
.skipped .col-result,
.xfailed .col-result,
.rerun .col-result {
  color: orange;
}

span.error,
span.failed,
span.xpassed,
.error .col-result,
.failed .col-result,
.xpassed .col-result {
  color: red;
}

.col-links__extra {
  margin-right: 3px;
}

/******************************
 * RESULTS TABLE
 *
 * 1. Table Layout
 * 2. Extra
 * 3. Sorting items
 *
 ******************************/
/*------------------
 * 1. Table Layout
 *------------------*/
#results-table {
  border: 1px solid #e6e6e6;
  color: #999;
  font-size: 12px;
  width: 100%;
}
#results-table th,
#results-table td {
  padding: 5px;
  border: 1px solid #e6e6e6;
  text-align: left;
}
#results-table th {
  font-weight: bold;
}

/*------------------
 * 2. Extra
 *------------------*/
.logwrapper {
  max-height: 230px;
  overflow-y: scroll;
  background-color: #e6e6e6;
}
.logwrapper.expanded {
  max-height: none;
}
.logwrapper.expanded .logexpander:after {
  content: "collapse [-]";
}
.logwrapper .logexpander {
  z-index: 1;
  position: sticky;
  top: 10px;
  width: max-content;
  border: 1px solid;
  border-radius: 3px;
  padding: 5px 7px;
  margin: 10px 0 10px calc(100% - 80px);
  cursor: pointer;
  background-color: #e6e6e6;
}
.logwrapper .logexpander:after {
  content: "expand [+]";
}
.logwrapper .logexpander:hover {
  color: #000;
  border-color: #000;
}
.logwrapper .log {
  min-height: 40px;
  position: relative;
  top: -50px;
  height: calc(100% + 50px);
  border: 1px solid #e6e6e6;
  color: black;
  display: block;
  font-family: "Courier New", Courier, monospace;
  padding: 5px;
  padding-right: 80px;
  white-space: pre-wrap;
}

div.media {
  border: 1px solid #e6e6e6;
  float: right;
  height: 240px;
  margin: 0 5px;
  overflow: hidden;
  width: 320px;
}

.media-container {
  display: grid;
  grid-template-columns: 25px auto 25px;
  align-items: center;
  flex: 1 1;
  overflow: hidden;
  height: 200px;
}

.media-container--fullscreen {
  grid-template-columns: 0px auto 0px;
}

.media-container__nav--right,
.media-container__nav--left {
  text-align: center;
  cursor: pointer;
}

.media-container__viewport {
  cursor: pointer;
  text-align: center;
  height: inherit;
}
.media-container__viewport img,
.media-container__viewport video {
  object-fit: cover;
  width: 100%;
  max-height: 100%;
}

.media__name,
.media__counter {
  display: flex;
  flex-direction: row;
  justify-content: space-around;
  flex: 0 0 25px;
  align-items: center;
}

.collapsible td:not(.col-links) {
  cursor: pointer;
}
.collapsible td:not(.col-links):hover::after {
  color: #bbb;
  font-style: italic;
  cursor: pointer;
}

.col-result {
  width: 130px;
}
.col-result:hover::after {
  content: " (hide details)";
}

.col-result.collapsed:hover::after {
  content: " (show details)";
}

#environment-header h2:hover::after {
  content: " (hide details)";
  color: #bbb;
  font-style: italic;
  cursor: pointer;
  font-size: 12px;
}

#environment-header.collapsed h2:hover::after {
  content: " (show details)";
  color: #bbb;
  font-style: italic;
  cursor: pointer;
  font-size: 12px;
}

/*------------------
 * 3. Sorting items
 *------------------*/
.sortable {
  cursor: pointer;
}
.sortable.desc:after {
  content: " ";
  position: relative;
  left: 5px;
  bottom: -12.5px;
  border: 10px solid #4caf50;
  border-bottom: 0;
  border-left-color: transparent;
  border-right-color: transparent;
}
.sortable.asc:after {
  content: " ";
  position: relative;
  left: 5px;
  bottom: 12.5px;
  border: 10px solid #4caf50;
  border-top: 0;
  border-left-color: transparent;
  border-right-color: transparent;
}

.hidden, .summary__reload__button.hidden {
  display: none;
}

.summary__data {
  flex: 0 0 550px;
}
.summary__reload {
  flex: 1 1;
  display: flex;
  justify-content: center;
}
.summary__reload__button {
  flex: 0 0 300px;
  display: flex;
  color: white;
  font-weight: bold;
  background-color: #4caf50;
  text-align: center;
  justify-content: center;
  align-items: center;
  border-radius: 3px;
  cursor: pointer;
}
.summary__reload__button:hover {
  background-color: #46a049;
}
.summary__spacer {
  flex: 0 0 550px;
}

.controls {
  display: flex;
  justify-content: space-between;
}

.filters,
.collapse {
  display: flex;
  align-items: center;
}
.filters button,
.collapse button {
  color: #999;
  border: none;
  background: none;
  cursor: pointer;
  text-decoration: underline;
}
.filters button:hover,
.collapse button:hover {
  color: #ccc;
}

.filter__label {
  margin-right: 10px;
}

      </style>
    
  </head>
  <body>
    <h1 id="title">sanity_report_2025-08-01_11-37-23.html</h1>
    <p>Report generated on 01-Aug-2025 at 11:48:55 by <a href="https://pypi.python.org/pypi/pytest-html">pytest-html</a>
        v4.1.1</p>
    <div id="environment-header">
      <h2>Environment</h2>
    </div>
    <table id="environment"></table>
    <!-- TEMPLATES -->
      <template id="template_environment_row">
      <tr>
        <td></td>
        <td></td>
      </tr>
    </template>
    <template id="template_results-table__body--empty">
      <tbody class="results-table-row">
        <tr id="not-found-message">
          <td colspan="4">No results found. Check the filters.</th>
        </tr>
    </template>
    <template id="template_results-table__tbody">
      <tbody class="results-table-row">
        <tr class="collapsible">
        </tr>
        <tr class="extras-row">
          <td class="extra" colspan="4">
            <div class="extraHTML"></div>
            <div class="media">
              <div class="media-container">
                  <div class="media-container__nav--left"><</div>
                  <div class="media-container__viewport">
                    <img src="" />
                    <video controls>
                      <source src="" type="video/mp4">
                    </video>
                  </div>
                  <div class="media-container__nav--right">></div>
                </div>
                <div class="media__name"></div>
                <div class="media__counter"></div>
            </div>
            <div class="logwrapper">
              <div class="logexpander"></div>
              <div class="log"></div>
            </div>
          </td>
        </tr>
      </tbody>
    </template>
    <!-- END TEMPLATES -->
    <div class="summary">
      <div class="summary__data">
        <h2>Summary</h2>
        <div class="additional-summary prefix">
        </div>
        <p class="run-count">25 tests took 00:11:30.</p>
        <p class="filter">(Un)check the boxes to filter the results.</p>
        <div class="summary__reload">
          <div class="summary__reload__button hidden" onclick="location.reload()">
            <div>There are still tests running. <br />Reload this page to get the latest results!</div>
          </div>
        </div>
        <div class="summary__spacer"></div>
        <div class="controls">
          <div class="filters">
            <input checked="true" class="filter" name="filter_checkbox" type="checkbox" data-test-result="failed" />
            <span class="failed">5 Failed,</span>
            <input checked="true" class="filter" name="filter_checkbox" type="checkbox" data-test-result="passed" />
            <span class="passed">20 Passed,</span>
            <input checked="true" class="filter" name="filter_checkbox" type="checkbox" data-test-result="skipped" disabled/>
            <span class="skipped">0 Skipped,</span>
            <input checked="true" class="filter" name="filter_checkbox" type="checkbox" data-test-result="xfailed" disabled/>
            <span class="xfailed">0 Expected failures,</span>
            <input checked="true" class="filter" name="filter_checkbox" type="checkbox" data-test-result="xpassed" disabled/>
            <span class="xpassed">0 Unexpected passes,</span>
            <input checked="true" class="filter" name="filter_checkbox" type="checkbox" data-test-result="error" disabled/>
            <span class="error">0 Errors,</span>
            <input checked="true" class="filter" name="filter_checkbox" type="checkbox" data-test-result="rerun" disabled/>
            <span class="rerun">0 Reruns</span>
          </div>
          <div class="collapse">
            <button id="show_all_details">Show all details</button>&nbsp;/&nbsp;<button id="hide_all_details">Hide all details</button>
          </div>
        </div>
      </div>
      <div class="additional-summary summary">
      </div>
      <div class="additional-summary postfix">
      </div>
    </div>
    <table id="results-table">
      <thead id="results-table-head">
        <tr>
          <th class="sortable" data-column-type="result">Result</th>
          <th class="sortable" data-column-type="testId">Test</th>
          <th class="sortable" data-column-type="duration">Duration</th>
          <th>Links</th>
        </tr>
      </thead>
    </table>
  </body>
  <footer>
    <div id="data-container" data-jsonblob="{&#34;environment&#34;: {&#34;Python&#34;: &#34;3.13.3&#34;, &#34;Platform&#34;: &#34;Windows-11-10.0.26100-SP0&#34;, &#34;Packages&#34;: {&#34;pytest&#34;: &#34;8.4.1&#34;, &#34;pluggy&#34;: &#34;1.6.0&#34;}, &#34;Plugins&#34;: {&#34;forked&#34;: &#34;1.6.0&#34;, &#34;html&#34;: &#34;4.1.1&#34;, &#34;metadata&#34;: &#34;3.1.1&#34;, &#34;xdist&#34;: &#34;3.8.0&#34;}, &#34;JAVA_HOME&#34;: &#34;C:\\Program Files\\Java\\jdk-22&#34;}, &#34;tests&#34;: {&#34;com/bridgelabz/testcases/test_checkin_out_report.py::TestCheckinOutReport::test_view_checkin_checkout_report&#34;: [{&#34;extras&#34;: [], &#34;result&#34;: &#34;Passed&#34;, &#34;testId&#34;: &#34;com/bridgelabz/testcases/test_checkin_out_report.py::TestCheckinOutReport::test_view_checkin_checkout_report&#34;, &#34;duration&#34;: &#34;00:00:43&#34;, &#34;resultsTableRow&#34;: [&#34;&lt;td class=\&#34;col-result\&#34;&gt;Passed&lt;/td&gt;&#34;, &#34;&lt;td class=\&#34;col-testId\&#34;&gt;com/bridgelabz/testcases/test_checkin_out_report.py::TestCheckinOutReport::test_view_checkin_checkout_report&lt;/td&gt;&#34;, &#34;&lt;td class=\&#34;col-duration\&#34;&gt;00:00:43&lt;/td&gt;&#34;, &#34;&lt;td class=\&#34;col-links\&#34;&gt;&lt;/td&gt;&#34;], &#34;log&#34;: &#34;---------------------------- Captured stderr setup -----------------------------\n2025-08-01 11:37:23,887 - INFO - conftest - Initializing Chrome WebDriver.\n2025-08-01 11:37:25,747 - INFO - conftest - Maximizing browser window.\n2025-08-01 11:37:25,880 - INFO - conftest - Setting implicit wait to 10 seconds.\n2025-08-01 11:37:25,884 - INFO - conftest - Navigating to URL: https://bl-practice-attendance-app-stg-187791816934.asia-south1.run.app/admin\n2025-08-01 11:37:39,015 - INFO - conftest - Instantiating SignInPage object.\n2025-08-01 11:37:39,017 - INFO - conftest - Waiting for and clicking &amp;#x27;Sign in with Google&amp;#x27; button.\n2025-08-01 11:37:39,017 - INFO - SignInPage - Waiting for Google sign-in button.\n2025-08-01 11:37:39,290 - INFO - SignInPage - Clicking on &amp;#x27;Sign in with Google&amp;#x27; button.\n2025-08-01 11:37:39,511 - INFO - conftest - Waiting for Google login popup to appear.\n2025-08-01 11:37:39,524 - INFO - conftest - Switching to Google login popup window.\n2025-08-01 11:37:39,528 - INFO - conftest - Entering Google account email.\n2025-08-01 11:37:39,529 - INFO - SignInPage - Entering email: deepika.ramireddy@bridgelabz.com\n2025-08-01 11:37:41,887 - INFO - conftest - Clicking &amp;#x27;Next&amp;#x27; after entering email.\n2025-08-01 11:37:41,887 - INFO - SignInPage - Clicking on &amp;#x27;Next&amp;#x27; button.\n2025-08-01 11:37:42,131 - INFO - conftest - Entering Google account password.\n2025-08-01 11:37:42,132 - INFO - SignInPage - Entering password.\n2025-08-01 11:37:44,484 - INFO - conftest - Clicking &amp;#x27;Next&amp;#x27; after entering password.\n2025-08-01 11:37:44,484 - INFO - SignInPage - Clicking on &amp;#x27;Next&amp;#x27; button.\n2025-08-01 11:37:44,592 - INFO - conftest - Waiting for application window to become available.\n2025-08-01 11:37:44,594 - INFO - conftest - Switching back to original application window.\n2025-08-01 11:37:44,602 - INFO - conftest - Attempting to close overlay popup after login, if present.\n2025-08-01 11:37:51,249 - INFO - conftest - Overlay popup closed after login.\n\n------------------------------ Captured log setup ------------------------------\nINFO     conftest:conftest.py:17 Initializing Chrome WebDriver.\nINFO     conftest:conftest.py:19 Maximizing browser window.\nINFO     conftest:conftest.py:21 Setting implicit wait to 10 seconds.\nINFO     conftest:conftest.py:24 Navigating to URL: https://bl-practice-attendance-app-stg-187791816934.asia-south1.run.app/admin\nINFO     conftest:conftest.py:34 Instantiating SignInPage object.\nINFO     conftest:conftest.py:37 Waiting for and clicking &amp;#x27;Sign in with Google&amp;#x27; button.\nINFO     SignInPage:SignInPage.py:32 Waiting for Google sign-in button.\nINFO     SignInPage:SignInPage.py:37 Clicking on &amp;#x27;Sign in with Google&amp;#x27; button.\nINFO     conftest:conftest.py:40 Waiting for Google login popup to appear.\nINFO     conftest:conftest.py:42 Switching to Google login popup window.\nINFO     conftest:conftest.py:45 Entering Google account email.\nINFO     SignInPage:SignInPage.py:42 Entering email: deepika.ramireddy@bridgelabz.com\nINFO     conftest:conftest.py:47 Clicking &amp;#x27;Next&amp;#x27; after entering email.\nINFO     SignInPage:SignInPage.py:61 Clicking on &amp;#x27;Next&amp;#x27; button.\nINFO     conftest:conftest.py:50 Entering Google account password.\nINFO     SignInPage:SignInPage.py:51 Entering password.\nINFO     conftest:conftest.py:52 Clicking &amp;#x27;Next&amp;#x27; after entering password.\nINFO     SignInPage:SignInPage.py:61 Clicking on &amp;#x27;Next&amp;#x27; button.\nINFO     conftest:conftest.py:55 Waiting for application window to become available.\nINFO     conftest:conftest.py:57 Switching back to original application window.\nINFO     conftest:conftest.py:60 Attempting to close overlay popup after login, if present.\nINFO     conftest:conftest.py:67 Overlay popup closed after login.\n\n----------------------------- Captured stderr call -----------------------------\n2025-08-01 11:37:51,254 - INFO - CheckInOutReport - Navigating to CheckIn-Out Report tab.\n2025-08-01 11:37:51,343 - INFO - CheckInOutReport - Filling dropdowns and fields for report generation.\n2025-08-01 11:37:51,343 - INFO - CheckInOutReport - Selecting option &amp;#x27;P&amp;amp;A Phase 2&amp;#x27; for dropdown with xpath: //label[text()=&amp;#x27;COE*&amp;#x27;]/following-sibling::div//div[@role=&amp;#x27;combobox&amp;#x27;]\n2025-08-01 11:37:52,893 - INFO - CheckInOutReport - Option &amp;#x27;P&amp;amp;A Phase 2&amp;#x27; selected successfully.\n2025-08-01 11:37:52,893 - INFO - CheckInOutReport - Selecting option &amp;#x27;Fellowship&amp;#x27; for dropdown with xpath: //label[text()=&amp;#x27;Lab Type*&amp;#x27;]/following-sibling::div//div[@role=&amp;#x27;combobox&amp;#x27;]\n2025-08-01 11:37:54,454 - INFO - CheckInOutReport - Option &amp;#x27;Fellowship&amp;#x27; selected successfully.\n2025-08-01 11:37:54,454 - INFO - CheckInOutReport - Typing attendance name: July 16\n2025-08-01 11:37:55,664 - INFO - CheckInOutReport - Attendance name selected.\n2025-08-01 11:37:55,664 - INFO - CheckInOutReport - Selecting option &amp;#x27;10:00 AM - 04:00 PM&amp;#x27; for dropdown with xpath: //label[normalize-space()=&amp;#x27;Session Time&amp;#x27;]/following-sibling::div//div[@role=&amp;#x27;combobox&amp;#x27;]\n2025-08-01 11:37:56,854 - INFO - CheckInOutReport - Option &amp;#x27;10:00 AM - 04:00 PM&amp;#x27; selected successfully.\n2025-08-01 11:37:58,854 - INFO - CheckInOutReport - Setting date &amp;#x27;2025-05-01&amp;#x27; using JS for xpath: //input[@name=&amp;#x27;fromDate&amp;#x27;]\n2025-08-01 11:37:59,883 - INFO - CheckInOutReport - Date &amp;#x27;2025-05-01&amp;#x27; set successfully for xpath: //input[@name=&amp;#x27;fromDate&amp;#x27;]\n2025-08-01 11:38:01,884 - INFO - CheckInOutReport - Setting date &amp;#x27;2025-07-01&amp;#x27; using JS for xpath: //input[@name=&amp;#x27;toDate&amp;#x27;]\n2025-08-01 11:38:02,905 - INFO - CheckInOutReport - Date &amp;#x27;2025-07-01&amp;#x27; set successfully for xpath: //input[@name=&amp;#x27;toDate&amp;#x27;]\n2025-08-01 11:38:02,905 - INFO - CheckInOutReport - Clicking the VIEW button.\n2025-08-01 11:38:04,990 - INFO - CheckInOutReport - CheckIn and CheckOut report validated successfully. &amp;#x27;#CheckIn Count&amp;#x27; column found.\n\n------------------------------ Captured log call -------------------------------\nINFO     CheckInOutReport:CheckInOutReport.py:44 Navigating to CheckIn-Out Report tab.\nINFO     CheckInOutReport:CheckInOutReport.py:47 Filling dropdowns and fields for report generation.\nINFO     CheckInOutReport:CheckInOutReport.py:25 Selecting option &amp;#x27;P&amp;amp;A Phase 2&amp;#x27; for dropdown with xpath: //label[text()=&amp;#x27;COE*&amp;#x27;]/following-sibling::div//div[@role=&amp;#x27;combobox&amp;#x27;]\nINFO     CheckInOutReport:CheckInOutReport.py:30 Option &amp;#x27;P&amp;amp;A Phase 2&amp;#x27; selected successfully.\nINFO     CheckInOutReport:CheckInOutReport.py:25 Selecting option &amp;#x27;Fellowship&amp;#x27; for dropdown with xpath: //label[text()=&amp;#x27;Lab Type*&amp;#x27;]/following-sibling::div//div[@role=&amp;#x27;combobox&amp;#x27;]\nINFO     CheckInOutReport:CheckInOutReport.py:30 Option &amp;#x27;Fellowship&amp;#x27; selected successfully.\nINFO     CheckInOutReport:CheckInOutReport.py:51 Typing attendance name: July 16\nINFO     CheckInOutReport:CheckInOutReport.py:55 Attendance name selected.\nINFO     CheckInOutReport:CheckInOutReport.py:25 Selecting option &amp;#x27;10:00 AM - 04:00 PM&amp;#x27; for dropdown with xpath: //label[normalize-space()=&amp;#x27;Session Time&amp;#x27;]/following-sibling::div//div[@role=&amp;#x27;combobox&amp;#x27;]\nINFO     CheckInOutReport:CheckInOutReport.py:30 Option &amp;#x27;10:00 AM - 04:00 PM&amp;#x27; selected successfully.\nINFO     CheckInOutReport:CheckInOutReport.py:33 Setting date &amp;#x27;2025-05-01&amp;#x27; using JS for xpath: //input[@name=&amp;#x27;fromDate&amp;#x27;]\nINFO     CheckInOutReport:CheckInOutReport.py:41 Date &amp;#x27;2025-05-01&amp;#x27; set successfully for xpath: //input[@name=&amp;#x27;fromDate&amp;#x27;]\nINFO     CheckInOutReport:CheckInOutReport.py:33 Setting date &amp;#x27;2025-07-01&amp;#x27; using JS for xpath: //input[@name=&amp;#x27;toDate&amp;#x27;]\nINFO     CheckInOutReport:CheckInOutReport.py:41 Date &amp;#x27;2025-07-01&amp;#x27; set successfully for xpath: //input[@name=&amp;#x27;toDate&amp;#x27;]\nINFO     CheckInOutReport:CheckInOutReport.py:64 Clicking the VIEW button.\nINFO     CheckInOutReport:CheckInOutReport.py:69 CheckIn and CheckOut report validated successfully. &amp;#x27;#CheckIn Count&amp;#x27; column found.\n\n--------------------------- Captured stderr teardown ---------------------------\n2025-08-01 11:38:04,996 - INFO - conftest - Quitting Chrome WebDriver.\n\n---------------------------- Captured log teardown -----------------------------\nINFO     conftest:conftest.py:27 Quitting Chrome WebDriver.&#34;}], &#34;com/bridgelabz/testcases/test_coder_distribution.py::TestCoderDistribution::test_view_coder_distribution_report&#34;: [{&#34;extras&#34;: [], &#34;result&#34;: &#34;Passed&#34;, &#34;testId&#34;: &#34;com/bridgelabz/testcases/test_coder_distribution.py::TestCoderDistribution::test_view_coder_distribution_report&#34;, &#34;duration&#34;: &#34;00:00:22&#34;, &#34;resultsTableRow&#34;: [&#34;&lt;td class=\&#34;col-result\&#34;&gt;Passed&lt;/td&gt;&#34;, &#34;&lt;td class=\&#34;col-testId\&#34;&gt;com/bridgelabz/testcases/test_coder_distribution.py::TestCoderDistribution::test_view_coder_distribution_report&lt;/td&gt;&#34;, &#34;&lt;td class=\&#34;col-duration\&#34;&gt;00:00:22&lt;/td&gt;&#34;, &#34;&lt;td class=\&#34;col-links\&#34;&gt;&lt;/td&gt;&#34;], &#34;log&#34;: &#34;---------------------------- Captured stderr setup -----------------------------\n2025-08-01 11:38:07,286 - INFO - conftest - Initializing Chrome WebDriver.\n2025-08-01 11:38:08,555 - INFO - conftest - Maximizing browser window.\n2025-08-01 11:38:08,601 - INFO - conftest - Setting implicit wait to 10 seconds.\n2025-08-01 11:38:08,602 - INFO - conftest - Navigating to URL: https://bl-practice-attendance-app-stg-187791816934.asia-south1.run.app/admin\n2025-08-01 11:38:09,550 - INFO - conftest - Instantiating SignInPage object.\n2025-08-01 11:38:09,550 - INFO - conftest - Waiting for and clicking &amp;#x27;Sign in with Google&amp;#x27; button.\n2025-08-01 11:38:09,551 - INFO - SignInPage - Waiting for Google sign-in button.\n2025-08-01 11:38:09,842 - INFO - SignInPage - Clicking on &amp;#x27;Sign in with Google&amp;#x27; button.\n2025-08-01 11:38:10,050 - INFO - conftest - Waiting for Google login popup to appear.\n2025-08-01 11:38:10,059 - INFO - conftest - Switching to Google login popup window.\n2025-08-01 11:38:10,069 - INFO - conftest - Entering Google account email.\n2025-08-01 11:38:10,069 - INFO - SignInPage - Entering email: deepika.ramireddy@bridgelabz.com\n2025-08-01 11:38:11,178 - INFO - conftest - Clicking &amp;#x27;Next&amp;#x27; after entering email.\n2025-08-01 11:38:11,179 - INFO - SignInPage - Clicking on &amp;#x27;Next&amp;#x27; button.\n2025-08-01 11:38:11,384 - INFO - conftest - Entering Google account password.\n2025-08-01 11:38:11,384 - INFO - SignInPage - Entering password.\n2025-08-01 11:38:15,173 - INFO - conftest - Clicking &amp;#x27;Next&amp;#x27; after entering password.\n2025-08-01 11:38:15,174 - INFO - SignInPage - Clicking on &amp;#x27;Next&amp;#x27; button.\n2025-08-01 11:38:15,288 - INFO - conftest - Waiting for application window to become available.\n2025-08-01 11:38:15,290 - INFO - conftest - Switching back to original application window.\n2025-08-01 11:38:15,302 - INFO - conftest - Attempting to close overlay popup after login, if present.\n2025-08-01 11:38:21,973 - INFO - conftest - Overlay popup closed after login.\n\n------------------------------ Captured log setup ------------------------------\nINFO     conftest:conftest.py:17 Initializing Chrome WebDriver.\nINFO     conftest:conftest.py:19 Maximizing browser window.\nINFO     conftest:conftest.py:21 Setting implicit wait to 10 seconds.\nINFO     conftest:conftest.py:24 Navigating to URL: https://bl-practice-attendance-app-stg-187791816934.asia-south1.run.app/admin\nINFO     conftest:conftest.py:34 Instantiating SignInPage object.\nINFO     conftest:conftest.py:37 Waiting for and clicking &amp;#x27;Sign in with Google&amp;#x27; button.\nINFO     SignInPage:SignInPage.py:32 Waiting for Google sign-in button.\nINFO     SignInPage:SignInPage.py:37 Clicking on &amp;#x27;Sign in with Google&amp;#x27; button.\nINFO     conftest:conftest.py:40 Waiting for Google login popup to appear.\nINFO     conftest:conftest.py:42 Switching to Google login popup window.\nINFO     conftest:conftest.py:45 Entering Google account email.\nINFO     SignInPage:SignInPage.py:42 Entering email: deepika.ramireddy@bridgelabz.com\nINFO     conftest:conftest.py:47 Clicking &amp;#x27;Next&amp;#x27; after entering email.\nINFO     SignInPage:SignInPage.py:61 Clicking on &amp;#x27;Next&amp;#x27; button.\nINFO     conftest:conftest.py:50 Entering Google account password.\nINFO     SignInPage:SignInPage.py:51 Entering password.\nINFO     conftest:conftest.py:52 Clicking &amp;#x27;Next&amp;#x27; after entering password.\nINFO     SignInPage:SignInPage.py:61 Clicking on &amp;#x27;Next&amp;#x27; button.\nINFO     conftest:conftest.py:55 Waiting for application window to become available.\nINFO     conftest:conftest.py:57 Switching back to original application window.\nINFO     conftest:conftest.py:60 Attempting to close overlay popup after login, if present.\nINFO     conftest:conftest.py:67 Overlay popup closed after login.\n\n----------------------------- Captured stderr call -----------------------------\n2025-08-01 11:38:21,976 - INFO - CoderDistributionReport - Opening Coder Distribution Report tab\n2025-08-01 11:38:22,105 - INFO - CoderDistributionReport - Coder Distribution tab clicked\n2025-08-01 11:38:22,105 - INFO - CoderDistributionReport - Selecting value &amp;#x27;P&amp;amp;A Phase 2&amp;#x27; from dropdown: (//div[@id=&amp;#x27;coe-select&amp;#x27;])[1]\n2025-08-01 11:38:23,385 - INFO - CoderDistributionReport - Selected option &amp;#x27;P&amp;amp;A Phase 2&amp;#x27;\n2025-08-01 11:38:23,385 - INFO - CoderDistributionReport - Selecting value &amp;#x27;Fellowship&amp;#x27; from dropdown: (//div[@id=&amp;#x27;coe-select&amp;#x27;])[2]\n2025-08-01 11:38:25,131 - INFO - CoderDistributionReport - Selected option &amp;#x27;Fellowship&amp;#x27;\n2025-08-01 11:38:25,132 - INFO - CoderDistributionReport - Clicking on VIEW button\n2025-08-01 11:38:27,429 - INFO - CoderDistributionReport - Coder Distribution Report loaded successfully with valid data\n\n------------------------------ Captured log call -------------------------------\nINFO     CoderDistributionReport:CoderDistributionReport.py:32 Opening Coder Distribution Report tab\nINFO     CoderDistributionReport:CoderDistributionReport.py:36 Coder Distribution tab clicked\nINFO     CoderDistributionReport:CoderDistributionReport.py:19 Selecting value &amp;#x27;P&amp;amp;A Phase 2&amp;#x27; from dropdown: (//div[@id=&amp;#x27;coe-select&amp;#x27;])[1]\nINFO     CoderDistributionReport:CoderDistributionReport.py:29 Selected option &amp;#x27;P&amp;amp;A Phase 2&amp;#x27;\nINFO     CoderDistributionReport:CoderDistributionReport.py:19 Selecting value &amp;#x27;Fellowship&amp;#x27; from dropdown: (//div[@id=&amp;#x27;coe-select&amp;#x27;])[2]\nINFO     CoderDistributionReport:CoderDistributionReport.py:29 Selected option &amp;#x27;Fellowship&amp;#x27;\nINFO     CoderDistributionReport:CoderDistributionReport.py:43 Clicking on VIEW button\nINFO     CoderDistributionReport:CoderDistributionReport.py:51 Coder Distribution Report loaded successfully with valid data\n\n--------------------------- Captured stderr teardown ---------------------------\n2025-08-01 11:38:27,431 - INFO - conftest - Quitting Chrome WebDriver.\n\n---------------------------- Captured log teardown -----------------------------\nINFO     conftest:conftest.py:27 Quitting Chrome WebDriver.&#34;}], &#34;com/bridgelabz/testcases/test_coe_labz.py::TestCOE::test_create_coe&#34;: [{&#34;extras&#34;: [], &#34;result&#34;: &#34;Passed&#34;, &#34;testId&#34;: &#34;com/bridgelabz/testcases/test_coe_labz.py::TestCOE::test_create_coe&#34;, &#34;duration&#34;: &#34;00:00:18&#34;, &#34;resultsTableRow&#34;: [&#34;&lt;td class=\&#34;col-result\&#34;&gt;Passed&lt;/td&gt;&#34;, &#34;&lt;td class=\&#34;col-testId\&#34;&gt;com/bridgelabz/testcases/test_coe_labz.py::TestCOE::test_create_coe&lt;/td&gt;&#34;, &#34;&lt;td class=\&#34;col-duration\&#34;&gt;00:00:18&lt;/td&gt;&#34;, &#34;&lt;td class=\&#34;col-links\&#34;&gt;&lt;/td&gt;&#34;], &#34;log&#34;: &#34;---------------------------- Captured stderr setup -----------------------------\n2025-08-01 11:38:29,698 - INFO - conftest - Initializing Chrome WebDriver.\n2025-08-01 11:38:30,999 - INFO - conftest - Maximizing browser window.\n2025-08-01 11:38:31,049 - INFO - conftest - Setting implicit wait to 10 seconds.\n2025-08-01 11:38:31,051 - INFO - conftest - Navigating to URL: https://bl-practice-attendance-app-stg-187791816934.asia-south1.run.app/admin\n2025-08-01 11:38:31,211 - INFO - conftest - Instantiating SignInPage object.\n2025-08-01 11:38:31,212 - INFO - conftest - Waiting for and clicking &amp;#x27;Sign in with Google&amp;#x27; button.\n2025-08-01 11:38:31,212 - INFO - SignInPage - Waiting for Google sign-in button.\n2025-08-01 11:38:32,454 - INFO - SignInPage - Clicking on &amp;#x27;Sign in with Google&amp;#x27; button.\n2025-08-01 11:38:32,633 - INFO - conftest - Waiting for Google login popup to appear.\n2025-08-01 11:38:32,668 - INFO - conftest - Switching to Google login popup window.\n2025-08-01 11:38:32,678 - INFO - conftest - Entering Google account email.\n2025-08-01 11:38:32,678 - INFO - SignInPage - Entering email: deepika.ramireddy@bridgelabz.com\n2025-08-01 11:38:34,054 - INFO - conftest - Clicking &amp;#x27;Next&amp;#x27; after entering email.\n2025-08-01 11:38:34,054 - INFO - SignInPage - Clicking on &amp;#x27;Next&amp;#x27; button.\n2025-08-01 11:38:34,241 - INFO - conftest - Entering Google account password.\n2025-08-01 11:38:34,241 - INFO - SignInPage - Entering password.\n2025-08-01 11:38:37,671 - INFO - conftest - Clicking &amp;#x27;Next&amp;#x27; after entering password.\n2025-08-01 11:38:37,671 - INFO - SignInPage - Clicking on &amp;#x27;Next&amp;#x27; button.\n2025-08-01 11:38:37,788 - INFO - conftest - Waiting for application window to become available.\n2025-08-01 11:38:37,790 - INFO - conftest - Switching back to original application window.\n2025-08-01 11:38:37,799 - INFO - conftest - Attempting to close overlay popup after login, if present.\n2025-08-01 11:38:43,850 - INFO - conftest - Overlay popup closed after login.\n\n------------------------------ Captured log setup ------------------------------\nINFO     conftest:conftest.py:17 Initializing Chrome WebDriver.\nINFO     conftest:conftest.py:19 Maximizing browser window.\nINFO     conftest:conftest.py:21 Setting implicit wait to 10 seconds.\nINFO     conftest:conftest.py:24 Navigating to URL: https://bl-practice-attendance-app-stg-187791816934.asia-south1.run.app/admin\nINFO     conftest:conftest.py:34 Instantiating SignInPage object.\nINFO     conftest:conftest.py:37 Waiting for and clicking &amp;#x27;Sign in with Google&amp;#x27; button.\nINFO     SignInPage:SignInPage.py:32 Waiting for Google sign-in button.\nINFO     SignInPage:SignInPage.py:37 Clicking on &amp;#x27;Sign in with Google&amp;#x27; button.\nINFO     conftest:conftest.py:40 Waiting for Google login popup to appear.\nINFO     conftest:conftest.py:42 Switching to Google login popup window.\nINFO     conftest:conftest.py:45 Entering Google account email.\nINFO     SignInPage:SignInPage.py:42 Entering email: deepika.ramireddy@bridgelabz.com\nINFO     conftest:conftest.py:47 Clicking &amp;#x27;Next&amp;#x27; after entering email.\nINFO     SignInPage:SignInPage.py:61 Clicking on &amp;#x27;Next&amp;#x27; button.\nINFO     conftest:conftest.py:50 Entering Google account password.\nINFO     SignInPage:SignInPage.py:51 Entering password.\nINFO     conftest:conftest.py:52 Clicking &amp;#x27;Next&amp;#x27; after entering password.\nINFO     SignInPage:SignInPage.py:61 Clicking on &amp;#x27;Next&amp;#x27; button.\nINFO     conftest:conftest.py:55 Waiting for application window to become available.\nINFO     conftest:conftest.py:57 Switching back to original application window.\nINFO     conftest:conftest.py:60 Attempting to close overlay popup after login, if present.\nINFO     conftest:conftest.py:67 Overlay popup closed after login.\n\n----------------------------- Captured stdout call -----------------------------\nCOE Creation successful: &amp;#x27;Automation COE-7&amp;#x27; found in page source\n\n----------------------------- Captured stderr call -----------------------------\n2025-08-01 11:38:43,851 - INFO - COECenter - Clicking CREATE COE button.\n2025-08-01 11:38:44,029 - INFO - COECenter - CREATE COE button clicked successfully.\n2025-08-01 11:38:44,029 - INFO - COECenter - Filling COE form with: Automation COE-7, Automation Testing-7, 19.135420, 72.54894, 100\n2025-08-01 11:38:44,933 - INFO - COECenter - COE form filled successfully.\n2025-08-01 11:38:44,933 - INFO - COECenter - Clicking Create button.\n2025-08-01 11:38:45,033 - INFO - COECenter - Create button clicked.\n\n------------------------------ Captured log call -------------------------------\nINFO     COECenter:COECenter.py:39 Clicking CREATE COE button.\nINFO     COECenter:COECenter.py:42 CREATE COE button clicked successfully.\nINFO     COECenter:COECenter.py:45 Filling COE form with: Automation COE-7, Automation Testing-7, 19.135420, 72.54894, 100\nINFO     COECenter:COECenter.py:51 COE form filled successfully.\nINFO     COECenter:COECenter.py:54 Clicking Create button.\nINFO     COECenter:COECenter.py:56 Create button clicked.\n\n--------------------------- Captured stderr teardown ---------------------------\n2025-08-01 11:38:45,042 - INFO - conftest - Quitting Chrome WebDriver.\n\n---------------------------- Captured log teardown -----------------------------\nINFO     conftest:conftest.py:27 Quitting Chrome WebDriver.&#34;}], &#34;com/bridgelabz/testcases/test_coe_labz.py::TestCOE::test_edit_coe&#34;: [{&#34;extras&#34;: [], &#34;result&#34;: &#34;Passed&#34;, &#34;testId&#34;: &#34;com/bridgelabz/testcases/test_coe_labz.py::TestCOE::test_edit_coe&#34;, &#34;duration&#34;: &#34;00:00:16&#34;, &#34;resultsTableRow&#34;: [&#34;&lt;td class=\&#34;col-result\&#34;&gt;Passed&lt;/td&gt;&#34;, &#34;&lt;td class=\&#34;col-testId\&#34;&gt;com/bridgelabz/testcases/test_coe_labz.py::TestCOE::test_edit_coe&lt;/td&gt;&#34;, &#34;&lt;td class=\&#34;col-duration\&#34;&gt;00:00:16&lt;/td&gt;&#34;, &#34;&lt;td class=\&#34;col-links\&#34;&gt;&lt;/td&gt;&#34;], &#34;log&#34;: &#34;---------------------------- Captured stderr setup -----------------------------\n2025-08-01 11:38:47,297 - INFO - conftest - Initializing Chrome WebDriver.\n2025-08-01 11:38:48,604 - INFO - conftest - Maximizing browser window.\n2025-08-01 11:38:48,690 - INFO - conftest - Setting implicit wait to 10 seconds.\n2025-08-01 11:38:48,694 - INFO - conftest - Navigating to URL: https://bl-practice-attendance-app-stg-187791816934.asia-south1.run.app/admin\n2025-08-01 11:38:49,773 - INFO - conftest - Instantiating SignInPage object.\n2025-08-01 11:38:49,774 - INFO - conftest - Waiting for and clicking &amp;#x27;Sign in with Google&amp;#x27; button.\n2025-08-01 11:38:49,774 - INFO - SignInPage - Waiting for Google sign-in button.\n2025-08-01 11:38:50,109 - INFO - SignInPage - Clicking on &amp;#x27;Sign in with Google&amp;#x27; button.\n2025-08-01 11:38:50,307 - INFO - conftest - Waiting for Google login popup to appear.\n2025-08-01 11:38:50,314 - INFO - conftest - Switching to Google login popup window.\n2025-08-01 11:38:50,323 - INFO - conftest - Entering Google account email.\n2025-08-01 11:38:50,323 - INFO - SignInPage - Entering email: deepika.ramireddy@bridgelabz.com\n2025-08-01 11:38:51,745 - INFO - conftest - Clicking &amp;#x27;Next&amp;#x27; after entering email.\n2025-08-01 11:38:51,746 - INFO - SignInPage - Clicking on &amp;#x27;Next&amp;#x27; button.\n2025-08-01 11:38:51,960 - INFO - conftest - Entering Google account password.\n2025-08-01 11:38:51,961 - INFO - SignInPage - Entering password.\n2025-08-01 11:38:54,922 - INFO - conftest - Clicking &amp;#x27;Next&amp;#x27; after entering password.\n2025-08-01 11:38:54,923 - INFO - SignInPage - Clicking on &amp;#x27;Next&amp;#x27; button.\n2025-08-01 11:38:55,037 - INFO - conftest - Waiting for application window to become available.\n2025-08-01 11:38:55,038 - INFO - conftest - Switching back to original application window.\n2025-08-01 11:38:55,046 - INFO - conftest - Attempting to close overlay popup after login, if present.\n2025-08-01 11:39:00,302 - INFO - conftest - Overlay popup closed after login.\n\n------------------------------ Captured log setup ------------------------------\nINFO     conftest:conftest.py:17 Initializing Chrome WebDriver.\nINFO     conftest:conftest.py:19 Maximizing browser window.\nINFO     conftest:conftest.py:21 Setting implicit wait to 10 seconds.\nINFO     conftest:conftest.py:24 Navigating to URL: https://bl-practice-attendance-app-stg-187791816934.asia-south1.run.app/admin\nINFO     conftest:conftest.py:34 Instantiating SignInPage object.\nINFO     conftest:conftest.py:37 Waiting for and clicking &amp;#x27;Sign in with Google&amp;#x27; button.\nINFO     SignInPage:SignInPage.py:32 Waiting for Google sign-in button.\nINFO     SignInPage:SignInPage.py:37 Clicking on &amp;#x27;Sign in with Google&amp;#x27; button.\nINFO     conftest:conftest.py:40 Waiting for Google login popup to appear.\nINFO     conftest:conftest.py:42 Switching to Google login popup window.\nINFO     conftest:conftest.py:45 Entering Google account email.\nINFO     SignInPage:SignInPage.py:42 Entering email: deepika.ramireddy@bridgelabz.com\nINFO     conftest:conftest.py:47 Clicking &amp;#x27;Next&amp;#x27; after entering email.\nINFO     SignInPage:SignInPage.py:61 Clicking on &amp;#x27;Next&amp;#x27; button.\nINFO     conftest:conftest.py:50 Entering Google account password.\nINFO     SignInPage:SignInPage.py:51 Entering password.\nINFO     conftest:conftest.py:52 Clicking &amp;#x27;Next&amp;#x27; after entering password.\nINFO     SignInPage:SignInPage.py:61 Clicking on &amp;#x27;Next&amp;#x27; button.\nINFO     conftest:conftest.py:55 Waiting for application window to become available.\nINFO     conftest:conftest.py:57 Switching back to original application window.\nINFO     conftest:conftest.py:60 Attempting to close overlay popup after login, if present.\nINFO     conftest:conftest.py:67 Overlay popup closed after login.\n\n----------------------------- Captured stdout call -----------------------------\nCOE Edit successful: &amp;#x27;SRM TN Updated Automation 002&amp;#x27; found in page source\n\n----------------------------- Captured stderr call -----------------------------\n2025-08-01 11:39:00,303 - INFO - COECenter - Clicking edit button for SRMTN.\n2025-08-01 11:39:00,609 - INFO - COECenter - Edit button clicked for SRMTN.\n2025-08-01 11:39:00,614 - INFO - COECenter - Editing COE details to: SRM TN Updated Automation 002\n2025-08-01 11:39:01,123 - INFO - COECenter - COE details edited successfully.\n2025-08-01 11:39:01,123 - INFO - COECenter - Clicking Edit button.\n2025-08-01 11:39:01,222 - INFO - COECenter - Edit button clicked.\n\n------------------------------ Captured log call -------------------------------\nINFO     COECenter:COECenter.py:59 Clicking edit button for SRMTN.\nINFO     COECenter:COECenter.py:62 Edit button clicked for SRMTN.\nINFO     COECenter:COECenter.py:65 Editing COE details to: SRM TN Updated Automation 002\nINFO     COECenter:COECenter.py:69 COE details edited successfully.\nINFO     COECenter:COECenter.py:72 Clicking Edit button.\nINFO     COECenter:COECenter.py:75 Edit button clicked.\n\n--------------------------- Captured stderr teardown ---------------------------\n2025-08-01 11:39:01,231 - INFO - conftest - Quitting Chrome WebDriver.\n\n---------------------------- Captured log teardown -----------------------------\nINFO     conftest:conftest.py:27 Quitting Chrome WebDriver.&#34;}], &#34;com/bridgelabz/testcases/test_coe_labz.py::TestCOE::test_check_download_sample_csv&#34;: [{&#34;extras&#34;: [], &#34;result&#34;: &#34;Failed&#34;, &#34;testId&#34;: &#34;com/bridgelabz/testcases/test_coe_labz.py::TestCOE::test_check_download_sample_csv&#34;, &#34;duration&#34;: &#34;00:00:28&#34;, &#34;resultsTableRow&#34;: [&#34;&lt;td class=\&#34;col-result\&#34;&gt;Failed&lt;/td&gt;&#34;, &#34;&lt;td class=\&#34;col-testId\&#34;&gt;com/bridgelabz/testcases/test_coe_labz.py::TestCOE::test_check_download_sample_csv&lt;/td&gt;&#34;, &#34;&lt;td class=\&#34;col-duration\&#34;&gt;00:00:28&lt;/td&gt;&#34;, &#34;&lt;td class=\&#34;col-links\&#34;&gt;&lt;/td&gt;&#34;], &#34;log&#34;: &#34;self = &amp;lt;com.bridgelabz.testcases.test_coe_labz.TestCOE object at 0x00000279DBBD1940&amp;gt;\nlogin = &amp;lt;selenium.webdriver.chrome.webdriver.WebDriver (session=&amp;quot;776469d39319a19cd96fe356320a846c&amp;quot;)&amp;gt;\n\n    @pytest.mark.sanity\n    def test_check_download_sample_csv(self, login):\n        driver = login\n        coe = COECenter(driver)\n    \n        download_directory = os.path.expanduser(&amp;quot;~/Downloads&amp;quot;)\n        expected_file_prefix = &amp;quot;SampleLearnerCSV&amp;quot;\n        file_extension = &amp;quot;.csv&amp;quot;\n        wait_timeout = 10\n    \n        # Clean existing files\n        for file in os.listdir(download_directory):\n            if file.startswith(expected_file_prefix) and file.endswith(file_extension):\n                os.remove(os.path.join(download_directory, file))\n    \n        # Perform UI actions\n        coe.click_learner_button()\n        coe.click_download_learner_data_csv()\n        time.sleep(2)\n    \n        # Verify toaster message\n        toast_xpath = &amp;quot;//*[contains(text(),&amp;#x27;downloaded successfully&amp;#x27;)]&amp;quot;\n    \n        try:\n            WebDriverWait(driver, wait_timeout).until(\n                EC.visibility_of_element_located((By.XPATH, toast_xpath))\n            )\n            print(&amp;quot;Toast message verified: File downloaded successfully.&amp;quot;)\n        except Exception as e:\n            take_screenshot(driver, &amp;quot;test_check_download_sample_csv_toast_fail&amp;quot;)\n            raise AssertionError(&amp;quot;Toast message not found or text mismatch. &amp;quot; + str(e))\n    \n        # Check file downloaded\n        file_downloaded = False\n        end_time = time.time() + wait_timeout\n    \n        try:\n            while time.time() &amp;lt; end_time:\n                for file in os.listdir(download_directory):\n                    if file.startswith(expected_file_prefix) and file.endswith(file_extension):\n                        file_downloaded = True\n                        downloaded_file_path = os.path.join(download_directory, file)\n                        break\n                if file_downloaded:\n                    break\n                time.sleep(1)\n    \n&amp;gt;           assert file_downloaded, &amp;quot;CSV file not downloaded in Downloads folder.&amp;quot;\nE           AssertionError: CSV file not downloaded in Downloads folder.\nE           assert False\n\ntestcases\\test_coe_labz.py:123: AssertionError\n\nDuring handling of the above exception, another exception occurred:\n\nself = &amp;lt;com.bridgelabz.testcases.test_coe_labz.TestCOE object at 0x00000279DBBD1940&amp;gt;\nlogin = &amp;lt;selenium.webdriver.chrome.webdriver.WebDriver (session=&amp;quot;776469d39319a19cd96fe356320a846c&amp;quot;)&amp;gt;\n\n    @pytest.mark.sanity\n    def test_check_download_sample_csv(self, login):\n        driver = login\n        coe = COECenter(driver)\n    \n        download_directory = os.path.expanduser(&amp;quot;~/Downloads&amp;quot;)\n        expected_file_prefix = &amp;quot;SampleLearnerCSV&amp;quot;\n        file_extension = &amp;quot;.csv&amp;quot;\n        wait_timeout = 10\n    \n        # Clean existing files\n        for file in os.listdir(download_directory):\n            if file.startswith(expected_file_prefix) and file.endswith(file_extension):\n                os.remove(os.path.join(download_directory, file))\n    \n        # Perform UI actions\n        coe.click_learner_button()\n        coe.click_download_learner_data_csv()\n        time.sleep(2)\n    \n        # Verify toaster message\n        toast_xpath = &amp;quot;//*[contains(text(),&amp;#x27;downloaded successfully&amp;#x27;)]&amp;quot;\n    \n        try:\n            WebDriverWait(driver, wait_timeout).until(\n                EC.visibility_of_element_located((By.XPATH, toast_xpath))\n            )\n            print(&amp;quot;Toast message verified: File downloaded successfully.&amp;quot;)\n        except Exception as e:\n            take_screenshot(driver, &amp;quot;test_check_download_sample_csv_toast_fail&amp;quot;)\n            raise AssertionError(&amp;quot;Toast message not found or text mismatch. &amp;quot; + str(e))\n    \n        # Check file downloaded\n        file_downloaded = False\n        end_time = time.time() + wait_timeout\n    \n        try:\n            while time.time() &amp;lt; end_time:\n                for file in os.listdir(download_directory):\n                    if file.startswith(expected_file_prefix) and file.endswith(file_extension):\n                        file_downloaded = True\n                        downloaded_file_path = os.path.join(download_directory, file)\n                        break\n                if file_downloaded:\n                    break\n                time.sleep(1)\n    \n            assert file_downloaded, &amp;quot;CSV file not downloaded in Downloads folder.&amp;quot;\n            print(f&amp;quot;CSV file downloaded successfully.&amp;quot;)\n        except Exception as e:\n            take_screenshot(driver, &amp;quot;test_check_download_sample_csv_file_fail&amp;quot;)\n&amp;gt;           raise AssertionError(&amp;quot;CSV file download verification failed. &amp;quot; + str(e))\nE           AssertionError: CSV file download verification failed. CSV file not downloaded in Downloads folder.\nE           assert False\n\ntestcases\\test_coe_labz.py:127: AssertionError\n\n---------------------------- Captured stderr setup -----------------------------\n2025-08-01 11:39:03,501 - INFO - conftest - Initializing Chrome WebDriver.\n2025-08-01 11:39:04,669 - INFO - conftest - Maximizing browser window.\n2025-08-01 11:39:04,723 - INFO - conftest - Setting implicit wait to 10 seconds.\n2025-08-01 11:39:04,728 - INFO - conftest - Navigating to URL: https://bl-practice-attendance-app-stg-187791816934.asia-south1.run.app/admin\n2025-08-01 11:39:05,657 - INFO - conftest - Instantiating SignInPage object.\n2025-08-01 11:39:05,658 - INFO - conftest - Waiting for and clicking &amp;#x27;Sign in with Google&amp;#x27; button.\n2025-08-01 11:39:05,658 - INFO - SignInPage - Waiting for Google sign-in button.\n2025-08-01 11:39:05,957 - INFO - SignInPage - Clicking on &amp;#x27;Sign in with Google&amp;#x27; button.\n2025-08-01 11:39:06,151 - INFO - conftest - Waiting for Google login popup to appear.\n2025-08-01 11:39:06,201 - INFO - conftest - Switching to Google login popup window.\n2025-08-01 11:39:06,210 - INFO - conftest - Entering Google account email.\n2025-08-01 11:39:06,210 - INFO - SignInPage - Entering email: deepika.ramireddy@bridgelabz.com\n2025-08-01 11:39:07,494 - INFO - conftest - Clicking &amp;#x27;Next&amp;#x27; after entering email.\n2025-08-01 11:39:07,494 - INFO - SignInPage - Clicking on &amp;#x27;Next&amp;#x27; button.\n2025-08-01 11:39:07,659 - INFO - conftest - Entering Google account password.\n2025-08-01 11:39:07,659 - INFO - SignInPage - Entering password.\n2025-08-01 11:39:10,899 - INFO - conftest - Clicking &amp;#x27;Next&amp;#x27; after entering password.\n2025-08-01 11:39:10,900 - INFO - SignInPage - Clicking on &amp;#x27;Next&amp;#x27; button.\n2025-08-01 11:39:11,011 - INFO - conftest - Waiting for application window to become available.\n2025-08-01 11:39:11,012 - INFO - conftest - Switching back to original application window.\n2025-08-01 11:39:11,022 - INFO - conftest - Attempting to close overlay popup after login, if present.\n2025-08-01 11:39:16,797 - INFO - conftest - Overlay popup closed after login.\n\n------------------------------ Captured log setup ------------------------------\nINFO     conftest:conftest.py:17 Initializing Chrome WebDriver.\nINFO     conftest:conftest.py:19 Maximizing browser window.\nINFO     conftest:conftest.py:21 Setting implicit wait to 10 seconds.\nINFO     conftest:conftest.py:24 Navigating to URL: https://bl-practice-attendance-app-stg-187791816934.asia-south1.run.app/admin\nINFO     conftest:conftest.py:34 Instantiating SignInPage object.\nINFO     conftest:conftest.py:37 Waiting for and clicking &amp;#x27;Sign in with Google&amp;#x27; button.\nINFO     SignInPage:SignInPage.py:32 Waiting for Google sign-in button.\nINFO     SignInPage:SignInPage.py:37 Clicking on &amp;#x27;Sign in with Google&amp;#x27; button.\nINFO     conftest:conftest.py:40 Waiting for Google login popup to appear.\nINFO     conftest:conftest.py:42 Switching to Google login popup window.\nINFO     conftest:conftest.py:45 Entering Google account email.\nINFO     SignInPage:SignInPage.py:42 Entering email: deepika.ramireddy@bridgelabz.com\nINFO     conftest:conftest.py:47 Clicking &amp;#x27;Next&amp;#x27; after entering email.\nINFO     SignInPage:SignInPage.py:61 Clicking on &amp;#x27;Next&amp;#x27; button.\nINFO     conftest:conftest.py:50 Entering Google account password.\nINFO     SignInPage:SignInPage.py:51 Entering password.\nINFO     conftest:conftest.py:52 Clicking &amp;#x27;Next&amp;#x27; after entering password.\nINFO     SignInPage:SignInPage.py:61 Clicking on &amp;#x27;Next&amp;#x27; button.\nINFO     conftest:conftest.py:55 Waiting for application window to become available.\nINFO     conftest:conftest.py:57 Switching back to original application window.\nINFO     conftest:conftest.py:60 Attempting to close overlay popup after login, if present.\nINFO     conftest:conftest.py:67 Overlay popup closed after login.\n\n----------------------------- Captured stdout call -----------------------------\nToast message verified: File downloaded successfully.\n\n----------------------------- Captured stderr call -----------------------------\n2025-08-01 11:39:16,811 - INFO - COECenter - Clicking Learner count button.\n2025-08-01 11:39:16,978 - INFO - COECenter - Learner button clicked.\n2025-08-01 11:39:16,979 - INFO - COECenter - Clicking Download Learner Data CSV button.\n2025-08-01 11:39:17,208 - INFO - COECenter - Learner Data CSV downloaded.\n2025-08-01 11:39:29,239 - INFO - conftest - Preparing to take screenshot.\n2025-08-01 11:39:29,239 - INFO - conftest - Ensuring screenshot directory exists at /Practice-Attendance-Admin/ScreenShots.\n2025-08-01 11:39:29,240 - INFO - conftest - Saving screenshot to /Practice-Attendance-Admin/ScreenShots\\test_check_download_sample_csv_file_fail_01-08-2025_11-39-29.png.\n2025-08-01 11:39:29,334 - INFO - conftest - Screenshot saved at /Practice-Attendance-Admin/ScreenShots\\test_check_download_sample_csv_file_fail_01-08-2025_11-39-29.png\n\n------------------------------ Captured log call -------------------------------\nINFO     COECenter:COECenter.py:87 Clicking Learner count button.\nINFO     COECenter:COECenter.py:90 Learner button clicked.\nINFO     COECenter:COECenter.py:99 Clicking Download Learner Data CSV button.\nINFO     COECenter:COECenter.py:102 Learner Data CSV downloaded.\nINFO     conftest:conftest.py:75 Preparing to take screenshot.\nINFO     conftest:conftest.py:77 Ensuring screenshot directory exists at /Practice-Attendance-Admin/ScreenShots.\nINFO     conftest:conftest.py:84 Saving screenshot to /Practice-Attendance-Admin/ScreenShots\\test_check_download_sample_csv_file_fail_01-08-2025_11-39-29.png.\nINFO     conftest:conftest.py:86 Screenshot saved at /Practice-Attendance-Admin/ScreenShots\\test_check_download_sample_csv_file_fail_01-08-2025_11-39-29.png\n\n--------------------------- Captured stderr teardown ---------------------------\n2025-08-01 11:39:29,467 - INFO - conftest - Quitting Chrome WebDriver.\n\n---------------------------- Captured log teardown -----------------------------\nINFO     conftest:conftest.py:27 Quitting Chrome WebDriver.&#34;}], &#34;com/bridgelabz/testcases/test_coe_labz.py::TestCOE::test_check_download_learner_data_csv&#34;: [{&#34;extras&#34;: [], &#34;result&#34;: &#34;Passed&#34;, &#34;testId&#34;: &#34;com/bridgelabz/testcases/test_coe_labz.py::TestCOE::test_check_download_learner_data_csv&#34;, &#34;duration&#34;: &#34;00:00:19&#34;, &#34;resultsTableRow&#34;: [&#34;&lt;td class=\&#34;col-result\&#34;&gt;Passed&lt;/td&gt;&#34;, &#34;&lt;td class=\&#34;col-testId\&#34;&gt;com/bridgelabz/testcases/test_coe_labz.py::TestCOE::test_check_download_learner_data_csv&lt;/td&gt;&#34;, &#34;&lt;td class=\&#34;col-duration\&#34;&gt;00:00:19&lt;/td&gt;&#34;, &#34;&lt;td class=\&#34;col-links\&#34;&gt;&lt;/td&gt;&#34;], &#34;log&#34;: &#34;---------------------------- Captured stderr setup -----------------------------\n2025-08-01 11:39:31,727 - INFO - conftest - Initializing Chrome WebDriver.\n2025-08-01 11:39:32,859 - INFO - conftest - Maximizing browser window.\n2025-08-01 11:39:32,898 - INFO - conftest - Setting implicit wait to 10 seconds.\n2025-08-01 11:39:32,899 - INFO - conftest - Navigating to URL: https://bl-practice-attendance-app-stg-187791816934.asia-south1.run.app/admin\n2025-08-01 11:39:33,966 - INFO - conftest - Instantiating SignInPage object.\n2025-08-01 11:39:33,967 - INFO - conftest - Waiting for and clicking &amp;#x27;Sign in with Google&amp;#x27; button.\n2025-08-01 11:39:33,967 - INFO - SignInPage - Waiting for Google sign-in button.\n2025-08-01 11:39:34,291 - INFO - SignInPage - Clicking on &amp;#x27;Sign in with Google&amp;#x27; button.\n2025-08-01 11:39:34,439 - INFO - conftest - Waiting for Google login popup to appear.\n2025-08-01 11:39:34,475 - INFO - conftest - Switching to Google login popup window.\n2025-08-01 11:39:34,479 - INFO - conftest - Entering Google account email.\n2025-08-01 11:39:34,479 - INFO - SignInPage - Entering email: deepika.ramireddy@bridgelabz.com\n2025-08-01 11:39:35,912 - INFO - conftest - Clicking &amp;#x27;Next&amp;#x27; after entering email.\n2025-08-01 11:39:35,912 - INFO - SignInPage - Clicking on &amp;#x27;Next&amp;#x27; button.\n2025-08-01 11:39:36,119 - INFO - conftest - Entering Google account password.\n2025-08-01 11:39:36,119 - INFO - SignInPage - Entering password.\n2025-08-01 11:39:39,373 - INFO - conftest - Clicking &amp;#x27;Next&amp;#x27; after entering password.\n2025-08-01 11:39:39,373 - INFO - SignInPage - Clicking on &amp;#x27;Next&amp;#x27; button.\n2025-08-01 11:39:39,485 - INFO - conftest - Waiting for application window to become available.\n2025-08-01 11:39:39,488 - INFO - conftest - Switching back to original application window.\n2025-08-01 11:39:39,502 - INFO - conftest - Attempting to close overlay popup after login, if present.\n2025-08-01 11:39:45,592 - INFO - conftest - Overlay popup closed after login.\n\n------------------------------ Captured log setup ------------------------------\nINFO     conftest:conftest.py:17 Initializing Chrome WebDriver.\nINFO     conftest:conftest.py:19 Maximizing browser window.\nINFO     conftest:conftest.py:21 Setting implicit wait to 10 seconds.\nINFO     conftest:conftest.py:24 Navigating to URL: https://bl-practice-attendance-app-stg-187791816934.asia-south1.run.app/admin\nINFO     conftest:conftest.py:34 Instantiating SignInPage object.\nINFO     conftest:conftest.py:37 Waiting for and clicking &amp;#x27;Sign in with Google&amp;#x27; button.\nINFO     SignInPage:SignInPage.py:32 Waiting for Google sign-in button.\nINFO     SignInPage:SignInPage.py:37 Clicking on &amp;#x27;Sign in with Google&amp;#x27; button.\nINFO     conftest:conftest.py:40 Waiting for Google login popup to appear.\nINFO     conftest:conftest.py:42 Switching to Google login popup window.\nINFO     conftest:conftest.py:45 Entering Google account email.\nINFO     SignInPage:SignInPage.py:42 Entering email: deepika.ramireddy@bridgelabz.com\nINFO     conftest:conftest.py:47 Clicking &amp;#x27;Next&amp;#x27; after entering email.\nINFO     SignInPage:SignInPage.py:61 Clicking on &amp;#x27;Next&amp;#x27; button.\nINFO     conftest:conftest.py:50 Entering Google account password.\nINFO     SignInPage:SignInPage.py:51 Entering password.\nINFO     conftest:conftest.py:52 Clicking &amp;#x27;Next&amp;#x27; after entering password.\nINFO     SignInPage:SignInPage.py:61 Clicking on &amp;#x27;Next&amp;#x27; button.\nINFO     conftest:conftest.py:55 Waiting for application window to become available.\nINFO     conftest:conftest.py:57 Switching back to original application window.\nINFO     conftest:conftest.py:60 Attempting to close overlay popup after login, if present.\nINFO     conftest:conftest.py:67 Overlay popup closed after login.\n\n----------------------------- Captured stdout call -----------------------------\nToast message verified: File downloaded successfully.\nCSV file downloaded successfully.\n\n----------------------------- Captured stderr call -----------------------------\n2025-08-01 11:39:45,601 - INFO - COECenter - Clicking Learner count button.\n2025-08-01 11:39:45,783 - INFO - COECenter - Learner button clicked.\n2025-08-01 11:39:45,783 - INFO - COECenter - Clicking Download Learner Data CSV button.\n2025-08-01 11:39:46,040 - INFO - COECenter - Learner Data CSV downloaded.\n\n------------------------------ Captured log call -------------------------------\nINFO     COECenter:COECenter.py:87 Clicking Learner count button.\nINFO     COECenter:COECenter.py:90 Learner button clicked.\nINFO     COECenter:COECenter.py:99 Clicking Download Learner Data CSV button.\nINFO     COECenter:COECenter.py:102 Learner Data CSV downloaded.\n\n--------------------------- Captured stderr teardown ---------------------------\n2025-08-01 11:39:48,308 - INFO - conftest - Quitting Chrome WebDriver.\n\n---------------------------- Captured log teardown -----------------------------\nINFO     conftest:conftest.py:27 Quitting Chrome WebDriver.&#34;}], &#34;com/bridgelabz/testcases/test_coe_labz.py::TestCOE::test_upload_csv_file&#34;: [{&#34;extras&#34;: [], &#34;result&#34;: &#34;Failed&#34;, &#34;testId&#34;: &#34;com/bridgelabz/testcases/test_coe_labz.py::TestCOE::test_upload_csv_file&#34;, &#34;duration&#34;: &#34;00:00:16&#34;, &#34;resultsTableRow&#34;: [&#34;&lt;td class=\&#34;col-result\&#34;&gt;Failed&lt;/td&gt;&#34;, &#34;&lt;td class=\&#34;col-testId\&#34;&gt;com/bridgelabz/testcases/test_coe_labz.py::TestCOE::test_upload_csv_file&lt;/td&gt;&#34;, &#34;&lt;td class=\&#34;col-duration\&#34;&gt;00:00:16&lt;/td&gt;&#34;, &#34;&lt;td class=\&#34;col-links\&#34;&gt;&lt;/td&gt;&#34;], &#34;log&#34;: &#34;self = &amp;lt;com.bridgelabz.testcases.test_coe_labz.TestCOE object at 0x00000279DBC1CF30&amp;gt;\nlogin = &amp;lt;selenium.webdriver.chrome.webdriver.WebDriver (session=&amp;quot;475ba9f108550683dd0541ae6d47752c&amp;quot;)&amp;gt;\n\n    @pytest.mark.sanity\n    def test_upload_csv_file(self, login):\n        driver = login\n        coe = COECenter(driver)\n    \n        # Ensure file path is correct\n        file_path = r&amp;quot;C:\\Users\\ASUS\\Downloads\\SampleLearnerCSV.csv&amp;quot;  # &amp;lt;-- FIXED\n        if not os.path.exists(file_path):\n&amp;gt;           raise FileNotFoundError(f&amp;quot;CSV file not found at: {file_path}&amp;quot;)\nE           FileNotFoundError: CSV file not found at: C:\\Users\\ASUS\\Downloads\\SampleLearnerCSV.csv\n\ntestcases\\test_coe_labz.py:190: FileNotFoundError\n\n---------------------------- Captured stderr setup -----------------------------\n2025-08-01 11:39:50,861 - INFO - conftest - Initializing Chrome WebDriver.\n2025-08-01 11:39:52,157 - INFO - conftest - Maximizing browser window.\n2025-08-01 11:39:52,336 - INFO - conftest - Setting implicit wait to 10 seconds.\n2025-08-01 11:39:52,338 - INFO - conftest - Navigating to URL: https://bl-practice-attendance-app-stg-187791816934.asia-south1.run.app/admin\n2025-08-01 11:39:53,308 - INFO - conftest - Instantiating SignInPage object.\n2025-08-01 11:39:53,308 - INFO - conftest - Waiting for and clicking &amp;#x27;Sign in with Google&amp;#x27; button.\n2025-08-01 11:39:53,309 - INFO - SignInPage - Waiting for Google sign-in button.\n2025-08-01 11:39:53,600 - INFO - SignInPage - Clicking on &amp;#x27;Sign in with Google&amp;#x27; button.\n2025-08-01 11:39:53,762 - INFO - conftest - Waiting for Google login popup to appear.\n2025-08-01 11:39:53,777 - INFO - conftest - Switching to Google login popup window.\n2025-08-01 11:39:53,786 - INFO - conftest - Entering Google account email.\n2025-08-01 11:39:53,787 - INFO - SignInPage - Entering email: deepika.ramireddy@bridgelabz.com\n2025-08-01 11:39:55,229 - INFO - conftest - Clicking &amp;#x27;Next&amp;#x27; after entering email.\n2025-08-01 11:39:55,229 - INFO - SignInPage - Clicking on &amp;#x27;Next&amp;#x27; button.\n2025-08-01 11:39:55,419 - INFO - conftest - Entering Google account password.\n2025-08-01 11:39:55,420 - INFO - SignInPage - Entering password.\n2025-08-01 11:39:58,477 - INFO - conftest - Clicking &amp;#x27;Next&amp;#x27; after entering password.\n2025-08-01 11:39:58,477 - INFO - SignInPage - Clicking on &amp;#x27;Next&amp;#x27; button.\n2025-08-01 11:39:58,596 - INFO - conftest - Waiting for application window to become available.\n2025-08-01 11:39:58,599 - INFO - conftest - Switching back to original application window.\n2025-08-01 11:39:58,610 - INFO - conftest - Attempting to close overlay popup after login, if present.\n2025-08-01 11:40:04,295 - INFO - conftest - Overlay popup closed after login.\n\n------------------------------ Captured log setup ------------------------------\nINFO     conftest:conftest.py:17 Initializing Chrome WebDriver.\nINFO     conftest:conftest.py:19 Maximizing browser window.\nINFO     conftest:conftest.py:21 Setting implicit wait to 10 seconds.\nINFO     conftest:conftest.py:24 Navigating to URL: https://bl-practice-attendance-app-stg-187791816934.asia-south1.run.app/admin\nINFO     conftest:conftest.py:34 Instantiating SignInPage object.\nINFO     conftest:conftest.py:37 Waiting for and clicking &amp;#x27;Sign in with Google&amp;#x27; button.\nINFO     SignInPage:SignInPage.py:32 Waiting for Google sign-in button.\nINFO     SignInPage:SignInPage.py:37 Clicking on &amp;#x27;Sign in with Google&amp;#x27; button.\nINFO     conftest:conftest.py:40 Waiting for Google login popup to appear.\nINFO     conftest:conftest.py:42 Switching to Google login popup window.\nINFO     conftest:conftest.py:45 Entering Google account email.\nINFO     SignInPage:SignInPage.py:42 Entering email: deepika.ramireddy@bridgelabz.com\nINFO     conftest:conftest.py:47 Clicking &amp;#x27;Next&amp;#x27; after entering email.\nINFO     SignInPage:SignInPage.py:61 Clicking on &amp;#x27;Next&amp;#x27; button.\nINFO     conftest:conftest.py:50 Entering Google account password.\nINFO     SignInPage:SignInPage.py:51 Entering password.\nINFO     conftest:conftest.py:52 Clicking &amp;#x27;Next&amp;#x27; after entering password.\nINFO     SignInPage:SignInPage.py:61 Clicking on &amp;#x27;Next&amp;#x27; button.\nINFO     conftest:conftest.py:55 Waiting for application window to become available.\nINFO     conftest:conftest.py:57 Switching back to original application window.\nINFO     conftest:conftest.py:60 Attempting to close overlay popup after login, if present.\nINFO     conftest:conftest.py:67 Overlay popup closed after login.\n--------------------------- Captured stderr teardown ---------------------------\n2025-08-01 11:40:04,302 - INFO - conftest - Quitting Chrome WebDriver.\n\n---------------------------- Captured log teardown -----------------------------\nINFO     conftest:conftest.py:27 Quitting Chrome WebDriver.&#34;}], &#34;com/bridgelabz/testcases/test_daily_reports.py::TestDailyReports::test_view_daily_attendance_report&#34;: [{&#34;extras&#34;: [], &#34;result&#34;: &#34;Passed&#34;, &#34;testId&#34;: &#34;com/bridgelabz/testcases/test_daily_reports.py::TestDailyReports::test_view_daily_attendance_report&#34;, &#34;duration&#34;: &#34;00:00:33&#34;, &#34;resultsTableRow&#34;: [&#34;&lt;td class=\&#34;col-result\&#34;&gt;Passed&lt;/td&gt;&#34;, &#34;&lt;td class=\&#34;col-testId\&#34;&gt;com/bridgelabz/testcases/test_daily_reports.py::TestDailyReports::test_view_daily_attendance_report&lt;/td&gt;&#34;, &#34;&lt;td class=\&#34;col-duration\&#34;&gt;00:00:33&lt;/td&gt;&#34;, &#34;&lt;td class=\&#34;col-links\&#34;&gt;&lt;/td&gt;&#34;], &#34;log&#34;: &#34;---------------------------- Captured stderr setup -----------------------------\n2025-08-01 11:40:06,555 - INFO - conftest - Initializing Chrome WebDriver.\n2025-08-01 11:40:07,819 - INFO - conftest - Maximizing browser window.\n2025-08-01 11:40:07,900 - INFO - conftest - Setting implicit wait to 10 seconds.\n2025-08-01 11:40:07,903 - INFO - conftest - Navigating to URL: https://bl-practice-attendance-app-stg-187791816934.asia-south1.run.app/admin\n2025-08-01 11:40:08,093 - INFO - conftest - Instantiating SignInPage object.\n2025-08-01 11:40:08,093 - INFO - conftest - Waiting for and clicking &amp;#x27;Sign in with Google&amp;#x27; button.\n2025-08-01 11:40:08,094 - INFO - SignInPage - Waiting for Google sign-in button.\n2025-08-01 11:40:09,391 - INFO - SignInPage - Clicking on &amp;#x27;Sign in with Google&amp;#x27; button.\n2025-08-01 11:40:09,557 - INFO - conftest - Waiting for Google login popup to appear.\n2025-08-01 11:40:09,573 - INFO - conftest - Switching to Google login popup window.\n2025-08-01 11:40:09,584 - INFO - conftest - Entering Google account email.\n2025-08-01 11:40:09,585 - INFO - SignInPage - Entering email: deepika.ramireddy@bridgelabz.com\n2025-08-01 11:40:10,844 - INFO - conftest - Clicking &amp;#x27;Next&amp;#x27; after entering email.\n2025-08-01 11:40:10,844 - INFO - SignInPage - Clicking on &amp;#x27;Next&amp;#x27; button.\n2025-08-01 11:40:11,024 - INFO - conftest - Entering Google account password.\n2025-08-01 11:40:11,025 - INFO - SignInPage - Entering password.\n2025-08-01 11:40:14,713 - INFO - conftest - Clicking &amp;#x27;Next&amp;#x27; after entering password.\n2025-08-01 11:40:14,713 - INFO - SignInPage - Clicking on &amp;#x27;Next&amp;#x27; button.\n2025-08-01 11:40:14,823 - INFO - conftest - Waiting for application window to become available.\n2025-08-01 11:40:14,824 - INFO - conftest - Switching back to original application window.\n2025-08-01 11:40:14,833 - INFO - conftest - Attempting to close overlay popup after login, if present.\n2025-08-01 11:40:20,451 - INFO - conftest - Overlay popup closed after login.\n\n------------------------------ Captured log setup ------------------------------\nINFO     conftest:conftest.py:17 Initializing Chrome WebDriver.\nINFO     conftest:conftest.py:19 Maximizing browser window.\nINFO     conftest:conftest.py:21 Setting implicit wait to 10 seconds.\nINFO     conftest:conftest.py:24 Navigating to URL: https://bl-practice-attendance-app-stg-187791816934.asia-south1.run.app/admin\nINFO     conftest:conftest.py:34 Instantiating SignInPage object.\nINFO     conftest:conftest.py:37 Waiting for and clicking &amp;#x27;Sign in with Google&amp;#x27; button.\nINFO     SignInPage:SignInPage.py:32 Waiting for Google sign-in button.\nINFO     SignInPage:SignInPage.py:37 Clicking on &amp;#x27;Sign in with Google&amp;#x27; button.\nINFO     conftest:conftest.py:40 Waiting for Google login popup to appear.\nINFO     conftest:conftest.py:42 Switching to Google login popup window.\nINFO     conftest:conftest.py:45 Entering Google account email.\nINFO     SignInPage:SignInPage.py:42 Entering email: deepika.ramireddy@bridgelabz.com\nINFO     conftest:conftest.py:47 Clicking &amp;#x27;Next&amp;#x27; after entering email.\nINFO     SignInPage:SignInPage.py:61 Clicking on &amp;#x27;Next&amp;#x27; button.\nINFO     conftest:conftest.py:50 Entering Google account password.\nINFO     SignInPage:SignInPage.py:51 Entering password.\nINFO     conftest:conftest.py:52 Clicking &amp;#x27;Next&amp;#x27; after entering password.\nINFO     SignInPage:SignInPage.py:61 Clicking on &amp;#x27;Next&amp;#x27; button.\nINFO     conftest:conftest.py:55 Waiting for application window to become available.\nINFO     conftest:conftest.py:57 Switching back to original application window.\nINFO     conftest:conftest.py:60 Attempting to close overlay popup after login, if present.\nINFO     conftest:conftest.py:67 Overlay popup closed after login.\n\n----------------------------- Captured stderr call -----------------------------\n2025-08-01 11:40:20,549 - INFO - DailyReports - Clicked on Daily Report tab\n2025-08-01 11:40:20,677 - INFO - DailyReports - Clicked on View Daily Attendance Report button\n2025-08-01 11:40:20,885 - INFO - DailyReports - Clicked combobox: (//div[@class=&amp;#x27;MuiInputBase-root MuiOutlinedInput-root MuiInputBase-colorPrimary MuiInputBase-formControl MuiInputBase-sizeSmall MuiSelect-root css-iz33ar&amp;#x27;])[1]\n2025-08-01 11:40:21,965 - INFO - DailyReports - Selected option: P&amp;amp;A Phase 2\n2025-08-01 11:40:23,333 - INFO - DailyReports - Clicked combobox: //label[text()=&amp;#x27;Lab Type*&amp;#x27;]/following-sibling::div//div[@role=&amp;#x27;combobox&amp;#x27;]\n2025-08-01 11:40:24,426 - INFO - DailyReports - Selected option: Fellowship\n2025-08-01 11:40:27,573 - INFO - DailyReports - Selected attendance name: Day Order1\n2025-08-01 11:40:28,648 - INFO - DailyReports - Clicked combobox: //label[normalize-space()=&amp;#x27;Session Time&amp;#x27;]/following-sibling::div//div[@role=&amp;#x27;combobox&amp;#x27;]\n2025-08-01 11:40:29,712 - INFO - DailyReports - Selected option: 10:00 AM - 05:00 PM\n2025-08-01 11:40:31,732 - INFO - DailyReports - Date set for //input[@name=&amp;#x27;fromDate&amp;#x27;]: 2025-05-01\n2025-08-01 11:40:34,753 - INFO - DailyReports - Date set for //input[@name=&amp;#x27;toDate&amp;#x27;]: 2025-07-01\n2025-08-01 11:40:34,818 - INFO - DailyReports - Clicked on View button for Attendance Report\n2025-08-01 11:40:36,824 - INFO - DailyReports - Total Strength column is present in Daily Attendance Report \u2014 Validation Passed\n\n------------------------------ Captured log call -------------------------------\nINFO     DailyReports:DailyReports.py:75 Clicked on Daily Report tab\nINFO     DailyReports:DailyReports.py:80 Clicked on View Daily Attendance Report button\nINFO     DailyReports:DailyReports.py:41 Clicked combobox: (//div[@class=&amp;#x27;MuiInputBase-root MuiOutlinedInput-root MuiInputBase-colorPrimary MuiInputBase-formControl MuiInputBase-sizeSmall MuiSelect-root css-iz33ar&amp;#x27;])[1]\nINFO     DailyReports:DailyReports.py:47 Selected option: P&amp;amp;A Phase 2\nINFO     DailyReports:DailyReports.py:41 Clicked combobox: //label[text()=&amp;#x27;Lab Type*&amp;#x27;]/following-sibling::div//div[@role=&amp;#x27;combobox&amp;#x27;]\nINFO     DailyReports:DailyReports.py:47 Selected option: Fellowship\nINFO     DailyReports:DailyReports.py:93 Selected attendance name: Day Order1\nINFO     DailyReports:DailyReports.py:41 Clicked combobox: //label[normalize-space()=&amp;#x27;Session Time&amp;#x27;]/following-sibling::div//div[@role=&amp;#x27;combobox&amp;#x27;]\nINFO     DailyReports:DailyReports.py:47 Selected option: 10:00 AM - 05:00 PM\nINFO     DailyReports:DailyReports.py:69 Date set for //input[@name=&amp;#x27;fromDate&amp;#x27;]: 2025-05-01\nINFO     DailyReports:DailyReports.py:69 Date set for //input[@name=&amp;#x27;toDate&amp;#x27;]: 2025-07-01\nINFO     DailyReports:DailyReports.py:106 Clicked on View button for Attendance Report\nINFO     DailyReports:DailyReports.py:110 Total Strength column is present in Daily Attendance Report \u2014 Validation Passed\n\n--------------------------- Captured stderr teardown ---------------------------\n2025-08-01 11:40:36,825 - INFO - conftest - Quitting Chrome WebDriver.\n\n---------------------------- Captured log teardown -----------------------------\nINFO     conftest:conftest.py:27 Quitting Chrome WebDriver.&#34;}], &#34;com/bridgelabz/testcases/test_daily_reports.py::TestDailyReports::test_view_daily_practice_report&#34;: [{&#34;extras&#34;: [], &#34;result&#34;: &#34;Passed&#34;, &#34;testId&#34;: &#34;com/bridgelabz/testcases/test_daily_reports.py::TestDailyReports::test_view_daily_practice_report&#34;, &#34;duration&#34;: &#34;00:00:25&#34;, &#34;resultsTableRow&#34;: [&#34;&lt;td class=\&#34;col-result\&#34;&gt;Passed&lt;/td&gt;&#34;, &#34;&lt;td class=\&#34;col-testId\&#34;&gt;com/bridgelabz/testcases/test_daily_reports.py::TestDailyReports::test_view_daily_practice_report&lt;/td&gt;&#34;, &#34;&lt;td class=\&#34;col-duration\&#34;&gt;00:00:25&lt;/td&gt;&#34;, &#34;&lt;td class=\&#34;col-links\&#34;&gt;&lt;/td&gt;&#34;], &#34;log&#34;: &#34;---------------------------- Captured stderr setup -----------------------------\n2025-08-01 11:40:39,076 - INFO - conftest - Initializing Chrome WebDriver.\n2025-08-01 11:40:40,412 - INFO - conftest - Maximizing browser window.\n2025-08-01 11:40:40,454 - INFO - conftest - Setting implicit wait to 10 seconds.\n2025-08-01 11:40:40,461 - INFO - conftest - Navigating to URL: https://bl-practice-attendance-app-stg-187791816934.asia-south1.run.app/admin\n2025-08-01 11:40:41,474 - INFO - conftest - Instantiating SignInPage object.\n2025-08-01 11:40:41,475 - INFO - conftest - Waiting for and clicking &amp;#x27;Sign in with Google&amp;#x27; button.\n2025-08-01 11:40:41,475 - INFO - SignInPage - Waiting for Google sign-in button.\n2025-08-01 11:40:41,744 - INFO - SignInPage - Clicking on &amp;#x27;Sign in with Google&amp;#x27; button.\n2025-08-01 11:40:41,939 - INFO - conftest - Waiting for Google login popup to appear.\n2025-08-01 11:40:41,951 - INFO - conftest - Switching to Google login popup window.\n2025-08-01 11:40:41,958 - INFO - conftest - Entering Google account email.\n2025-08-01 11:40:41,958 - INFO - SignInPage - Entering email: deepika.ramireddy@bridgelabz.com\n2025-08-01 11:40:43,438 - INFO - conftest - Clicking &amp;#x27;Next&amp;#x27; after entering email.\n2025-08-01 11:40:43,438 - INFO - SignInPage - Clicking on &amp;#x27;Next&amp;#x27; button.\n2025-08-01 11:40:43,612 - INFO - conftest - Entering Google account password.\n2025-08-01 11:40:43,612 - INFO - SignInPage - Entering password.\n2025-08-01 11:40:46,575 - INFO - conftest - Clicking &amp;#x27;Next&amp;#x27; after entering password.\n2025-08-01 11:40:46,575 - INFO - SignInPage - Clicking on &amp;#x27;Next&amp;#x27; button.\n2025-08-01 11:40:46,703 - INFO - conftest - Waiting for application window to become available.\n2025-08-01 11:40:46,705 - INFO - conftest - Switching back to original application window.\n2025-08-01 11:40:46,715 - INFO - conftest - Attempting to close overlay popup after login, if present.\n2025-08-01 11:40:52,155 - INFO - conftest - Overlay popup closed after login.\n\n------------------------------ Captured log setup ------------------------------\nINFO     conftest:conftest.py:17 Initializing Chrome WebDriver.\nINFO     conftest:conftest.py:19 Maximizing browser window.\nINFO     conftest:conftest.py:21 Setting implicit wait to 10 seconds.\nINFO     conftest:conftest.py:24 Navigating to URL: https://bl-practice-attendance-app-stg-187791816934.asia-south1.run.app/admin\nINFO     conftest:conftest.py:34 Instantiating SignInPage object.\nINFO     conftest:conftest.py:37 Waiting for and clicking &amp;#x27;Sign in with Google&amp;#x27; button.\nINFO     SignInPage:SignInPage.py:32 Waiting for Google sign-in button.\nINFO     SignInPage:SignInPage.py:37 Clicking on &amp;#x27;Sign in with Google&amp;#x27; button.\nINFO     conftest:conftest.py:40 Waiting for Google login popup to appear.\nINFO     conftest:conftest.py:42 Switching to Google login popup window.\nINFO     conftest:conftest.py:45 Entering Google account email.\nINFO     SignInPage:SignInPage.py:42 Entering email: deepika.ramireddy@bridgelabz.com\nINFO     conftest:conftest.py:47 Clicking &amp;#x27;Next&amp;#x27; after entering email.\nINFO     SignInPage:SignInPage.py:61 Clicking on &amp;#x27;Next&amp;#x27; button.\nINFO     conftest:conftest.py:50 Entering Google account password.\nINFO     SignInPage:SignInPage.py:51 Entering password.\nINFO     conftest:conftest.py:52 Clicking &amp;#x27;Next&amp;#x27; after entering password.\nINFO     SignInPage:SignInPage.py:61 Clicking on &amp;#x27;Next&amp;#x27; button.\nINFO     conftest:conftest.py:55 Waiting for application window to become available.\nINFO     conftest:conftest.py:57 Switching back to original application window.\nINFO     conftest:conftest.py:60 Attempting to close overlay popup after login, if present.\nINFO     conftest:conftest.py:67 Overlay popup closed after login.\n\n----------------------------- Captured stderr call -----------------------------\n2025-08-01 11:40:52,299 - INFO - DailyReports - Clicked on Daily Report tab\n2025-08-01 11:40:52,417 - INFO - DailyReports - Clicked on Daily Practice Report tab\n2025-08-01 11:40:52,727 - INFO - DailyReports - Clicked combobox: //div[@id=&amp;#x27;mui-component-select-coe&amp;#x27;]\n2025-08-01 11:40:53,819 - INFO - DailyReports - Selected option: P&amp;amp;A Phase 2\n2025-08-01 11:40:54,886 - INFO - DailyReports - Clicked combobox: //div[@id=&amp;#x27;mui-component-select-labType&amp;#x27;]\n2025-08-01 11:40:56,001 - INFO - DailyReports - Selected option: Fellowship\n2025-08-01 11:40:56,323 - INFO - DailyReports - Clicked combobox: //div[@id=&amp;#x27;mui-component-select-makerPlan&amp;#x27;]\n2025-08-01 11:40:57,390 - INFO - DailyReports - Selected option: QA\n2025-08-01 11:40:57,699 - INFO - DailyReports - Clicked combobox: //div[@id=&amp;#x27;mui-component-select-makerModule&amp;#x27;]\n2025-08-01 11:40:58,775 - INFO - DailyReports - Selected option: QA Automation\n2025-08-01 11:40:59,173 - INFO - DailyReports - Clicked combobox: (//div[@class=&amp;#x27;MuiInputBase-root MuiOutlinedInput-root MuiInputBase-colorPrimary MuiInputBase-fullWidth MuiInputBase-formControl MuiInputBase-sizeSmall MuiInputBase-adornedEnd MuiAutocomplete-inputRoot css-1kmkvia&amp;#x27;])[1]\n2025-08-01 11:41:00,240 - INFO - DailyReports - Selected option: Lab 1\n2025-08-01 11:41:00,274 - INFO - DailyReports - Clicked on View button for Daily Practice Report\n2025-08-01 11:41:02,279 - INFO - DailyReports - Lab Strength column is present in Daily Practice Report \u2014 Validation Passed\n\n------------------------------ Captured log call -------------------------------\nINFO     DailyReports:DailyReports.py:118 Clicked on Daily Report tab\nINFO     DailyReports:DailyReports.py:122 Clicked on Daily Practice Report tab\nINFO     DailyReports:DailyReports.py:41 Clicked combobox: //div[@id=&amp;#x27;mui-component-select-coe&amp;#x27;]\nINFO     DailyReports:DailyReports.py:47 Selected option: P&amp;amp;A Phase 2\nINFO     DailyReports:DailyReports.py:41 Clicked combobox: //div[@id=&amp;#x27;mui-component-select-labType&amp;#x27;]\nINFO     DailyReports:DailyReports.py:47 Selected option: Fellowship\nINFO     DailyReports:DailyReports.py:41 Clicked combobox: //div[@id=&amp;#x27;mui-component-select-makerPlan&amp;#x27;]\nINFO     DailyReports:DailyReports.py:47 Selected option: QA\nINFO     DailyReports:DailyReports.py:41 Clicked combobox: //div[@id=&amp;#x27;mui-component-select-makerModule&amp;#x27;]\nINFO     DailyReports:DailyReports.py:47 Selected option: QA Automation\nINFO     DailyReports:DailyReports.py:41 Clicked combobox: (//div[@class=&amp;#x27;MuiInputBase-root MuiOutlinedInput-root MuiInputBase-colorPrimary MuiInputBase-fullWidth MuiInputBase-formControl MuiInputBase-sizeSmall MuiInputBase-adornedEnd MuiAutocomplete-inputRoot css-1kmkvia&amp;#x27;])[1]\nINFO     DailyReports:DailyReports.py:47 Selected option: Lab 1\nINFO     DailyReports:DailyReports.py:133 Clicked on View button for Daily Practice Report\nINFO     DailyReports:DailyReports.py:137 Lab Strength column is present in Daily Practice Report \u2014 Validation Passed\n\n--------------------------- Captured stderr teardown ---------------------------\n2025-08-01 11:41:02,280 - INFO - conftest - Quitting Chrome WebDriver.\n\n---------------------------- Captured log teardown -----------------------------\nINFO     conftest:conftest.py:27 Quitting Chrome WebDriver.&#34;}], &#34;com/bridgelabz/testcases/test_lab_practice.py::TestLabPractice::test_create_lab_practice&#34;: [{&#34;extras&#34;: [], &#34;result&#34;: &#34;Passed&#34;, &#34;testId&#34;: &#34;com/bridgelabz/testcases/test_lab_practice.py::TestLabPractice::test_create_lab_practice&#34;, &#34;duration&#34;: &#34;00:00:35&#34;, &#34;resultsTableRow&#34;: [&#34;&lt;td class=\&#34;col-result\&#34;&gt;Passed&lt;/td&gt;&#34;, &#34;&lt;td class=\&#34;col-testId\&#34;&gt;com/bridgelabz/testcases/test_lab_practice.py::TestLabPractice::test_create_lab_practice&lt;/td&gt;&#34;, &#34;&lt;td class=\&#34;col-duration\&#34;&gt;00:00:35&lt;/td&gt;&#34;, &#34;&lt;td class=\&#34;col-links\&#34;&gt;&lt;/td&gt;&#34;], &#34;log&#34;: &#34;---------------------------- Captured stderr setup -----------------------------\n2025-08-01 11:41:04,537 - INFO - conftest - Initializing Chrome WebDriver.\n2025-08-01 11:41:05,745 - INFO - conftest - Maximizing browser window.\n2025-08-01 11:41:05,873 - INFO - conftest - Setting implicit wait to 10 seconds.\n2025-08-01 11:41:05,876 - INFO - conftest - Navigating to URL: https://bl-practice-attendance-app-stg-187791816934.asia-south1.run.app/admin\n2025-08-01 11:41:06,897 - INFO - conftest - Instantiating SignInPage object.\n2025-08-01 11:41:06,898 - INFO - conftest - Waiting for and clicking &amp;#x27;Sign in with Google&amp;#x27; button.\n2025-08-01 11:41:06,898 - INFO - SignInPage - Waiting for Google sign-in button.\n2025-08-01 11:41:07,182 - INFO - SignInPage - Clicking on &amp;#x27;Sign in with Google&amp;#x27; button.\n2025-08-01 11:41:07,360 - INFO - conftest - Waiting for Google login popup to appear.\n2025-08-01 11:41:07,376 - INFO - conftest - Switching to Google login popup window.\n2025-08-01 11:41:07,385 - INFO - conftest - Entering Google account email.\n2025-08-01 11:41:07,385 - INFO - SignInPage - Entering email: deepika.ramireddy@bridgelabz.com\n2025-08-01 11:41:08,573 - INFO - conftest - Clicking &amp;#x27;Next&amp;#x27; after entering email.\n2025-08-01 11:41:08,574 - INFO - SignInPage - Clicking on &amp;#x27;Next&amp;#x27; button.\n2025-08-01 11:41:08,893 - INFO - conftest - Entering Google account password.\n2025-08-01 11:41:08,894 - INFO - SignInPage - Entering password.\n2025-08-01 11:41:12,539 - INFO - conftest - Clicking &amp;#x27;Next&amp;#x27; after entering password.\n2025-08-01 11:41:12,540 - INFO - SignInPage - Clicking on &amp;#x27;Next&amp;#x27; button.\n2025-08-01 11:41:12,780 - INFO - conftest - Waiting for application window to become available.\n2025-08-01 11:41:12,790 - INFO - conftest - Switching back to original application window.\n2025-08-01 11:41:12,860 - INFO - conftest - Attempting to close overlay popup after login, if present.\n2025-08-01 11:41:19,180 - INFO - conftest - Overlay popup closed after login.\n\n------------------------------ Captured log setup ------------------------------\nINFO     conftest:conftest.py:17 Initializing Chrome WebDriver.\nINFO     conftest:conftest.py:19 Maximizing browser window.\nINFO     conftest:conftest.py:21 Setting implicit wait to 10 seconds.\nINFO     conftest:conftest.py:24 Navigating to URL: https://bl-practice-attendance-app-stg-187791816934.asia-south1.run.app/admin\nINFO     conftest:conftest.py:34 Instantiating SignInPage object.\nINFO     conftest:conftest.py:37 Waiting for and clicking &amp;#x27;Sign in with Google&amp;#x27; button.\nINFO     SignInPage:SignInPage.py:32 Waiting for Google sign-in button.\nINFO     SignInPage:SignInPage.py:37 Clicking on &amp;#x27;Sign in with Google&amp;#x27; button.\nINFO     conftest:conftest.py:40 Waiting for Google login popup to appear.\nINFO     conftest:conftest.py:42 Switching to Google login popup window.\nINFO     conftest:conftest.py:45 Entering Google account email.\nINFO     SignInPage:SignInPage.py:42 Entering email: deepika.ramireddy@bridgelabz.com\nINFO     conftest:conftest.py:47 Clicking &amp;#x27;Next&amp;#x27; after entering email.\nINFO     SignInPage:SignInPage.py:61 Clicking on &amp;#x27;Next&amp;#x27; button.\nINFO     conftest:conftest.py:50 Entering Google account password.\nINFO     SignInPage:SignInPage.py:51 Entering password.\nINFO     conftest:conftest.py:52 Clicking &amp;#x27;Next&amp;#x27; after entering password.\nINFO     SignInPage:SignInPage.py:61 Clicking on &amp;#x27;Next&amp;#x27; button.\nINFO     conftest:conftest.py:55 Waiting for application window to become available.\nINFO     conftest:conftest.py:57 Switching back to original application window.\nINFO     conftest:conftest.py:60 Attempting to close overlay popup after login, if present.\nINFO     conftest:conftest.py:67 Overlay popup closed after login.\n\n----------------------------- Captured stderr call -----------------------------\n2025-08-01 11:41:19,184 - INFO - LabPractice - Selecting COE: P&amp;amp;A Phase 2\n2025-08-01 11:41:23,636 - INFO - LabPractice - Clicking &amp;#x27;Create lab&amp;#x27; button.\n2025-08-01 11:41:23,840 - INFO - LabPractice - Creating lab: Automation Testing\n2025-08-01 11:41:36,899 - INFO - LabPractice - Lab &amp;#x27;Automation Testing&amp;#x27; created successfully.\n\n------------------------------ Captured log call -------------------------------\nINFO     LabPractice:LabPractice.py:50 Selecting COE: P&amp;amp;A Phase 2\nDEBUG    LabPractice:LabPractice.py:38 Selecting option &amp;#x27;P&amp;amp;A Phase 2&amp;#x27; from combobox.\nINFO     LabPractice:LabPractice.py:59 Clicking &amp;#x27;Create lab&amp;#x27; button.\nINFO     LabPractice:LabPractice.py:74 Creating lab: Automation Testing\nDEBUG    LabPractice:LabPractice.py:38 Selecting option &amp;#x27;P&amp;amp;A Phase 2&amp;#x27; from combobox.\nDEBUG    LabPractice:LabPractice.py:38 Selecting option &amp;#x27;surriyaa.pp@bridgelabz.com&amp;#x27; from combobox.\nDEBUG    LabPractice:LabPractice.py:38 Selecting option &amp;#x27;surriysanity2@bridgelabz.com&amp;#x27; from combobox.\nINFO     LabPractice:LabPractice.py:86 Lab &amp;#x27;Automation Testing&amp;#x27; created successfully.\n\n--------------------------- Captured stderr teardown ---------------------------\n2025-08-01 11:41:36,901 - INFO - conftest - Quitting Chrome WebDriver.\n\n---------------------------- Captured log teardown -----------------------------\nINFO     conftest:conftest.py:27 Quitting Chrome WebDriver.&#34;}], &#34;com/bridgelabz/testcases/test_lab_practice.py::TestLabPractice::test_edit_lab_practice&#34;: [{&#34;extras&#34;: [], &#34;result&#34;: &#34;Passed&#34;, &#34;testId&#34;: &#34;com/bridgelabz/testcases/test_lab_practice.py::TestLabPractice::test_edit_lab_practice&#34;, &#34;duration&#34;: &#34;00:00:28&#34;, &#34;resultsTableRow&#34;: [&#34;&lt;td class=\&#34;col-result\&#34;&gt;Passed&lt;/td&gt;&#34;, &#34;&lt;td class=\&#34;col-testId\&#34;&gt;com/bridgelabz/testcases/test_lab_practice.py::TestLabPractice::test_edit_lab_practice&lt;/td&gt;&#34;, &#34;&lt;td class=\&#34;col-duration\&#34;&gt;00:00:28&lt;/td&gt;&#34;, &#34;&lt;td class=\&#34;col-links\&#34;&gt;&lt;/td&gt;&#34;], &#34;log&#34;: &#34;---------------------------- Captured stderr setup -----------------------------\n2025-08-01 11:41:39,169 - INFO - conftest - Initializing Chrome WebDriver.\n2025-08-01 11:41:40,556 - INFO - conftest - Maximizing browser window.\n2025-08-01 11:41:40,602 - INFO - conftest - Setting implicit wait to 10 seconds.\n2025-08-01 11:41:40,605 - INFO - conftest - Navigating to URL: https://bl-practice-attendance-app-stg-187791816934.asia-south1.run.app/admin\n2025-08-01 11:41:41,946 - INFO - conftest - Instantiating SignInPage object.\n2025-08-01 11:41:41,947 - INFO - conftest - Waiting for and clicking &amp;#x27;Sign in with Google&amp;#x27; button.\n2025-08-01 11:41:41,947 - INFO - SignInPage - Waiting for Google sign-in button.\n2025-08-01 11:41:42,278 - INFO - SignInPage - Clicking on &amp;#x27;Sign in with Google&amp;#x27; button.\n2025-08-01 11:41:42,536 - INFO - conftest - Waiting for Google login popup to appear.\n2025-08-01 11:41:42,544 - INFO - conftest - Switching to Google login popup window.\n2025-08-01 11:41:42,551 - INFO - conftest - Entering Google account email.\n2025-08-01 11:41:42,551 - INFO - SignInPage - Entering email: deepika.ramireddy@bridgelabz.com\n2025-08-01 11:41:44,387 - INFO - conftest - Clicking &amp;#x27;Next&amp;#x27; after entering email.\n2025-08-01 11:41:44,388 - INFO - SignInPage - Clicking on &amp;#x27;Next&amp;#x27; button.\n2025-08-01 11:41:44,864 - INFO - conftest - Entering Google account password.\n2025-08-01 11:41:44,864 - INFO - SignInPage - Entering password.\n2025-08-01 11:41:47,347 - INFO - conftest - Clicking &amp;#x27;Next&amp;#x27; after entering password.\n2025-08-01 11:41:47,348 - INFO - SignInPage - Clicking on &amp;#x27;Next&amp;#x27; button.\n2025-08-01 11:41:47,531 - INFO - conftest - Waiting for application window to become available.\n2025-08-01 11:41:47,533 - INFO - conftest - Switching back to original application window.\n2025-08-01 11:41:47,565 - INFO - conftest - Attempting to close overlay popup after login, if present.\n2025-08-01 11:41:53,328 - INFO - conftest - Overlay popup closed after login.\n\n------------------------------ Captured log setup ------------------------------\nINFO     conftest:conftest.py:17 Initializing Chrome WebDriver.\nINFO     conftest:conftest.py:19 Maximizing browser window.\nINFO     conftest:conftest.py:21 Setting implicit wait to 10 seconds.\nINFO     conftest:conftest.py:24 Navigating to URL: https://bl-practice-attendance-app-stg-187791816934.asia-south1.run.app/admin\nINFO     conftest:conftest.py:34 Instantiating SignInPage object.\nINFO     conftest:conftest.py:37 Waiting for and clicking &amp;#x27;Sign in with Google&amp;#x27; button.\nINFO     SignInPage:SignInPage.py:32 Waiting for Google sign-in button.\nINFO     SignInPage:SignInPage.py:37 Clicking on &amp;#x27;Sign in with Google&amp;#x27; button.\nINFO     conftest:conftest.py:40 Waiting for Google login popup to appear.\nINFO     conftest:conftest.py:42 Switching to Google login popup window.\nINFO     conftest:conftest.py:45 Entering Google account email.\nINFO     SignInPage:SignInPage.py:42 Entering email: deepika.ramireddy@bridgelabz.com\nINFO     conftest:conftest.py:47 Clicking &amp;#x27;Next&amp;#x27; after entering email.\nINFO     SignInPage:SignInPage.py:61 Clicking on &amp;#x27;Next&amp;#x27; button.\nINFO     conftest:conftest.py:50 Entering Google account password.\nINFO     SignInPage:SignInPage.py:51 Entering password.\nINFO     conftest:conftest.py:52 Clicking &amp;#x27;Next&amp;#x27; after entering password.\nINFO     SignInPage:SignInPage.py:61 Clicking on &amp;#x27;Next&amp;#x27; button.\nINFO     conftest:conftest.py:55 Waiting for application window to become available.\nINFO     conftest:conftest.py:57 Switching back to original application window.\nINFO     conftest:conftest.py:60 Attempting to close overlay popup after login, if present.\nINFO     conftest:conftest.py:67 Overlay popup closed after login.\n\n----------------------------- Captured stderr call -----------------------------\n2025-08-01 11:41:53,329 - INFO - LabPractice - Selecting COE: P&amp;amp;A Phase 2\n2025-08-01 11:41:58,634 - INFO - LabPractice - Clicking edit button for lab.\n2025-08-01 11:41:59,221 - INFO - LabPractice - Editing lab name to: Edited Lab Name\n2025-08-01 11:42:04,973 - INFO - LabPractice - Lab edited successfully to &amp;#x27;Edited Lab Name&amp;#x27;.\n\n------------------------------ Captured log call -------------------------------\nINFO     LabPractice:LabPractice.py:50 Selecting COE: P&amp;amp;A Phase 2\nDEBUG    LabPractice:LabPractice.py:38 Selecting option &amp;#x27;P&amp;amp;A Phase 2&amp;#x27; from combobox.\nINFO     LabPractice:LabPractice.py:89 Clicking edit button for lab.\nINFO     LabPractice:LabPractice.py:104 Editing lab name to: Edited Lab Name\nINFO     LabPractice:LabPractice.py:114 Lab edited successfully to &amp;#x27;Edited Lab Name&amp;#x27;.\n\n--------------------------- Captured stderr teardown ---------------------------\n2025-08-01 11:42:04,977 - INFO - conftest - Quitting Chrome WebDriver.\n\n---------------------------- Captured log teardown -----------------------------\nINFO     conftest:conftest.py:27 Quitting Chrome WebDriver.&#34;}], &#34;com/bridgelabz/testcases/test_lab_practice.py::TestLabPractice::test_check_download_sample_lab__csv&#34;: [{&#34;extras&#34;: [], &#34;result&#34;: &#34;Passed&#34;, &#34;testId&#34;: &#34;com/bridgelabz/testcases/test_lab_practice.py::TestLabPractice::test_check_download_sample_lab__csv&#34;, &#34;duration&#34;: &#34;00:00:24&#34;, &#34;resultsTableRow&#34;: [&#34;&lt;td class=\&#34;col-result\&#34;&gt;Passed&lt;/td&gt;&#34;, &#34;&lt;td class=\&#34;col-testId\&#34;&gt;com/bridgelabz/testcases/test_lab_practice.py::TestLabPractice::test_check_download_sample_lab__csv&lt;/td&gt;&#34;, &#34;&lt;td class=\&#34;col-duration\&#34;&gt;00:00:24&lt;/td&gt;&#34;, &#34;&lt;td class=\&#34;col-links\&#34;&gt;&lt;/td&gt;&#34;], &#34;log&#34;: &#34;---------------------------- Captured stderr setup -----------------------------\n2025-08-01 11:42:07,346 - INFO - conftest - Initializing Chrome WebDriver.\n2025-08-01 11:42:09,315 - INFO - conftest - Maximizing browser window.\n2025-08-01 11:42:09,375 - INFO - conftest - Setting implicit wait to 10 seconds.\n2025-08-01 11:42:09,379 - INFO - conftest - Navigating to URL: https://bl-practice-attendance-app-stg-187791816934.asia-south1.run.app/admin\n2025-08-01 11:42:10,321 - INFO - conftest - Instantiating SignInPage object.\n2025-08-01 11:42:10,322 - INFO - conftest - Waiting for and clicking &amp;#x27;Sign in with Google&amp;#x27; button.\n2025-08-01 11:42:10,322 - INFO - SignInPage - Waiting for Google sign-in button.\n2025-08-01 11:42:10,627 - INFO - SignInPage - Clicking on &amp;#x27;Sign in with Google&amp;#x27; button.\n2025-08-01 11:42:11,064 - INFO - conftest - Waiting for Google login popup to appear.\n2025-08-01 11:42:11,128 - INFO - conftest - Switching to Google login popup window.\n2025-08-01 11:42:11,150 - INFO - conftest - Entering Google account email.\n2025-08-01 11:42:11,150 - INFO - SignInPage - Entering email: deepika.ramireddy@bridgelabz.com\n2025-08-01 11:42:12,753 - INFO - conftest - Clicking &amp;#x27;Next&amp;#x27; after entering email.\n2025-08-01 11:42:12,753 - INFO - SignInPage - Clicking on &amp;#x27;Next&amp;#x27; button.\n2025-08-01 11:42:13,024 - INFO - conftest - Entering Google account password.\n2025-08-01 11:42:13,025 - INFO - SignInPage - Entering password.\n2025-08-01 11:42:16,045 - INFO - conftest - Clicking &amp;#x27;Next&amp;#x27; after entering password.\n2025-08-01 11:42:16,046 - INFO - SignInPage - Clicking on &amp;#x27;Next&amp;#x27; button.\n2025-08-01 11:42:16,160 - INFO - conftest - Waiting for application window to become available.\n2025-08-01 11:42:16,161 - INFO - conftest - Switching back to original application window.\n2025-08-01 11:42:16,166 - INFO - conftest - Attempting to close overlay popup after login, if present.\n2025-08-01 11:42:22,268 - INFO - conftest - Overlay popup closed after login.\n\n------------------------------ Captured log setup ------------------------------\nINFO     conftest:conftest.py:17 Initializing Chrome WebDriver.\nINFO     conftest:conftest.py:19 Maximizing browser window.\nINFO     conftest:conftest.py:21 Setting implicit wait to 10 seconds.\nINFO     conftest:conftest.py:24 Navigating to URL: https://bl-practice-attendance-app-stg-187791816934.asia-south1.run.app/admin\nINFO     conftest:conftest.py:34 Instantiating SignInPage object.\nINFO     conftest:conftest.py:37 Waiting for and clicking &amp;#x27;Sign in with Google&amp;#x27; button.\nINFO     SignInPage:SignInPage.py:32 Waiting for Google sign-in button.\nINFO     SignInPage:SignInPage.py:37 Clicking on &amp;#x27;Sign in with Google&amp;#x27; button.\nINFO     conftest:conftest.py:40 Waiting for Google login popup to appear.\nINFO     conftest:conftest.py:42 Switching to Google login popup window.\nINFO     conftest:conftest.py:45 Entering Google account email.\nINFO     SignInPage:SignInPage.py:42 Entering email: deepika.ramireddy@bridgelabz.com\nINFO     conftest:conftest.py:47 Clicking &amp;#x27;Next&amp;#x27; after entering email.\nINFO     SignInPage:SignInPage.py:61 Clicking on &amp;#x27;Next&amp;#x27; button.\nINFO     conftest:conftest.py:50 Entering Google account password.\nINFO     SignInPage:SignInPage.py:51 Entering password.\nINFO     conftest:conftest.py:52 Clicking &amp;#x27;Next&amp;#x27; after entering password.\nINFO     SignInPage:SignInPage.py:61 Clicking on &amp;#x27;Next&amp;#x27; button.\nINFO     conftest:conftest.py:55 Waiting for application window to become available.\nINFO     conftest:conftest.py:57 Switching back to original application window.\nINFO     conftest:conftest.py:60 Attempting to close overlay popup after login, if present.\nINFO     conftest:conftest.py:67 Overlay popup closed after login.\n\n----------------------------- Captured stdout call -----------------------------\nDeleted old file: C:\\Users\\ASUS/Downloads\\SampleLabCSV.csv\nToast message verified: File downloaded successfully.\nCSV file downloaded successfully: C:\\Users\\ASUS/Downloads\\SampleLabCSV.csv\n\n----------------------------- Captured stderr call -----------------------------\n2025-08-01 11:42:22,277 - INFO - LabPractice - Selecting COE: P&amp;amp;A Phase 2\n2025-08-01 11:42:26,953 - INFO - LabPractice - Downloading sample lab CSV.\n\n------------------------------ Captured log call -------------------------------\nINFO     LabPractice:LabPractice.py:50 Selecting COE: P&amp;amp;A Phase 2\nDEBUG    LabPractice:LabPractice.py:38 Selecting option &amp;#x27;P&amp;amp;A Phase 2&amp;#x27; from combobox.\nINFO     LabPractice:LabPractice.py:99 Downloading sample lab CSV.\n\n--------------------------- Captured stderr teardown ---------------------------\n2025-08-01 11:42:29,178 - INFO - conftest - Quitting Chrome WebDriver.\n\n---------------------------- Captured log teardown -----------------------------\nINFO     conftest:conftest.py:27 Quitting Chrome WebDriver.&#34;}], &#34;com/bridgelabz/testcases/test_lab_practice.py::TestLabPractice::test_check_download_learner_data_csv&#34;: [{&#34;extras&#34;: [], &#34;result&#34;: &#34;Passed&#34;, &#34;testId&#34;: &#34;com/bridgelabz/testcases/test_lab_practice.py::TestLabPractice::test_check_download_learner_data_csv&#34;, &#34;duration&#34;: &#34;00:00:24&#34;, &#34;resultsTableRow&#34;: [&#34;&lt;td class=\&#34;col-result\&#34;&gt;Passed&lt;/td&gt;&#34;, &#34;&lt;td class=\&#34;col-testId\&#34;&gt;com/bridgelabz/testcases/test_lab_practice.py::TestLabPractice::test_check_download_learner_data_csv&lt;/td&gt;&#34;, &#34;&lt;td class=\&#34;col-duration\&#34;&gt;00:00:24&lt;/td&gt;&#34;, &#34;&lt;td class=\&#34;col-links\&#34;&gt;&lt;/td&gt;&#34;], &#34;log&#34;: &#34;---------------------------- Captured stderr setup -----------------------------\n2025-08-01 11:42:31,441 - INFO - conftest - Initializing Chrome WebDriver.\n2025-08-01 11:42:32,933 - INFO - conftest - Maximizing browser window.\n2025-08-01 11:42:33,177 - INFO - conftest - Setting implicit wait to 10 seconds.\n2025-08-01 11:42:33,184 - INFO - conftest - Navigating to URL: https://bl-practice-attendance-app-stg-187791816934.asia-south1.run.app/admin\n2025-08-01 11:42:34,420 - INFO - conftest - Instantiating SignInPage object.\n2025-08-01 11:42:34,420 - INFO - conftest - Waiting for and clicking &amp;#x27;Sign in with Google&amp;#x27; button.\n2025-08-01 11:42:34,421 - INFO - SignInPage - Waiting for Google sign-in button.\n2025-08-01 11:42:34,876 - INFO - SignInPage - Clicking on &amp;#x27;Sign in with Google&amp;#x27; button.\n2025-08-01 11:42:35,233 - INFO - conftest - Waiting for Google login popup to appear.\n2025-08-01 11:42:35,259 - INFO - conftest - Switching to Google login popup window.\n2025-08-01 11:42:35,268 - INFO - conftest - Entering Google account email.\n2025-08-01 11:42:35,268 - INFO - SignInPage - Entering email: deepika.ramireddy@bridgelabz.com\n2025-08-01 11:42:36,915 - INFO - conftest - Clicking &amp;#x27;Next&amp;#x27; after entering email.\n2025-08-01 11:42:36,915 - INFO - SignInPage - Clicking on &amp;#x27;Next&amp;#x27; button.\n2025-08-01 11:42:37,155 - INFO - conftest - Entering Google account password.\n2025-08-01 11:42:37,156 - INFO - SignInPage - Entering password.\n2025-08-01 11:42:39,718 - INFO - conftest - Clicking &amp;#x27;Next&amp;#x27; after entering password.\n2025-08-01 11:42:39,718 - INFO - SignInPage - Clicking on &amp;#x27;Next&amp;#x27; button.\n2025-08-01 11:42:39,930 - INFO - conftest - Waiting for application window to become available.\n2025-08-01 11:42:39,941 - INFO - conftest - Switching back to original application window.\n2025-08-01 11:42:39,968 - INFO - conftest - Attempting to close overlay popup after login, if present.\n2025-08-01 11:42:46,250 - INFO - conftest - Overlay popup closed after login.\n\n------------------------------ Captured log setup ------------------------------\nINFO     conftest:conftest.py:17 Initializing Chrome WebDriver.\nINFO     conftest:conftest.py:19 Maximizing browser window.\nINFO     conftest:conftest.py:21 Setting implicit wait to 10 seconds.\nINFO     conftest:conftest.py:24 Navigating to URL: https://bl-practice-attendance-app-stg-187791816934.asia-south1.run.app/admin\nINFO     conftest:conftest.py:34 Instantiating SignInPage object.\nINFO     conftest:conftest.py:37 Waiting for and clicking &amp;#x27;Sign in with Google&amp;#x27; button.\nINFO     SignInPage:SignInPage.py:32 Waiting for Google sign-in button.\nINFO     SignInPage:SignInPage.py:37 Clicking on &amp;#x27;Sign in with Google&amp;#x27; button.\nINFO     conftest:conftest.py:40 Waiting for Google login popup to appear.\nINFO     conftest:conftest.py:42 Switching to Google login popup window.\nINFO     conftest:conftest.py:45 Entering Google account email.\nINFO     SignInPage:SignInPage.py:42 Entering email: deepika.ramireddy@bridgelabz.com\nINFO     conftest:conftest.py:47 Clicking &amp;#x27;Next&amp;#x27; after entering email.\nINFO     SignInPage:SignInPage.py:61 Clicking on &amp;#x27;Next&amp;#x27; button.\nINFO     conftest:conftest.py:50 Entering Google account password.\nINFO     SignInPage:SignInPage.py:51 Entering password.\nINFO     conftest:conftest.py:52 Clicking &amp;#x27;Next&amp;#x27; after entering password.\nINFO     SignInPage:SignInPage.py:61 Clicking on &amp;#x27;Next&amp;#x27; button.\nINFO     conftest:conftest.py:55 Waiting for application window to become available.\nINFO     conftest:conftest.py:57 Switching back to original application window.\nINFO     conftest:conftest.py:60 Attempting to close overlay popup after login, if present.\nINFO     conftest:conftest.py:67 Overlay popup closed after login.\n\n----------------------------- Captured stdout call -----------------------------\nToast message verified: File downloaded successfully.\nCSV file downloaded successfully.\n\n----------------------------- Captured stderr call -----------------------------\n2025-08-01 11:42:46,255 - INFO - LabPractice - Selecting COE: P&amp;amp;A Phase 2\n2025-08-01 11:42:50,780 - INFO - LabPractice - Downloading lab data CSV.\n\n------------------------------ Captured log call -------------------------------\nINFO     LabPractice:LabPractice.py:50 Selecting COE: P&amp;amp;A Phase 2\nDEBUG    LabPractice:LabPractice.py:38 Selecting option &amp;#x27;P&amp;amp;A Phase 2&amp;#x27; from combobox.\nINFO     LabPractice:LabPractice.py:117 Downloading lab data CSV.\n\n--------------------------- Captured stderr teardown ---------------------------\n2025-08-01 11:42:52,946 - INFO - conftest - Quitting Chrome WebDriver.\n\n---------------------------- Captured log teardown -----------------------------\nINFO     conftest:conftest.py:27 Quitting Chrome WebDriver.&#34;}], &#34;com/bridgelabz/testcases/test_lab_practice.py::TestLabPractice::test_upload_csv_file&#34;: [{&#34;extras&#34;: [], &#34;result&#34;: &#34;Passed&#34;, &#34;testId&#34;: &#34;com/bridgelabz/testcases/test_lab_practice.py::TestLabPractice::test_upload_csv_file&#34;, &#34;duration&#34;: &#34;00:00:28&#34;, &#34;resultsTableRow&#34;: [&#34;&lt;td class=\&#34;col-result\&#34;&gt;Passed&lt;/td&gt;&#34;, &#34;&lt;td class=\&#34;col-testId\&#34;&gt;com/bridgelabz/testcases/test_lab_practice.py::TestLabPractice::test_upload_csv_file&lt;/td&gt;&#34;, &#34;&lt;td class=\&#34;col-duration\&#34;&gt;00:00:28&lt;/td&gt;&#34;, &#34;&lt;td class=\&#34;col-links\&#34;&gt;&lt;/td&gt;&#34;], &#34;log&#34;: &#34;---------------------------- Captured stderr setup -----------------------------\n2025-08-01 11:42:55,301 - INFO - conftest - Initializing Chrome WebDriver.\n2025-08-01 11:42:57,187 - INFO - conftest - Maximizing browser window.\n2025-08-01 11:42:57,239 - INFO - conftest - Setting implicit wait to 10 seconds.\n2025-08-01 11:42:57,241 - INFO - conftest - Navigating to URL: https://bl-practice-attendance-app-stg-187791816934.asia-south1.run.app/admin\n2025-08-01 11:42:57,421 - INFO - conftest - Instantiating SignInPage object.\n2025-08-01 11:42:57,422 - INFO - conftest - Waiting for and clicking &amp;#x27;Sign in with Google&amp;#x27; button.\n2025-08-01 11:42:57,424 - INFO - SignInPage - Waiting for Google sign-in button.\n2025-08-01 11:42:58,651 - INFO - SignInPage - Clicking on &amp;#x27;Sign in with Google&amp;#x27; button.\n2025-08-01 11:43:00,070 - INFO - conftest - Waiting for Google login popup to appear.\n2025-08-01 11:43:00,111 - INFO - conftest - Switching to Google login popup window.\n2025-08-01 11:43:00,127 - INFO - conftest - Entering Google account email.\n2025-08-01 11:43:00,127 - INFO - SignInPage - Entering email: deepika.ramireddy@bridgelabz.com\n2025-08-01 11:43:00,990 - INFO - conftest - Clicking &amp;#x27;Next&amp;#x27; after entering email.\n2025-08-01 11:43:00,990 - INFO - SignInPage - Clicking on &amp;#x27;Next&amp;#x27; button.\n2025-08-01 11:43:01,807 - INFO - conftest - Entering Google account password.\n2025-08-01 11:43:01,807 - INFO - SignInPage - Entering password.\n2025-08-01 11:43:04,071 - INFO - conftest - Clicking &amp;#x27;Next&amp;#x27; after entering password.\n2025-08-01 11:43:04,071 - INFO - SignInPage - Clicking on &amp;#x27;Next&amp;#x27; button.\n2025-08-01 11:43:04,267 - INFO - conftest - Waiting for application window to become available.\n2025-08-01 11:43:04,271 - INFO - conftest - Switching back to original application window.\n2025-08-01 11:43:04,281 - INFO - conftest - Attempting to close overlay popup after login, if present.\n2025-08-01 11:43:10,333 - INFO - conftest - Overlay popup closed after login.\n\n------------------------------ Captured log setup ------------------------------\nINFO     conftest:conftest.py:17 Initializing Chrome WebDriver.\nINFO     conftest:conftest.py:19 Maximizing browser window.\nINFO     conftest:conftest.py:21 Setting implicit wait to 10 seconds.\nINFO     conftest:conftest.py:24 Navigating to URL: https://bl-practice-attendance-app-stg-187791816934.asia-south1.run.app/admin\nINFO     conftest:conftest.py:34 Instantiating SignInPage object.\nINFO     conftest:conftest.py:37 Waiting for and clicking &amp;#x27;Sign in with Google&amp;#x27; button.\nINFO     SignInPage:SignInPage.py:32 Waiting for Google sign-in button.\nINFO     SignInPage:SignInPage.py:37 Clicking on &amp;#x27;Sign in with Google&amp;#x27; button.\nINFO     conftest:conftest.py:40 Waiting for Google login popup to appear.\nINFO     conftest:conftest.py:42 Switching to Google login popup window.\nINFO     conftest:conftest.py:45 Entering Google account email.\nINFO     SignInPage:SignInPage.py:42 Entering email: deepika.ramireddy@bridgelabz.com\nINFO     conftest:conftest.py:47 Clicking &amp;#x27;Next&amp;#x27; after entering email.\nINFO     SignInPage:SignInPage.py:61 Clicking on &amp;#x27;Next&amp;#x27; button.\nINFO     conftest:conftest.py:50 Entering Google account password.\nINFO     SignInPage:SignInPage.py:51 Entering password.\nINFO     conftest:conftest.py:52 Clicking &amp;#x27;Next&amp;#x27; after entering password.\nINFO     SignInPage:SignInPage.py:61 Clicking on &amp;#x27;Next&amp;#x27; button.\nINFO     conftest:conftest.py:55 Waiting for application window to become available.\nINFO     conftest:conftest.py:57 Switching back to original application window.\nINFO     conftest:conftest.py:60 Attempting to close overlay popup after login, if present.\nINFO     conftest:conftest.py:67 Overlay popup closed after login.\n\n----------------------------- Captured stdout call -----------------------------\nToast message verified: File upload successfully.\n\n----------------------------- Captured stderr call -----------------------------\n2025-08-01 11:43:10,334 - INFO - LabPractice - Selecting COE: P&amp;amp;A Phase 2\n2025-08-01 11:43:14,803 - INFO - LabPractice - Uploading lab CSV from file: C:\\Users\\ASUS\\Downloads\\SampleLabCSV.csv\n2025-08-01 11:43:20,139 - INFO - LabPractice - CSV file uploaded and submitted.\n\n------------------------------ Captured log call -------------------------------\nINFO     LabPractice:LabPractice.py:50 Selecting COE: P&amp;amp;A Phase 2\nDEBUG    LabPractice:LabPractice.py:38 Selecting option &amp;#x27;P&amp;amp;A Phase 2&amp;#x27; from combobox.\nINFO     LabPractice:LabPractice.py:122 Uploading lab CSV from file: C:\\Users\\ASUS\\Downloads\\SampleLabCSV.csv\nINFO     LabPractice:LabPractice.py:130 CSV file uploaded and submitted.\n\n--------------------------- Captured stderr teardown ---------------------------\n2025-08-01 11:43:20,804 - INFO - conftest - Quitting Chrome WebDriver.\n\n---------------------------- Captured log teardown -----------------------------\nINFO     conftest:conftest.py:27 Quitting Chrome WebDriver.&#34;}], &#34;com/bridgelabz/testcases/test_lab_reports.py::TestLabReports::test_lab_reports&#34;: [{&#34;extras&#34;: [], &#34;result&#34;: &#34;Passed&#34;, &#34;testId&#34;: &#34;com/bridgelabz/testcases/test_lab_reports.py::TestLabReports::test_lab_reports&#34;, &#34;duration&#34;: &#34;00:00:22&#34;, &#34;resultsTableRow&#34;: [&#34;&lt;td class=\&#34;col-result\&#34;&gt;Passed&lt;/td&gt;&#34;, &#34;&lt;td class=\&#34;col-testId\&#34;&gt;com/bridgelabz/testcases/test_lab_reports.py::TestLabReports::test_lab_reports&lt;/td&gt;&#34;, &#34;&lt;td class=\&#34;col-duration\&#34;&gt;00:00:22&lt;/td&gt;&#34;, &#34;&lt;td class=\&#34;col-links\&#34;&gt;&lt;/td&gt;&#34;], &#34;log&#34;: &#34;---------------------------- Captured stderr setup -----------------------------\n2025-08-01 11:43:23,121 - INFO - conftest - Initializing Chrome WebDriver.\n2025-08-01 11:43:24,960 - INFO - conftest - Maximizing browser window.\n2025-08-01 11:43:25,023 - INFO - conftest - Setting implicit wait to 10 seconds.\n2025-08-01 11:43:25,027 - INFO - conftest - Navigating to URL: https://bl-practice-attendance-app-stg-187791816934.asia-south1.run.app/admin\n2025-08-01 11:43:25,186 - INFO - conftest - Instantiating SignInPage object.\n2025-08-01 11:43:25,189 - INFO - conftest - Waiting for and clicking &amp;#x27;Sign in with Google&amp;#x27; button.\n2025-08-01 11:43:25,190 - INFO - SignInPage - Waiting for Google sign-in button.\n2025-08-01 11:43:26,551 - INFO - SignInPage - Clicking on &amp;#x27;Sign in with Google&amp;#x27; button.\n2025-08-01 11:43:26,706 - INFO - conftest - Waiting for Google login popup to appear.\n2025-08-01 11:43:26,865 - INFO - conftest - Switching to Google login popup window.\n2025-08-01 11:43:26,871 - INFO - conftest - Entering Google account email.\n2025-08-01 11:43:26,871 - INFO - SignInPage - Entering email: deepika.ramireddy@bridgelabz.com\n2025-08-01 11:43:28,127 - INFO - conftest - Clicking &amp;#x27;Next&amp;#x27; after entering email.\n2025-08-01 11:43:28,127 - INFO - SignInPage - Clicking on &amp;#x27;Next&amp;#x27; button.\n2025-08-01 11:43:28,404 - INFO - conftest - Entering Google account password.\n2025-08-01 11:43:28,404 - INFO - SignInPage - Entering password.\n2025-08-01 11:43:31,562 - INFO - conftest - Clicking &amp;#x27;Next&amp;#x27; after entering password.\n2025-08-01 11:43:31,562 - INFO - SignInPage - Clicking on &amp;#x27;Next&amp;#x27; button.\n2025-08-01 11:43:32,063 - INFO - conftest - Waiting for application window to become available.\n2025-08-01 11:43:32,066 - INFO - conftest - Switching back to original application window.\n2025-08-01 11:43:32,074 - INFO - conftest - Attempting to close overlay popup after login, if present.\n2025-08-01 11:43:37,843 - INFO - conftest - Overlay popup closed after login.\n\n------------------------------ Captured log setup ------------------------------\nINFO     conftest:conftest.py:17 Initializing Chrome WebDriver.\nINFO     conftest:conftest.py:19 Maximizing browser window.\nINFO     conftest:conftest.py:21 Setting implicit wait to 10 seconds.\nINFO     conftest:conftest.py:24 Navigating to URL: https://bl-practice-attendance-app-stg-187791816934.asia-south1.run.app/admin\nINFO     conftest:conftest.py:34 Instantiating SignInPage object.\nINFO     conftest:conftest.py:37 Waiting for and clicking &amp;#x27;Sign in with Google&amp;#x27; button.\nINFO     SignInPage:SignInPage.py:32 Waiting for Google sign-in button.\nINFO     SignInPage:SignInPage.py:37 Clicking on &amp;#x27;Sign in with Google&amp;#x27; button.\nINFO     conftest:conftest.py:40 Waiting for Google login popup to appear.\nINFO     conftest:conftest.py:42 Switching to Google login popup window.\nINFO     conftest:conftest.py:45 Entering Google account email.\nINFO     SignInPage:SignInPage.py:42 Entering email: deepika.ramireddy@bridgelabz.com\nINFO     conftest:conftest.py:47 Clicking &amp;#x27;Next&amp;#x27; after entering email.\nINFO     SignInPage:SignInPage.py:61 Clicking on &amp;#x27;Next&amp;#x27; button.\nINFO     conftest:conftest.py:50 Entering Google account password.\nINFO     SignInPage:SignInPage.py:51 Entering password.\nINFO     conftest:conftest.py:52 Clicking &amp;#x27;Next&amp;#x27; after entering password.\nINFO     SignInPage:SignInPage.py:61 Clicking on &amp;#x27;Next&amp;#x27; button.\nINFO     conftest:conftest.py:55 Waiting for application window to become available.\nINFO     conftest:conftest.py:57 Switching back to original application window.\nINFO     conftest:conftest.py:60 Attempting to close overlay popup after login, if present.\nINFO     conftest:conftest.py:67 Overlay popup closed after login.\n\n----------------------------- Captured stdout call -----------------------------\nData for the provided Coe is fetched\n\n----------------------------- Captured stderr call -----------------------------\n2025-08-01 11:43:37,869 - INFO - LabReports - Clicking on &amp;#x27;Lab Report&amp;#x27; tab.\n2025-08-01 11:43:37,983 - INFO - LabReports - Selecting COE as &amp;#x27;P&amp;amp;A Phase 2&amp;#x27;\n2025-08-01 11:43:38,775 - INFO - LabReports - Selecting Lab as &amp;#x27;Lab 1&amp;#x27;\n2025-08-01 11:43:39,263 - INFO - LabReports - Selecting Maker Plan as &amp;#x27;QA&amp;#x27;\n2025-08-01 11:43:39,469 - INFO - LabReports - Clicking on VIEW button to fetch lab report data.\n2025-08-01 11:43:42,758 - INFO - LabReports - Validating if &amp;#x27;Lab Strength&amp;#x27; is present in the page source.\n2025-08-01 11:43:42,764 - INFO - LabReports - Lab report data loaded successfully.\n\n------------------------------ Captured log call -------------------------------\nINFO     LabReports:LabReport.py:28 Clicking on &amp;#x27;Lab Report&amp;#x27; tab.\nINFO     LabReports:LabReport.py:32 Selecting COE as &amp;#x27;P&amp;amp;A Phase 2&amp;#x27;\nINFO     LabReports:LabReport.py:38 Selecting Lab as &amp;#x27;Lab 1&amp;#x27;\nINFO     LabReports:LabReport.py:44 Selecting Maker Plan as &amp;#x27;QA&amp;#x27;\nINFO     LabReports:LabReport.py:50 Clicking on VIEW button to fetch lab report data.\nINFO     LabReports:LabReport.py:56 Validating if &amp;#x27;Lab Strength&amp;#x27; is present in the page source.\nINFO     LabReports:LabReport.py:58 Lab report data loaded successfully.\n\n--------------------------- Captured stderr teardown ---------------------------\n2025-08-01 11:43:42,767 - INFO - conftest - Quitting Chrome WebDriver.\n\n---------------------------- Captured log teardown -----------------------------\nINFO     conftest:conftest.py:27 Quitting Chrome WebDriver.&#34;}], &#34;com/bridgelabz/testcases/test_maker_module.py::TestMakerModule::test_create_maker_module&#34;: [{&#34;extras&#34;: [], &#34;result&#34;: &#34;Passed&#34;, &#34;testId&#34;: &#34;com/bridgelabz/testcases/test_maker_module.py::TestMakerModule::test_create_maker_module&#34;, &#34;duration&#34;: &#34;00:00:28&#34;, &#34;resultsTableRow&#34;: [&#34;&lt;td class=\&#34;col-result\&#34;&gt;Passed&lt;/td&gt;&#34;, &#34;&lt;td class=\&#34;col-testId\&#34;&gt;com/bridgelabz/testcases/test_maker_module.py::TestMakerModule::test_create_maker_module&lt;/td&gt;&#34;, &#34;&lt;td class=\&#34;col-duration\&#34;&gt;00:00:28&lt;/td&gt;&#34;, &#34;&lt;td class=\&#34;col-links\&#34;&gt;&lt;/td&gt;&#34;], &#34;log&#34;: &#34;---------------------------- Captured stderr setup -----------------------------\n2025-08-01 11:43:45,012 - INFO - conftest - Initializing Chrome WebDriver.\n2025-08-01 11:43:46,368 - INFO - conftest - Maximizing browser window.\n2025-08-01 11:43:46,421 - INFO - conftest - Setting implicit wait to 10 seconds.\n2025-08-01 11:43:46,424 - INFO - conftest - Navigating to URL: https://bl-practice-attendance-app-stg-187791816934.asia-south1.run.app/admin\n2025-08-01 11:43:47,612 - INFO - conftest - Instantiating SignInPage object.\n2025-08-01 11:43:47,612 - INFO - conftest - Waiting for and clicking &amp;#x27;Sign in with Google&amp;#x27; button.\n2025-08-01 11:43:47,612 - INFO - SignInPage - Waiting for Google sign-in button.\n2025-08-01 11:43:47,899 - INFO - SignInPage - Clicking on &amp;#x27;Sign in with Google&amp;#x27; button.\n2025-08-01 11:43:48,098 - INFO - conftest - Waiting for Google login popup to appear.\n2025-08-01 11:43:48,105 - INFO - conftest - Switching to Google login popup window.\n2025-08-01 11:43:48,118 - INFO - conftest - Entering Google account email.\n2025-08-01 11:43:48,118 - INFO - SignInPage - Entering email: deepika.ramireddy@bridgelabz.com\n2025-08-01 11:43:49,450 - INFO - conftest - Clicking &amp;#x27;Next&amp;#x27; after entering email.\n2025-08-01 11:43:49,450 - INFO - SignInPage - Clicking on &amp;#x27;Next&amp;#x27; button.\n2025-08-01 11:43:49,814 - INFO - conftest - Entering Google account password.\n2025-08-01 11:43:49,814 - INFO - SignInPage - Entering password.\n2025-08-01 11:43:54,658 - INFO - conftest - Clicking &amp;#x27;Next&amp;#x27; after entering password.\n2025-08-01 11:43:54,658 - INFO - SignInPage - Clicking on &amp;#x27;Next&amp;#x27; button.\n2025-08-01 11:43:54,943 - INFO - conftest - Waiting for application window to become available.\n2025-08-01 11:43:54,946 - INFO - conftest - Switching back to original application window.\n2025-08-01 11:43:54,956 - INFO - conftest - Attempting to close overlay popup after login, if present.\n2025-08-01 11:44:01,065 - INFO - conftest - Overlay popup closed after login.\n\n------------------------------ Captured log setup ------------------------------\nINFO     conftest:conftest.py:17 Initializing Chrome WebDriver.\nINFO     conftest:conftest.py:19 Maximizing browser window.\nINFO     conftest:conftest.py:21 Setting implicit wait to 10 seconds.\nINFO     conftest:conftest.py:24 Navigating to URL: https://bl-practice-attendance-app-stg-187791816934.asia-south1.run.app/admin\nINFO     conftest:conftest.py:34 Instantiating SignInPage object.\nINFO     conftest:conftest.py:37 Waiting for and clicking &amp;#x27;Sign in with Google&amp;#x27; button.\nINFO     SignInPage:SignInPage.py:32 Waiting for Google sign-in button.\nINFO     SignInPage:SignInPage.py:37 Clicking on &amp;#x27;Sign in with Google&amp;#x27; button.\nINFO     conftest:conftest.py:40 Waiting for Google login popup to appear.\nINFO     conftest:conftest.py:42 Switching to Google login popup window.\nINFO     conftest:conftest.py:45 Entering Google account email.\nINFO     SignInPage:SignInPage.py:42 Entering email: deepika.ramireddy@bridgelabz.com\nINFO     conftest:conftest.py:47 Clicking &amp;#x27;Next&amp;#x27; after entering email.\nINFO     SignInPage:SignInPage.py:61 Clicking on &amp;#x27;Next&amp;#x27; button.\nINFO     conftest:conftest.py:50 Entering Google account password.\nINFO     SignInPage:SignInPage.py:51 Entering password.\nINFO     conftest:conftest.py:52 Clicking &amp;#x27;Next&amp;#x27; after entering password.\nINFO     SignInPage:SignInPage.py:61 Clicking on &amp;#x27;Next&amp;#x27; button.\nINFO     conftest:conftest.py:55 Waiting for application window to become available.\nINFO     conftest:conftest.py:57 Switching back to original application window.\nINFO     conftest:conftest.py:60 Attempting to close overlay popup after login, if present.\nINFO     conftest:conftest.py:67 Overlay popup closed after login.\n\n----------------------------- Captured stdout call -----------------------------\nMaker Module Created Successfully.\n\n------------------------------ Captured log call -------------------------------\nDEBUG    MakerModule:MakerModule.py:36 Clicking Maker Module button.\nDEBUG    MakerModule:MakerModule.py:40 Clicked Maker Module button.\nDEBUG    MakerModule:MakerModule.py:43 Clicking Create Module button.\nDEBUG    MakerModule:MakerModule.py:47 Clicked Create Module button.\nDEBUG    MakerModule:MakerModule.py:50 Selecting module dropdown with value: 1\nDEBUG    MakerModule:MakerModule.py:56 Selected module dropdown with value: 1\nDEBUG    MakerModule:MakerModule.py:59 Filling module form with the given details.\nDEBUG    MakerModule:MakerModule.py:65 Filled module form.\nDEBUG    MakerModule:MakerModule.py:68 Clicking Submit button.\nDEBUG    MakerModule:MakerModule.py:72 Clicked Submit button.\n\n--------------------------- Captured stderr teardown ---------------------------\n2025-08-01 11:44:10,841 - INFO - conftest - Quitting Chrome WebDriver.\n\n---------------------------- Captured log teardown -----------------------------\nINFO     conftest:conftest.py:27 Quitting Chrome WebDriver.&#34;}], &#34;com/bridgelabz/testcases/test_maker_module.py::TestMakerModule::test_edit_maker_module&#34;: [{&#34;extras&#34;: [], &#34;result&#34;: &#34;Failed&#34;, &#34;testId&#34;: &#34;com/bridgelabz/testcases/test_maker_module.py::TestMakerModule::test_edit_maker_module&#34;, &#34;duration&#34;: &#34;00:00:24&#34;, &#34;resultsTableRow&#34;: [&#34;&lt;td class=\&#34;col-result\&#34;&gt;Failed&lt;/td&gt;&#34;, &#34;&lt;td class=\&#34;col-testId\&#34;&gt;com/bridgelabz/testcases/test_maker_module.py::TestMakerModule::test_edit_maker_module&lt;/td&gt;&#34;, &#34;&lt;td class=\&#34;col-duration\&#34;&gt;00:00:24&lt;/td&gt;&#34;, &#34;&lt;td class=\&#34;col-links\&#34;&gt;&lt;/td&gt;&#34;], &#34;log&#34;: &#34;self = &amp;lt;com.bridgelabz.testcases.test_maker_module.TestMakerModule object at 0x00000279DBEDB610&amp;gt;\nlogin = &amp;lt;selenium.webdriver.chrome.webdriver.WebDriver (session=&amp;quot;5348254cdfe7efc365122c6a873258ec&amp;quot;)&amp;gt;\n\n    @pytest.mark.sanity\n    def test_edit_maker_module(self, login):\n        driver = login\n        maker = MakerModule(driver)\n        sleep(5)\n        maker.click_maker_module()\n&amp;gt;       maker.click_edit_module()\n\ntestcases\\test_maker_module.py:51: \n_ _ _ _ _ _ _ _ _ _ _ _ _ _ _ _ _ _ _ _ _ _ _ _ _ _ _ _ _ _ _ _ _ _ _ _ _ _ _ _ _ _ _ _ _ _ _ _ _ _ _ _ _ _ _ _ _ _ _ _ _ _ _ _ _ _ _ _ _ _ _ _ _ _ _ _ _ _ _ _ _ _ _ _ _ _ _ _ _ _\npageObjects\\MakerModule\\MakerModule.py:76: in click_edit_module\n    WebDriverWait(self.driver, 10).until(\n..\\..\\.venv\\Lib\\site-packages\\selenium\\webdriver\\support\\wait.py:129: in until\n    value = method(self._driver)\n            ^^^^^^^^^^^^^^^^^^^^\n..\\..\\.venv\\Lib\\site-packages\\selenium\\webdriver\\support\\expected_conditions.py:625: in _predicate\n    element = visibility_of(target)(driver)\n              ^^^^^^^^^^^^^^^^^^^^^^^^^^^^^\n..\\..\\.venv\\Lib\\site-packages\\selenium\\webdriver\\support\\expected_conditions.py:252: in _predicate\n    return _element_if_visible(element)\n           ^^^^^^^^^^^^^^^^^^^^^^^^^^^^\n..\\..\\.venv\\Lib\\site-packages\\selenium\\webdriver\\support\\expected_conditions.py:272: in _element_if_visible\n    return element if element.is_displayed() == visibility else False\n                      ^^^^^^^^^^^^^^^^^^^^^^\n..\\..\\.venv\\Lib\\site-packages\\selenium\\webdriver\\remote\\webelement.py:341: in is_displayed\n    return self.parent.execute_script(f&amp;quot;/* isDisplayed */return ({isDisplayed_js}).apply(null, arguments);&amp;quot;, self)\n           ^^^^^^^^^^^^^^^^^^^^^^^^^^^^^^^^^^^^^^^^^^^^^^^^^^^^^^^^^^^^^^^^^^^^^^^^^^^^^^^^^^^^^^^^^^^^^^^^^^^^^^^\n..\\..\\.venv\\Lib\\site-packages\\selenium\\webdriver\\remote\\webdriver.py:551: in execute_script\n    return self.execute(command, {&amp;quot;script&amp;quot;: script, &amp;quot;args&amp;quot;: converted_args})[&amp;quot;value&amp;quot;]\n           ^^^^^^^^^^^^^^^^^^^^^^^^^^^^^^^^^^^^^^^^^^^^^^^^^^^^^^^^^^^^^^^^^\n..\\..\\.venv\\Lib\\site-packages\\selenium\\webdriver\\remote\\webdriver.py:454: in execute\n    self.error_handler.check_response(response)\n_ _ _ _ _ _ _ _ _ _ _ _ _ _ _ _ _ _ _ _ _ _ _ _ _ _ _ _ _ _ _ _ _ _ _ _ _ _ _ _ _ _ _ _ _ _ _ _ _ _ _ _ _ _ _ _ _ _ _ _ _ _ _ _ _ _ _ _ _ _ _ _ _ _ _ _ _ _ _ _ _ _ _ _ _ _ _ _ _ _\n\nself = &amp;lt;selenium.webdriver.remote.errorhandler.ErrorHandler object at 0x00000279DBF53650&amp;gt;\nresponse = {&amp;#x27;status&amp;#x27;: 404, &amp;#x27;value&amp;#x27;: &amp;#x27;{&amp;quot;value&amp;quot;:{&amp;quot;error&amp;quot;:&amp;quot;stale element reference&amp;quot;,&amp;quot;message&amp;quot;:&amp;quot;stale element reference: stale elemen...ff710d5e298+11368]\\\\n\\\\tBaseThreadInitThunk [0x0x7ff9ed36e8d7+23]\\\\n\\\\tRtlUserThreadStart [0x0x7ff9ee07c34c+44]\\\\n&amp;quot;}}&amp;#x27;}\n\n    def check_response(self, response: dict[str, Any]) -&amp;gt; None:\n        &amp;quot;&amp;quot;&amp;quot;Checks that a JSON response from the WebDriver does not have an\n        error.\n    \n        :Args:\n         - response - The JSON response from the WebDriver server as a dictionary\n           object.\n    \n        :Raises: If the response contains an error message.\n        &amp;quot;&amp;quot;&amp;quot;\n        status = response.get(&amp;quot;status&amp;quot;, None)\n        if not status or status == ErrorCode.SUCCESS:\n            return\n        value = None\n        message = response.get(&amp;quot;message&amp;quot;, &amp;quot;&amp;quot;)\n        screen: str = response.get(&amp;quot;screen&amp;quot;, &amp;quot;&amp;quot;)\n        stacktrace = None\n        if isinstance(status, int):\n            value_json = response.get(&amp;quot;value&amp;quot;, None)\n            if value_json and isinstance(value_json, str):\n                try:\n                    value = json.loads(value_json)\n                    if isinstance(value, dict):\n                        if len(value) == 1:\n                            value = value[&amp;quot;value&amp;quot;]\n                        status = value.get(&amp;quot;error&amp;quot;, None)\n                        if not status:\n                            status = value.get(&amp;quot;status&amp;quot;, ErrorCode.UNKNOWN_ERROR)\n                            message = value.get(&amp;quot;value&amp;quot;) or value.get(&amp;quot;message&amp;quot;)\n                            if not isinstance(message, str):\n                                value = message\n                                message = message.get(&amp;quot;message&amp;quot;)\n                        else:\n                            message = value.get(&amp;quot;message&amp;quot;, None)\n                except ValueError:\n                    pass\n    \n        exception_class: type[WebDriverException]\n        e = ErrorCode()\n        error_codes = [item for item in dir(e) if not item.startswith(&amp;quot;__&amp;quot;)]\n        for error_code in error_codes:\n            error_info = getattr(ErrorCode, error_code)\n            if isinstance(error_info, list) and status in error_info:\n                exception_class = getattr(ExceptionMapping, error_code, WebDriverException)\n                break\n        else:\n            exception_class = WebDriverException\n    \n        if not value:\n            value = response[&amp;quot;value&amp;quot;]\n        if isinstance(value, str):\n            raise exception_class(value)\n        if message == &amp;quot;&amp;quot; and &amp;quot;message&amp;quot; in value:\n            message = value[&amp;quot;message&amp;quot;]\n    \n        screen = None  # type: ignore[assignment]\n        if &amp;quot;screen&amp;quot; in value:\n            screen = value[&amp;quot;screen&amp;quot;]\n    \n        stacktrace = None\n        st_value = value.get(&amp;quot;stackTrace&amp;quot;) or value.get(&amp;quot;stacktrace&amp;quot;)\n        if st_value:\n            if isinstance(st_value, str):\n                stacktrace = st_value.split(&amp;quot;\\n&amp;quot;)\n            else:\n                stacktrace = []\n                try:\n                    for frame in st_value:\n                        line = frame.get(&amp;quot;lineNumber&amp;quot;, &amp;quot;&amp;quot;)\n                        file = frame.get(&amp;quot;fileName&amp;quot;, &amp;quot;&amp;lt;anonymous&amp;gt;&amp;quot;)\n                        if line:\n                            file = f&amp;quot;{file}:{line}&amp;quot;\n                        meth = frame.get(&amp;quot;methodName&amp;quot;, &amp;quot;&amp;lt;anonymous&amp;gt;&amp;quot;)\n                        if &amp;quot;className&amp;quot; in frame:\n                            meth = f&amp;quot;{frame[&amp;#x27;className&amp;#x27;]}.{meth}&amp;quot;\n                        msg = &amp;quot;    at %s (%s)&amp;quot;\n                        msg = msg % (meth, file)\n                        stacktrace.append(msg)\n                except TypeError:\n                    pass\n        if exception_class == UnexpectedAlertPresentException:\n            alert_text = None\n            if &amp;quot;data&amp;quot; in value:\n                alert_text = value[&amp;quot;data&amp;quot;].get(&amp;quot;text&amp;quot;)\n            elif &amp;quot;alert&amp;quot; in value:\n                alert_text = value[&amp;quot;alert&amp;quot;].get(&amp;quot;text&amp;quot;)\n            raise exception_class(message, screen, stacktrace, alert_text)  # type: ignore[call-arg]  # mypy is not smart enough here\n&amp;gt;       raise exception_class(message, screen, stacktrace)\nE       selenium.common.exceptions.StaleElementReferenceException: Message: stale element reference: stale element not found in the current frame\nE         (Session info: chrome=138.0.7204.170); For documentation on this error, please visit: https://www.selenium.dev/documentation/webdriver/troubleshooting/errors#staleelementreferenceexception\nE       Stacktrace:\nE       \tGetHandleVerifier [0x0x7ff710d6e415+77285]\nE       \tGetHandleVerifier [0x0x7ff710d6e470+77376]\nE       \t(No symbol) [0x0x7ff710b39a6a]\nE       \t(No symbol) [0x0x7ff710b41419]\nE       \t(No symbol) [0x0x7ff710b44811]\nE       \t(No symbol) [0x0x7ff710be1c0b]\nE       \t(No symbol) [0x0x7ff710bb860a]\nE       \t(No symbol) [0x0x7ff710be087f]\nE       \t(No symbol) [0x0x7ff710bb83e3]\nE       \t(No symbol) [0x0x7ff710b81521]\nE       \t(No symbol) [0x0x7ff710b822b3]\nE       \tGetHandleVerifier [0x0x7ff711051efd+3107021]\nE       \tGetHandleVerifier [0x0x7ff71104c29d+3083373]\nE       \tGetHandleVerifier [0x0x7ff71106bedd+3213485]\nE       \tGetHandleVerifier [0x0x7ff710d8884e+184862]\nE       \tGetHandleVerifier [0x0x7ff710d9055f+216879]\nE       \tGetHandleVerifier [0x0x7ff710d77084+113236]\nE       \tGetHandleVerifier [0x0x7ff710d77239+113673]\nE       \tGetHandleVerifier [0x0x7ff710d5e298+11368]\nE       \tBaseThreadInitThunk [0x0x7ff9ed36e8d7+23]\nE       \tRtlUserThreadStart [0x0x7ff9ee07c34c+44]\n\n..\\..\\.venv\\Lib\\site-packages\\selenium\\webdriver\\remote\\errorhandler.py:232: StaleElementReferenceException\n\n---------------------------- Captured stderr setup -----------------------------\n2025-08-01 11:44:13,183 - INFO - conftest - Initializing Chrome WebDriver.\n2025-08-01 11:44:14,641 - INFO - conftest - Maximizing browser window.\n2025-08-01 11:44:14,678 - INFO - conftest - Setting implicit wait to 10 seconds.\n2025-08-01 11:44:14,679 - INFO - conftest - Navigating to URL: https://bl-practice-attendance-app-stg-187791816934.asia-south1.run.app/admin\n2025-08-01 11:44:15,931 - INFO - conftest - Instantiating SignInPage object.\n2025-08-01 11:44:15,932 - INFO - conftest - Waiting for and clicking &amp;#x27;Sign in with Google&amp;#x27; button.\n2025-08-01 11:44:15,932 - INFO - SignInPage - Waiting for Google sign-in button.\n2025-08-01 11:44:16,215 - INFO - SignInPage - Clicking on &amp;#x27;Sign in with Google&amp;#x27; button.\n2025-08-01 11:44:17,163 - INFO - conftest - Waiting for Google login popup to appear.\n2025-08-01 11:44:17,242 - INFO - conftest - Switching to Google login popup window.\n2025-08-01 11:44:17,246 - INFO - conftest - Entering Google account email.\n2025-08-01 11:44:17,246 - INFO - SignInPage - Entering email: deepika.ramireddy@bridgelabz.com\n2025-08-01 11:44:18,195 - INFO - conftest - Clicking &amp;#x27;Next&amp;#x27; after entering email.\n2025-08-01 11:44:18,196 - INFO - SignInPage - Clicking on &amp;#x27;Next&amp;#x27; button.\n2025-08-01 11:44:18,752 - INFO - conftest - Entering Google account password.\n2025-08-01 11:44:18,752 - INFO - SignInPage - Entering password.\n2025-08-01 11:44:20,718 - INFO - conftest - Clicking &amp;#x27;Next&amp;#x27; after entering password.\n2025-08-01 11:44:20,718 - INFO - SignInPage - Clicking on &amp;#x27;Next&amp;#x27; button.\n2025-08-01 11:44:20,933 - INFO - conftest - Waiting for application window to become available.\n2025-08-01 11:44:20,935 - INFO - conftest - Switching back to original application window.\n2025-08-01 11:44:20,945 - INFO - conftest - Attempting to close overlay popup after login, if present.\n2025-08-01 11:44:29,610 - INFO - conftest - Overlay popup closed after login.\n\n------------------------------ Captured log setup ------------------------------\nINFO     conftest:conftest.py:17 Initializing Chrome WebDriver.\nINFO     conftest:conftest.py:19 Maximizing browser window.\nINFO     conftest:conftest.py:21 Setting implicit wait to 10 seconds.\nINFO     conftest:conftest.py:24 Navigating to URL: https://bl-practice-attendance-app-stg-187791816934.asia-south1.run.app/admin\nINFO     conftest:conftest.py:34 Instantiating SignInPage object.\nINFO     conftest:conftest.py:37 Waiting for and clicking &amp;#x27;Sign in with Google&amp;#x27; button.\nINFO     SignInPage:SignInPage.py:32 Waiting for Google sign-in button.\nINFO     SignInPage:SignInPage.py:37 Clicking on &amp;#x27;Sign in with Google&amp;#x27; button.\nINFO     conftest:conftest.py:40 Waiting for Google login popup to appear.\nINFO     conftest:conftest.py:42 Switching to Google login popup window.\nINFO     conftest:conftest.py:45 Entering Google account email.\nINFO     SignInPage:SignInPage.py:42 Entering email: deepika.ramireddy@bridgelabz.com\nINFO     conftest:conftest.py:47 Clicking &amp;#x27;Next&amp;#x27; after entering email.\nINFO     SignInPage:SignInPage.py:61 Clicking on &amp;#x27;Next&amp;#x27; button.\nINFO     conftest:conftest.py:50 Entering Google account password.\nINFO     SignInPage:SignInPage.py:51 Entering password.\nINFO     conftest:conftest.py:52 Clicking &amp;#x27;Next&amp;#x27; after entering password.\nINFO     SignInPage:SignInPage.py:61 Clicking on &amp;#x27;Next&amp;#x27; button.\nINFO     conftest:conftest.py:55 Waiting for application window to become available.\nINFO     conftest:conftest.py:57 Switching back to original application window.\nINFO     conftest:conftest.py:60 Attempting to close overlay popup after login, if present.\nINFO     conftest:conftest.py:67 Overlay popup closed after login.\n\n------------------------------ Captured log call -------------------------------\nDEBUG    MakerModule:MakerModule.py:36 Clicking Maker Module button.\nDEBUG    MakerModule:MakerModule.py:40 Clicked Maker Module button.\nDEBUG    MakerModule:MakerModule.py:75 Clicking Edit Module icon.\n\n--------------------------- Captured stderr teardown ---------------------------\n2025-08-01 11:44:35,178 - INFO - conftest - Quitting Chrome WebDriver.\n\n---------------------------- Captured log teardown -----------------------------\nINFO     conftest:conftest.py:27 Quitting Chrome WebDriver.&#34;}], &#34;com/bridgelabz/testcases/test_maker_plan.py::TestMakerPlan::test_create_maker_plan&#34;: [{&#34;extras&#34;: [], &#34;result&#34;: &#34;Failed&#34;, &#34;testId&#34;: &#34;com/bridgelabz/testcases/test_maker_plan.py::TestMakerPlan::test_create_maker_plan&#34;, &#34;duration&#34;: &#34;00:00:31&#34;, &#34;resultsTableRow&#34;: [&#34;&lt;td class=\&#34;col-result\&#34;&gt;Failed&lt;/td&gt;&#34;, &#34;&lt;td class=\&#34;col-testId\&#34;&gt;com/bridgelabz/testcases/test_maker_plan.py::TestMakerPlan::test_create_maker_plan&lt;/td&gt;&#34;, &#34;&lt;td class=\&#34;col-duration\&#34;&gt;00:00:31&lt;/td&gt;&#34;, &#34;&lt;td class=\&#34;col-links\&#34;&gt;&lt;/td&gt;&#34;], &#34;log&#34;: &#34;self = &amp;lt;com.bridgelabz.testcases.test_maker_plan.TestMakerPlan object at 0x00000279DBFD6C10&amp;gt;\nlogin = &amp;lt;selenium.webdriver.chrome.webdriver.WebDriver (session=&amp;quot;fce0e6ea3fff415b2775075402feea24&amp;quot;)&amp;gt;\n\n    @pytest.mark.sanity\n    def test_create_maker_plan(self, login):\n        try:\n            maker = MakerPlanPage(login)\n            sleep(2)\n            maker.click_maker_plan_tab()\n            maker.click_add_maker_plan_button()\n            maker.enter_maker_plan_name(&amp;quot;Full Stack Testing 5&amp;quot;)\n            maker.enter_duration(&amp;quot;58&amp;quot;)\n            maker.enter_description(&amp;quot;This is An Automated Description 01&amp;quot;)\n            maker.click_save_button()\n        except Exception as e:\n            take_screenshot(login, &amp;quot;test_create_maker_plan&amp;quot;)\n&amp;gt;           raise e\n\ntestcases\\test_maker_plan.py:22: \n_ _ _ _ _ _ _ _ _ _ _ _ _ _ _ _ _ _ _ _ _ _ _ _ _ _ _ _ _ _ _ _ _ _ _ _ _ _ _ _ _ _ _ _ _ _ _ _ _ _ _ _ _ _ _ _ _ _ _ _ _ _ _ _ _ _ _ _ _ _ _ _ _ _ _ _ _ _ _ _ _ _ _ _ _ _ _ _ _ _\ntestcases\\test_maker_plan.py:19: in test_create_maker_plan\n    maker.click_save_button()\npageObjects\\MakerPlan\\MakerPlanPage.py:52: in click_save_button\n    self.driver.find_element(By.XPATH, self.save_button_xpath).click()\n    ^^^^^^^^^^^^^^^^^^^^^^^^^^^^^^^^^^^^^^^^^^^^^^^^^^^^^^^^^^\n..\\..\\.venv\\Lib\\site-packages\\selenium\\webdriver\\remote\\webdriver.py:922: in find_element\n    return self.execute(Command.FIND_ELEMENT, {&amp;quot;using&amp;quot;: by, &amp;quot;value&amp;quot;: value})[&amp;quot;value&amp;quot;]\n           ^^^^^^^^^^^^^^^^^^^^^^^^^^^^^^^^^^^^^^^^^^^^^^^^^^^^^^^^^^^^^^^^^\n..\\..\\.venv\\Lib\\site-packages\\selenium\\webdriver\\remote\\webdriver.py:454: in execute\n    self.error_handler.check_response(response)\n_ _ _ _ _ _ _ _ _ _ _ _ _ _ _ _ _ _ _ _ _ _ _ _ _ _ _ _ _ _ _ _ _ _ _ _ _ _ _ _ _ _ _ _ _ _ _ _ _ _ _ _ _ _ _ _ _ _ _ _ _ _ _ _ _ _ _ _ _ _ _ _ _ _ _ _ _ _ _ _ _ _ _ _ _ _ _ _ _ _\n\nself = &amp;lt;selenium.webdriver.remote.errorhandler.ErrorHandler object at 0x00000279DC0CA780&amp;gt;\nresponse = {&amp;#x27;status&amp;#x27;: 404, &amp;#x27;value&amp;#x27;: &amp;#x27;{&amp;quot;value&amp;quot;:{&amp;quot;error&amp;quot;:&amp;quot;no such element&amp;quot;,&amp;quot;message&amp;quot;:&amp;quot;no such element: Unable to locate element: {\\...ff710d5e298+11368]\\\\n\\\\tBaseThreadInitThunk [0x0x7ff9ed36e8d7+23]\\\\n\\\\tRtlUserThreadStart [0x0x7ff9ee07c34c+44]\\\\n&amp;quot;}}&amp;#x27;}\n\n    def check_response(self, response: dict[str, Any]) -&amp;gt; None:\n        &amp;quot;&amp;quot;&amp;quot;Checks that a JSON response from the WebDriver does not have an\n        error.\n    \n        :Args:\n         - response - The JSON response from the WebDriver server as a dictionary\n           object.\n    \n        :Raises: If the response contains an error message.\n        &amp;quot;&amp;quot;&amp;quot;\n        status = response.get(&amp;quot;status&amp;quot;, None)\n        if not status or status == ErrorCode.SUCCESS:\n            return\n        value = None\n        message = response.get(&amp;quot;message&amp;quot;, &amp;quot;&amp;quot;)\n        screen: str = response.get(&amp;quot;screen&amp;quot;, &amp;quot;&amp;quot;)\n        stacktrace = None\n        if isinstance(status, int):\n            value_json = response.get(&amp;quot;value&amp;quot;, None)\n            if value_json and isinstance(value_json, str):\n                try:\n                    value = json.loads(value_json)\n                    if isinstance(value, dict):\n                        if len(value) == 1:\n                            value = value[&amp;quot;value&amp;quot;]\n                        status = value.get(&amp;quot;error&amp;quot;, None)\n                        if not status:\n                            status = value.get(&amp;quot;status&amp;quot;, ErrorCode.UNKNOWN_ERROR)\n                            message = value.get(&amp;quot;value&amp;quot;) or value.get(&amp;quot;message&amp;quot;)\n                            if not isinstance(message, str):\n                                value = message\n                                message = message.get(&amp;quot;message&amp;quot;)\n                        else:\n                            message = value.get(&amp;quot;message&amp;quot;, None)\n                except ValueError:\n                    pass\n    \n        exception_class: type[WebDriverException]\n        e = ErrorCode()\n        error_codes = [item for item in dir(e) if not item.startswith(&amp;quot;__&amp;quot;)]\n        for error_code in error_codes:\n            error_info = getattr(ErrorCode, error_code)\n            if isinstance(error_info, list) and status in error_info:\n                exception_class = getattr(ExceptionMapping, error_code, WebDriverException)\n                break\n        else:\n            exception_class = WebDriverException\n    \n        if not value:\n            value = response[&amp;quot;value&amp;quot;]\n        if isinstance(value, str):\n            raise exception_class(value)\n        if message == &amp;quot;&amp;quot; and &amp;quot;message&amp;quot; in value:\n            message = value[&amp;quot;message&amp;quot;]\n    \n        screen = None  # type: ignore[assignment]\n        if &amp;quot;screen&amp;quot; in value:\n            screen = value[&amp;quot;screen&amp;quot;]\n    \n        stacktrace = None\n        st_value = value.get(&amp;quot;stackTrace&amp;quot;) or value.get(&amp;quot;stacktrace&amp;quot;)\n        if st_value:\n            if isinstance(st_value, str):\n                stacktrace = st_value.split(&amp;quot;\\n&amp;quot;)\n            else:\n                stacktrace = []\n                try:\n                    for frame in st_value:\n                        line = frame.get(&amp;quot;lineNumber&amp;quot;, &amp;quot;&amp;quot;)\n                        file = frame.get(&amp;quot;fileName&amp;quot;, &amp;quot;&amp;lt;anonymous&amp;gt;&amp;quot;)\n                        if line:\n                            file = f&amp;quot;{file}:{line}&amp;quot;\n                        meth = frame.get(&amp;quot;methodName&amp;quot;, &amp;quot;&amp;lt;anonymous&amp;gt;&amp;quot;)\n                        if &amp;quot;className&amp;quot; in frame:\n                            meth = f&amp;quot;{frame[&amp;#x27;className&amp;#x27;]}.{meth}&amp;quot;\n                        msg = &amp;quot;    at %s (%s)&amp;quot;\n                        msg = msg % (meth, file)\n                        stacktrace.append(msg)\n                except TypeError:\n                    pass\n        if exception_class == UnexpectedAlertPresentException:\n            alert_text = None\n            if &amp;quot;data&amp;quot; in value:\n                alert_text = value[&amp;quot;data&amp;quot;].get(&amp;quot;text&amp;quot;)\n            elif &amp;quot;alert&amp;quot; in value:\n                alert_text = value[&amp;quot;alert&amp;quot;].get(&amp;quot;text&amp;quot;)\n            raise exception_class(message, screen, stacktrace, alert_text)  # type: ignore[call-arg]  # mypy is not smart enough here\n&amp;gt;       raise exception_class(message, screen, stacktrace)\nE       selenium.common.exceptions.NoSuchElementException: Message: no such element: Unable to locate element: {&amp;quot;method&amp;quot;:&amp;quot;xpath&amp;quot;,&amp;quot;selector&amp;quot;:&amp;quot;(//button[normalize-space()=&amp;#x27;Save&amp;#x27;])[1]&amp;quot;}\nE         (Session info: chrome=138.0.7204.170); For documentation on this error, please visit: https://www.selenium.dev/documentation/webdriver/troubleshooting/errors#nosuchelementexception\nE       Stacktrace:\nE       \tGetHandleVerifier [0x0x7ff710d6e415+77285]\nE       \tGetHandleVerifier [0x0x7ff710d6e470+77376]\nE       \t(No symbol) [0x0x7ff710b39a6a]\nE       \t(No symbol) [0x0x7ff710b90406]\nE       \t(No symbol) [0x0x7ff710b906bc]\nE       \t(No symbol) [0x0x7ff710be3ac7]\nE       \t(No symbol) [0x0x7ff710bb864f]\nE       \t(No symbol) [0x0x7ff710be087f]\nE       \t(No symbol) [0x0x7ff710bb83e3]\nE       \t(No symbol) [0x0x7ff710b81521]\nE       \t(No symbol) [0x0x7ff710b822b3]\nE       \tGetHandleVerifier [0x0x7ff711051efd+3107021]\nE       \tGetHandleVerifier [0x0x7ff71104c29d+3083373]\nE       \tGetHandleVerifier [0x0x7ff71106bedd+3213485]\nE       \tGetHandleVerifier [0x0x7ff710d8884e+184862]\nE       \tGetHandleVerifier [0x0x7ff710d9055f+216879]\nE       \tGetHandleVerifier [0x0x7ff710d77084+113236]\nE       \tGetHandleVerifier [0x0x7ff710d77239+113673]\nE       \tGetHandleVerifier [0x0x7ff710d5e298+11368]\nE       \tBaseThreadInitThunk [0x0x7ff9ed36e8d7+23]\nE       \tRtlUserThreadStart [0x0x7ff9ee07c34c+44]\n\n..\\..\\.venv\\Lib\\site-packages\\selenium\\webdriver\\remote\\errorhandler.py:232: NoSuchElementException\n\n---------------------------- Captured stderr setup -----------------------------\n2025-08-01 11:44:37,520 - INFO - conftest - Initializing Chrome WebDriver.\n2025-08-01 11:44:38,745 - INFO - conftest - Maximizing browser window.\n2025-08-01 11:44:38,789 - INFO - conftest - Setting implicit wait to 10 seconds.\n2025-08-01 11:44:38,791 - INFO - conftest - Navigating to URL: https://bl-practice-attendance-app-stg-187791816934.asia-south1.run.app/admin\n2025-08-01 11:44:39,471 - INFO - conftest - Instantiating SignInPage object.\n2025-08-01 11:44:39,472 - INFO - conftest - Waiting for and clicking &amp;#x27;Sign in with Google&amp;#x27; button.\n2025-08-01 11:44:39,473 - INFO - SignInPage - Waiting for Google sign-in button.\n2025-08-01 11:44:39,744 - INFO - SignInPage - Clicking on &amp;#x27;Sign in with Google&amp;#x27; button.\n2025-08-01 11:44:39,957 - INFO - conftest - Waiting for Google login popup to appear.\n2025-08-01 11:44:39,972 - INFO - conftest - Switching to Google login popup window.\n2025-08-01 11:44:39,979 - INFO - conftest - Entering Google account email.\n2025-08-01 11:44:39,979 - INFO - SignInPage - Entering email: deepika.ramireddy@bridgelabz.com\n2025-08-01 11:44:41,355 - INFO - conftest - Clicking &amp;#x27;Next&amp;#x27; after entering email.\n2025-08-01 11:44:41,355 - INFO - SignInPage - Clicking on &amp;#x27;Next&amp;#x27; button.\n2025-08-01 11:44:41,579 - INFO - conftest - Entering Google account password.\n2025-08-01 11:44:41,580 - INFO - SignInPage - Entering password.\n2025-08-01 11:44:43,753 - INFO - conftest - Clicking &amp;#x27;Next&amp;#x27; after entering password.\n2025-08-01 11:44:43,754 - INFO - SignInPage - Clicking on &amp;#x27;Next&amp;#x27; button.\n2025-08-01 11:44:44,067 - INFO - conftest - Waiting for application window to become available.\n2025-08-01 11:44:44,071 - INFO - conftest - Switching back to original application window.\n2025-08-01 11:44:44,086 - INFO - conftest - Attempting to close overlay popup after login, if present.\n2025-08-01 11:44:50,251 - INFO - conftest - Overlay popup closed after login.\n\n------------------------------ Captured log setup ------------------------------\nINFO     conftest:conftest.py:17 Initializing Chrome WebDriver.\nINFO     conftest:conftest.py:19 Maximizing browser window.\nINFO     conftest:conftest.py:21 Setting implicit wait to 10 seconds.\nINFO     conftest:conftest.py:24 Navigating to URL: https://bl-practice-attendance-app-stg-187791816934.asia-south1.run.app/admin\nINFO     conftest:conftest.py:34 Instantiating SignInPage object.\nINFO     conftest:conftest.py:37 Waiting for and clicking &amp;#x27;Sign in with Google&amp;#x27; button.\nINFO     SignInPage:SignInPage.py:32 Waiting for Google sign-in button.\nINFO     SignInPage:SignInPage.py:37 Clicking on &amp;#x27;Sign in with Google&amp;#x27; button.\nINFO     conftest:conftest.py:40 Waiting for Google login popup to appear.\nINFO     conftest:conftest.py:42 Switching to Google login popup window.\nINFO     conftest:conftest.py:45 Entering Google account email.\nINFO     SignInPage:SignInPage.py:42 Entering email: deepika.ramireddy@bridgelabz.com\nINFO     conftest:conftest.py:47 Clicking &amp;#x27;Next&amp;#x27; after entering email.\nINFO     SignInPage:SignInPage.py:61 Clicking on &amp;#x27;Next&amp;#x27; button.\nINFO     conftest:conftest.py:50 Entering Google account password.\nINFO     SignInPage:SignInPage.py:51 Entering password.\nINFO     conftest:conftest.py:52 Clicking &amp;#x27;Next&amp;#x27; after entering password.\nINFO     SignInPage:SignInPage.py:61 Clicking on &amp;#x27;Next&amp;#x27; button.\nINFO     conftest:conftest.py:55 Waiting for application window to become available.\nINFO     conftest:conftest.py:57 Switching back to original application window.\nINFO     conftest:conftest.py:60 Attempting to close overlay popup after login, if present.\nINFO     conftest:conftest.py:67 Overlay popup closed after login.\n\n----------------------------- Captured stderr call -----------------------------\n2025-08-01 11:44:52,254 - INFO - MakerPlanPage - Attempting to click on Maker Plan tab.\n2025-08-01 11:44:52,353 - INFO - MakerPlanPage - Clicking the Add Maker Plan button.\n2025-08-01 11:44:52,617 - INFO - MakerPlanPage - Entering Maker Plan name: Full Stack Testing 5.\n2025-08-01 11:44:52,927 - INFO - MakerPlanPage - Entering duration: 58.\n2025-08-01 11:44:53,004 - INFO - MakerPlanPage - Entering description: This is An Automated Description 01.\n2025-08-01 11:44:56,324 - INFO - MakerPlanPage - Clicking the Submit button to save the Maker Plan.\n2025-08-01 11:45:06,380 - INFO - conftest - Preparing to take screenshot.\n2025-08-01 11:45:06,380 - INFO - conftest - Ensuring screenshot directory exists at /Practice-Attendance-Admin/ScreenShots.\n2025-08-01 11:45:06,382 - INFO - conftest - Saving screenshot to /Practice-Attendance-Admin/ScreenShots\\test_create_maker_plan_01-08-2025_11-45-06.png.\n2025-08-01 11:45:06,493 - INFO - conftest - Screenshot saved at /Practice-Attendance-Admin/ScreenShots\\test_create_maker_plan_01-08-2025_11-45-06.png\n\n------------------------------ Captured log call -------------------------------\nINFO     MakerPlanPage:MakerPlanPage.py:28 Attempting to click on Maker Plan tab.\nINFO     MakerPlanPage:MakerPlanPage.py:33 Clicking the Add Maker Plan button.\nINFO     MakerPlanPage:MakerPlanPage.py:38 Entering Maker Plan name: Full Stack Testing 5.\nINFO     MakerPlanPage:MakerPlanPage.py:42 Entering duration: 58.\nINFO     MakerPlanPage:MakerPlanPage.py:46 Entering description: This is An Automated Description 01.\nINFO     MakerPlanPage:MakerPlanPage.py:51 Clicking the Submit button to save the Maker Plan.\nINFO     conftest:conftest.py:75 Preparing to take screenshot.\nINFO     conftest:conftest.py:77 Ensuring screenshot directory exists at /Practice-Attendance-Admin/ScreenShots.\nINFO     conftest:conftest.py:84 Saving screenshot to /Practice-Attendance-Admin/ScreenShots\\test_create_maker_plan_01-08-2025_11-45-06.png.\nINFO     conftest:conftest.py:86 Screenshot saved at /Practice-Attendance-Admin/ScreenShots\\test_create_maker_plan_01-08-2025_11-45-06.png\n\n--------------------------- Captured stderr teardown ---------------------------\n2025-08-01 11:45:06,612 - INFO - conftest - Quitting Chrome WebDriver.\n\n---------------------------- Captured log teardown -----------------------------\nINFO     conftest:conftest.py:27 Quitting Chrome WebDriver.&#34;}], &#34;com/bridgelabz/testcases/test_maker_plan.py::TestMakerPlan::test_edit_maker_plan&#34;: [{&#34;extras&#34;: [], &#34;result&#34;: &#34;Passed&#34;, &#34;testId&#34;: &#34;com/bridgelabz/testcases/test_maker_plan.py::TestMakerPlan::test_edit_maker_plan&#34;, &#34;duration&#34;: &#34;00:00:30&#34;, &#34;resultsTableRow&#34;: [&#34;&lt;td class=\&#34;col-result\&#34;&gt;Passed&lt;/td&gt;&#34;, &#34;&lt;td class=\&#34;col-testId\&#34;&gt;com/bridgelabz/testcases/test_maker_plan.py::TestMakerPlan::test_edit_maker_plan&lt;/td&gt;&#34;, &#34;&lt;td class=\&#34;col-duration\&#34;&gt;00:00:30&lt;/td&gt;&#34;, &#34;&lt;td class=\&#34;col-links\&#34;&gt;&lt;/td&gt;&#34;], &#34;log&#34;: &#34;---------------------------- Captured stderr setup -----------------------------\n2025-08-01 11:45:08,890 - INFO - conftest - Initializing Chrome WebDriver.\n2025-08-01 11:45:10,275 - INFO - conftest - Maximizing browser window.\n2025-08-01 11:45:10,387 - INFO - conftest - Setting implicit wait to 10 seconds.\n2025-08-01 11:45:10,390 - INFO - conftest - Navigating to URL: https://bl-practice-attendance-app-stg-187791816934.asia-south1.run.app/admin\n2025-08-01 11:45:11,466 - INFO - conftest - Instantiating SignInPage object.\n2025-08-01 11:45:11,467 - INFO - conftest - Waiting for and clicking &amp;#x27;Sign in with Google&amp;#x27; button.\n2025-08-01 11:45:11,467 - INFO - SignInPage - Waiting for Google sign-in button.\n2025-08-01 11:45:11,754 - INFO - SignInPage - Clicking on &amp;#x27;Sign in with Google&amp;#x27; button.\n2025-08-01 11:45:12,044 - INFO - conftest - Waiting for Google login popup to appear.\n2025-08-01 11:45:12,058 - INFO - conftest - Switching to Google login popup window.\n2025-08-01 11:45:12,064 - INFO - conftest - Entering Google account email.\n2025-08-01 11:45:12,065 - INFO - SignInPage - Entering email: deepika.ramireddy@bridgelabz.com\n2025-08-01 11:45:13,364 - INFO - conftest - Clicking &amp;#x27;Next&amp;#x27; after entering email.\n2025-08-01 11:45:13,364 - INFO - SignInPage - Clicking on &amp;#x27;Next&amp;#x27; button.\n2025-08-01 11:45:13,594 - INFO - conftest - Entering Google account password.\n2025-08-01 11:45:13,595 - INFO - SignInPage - Entering password.\n2025-08-01 11:45:17,221 - INFO - conftest - Clicking &amp;#x27;Next&amp;#x27; after entering password.\n2025-08-01 11:45:17,221 - INFO - SignInPage - Clicking on &amp;#x27;Next&amp;#x27; button.\n2025-08-01 11:45:18,881 - INFO - conftest - Waiting for application window to become available.\n2025-08-01 11:45:18,884 - INFO - conftest - Switching back to original application window.\n2025-08-01 11:45:18,898 - INFO - conftest - Attempting to close overlay popup after login, if present.\n2025-08-01 11:45:25,127 - INFO - conftest - Overlay popup closed after login.\n\n------------------------------ Captured log setup ------------------------------\nINFO     conftest:conftest.py:17 Initializing Chrome WebDriver.\nINFO     conftest:conftest.py:19 Maximizing browser window.\nINFO     conftest:conftest.py:21 Setting implicit wait to 10 seconds.\nINFO     conftest:conftest.py:24 Navigating to URL: https://bl-practice-attendance-app-stg-187791816934.asia-south1.run.app/admin\nINFO     conftest:conftest.py:34 Instantiating SignInPage object.\nINFO     conftest:conftest.py:37 Waiting for and clicking &amp;#x27;Sign in with Google&amp;#x27; button.\nINFO     SignInPage:SignInPage.py:32 Waiting for Google sign-in button.\nINFO     SignInPage:SignInPage.py:37 Clicking on &amp;#x27;Sign in with Google&amp;#x27; button.\nINFO     conftest:conftest.py:40 Waiting for Google login popup to appear.\nINFO     conftest:conftest.py:42 Switching to Google login popup window.\nINFO     conftest:conftest.py:45 Entering Google account email.\nINFO     SignInPage:SignInPage.py:42 Entering email: deepika.ramireddy@bridgelabz.com\nINFO     conftest:conftest.py:47 Clicking &amp;#x27;Next&amp;#x27; after entering email.\nINFO     SignInPage:SignInPage.py:61 Clicking on &amp;#x27;Next&amp;#x27; button.\nINFO     conftest:conftest.py:50 Entering Google account password.\nINFO     SignInPage:SignInPage.py:51 Entering password.\nINFO     conftest:conftest.py:52 Clicking &amp;#x27;Next&amp;#x27; after entering password.\nINFO     SignInPage:SignInPage.py:61 Clicking on &amp;#x27;Next&amp;#x27; button.\nINFO     conftest:conftest.py:55 Waiting for application window to become available.\nINFO     conftest:conftest.py:57 Switching back to original application window.\nINFO     conftest:conftest.py:60 Attempting to close overlay popup after login, if present.\nINFO     conftest:conftest.py:67 Overlay popup closed after login.\n\n----------------------------- Captured stderr call -----------------------------\n2025-08-01 11:45:27,129 - INFO - MakerPlanPage - Attempting to click on Maker Plan tab.\n2025-08-01 11:45:29,224 - INFO - MakerPlanPage - Opening the Maker Plan dropdown.\n2025-08-01 11:45:31,363 - INFO - MakerPlanPage - Selecting Maker Plan: P &amp;amp; A Phase 2.\n2025-08-01 11:45:32,475 - INFO - MakerPlanPage - Clicking the Edit icon for the module.\n2025-08-01 11:45:32,613 - INFO - MakerPlanPage - Locating the duration field to edit.\n2025-08-01 11:45:34,626 - INFO - MakerPlanPage - Clearing the current duration value.\n2025-08-01 11:45:36,934 - INFO - MakerPlanPage - Entering the new duration: 20.\n2025-08-01 11:45:36,979 - INFO - MakerPlanPage - Clicking the Submit button to save changes.\n\n------------------------------ Captured log call -------------------------------\nINFO     MakerPlanPage:MakerPlanPage.py:28 Attempting to click on Maker Plan tab.\nINFO     MakerPlanPage:MakerPlanPage.py:56 Opening the Maker Plan dropdown.\nINFO     MakerPlanPage:MakerPlanPage.py:62 Selecting Maker Plan: P &amp;amp; A Phase 2.\nINFO     MakerPlanPage:MakerPlanPage.py:69 Clicking the Edit icon for the module.\nINFO     MakerPlanPage:MakerPlanPage.py:79 Locating the duration field to edit.\nINFO     MakerPlanPage:MakerPlanPage.py:84 Clearing the current duration value.\nINFO     MakerPlanPage:MakerPlanPage.py:88 Entering the new duration: 20.\nINFO     MakerPlanPage:MakerPlanPage.py:92 Clicking the Submit button to save changes.\n\n--------------------------- Captured stderr teardown ---------------------------\n2025-08-01 11:45:37,057 - INFO - conftest - Quitting Chrome WebDriver.\n\n---------------------------- Captured log teardown -----------------------------\nINFO     conftest:conftest.py:27 Quitting Chrome WebDriver.&#34;}], &#34;com/bridgelabz/testcases/test_practice_head.py::TestPracticeHead::test_create_practice_head&#34;: [{&#34;extras&#34;: [], &#34;result&#34;: &#34;Passed&#34;, &#34;testId&#34;: &#34;com/bridgelabz/testcases/test_practice_head.py::TestPracticeHead::test_create_practice_head&#34;, &#34;duration&#34;: &#34;00:00:28&#34;, &#34;resultsTableRow&#34;: [&#34;&lt;td class=\&#34;col-result\&#34;&gt;Passed&lt;/td&gt;&#34;, &#34;&lt;td class=\&#34;col-testId\&#34;&gt;com/bridgelabz/testcases/test_practice_head.py::TestPracticeHead::test_create_practice_head&lt;/td&gt;&#34;, &#34;&lt;td class=\&#34;col-duration\&#34;&gt;00:00:28&lt;/td&gt;&#34;, &#34;&lt;td class=\&#34;col-links\&#34;&gt;&lt;/td&gt;&#34;], &#34;log&#34;: &#34;---------------------------- Captured stderr setup -----------------------------\n2025-08-01 11:45:39,391 - INFO - conftest - Initializing Chrome WebDriver.\n2025-08-01 11:45:41,085 - INFO - conftest - Maximizing browser window.\n2025-08-01 11:45:41,141 - INFO - conftest - Setting implicit wait to 10 seconds.\n2025-08-01 11:45:41,142 - INFO - conftest - Navigating to URL: https://bl-practice-attendance-app-stg-187791816934.asia-south1.run.app/admin\n2025-08-01 11:45:42,275 - INFO - conftest - Instantiating SignInPage object.\n2025-08-01 11:45:42,276 - INFO - conftest - Waiting for and clicking &amp;#x27;Sign in with Google&amp;#x27; button.\n2025-08-01 11:45:42,276 - INFO - SignInPage - Waiting for Google sign-in button.\n2025-08-01 11:45:42,588 - INFO - SignInPage - Clicking on &amp;#x27;Sign in with Google&amp;#x27; button.\n2025-08-01 11:45:47,049 - INFO - conftest - Waiting for Google login popup to appear.\n2025-08-01 11:45:47,071 - INFO - conftest - Switching to Google login popup window.\n2025-08-01 11:45:47,080 - INFO - conftest - Entering Google account email.\n2025-08-01 11:45:47,080 - INFO - SignInPage - Entering email: deepika.ramireddy@bridgelabz.com\n2025-08-01 11:45:47,485 - INFO - conftest - Clicking &amp;#x27;Next&amp;#x27; after entering email.\n2025-08-01 11:45:47,486 - INFO - SignInPage - Clicking on &amp;#x27;Next&amp;#x27; button.\n2025-08-01 11:45:47,994 - INFO - conftest - Entering Google account password.\n2025-08-01 11:45:47,994 - INFO - SignInPage - Entering password.\n2025-08-01 11:45:50,613 - INFO - conftest - Clicking &amp;#x27;Next&amp;#x27; after entering password.\n2025-08-01 11:45:50,613 - INFO - SignInPage - Clicking on &amp;#x27;Next&amp;#x27; button.\n2025-08-01 11:45:50,976 - INFO - conftest - Waiting for application window to become available.\n2025-08-01 11:45:50,982 - INFO - conftest - Switching back to original application window.\n2025-08-01 11:45:51,016 - INFO - conftest - Attempting to close overlay popup after login, if present.\n2025-08-01 11:45:57,577 - INFO - conftest - Overlay popup closed after login.\n\n------------------------------ Captured log setup ------------------------------\nINFO     conftest:conftest.py:17 Initializing Chrome WebDriver.\nINFO     conftest:conftest.py:19 Maximizing browser window.\nINFO     conftest:conftest.py:21 Setting implicit wait to 10 seconds.\nINFO     conftest:conftest.py:24 Navigating to URL: https://bl-practice-attendance-app-stg-187791816934.asia-south1.run.app/admin\nINFO     conftest:conftest.py:34 Instantiating SignInPage object.\nINFO     conftest:conftest.py:37 Waiting for and clicking &amp;#x27;Sign in with Google&amp;#x27; button.\nINFO     SignInPage:SignInPage.py:32 Waiting for Google sign-in button.\nINFO     SignInPage:SignInPage.py:37 Clicking on &amp;#x27;Sign in with Google&amp;#x27; button.\nINFO     conftest:conftest.py:40 Waiting for Google login popup to appear.\nINFO     conftest:conftest.py:42 Switching to Google login popup window.\nINFO     conftest:conftest.py:45 Entering Google account email.\nINFO     SignInPage:SignInPage.py:42 Entering email: deepika.ramireddy@bridgelabz.com\nINFO     conftest:conftest.py:47 Clicking &amp;#x27;Next&amp;#x27; after entering email.\nINFO     SignInPage:SignInPage.py:61 Clicking on &amp;#x27;Next&amp;#x27; button.\nINFO     conftest:conftest.py:50 Entering Google account password.\nINFO     SignInPage:SignInPage.py:51 Entering password.\nINFO     conftest:conftest.py:52 Clicking &amp;#x27;Next&amp;#x27; after entering password.\nINFO     SignInPage:SignInPage.py:61 Clicking on &amp;#x27;Next&amp;#x27; button.\nINFO     conftest:conftest.py:55 Waiting for application window to become available.\nINFO     conftest:conftest.py:57 Switching back to original application window.\nINFO     conftest:conftest.py:60 Attempting to close overlay popup after login, if present.\nINFO     conftest:conftest.py:67 Overlay popup closed after login.\n\n----------------------------- Captured stdout call -----------------------------\nPractice Head Email &amp;#x27;surriyaatestsanity5@gmail.com&amp;#x27; is present on the page, So PH is Created Successfully\n\n----------------------------- Captured stderr call -----------------------------\n2025-08-01 11:45:57,581 - INFO - TestPracticeHead - ----- Starting Test: test_create_practice_head -----\n2025-08-01 11:45:57,582 - INFO - PHPage - Initializing WebDriverWait with 20 seconds\n2025-08-01 11:45:57,582 - INFO - PHPage - Waiting for Practice Head tab to be clickable\n2025-08-01 11:45:57,615 - INFO - PHPage - Clicking Practice Head tab\n2025-08-01 11:45:57,690 - INFO - PHPage - Initializing WebDriverWait with 20 seconds\n2025-08-01 11:45:57,690 - INFO - PHPage - Waiting for &amp;#x27;CREATE Practice Head&amp;#x27; button to be clickable\n2025-08-01 11:45:57,747 - INFO - PHPage - Clicking &amp;#x27;CREATE Practice Head&amp;#x27; button\n2025-08-01 11:45:57,855 - INFO - PHPage - Entering name: Surriyaa sanity-1\n2025-08-01 11:45:58,266 - INFO - PHPage - Entering email: surriyaatestsanity5@gmail.com\n2025-08-01 11:45:58,549 - INFO - PHPage - Entering mobile: 6374400088\n2025-08-01 11:45:58,732 - INFO - PHPage - Opening base COE dropdown\n2025-08-01 11:45:58,829 - INFO - PHPage - Waiting for base COE option &amp;#x27;P&amp;amp;A Phase 2&amp;#x27; to be clickable\n2025-08-01 11:45:58,865 - INFO - PHPage - Clicking base COE option &amp;#x27;P&amp;amp;A Phase 2&amp;#x27;\n2025-08-01 11:45:59,065 - INFO - PHPage - Sleeping for 2 seconds after COE selection\n2025-08-01 11:46:01,066 - INFO - PHPage - Clicking Create button\n2025-08-01 11:46:01,147 - INFO - PHPage - Sleeping for 4 seconds after Create\n2025-08-01 11:46:05,148 - INFO - PHPage - Verifying if email &amp;#x27;surriyaatestsanity5@gmail.com&amp;#x27; is present in page source\n2025-08-01 11:46:05,154 - INFO - PHPage - Practice Head Email &amp;#x27;surriyaatestsanity5@gmail.com&amp;#x27; is present on the page, So PH is Created Successfully\n2025-08-01 11:46:05,155 - INFO - TestPracticeHead - ----- Test Passed: test_create_practice_head -----\n\n------------------------------ Captured log call -------------------------------\nINFO     TestPracticeHead:test_practice_head.py:13 ----- Starting Test: test_create_practice_head -----\nINFO     PHPage:PracticeHead.py:27 Initializing WebDriverWait with 20 seconds\nINFO     PHPage:PracticeHead.py:29 Waiting for Practice Head tab to be clickable\nINFO     PHPage:PracticeHead.py:31 Clicking Practice Head tab\nINFO     PHPage:PracticeHead.py:35 Initializing WebDriverWait with 20 seconds\nINFO     PHPage:PracticeHead.py:37 Waiting for &amp;#x27;CREATE Practice Head&amp;#x27; button to be clickable\nINFO     PHPage:PracticeHead.py:39 Clicking &amp;#x27;CREATE Practice Head&amp;#x27; button\nINFO     PHPage:PracticeHead.py:43 Entering name: Surriyaa sanity-1\nINFO     PHPage:PracticeHead.py:47 Entering email: surriyaatestsanity5@gmail.com\nINFO     PHPage:PracticeHead.py:51 Entering mobile: 6374400088\nINFO     PHPage:PracticeHead.py:55 Opening base COE dropdown\nINFO     PHPage:PracticeHead.py:59 Waiting for base COE option &amp;#x27;P&amp;amp;A Phase 2&amp;#x27; to be clickable\nINFO     PHPage:PracticeHead.py:63 Clicking base COE option &amp;#x27;P&amp;amp;A Phase 2&amp;#x27;\nINFO     PHPage:PracticeHead.py:67 Sleeping for 2 seconds after COE selection\nINFO     PHPage:PracticeHead.py:71 Clicking Create button\nINFO     PHPage:PracticeHead.py:73 Sleeping for 4 seconds after Create\nINFO     PHPage:PracticeHead.py:77 Verifying if email &amp;#x27;surriyaatestsanity5@gmail.com&amp;#x27; is present in page source\nINFO     PHPage:PracticeHead.py:79 Practice Head Email &amp;#x27;surriyaatestsanity5@gmail.com&amp;#x27; is present on the page, So PH is Created Successfully\nINFO     TestPracticeHead:test_practice_head.py:23 ----- Test Passed: test_create_practice_head -----\n\n--------------------------- Captured stderr teardown ---------------------------\n2025-08-01 11:46:05,157 - INFO - conftest - Quitting Chrome WebDriver.\n\n---------------------------- Captured log teardown -----------------------------\nINFO     conftest:conftest.py:27 Quitting Chrome WebDriver.&#34;}], &#34;com/bridgelabz/testcases/test_practice_head.py::TestPracticeHead::test_edit_practice_head&#34;: [{&#34;extras&#34;: [], &#34;result&#34;: &#34;Passed&#34;, &#34;testId&#34;: &#34;com/bridgelabz/testcases/test_practice_head.py::TestPracticeHead::test_edit_practice_head&#34;, &#34;duration&#34;: &#34;00:00:23&#34;, &#34;resultsTableRow&#34;: [&#34;&lt;td class=\&#34;col-result\&#34;&gt;Passed&lt;/td&gt;&#34;, &#34;&lt;td class=\&#34;col-testId\&#34;&gt;com/bridgelabz/testcases/test_practice_head.py::TestPracticeHead::test_edit_practice_head&lt;/td&gt;&#34;, &#34;&lt;td class=\&#34;col-duration\&#34;&gt;00:00:23&lt;/td&gt;&#34;, &#34;&lt;td class=\&#34;col-links\&#34;&gt;&lt;/td&gt;&#34;], &#34;log&#34;: &#34;---------------------------- Captured stderr setup -----------------------------\n2025-08-01 11:46:07,421 - INFO - conftest - Initializing Chrome WebDriver.\n2025-08-01 11:46:08,781 - INFO - conftest - Maximizing browser window.\n2025-08-01 11:46:08,869 - INFO - conftest - Setting implicit wait to 10 seconds.\n2025-08-01 11:46:08,872 - INFO - conftest - Navigating to URL: https://bl-practice-attendance-app-stg-187791816934.asia-south1.run.app/admin\n2025-08-01 11:46:09,873 - INFO - conftest - Instantiating SignInPage object.\n2025-08-01 11:46:09,874 - INFO - conftest - Waiting for and clicking &amp;#x27;Sign in with Google&amp;#x27; button.\n2025-08-01 11:46:09,874 - INFO - SignInPage - Waiting for Google sign-in button.\n2025-08-01 11:46:10,147 - INFO - SignInPage - Clicking on &amp;#x27;Sign in with Google&amp;#x27; button.\n2025-08-01 11:46:10,412 - INFO - conftest - Waiting for Google login popup to appear.\n2025-08-01 11:46:10,427 - INFO - conftest - Switching to Google login popup window.\n2025-08-01 11:46:10,436 - INFO - conftest - Entering Google account email.\n2025-08-01 11:46:10,437 - INFO - SignInPage - Entering email: deepika.ramireddy@bridgelabz.com\n2025-08-01 11:46:12,375 - INFO - conftest - Clicking &amp;#x27;Next&amp;#x27; after entering email.\n2025-08-01 11:46:12,375 - INFO - SignInPage - Clicking on &amp;#x27;Next&amp;#x27; button.\n2025-08-01 11:46:12,775 - INFO - conftest - Entering Google account password.\n2025-08-01 11:46:12,775 - INFO - SignInPage - Entering password.\n2025-08-01 11:46:14,961 - INFO - conftest - Clicking &amp;#x27;Next&amp;#x27; after entering password.\n2025-08-01 11:46:14,961 - INFO - SignInPage - Clicking on &amp;#x27;Next&amp;#x27; button.\n2025-08-01 11:46:15,105 - INFO - conftest - Waiting for application window to become available.\n2025-08-01 11:46:15,107 - INFO - conftest - Switching back to original application window.\n2025-08-01 11:46:15,115 - INFO - conftest - Attempting to close overlay popup after login, if present.\n2025-08-01 11:46:21,417 - INFO - conftest - Overlay popup closed after login.\n\n------------------------------ Captured log setup ------------------------------\nINFO     conftest:conftest.py:17 Initializing Chrome WebDriver.\nINFO     conftest:conftest.py:19 Maximizing browser window.\nINFO     conftest:conftest.py:21 Setting implicit wait to 10 seconds.\nINFO     conftest:conftest.py:24 Navigating to URL: https://bl-practice-attendance-app-stg-187791816934.asia-south1.run.app/admin\nINFO     conftest:conftest.py:34 Instantiating SignInPage object.\nINFO     conftest:conftest.py:37 Waiting for and clicking &amp;#x27;Sign in with Google&amp;#x27; button.\nINFO     SignInPage:SignInPage.py:32 Waiting for Google sign-in button.\nINFO     SignInPage:SignInPage.py:37 Clicking on &amp;#x27;Sign in with Google&amp;#x27; button.\nINFO     conftest:conftest.py:40 Waiting for Google login popup to appear.\nINFO     conftest:conftest.py:42 Switching to Google login popup window.\nINFO     conftest:conftest.py:45 Entering Google account email.\nINFO     SignInPage:SignInPage.py:42 Entering email: deepika.ramireddy@bridgelabz.com\nINFO     conftest:conftest.py:47 Clicking &amp;#x27;Next&amp;#x27; after entering email.\nINFO     SignInPage:SignInPage.py:61 Clicking on &amp;#x27;Next&amp;#x27; button.\nINFO     conftest:conftest.py:50 Entering Google account password.\nINFO     SignInPage:SignInPage.py:51 Entering password.\nINFO     conftest:conftest.py:52 Clicking &amp;#x27;Next&amp;#x27; after entering password.\nINFO     SignInPage:SignInPage.py:61 Clicking on &amp;#x27;Next&amp;#x27; button.\nINFO     conftest:conftest.py:55 Waiting for application window to become available.\nINFO     conftest:conftest.py:57 Switching back to original application window.\nINFO     conftest:conftest.py:60 Attempting to close overlay popup after login, if present.\nINFO     conftest:conftest.py:67 Overlay popup closed after login.\n\n----------------------------- Captured stderr call -----------------------------\n2025-08-01 11:46:21,420 - INFO - TestPracticeHead - ----- Starting Test: test_edit_practice_head -----\n2025-08-01 11:46:21,421 - INFO - PHPage - Initializing WebDriverWait with 20 seconds\n2025-08-01 11:46:21,422 - INFO - PHPage - Waiting for Practice Head tab to be clickable\n2025-08-01 11:46:21,513 - INFO - PHPage - Clicking Practice Head tab\n2025-08-01 11:46:21,580 - INFO - PHPage - Initializing WebDriverWait with 20 seconds\n2025-08-01 11:46:21,580 - INFO - PHPage - Waiting for Edit icon to be clickable\n2025-08-01 11:46:21,837 - INFO - PHPage - Clicking Edit icon\n2025-08-01 11:46:22,005 - INFO - PHPage - Locating contact input field\n2025-08-01 11:46:22,041 - INFO - PHPage - Focusing contact input field\n2025-08-01 11:46:22,241 - INFO - PHPage - Clearing contact input field using CTRL+A and DELETE\n2025-08-01 11:46:22,362 - INFO - PHPage - Entering new mobile: 9918005551\n2025-08-01 11:46:22,497 - INFO - PHPage - Sleeping for 3 seconds after entering mobile\n2025-08-01 11:46:25,498 - INFO - PHPage - Clicking Update button\n2025-08-01 11:46:25,580 - INFO - PHPage - Sleeping for 3 seconds after Update\n2025-08-01 11:46:28,581 - INFO - TestPracticeHead - ----- Test Passed: test_edit_practice_head -----\n\n------------------------------ Captured log call -------------------------------\nINFO     TestPracticeHead:test_practice_head.py:33 ----- Starting Test: test_edit_practice_head -----\nINFO     PHPage:PracticeHead.py:27 Initializing WebDriverWait with 20 seconds\nINFO     PHPage:PracticeHead.py:29 Waiting for Practice Head tab to be clickable\nINFO     PHPage:PracticeHead.py:31 Clicking Practice Head tab\nINFO     PHPage:PracticeHead.py:83 Initializing WebDriverWait with 20 seconds\nINFO     PHPage:PracticeHead.py:85 Waiting for Edit icon to be clickable\nINFO     PHPage:PracticeHead.py:87 Clicking Edit icon\nINFO     PHPage:PracticeHead.py:91 Locating contact input field\nINFO     PHPage:PracticeHead.py:93 Focusing contact input field\nINFO     PHPage:PracticeHead.py:95 Clearing contact input field using CTRL+A and DELETE\nINFO     PHPage:PracticeHead.py:98 Entering new mobile: 9918005551\nINFO     PHPage:PracticeHead.py:100 Sleeping for 3 seconds after entering mobile\nINFO     PHPage:PracticeHead.py:104 Clicking Update button\nINFO     PHPage:PracticeHead.py:106 Sleeping for 3 seconds after Update\nINFO     TestPracticeHead:test_practice_head.py:39 ----- Test Passed: test_edit_practice_head -----\n\n--------------------------- Captured stderr teardown ---------------------------\n2025-08-01 11:46:28,589 - INFO - conftest - Quitting Chrome WebDriver.\n\n---------------------------- Captured log teardown -----------------------------\nINFO     conftest:conftest.py:27 Quitting Chrome WebDriver.&#34;}], &#34;com/bridgelabz/testcases/test_practice_mentor.py::TestPracticeMentor::test_create_mentor&#34;: [{&#34;extras&#34;: [], &#34;result&#34;: &#34;Failed&#34;, &#34;testId&#34;: &#34;com/bridgelabz/testcases/test_practice_mentor.py::TestPracticeMentor::test_create_mentor&#34;, &#34;duration&#34;: &#34;00:00:34&#34;, &#34;resultsTableRow&#34;: [&#34;&lt;td class=\&#34;col-result\&#34;&gt;Failed&lt;/td&gt;&#34;, &#34;&lt;td class=\&#34;col-testId\&#34;&gt;com/bridgelabz/testcases/test_practice_mentor.py::TestPracticeMentor::test_create_mentor&lt;/td&gt;&#34;, &#34;&lt;td class=\&#34;col-duration\&#34;&gt;00:00:34&lt;/td&gt;&#34;, &#34;&lt;td class=\&#34;col-links\&#34;&gt;&lt;/td&gt;&#34;], &#34;log&#34;: &#34;self = &amp;lt;com.bridgelabz.testcases.test_practice_mentor.TestPracticeMentor object at 0x00000279DBEDBC50&amp;gt;\nlogin = &amp;lt;selenium.webdriver.chrome.webdriver.WebDriver (session=&amp;quot;9a9f8aa7c581ff0ec959d64cffd467b9&amp;quot;)&amp;gt;\n\n    @pytest.mark.sanity\n    def test_create_mentor(self, login):\n        try:\n            mentor = MentorPage(login)\n            mentor.create_practice_mentor(&amp;quot;Surriyaa sanity3&amp;quot;, &amp;quot;surriysanity2@bridgelabz.com&amp;quot;, &amp;quot;6374670107&amp;quot;,\n                                          &amp;quot;P&amp;amp;A Phase 2&amp;quot;)\n        except Exception as e:\n            take_screenshot(login, &amp;quot;test_create_mentor&amp;quot;)\n&amp;gt;           raise e\n\ntestcases\\test_practice_mentor.py:16: \n_ _ _ _ _ _ _ _ _ _ _ _ _ _ _ _ _ _ _ _ _ _ _ _ _ _ _ _ _ _ _ _ _ _ _ _ _ _ _ _ _ _ _ _ _ _ _ _ _ _ _ _ _ _ _ _ _ _ _ _ _ _ _ _ _ _ _ _ _ _ _ _ _ _ _ _ _ _ _ _ _ _ _ _ _ _ _ _ _ _\ntestcases\\test_practice_mentor.py:12: in test_create_mentor\n    mentor.create_practice_mentor(&amp;quot;Surriyaa sanity3&amp;quot;, &amp;quot;surriysanity2@bridgelabz.com&amp;quot;, &amp;quot;6374670107&amp;quot;,\npageObjects\\PracticeMentor\\PracticeMentorPage.py:77: in create_practice_mentor\n    arrow.click()\n..\\..\\.venv\\Lib\\site-packages\\selenium\\webdriver\\remote\\webelement.py:120: in click\n    self._execute(Command.CLICK_ELEMENT)\n..\\..\\.venv\\Lib\\site-packages\\selenium\\webdriver\\remote\\webelement.py:573: in _execute\n    return self._parent.execute(command, params)\n           ^^^^^^^^^^^^^^^^^^^^^^^^^^^^^^^^^^^^^\n..\\..\\.venv\\Lib\\site-packages\\selenium\\webdriver\\remote\\webdriver.py:454: in execute\n    self.error_handler.check_response(response)\n_ _ _ _ _ _ _ _ _ _ _ _ _ _ _ _ _ _ _ _ _ _ _ _ _ _ _ _ _ _ _ _ _ _ _ _ _ _ _ _ _ _ _ _ _ _ _ _ _ _ _ _ _ _ _ _ _ _ _ _ _ _ _ _ _ _ _ _ _ _ _ _ _ _ _ _ _ _ _ _ _ _ _ _ _ _ _ _ _ _\n\nself = &amp;lt;selenium.webdriver.remote.errorhandler.ErrorHandler object at 0x00000279DC594440&amp;gt;\nresponse = {&amp;#x27;status&amp;#x27;: 400, &amp;#x27;value&amp;#x27;: &amp;#x27;{&amp;quot;value&amp;quot;:{&amp;quot;error&amp;quot;:&amp;quot;element not interactable&amp;quot;,&amp;quot;message&amp;quot;:&amp;quot;element not interactable\\\\n  (Sessio...ff710d5e298+11368]\\\\n\\\\tBaseThreadInitThunk [0x0x7ff9ed36e8d7+23]\\\\n\\\\tRtlUserThreadStart [0x0x7ff9ee07c34c+44]\\\\n&amp;quot;}}&amp;#x27;}\n\n    def check_response(self, response: dict[str, Any]) -&amp;gt; None:\n        &amp;quot;&amp;quot;&amp;quot;Checks that a JSON response from the WebDriver does not have an\n        error.\n    \n        :Args:\n         - response - The JSON response from the WebDriver server as a dictionary\n           object.\n    \n        :Raises: If the response contains an error message.\n        &amp;quot;&amp;quot;&amp;quot;\n        status = response.get(&amp;quot;status&amp;quot;, None)\n        if not status or status == ErrorCode.SUCCESS:\n            return\n        value = None\n        message = response.get(&amp;quot;message&amp;quot;, &amp;quot;&amp;quot;)\n        screen: str = response.get(&amp;quot;screen&amp;quot;, &amp;quot;&amp;quot;)\n        stacktrace = None\n        if isinstance(status, int):\n            value_json = response.get(&amp;quot;value&amp;quot;, None)\n            if value_json and isinstance(value_json, str):\n                try:\n                    value = json.loads(value_json)\n                    if isinstance(value, dict):\n                        if len(value) == 1:\n                            value = value[&amp;quot;value&amp;quot;]\n                        status = value.get(&amp;quot;error&amp;quot;, None)\n                        if not status:\n                            status = value.get(&amp;quot;status&amp;quot;, ErrorCode.UNKNOWN_ERROR)\n                            message = value.get(&amp;quot;value&amp;quot;) or value.get(&amp;quot;message&amp;quot;)\n                            if not isinstance(message, str):\n                                value = message\n                                message = message.get(&amp;quot;message&amp;quot;)\n                        else:\n                            message = value.get(&amp;quot;message&amp;quot;, None)\n                except ValueError:\n                    pass\n    \n        exception_class: type[WebDriverException]\n        e = ErrorCode()\n        error_codes = [item for item in dir(e) if not item.startswith(&amp;quot;__&amp;quot;)]\n        for error_code in error_codes:\n            error_info = getattr(ErrorCode, error_code)\n            if isinstance(error_info, list) and status in error_info:\n                exception_class = getattr(ExceptionMapping, error_code, WebDriverException)\n                break\n        else:\n            exception_class = WebDriverException\n    \n        if not value:\n            value = response[&amp;quot;value&amp;quot;]\n        if isinstance(value, str):\n            raise exception_class(value)\n        if message == &amp;quot;&amp;quot; and &amp;quot;message&amp;quot; in value:\n            message = value[&amp;quot;message&amp;quot;]\n    \n        screen = None  # type: ignore[assignment]\n        if &amp;quot;screen&amp;quot; in value:\n            screen = value[&amp;quot;screen&amp;quot;]\n    \n        stacktrace = None\n        st_value = value.get(&amp;quot;stackTrace&amp;quot;) or value.get(&amp;quot;stacktrace&amp;quot;)\n        if st_value:\n            if isinstance(st_value, str):\n                stacktrace = st_value.split(&amp;quot;\\n&amp;quot;)\n            else:\n                stacktrace = []\n                try:\n                    for frame in st_value:\n                        line = frame.get(&amp;quot;lineNumber&amp;quot;, &amp;quot;&amp;quot;)\n                        file = frame.get(&amp;quot;fileName&amp;quot;, &amp;quot;&amp;lt;anonymous&amp;gt;&amp;quot;)\n                        if line:\n                            file = f&amp;quot;{file}:{line}&amp;quot;\n                        meth = frame.get(&amp;quot;methodName&amp;quot;, &amp;quot;&amp;lt;anonymous&amp;gt;&amp;quot;)\n                        if &amp;quot;className&amp;quot; in frame:\n                            meth = f&amp;quot;{frame[&amp;#x27;className&amp;#x27;]}.{meth}&amp;quot;\n                        msg = &amp;quot;    at %s (%s)&amp;quot;\n                        msg = msg % (meth, file)\n                        stacktrace.append(msg)\n                except TypeError:\n                    pass\n        if exception_class == UnexpectedAlertPresentException:\n            alert_text = None\n            if &amp;quot;data&amp;quot; in value:\n                alert_text = value[&amp;quot;data&amp;quot;].get(&amp;quot;text&amp;quot;)\n            elif &amp;quot;alert&amp;quot; in value:\n                alert_text = value[&amp;quot;alert&amp;quot;].get(&amp;quot;text&amp;quot;)\n            raise exception_class(message, screen, stacktrace, alert_text)  # type: ignore[call-arg]  # mypy is not smart enough here\n&amp;gt;       raise exception_class(message, screen, stacktrace)\nE       selenium.common.exceptions.ElementNotInteractableException: Message: element not interactable\nE         (Session info: chrome=138.0.7204.170); For documentation on this error, please visit: https://www.selenium.dev/documentation/webdriver/troubleshooting/errors#elementnotinteractableexception\nE       Stacktrace:\nE       \tGetHandleVerifier [0x0x7ff710d6e415+77285]\nE       \tGetHandleVerifier [0x0x7ff710d6e470+77376]\nE       \t(No symbol) [0x0x7ff710b3989c]\nE       \t(No symbol) [0x0x7ff710b91904]\nE       \t(No symbol) [0x0x7ff710b83458]\nE       \t(No symbol) [0x0x7ff710bb860a]\nE       \t(No symbol) [0x0x7ff710b82d06]\nE       \t(No symbol) [0x0x7ff710bb8820]\nE       \t(No symbol) [0x0x7ff710be087f]\nE       \t(No symbol) [0x0x7ff710bb83e3]\nE       \t(No symbol) [0x0x7ff710b81521]\nE       \t(No symbol) [0x0x7ff710b822b3]\nE       \tGetHandleVerifier [0x0x7ff711051efd+3107021]\nE       \tGetHandleVerifier [0x0x7ff71104c29d+3083373]\nE       \tGetHandleVerifier [0x0x7ff71106bedd+3213485]\nE       \tGetHandleVerifier [0x0x7ff710d8884e+184862]\nE       \tGetHandleVerifier [0x0x7ff710d9055f+216879]\nE       \tGetHandleVerifier [0x0x7ff710d77084+113236]\nE       \tGetHandleVerifier [0x0x7ff710d77239+113673]\nE       \tGetHandleVerifier [0x0x7ff710d5e298+11368]\nE       \tBaseThreadInitThunk [0x0x7ff9ed36e8d7+23]\nE       \tRtlUserThreadStart [0x0x7ff9ee07c34c+44]\n\n..\\..\\.venv\\Lib\\site-packages\\selenium\\webdriver\\remote\\errorhandler.py:232: ElementNotInteractableException\n\n---------------------------- Captured stderr setup -----------------------------\n2025-08-01 11:46:30,853 - INFO - conftest - Initializing Chrome WebDriver.\n2025-08-01 11:46:32,222 - INFO - conftest - Maximizing browser window.\n2025-08-01 11:46:32,255 - INFO - conftest - Setting implicit wait to 10 seconds.\n2025-08-01 11:46:32,259 - INFO - conftest - Navigating to URL: https://bl-practice-attendance-app-stg-187791816934.asia-south1.run.app/admin\n2025-08-01 11:46:32,954 - INFO - conftest - Instantiating SignInPage object.\n2025-08-01 11:46:32,955 - INFO - conftest - Waiting for and clicking &amp;#x27;Sign in with Google&amp;#x27; button.\n2025-08-01 11:46:32,955 - INFO - SignInPage - Waiting for Google sign-in button.\n2025-08-01 11:46:33,241 - INFO - SignInPage - Clicking on &amp;#x27;Sign in with Google&amp;#x27; button.\n2025-08-01 11:46:33,557 - INFO - conftest - Waiting for Google login popup to appear.\n2025-08-01 11:46:33,571 - INFO - conftest - Switching to Google login popup window.\n2025-08-01 11:46:33,582 - INFO - conftest - Entering Google account email.\n2025-08-01 11:46:33,582 - INFO - SignInPage - Entering email: deepika.ramireddy@bridgelabz.com\n2025-08-01 11:46:34,831 - INFO - conftest - Clicking &amp;#x27;Next&amp;#x27; after entering email.\n2025-08-01 11:46:34,831 - INFO - SignInPage - Clicking on &amp;#x27;Next&amp;#x27; button.\n2025-08-01 11:46:35,040 - INFO - conftest - Entering Google account password.\n2025-08-01 11:46:35,040 - INFO - SignInPage - Entering password.\n2025-08-01 11:46:37,651 - INFO - conftest - Clicking &amp;#x27;Next&amp;#x27; after entering password.\n2025-08-01 11:46:37,651 - INFO - SignInPage - Clicking on &amp;#x27;Next&amp;#x27; button.\n2025-08-01 11:46:37,864 - INFO - conftest - Waiting for application window to become available.\n2025-08-01 11:46:37,867 - INFO - conftest - Switching back to original application window.\n2025-08-01 11:46:37,878 - INFO - conftest - Attempting to close overlay popup after login, if present.\n2025-08-01 11:46:43,605 - INFO - conftest - Overlay popup closed after login.\n\n------------------------------ Captured log setup ------------------------------\nINFO     conftest:conftest.py:17 Initializing Chrome WebDriver.\nINFO     conftest:conftest.py:19 Maximizing browser window.\nINFO     conftest:conftest.py:21 Setting implicit wait to 10 seconds.\nINFO     conftest:conftest.py:24 Navigating to URL: https://bl-practice-attendance-app-stg-187791816934.asia-south1.run.app/admin\nINFO     conftest:conftest.py:34 Instantiating SignInPage object.\nINFO     conftest:conftest.py:37 Waiting for and clicking &amp;#x27;Sign in with Google&amp;#x27; button.\nINFO     SignInPage:SignInPage.py:32 Waiting for Google sign-in button.\nINFO     SignInPage:SignInPage.py:37 Clicking on &amp;#x27;Sign in with Google&amp;#x27; button.\nINFO     conftest:conftest.py:40 Waiting for Google login popup to appear.\nINFO     conftest:conftest.py:42 Switching to Google login popup window.\nINFO     conftest:conftest.py:45 Entering Google account email.\nINFO     SignInPage:SignInPage.py:42 Entering email: deepika.ramireddy@bridgelabz.com\nINFO     conftest:conftest.py:47 Clicking &amp;#x27;Next&amp;#x27; after entering email.\nINFO     SignInPage:SignInPage.py:61 Clicking on &amp;#x27;Next&amp;#x27; button.\nINFO     conftest:conftest.py:50 Entering Google account password.\nINFO     SignInPage:SignInPage.py:51 Entering password.\nINFO     conftest:conftest.py:52 Clicking &amp;#x27;Next&amp;#x27; after entering password.\nINFO     SignInPage:SignInPage.py:61 Clicking on &amp;#x27;Next&amp;#x27; button.\nINFO     conftest:conftest.py:55 Waiting for application window to become available.\nINFO     conftest:conftest.py:57 Switching back to original application window.\nINFO     conftest:conftest.py:60 Attempting to close overlay popup after login, if present.\nINFO     conftest:conftest.py:67 Overlay popup closed after login.\n\n----------------------------- Captured stderr call -----------------------------\n2025-08-01 11:46:43,612 - INFO - MentorPage - Initializing wait for mentor creation.\n2025-08-01 11:46:43,612 - INFO - MentorPage - Waiting for mentor tab to be clickable.\n2025-08-01 11:46:43,654 - INFO - MentorPage - Clicking mentor tab.\n2025-08-01 11:46:43,751 - INFO - MentorPage - Clicking add mentor button.\n2025-08-01 11:46:43,926 - INFO - MentorPage - Entering mentor name: Surriyaa sanity3\n2025-08-01 11:46:44,325 - INFO - MentorPage - Entering mentor email: surriysanity2@bridgelabz.com\n2025-08-01 11:46:44,569 - INFO - MentorPage - Entering mentor mobile: 6374670107\n2025-08-01 11:46:44,696 - INFO - MentorPage - Opening base COE dropdown.\n2025-08-01 11:46:44,769 - INFO - MentorPage - Waiting for base COE option &amp;#x27;P&amp;amp;A Phase 2&amp;#x27; to be clickable.\n2025-08-01 11:46:44,802 - INFO - MentorPage - Clicking base COE option: P&amp;amp;A Phase 2\n2025-08-01 11:46:44,972 - INFO - MentorPage - Sleeping for 2 seconds after selecting COE.\n2025-08-01 11:46:46,973 - INFO - MentorPage - Clicking create button.\n2025-08-01 11:46:47,078 - INFO - MentorPage - Sleeping for 4 seconds after clicking create.\n2025-08-01 11:46:51,079 - INFO - MentorPage - Locating right arrow for navigation.\n2025-08-01 11:46:51,091 - INFO - MentorPage - Clicking right arrow (iteration 1).\n2025-08-01 11:47:01,138 - INFO - conftest - Preparing to take screenshot.\n2025-08-01 11:47:01,139 - INFO - conftest - Ensuring screenshot directory exists at /Practice-Attendance-Admin/ScreenShots.\n2025-08-01 11:47:01,139 - INFO - conftest - Saving screenshot to /Practice-Attendance-Admin/ScreenShots\\test_create_mentor_01-08-2025_11-47-01.png.\n2025-08-01 11:47:01,571 - INFO - conftest - Screenshot saved at /Practice-Attendance-Admin/ScreenShots\\test_create_mentor_01-08-2025_11-47-01.png\n\n------------------------------ Captured log call -------------------------------\nINFO     MentorPage:PracticeMentorPage.py:30 Initializing wait for mentor creation.\nINFO     MentorPage:PracticeMentorPage.py:33 Waiting for mentor tab to be clickable.\nINFO     MentorPage:PracticeMentorPage.py:38 Clicking mentor tab.\nINFO     MentorPage:PracticeMentorPage.py:41 Clicking add mentor button.\nINFO     MentorPage:PracticeMentorPage.py:44 Entering mentor name: Surriyaa sanity3\nINFO     MentorPage:PracticeMentorPage.py:47 Entering mentor email: surriysanity2@bridgelabz.com\nINFO     MentorPage:PracticeMentorPage.py:50 Entering mentor mobile: 6374670107\nINFO     MentorPage:PracticeMentorPage.py:53 Opening base COE dropdown.\nINFO     MentorPage:PracticeMentorPage.py:57 Waiting for base COE option &amp;#x27;P&amp;amp;A Phase 2&amp;#x27; to be clickable.\nINFO     MentorPage:PracticeMentorPage.py:60 Clicking base COE option: P&amp;amp;A Phase 2\nINFO     MentorPage:PracticeMentorPage.py:63 Sleeping for 2 seconds after selecting COE.\nINFO     MentorPage:PracticeMentorPage.py:66 Clicking create button.\nINFO     MentorPage:PracticeMentorPage.py:69 Sleeping for 4 seconds after clicking create.\nINFO     MentorPage:PracticeMentorPage.py:72 Locating right arrow for navigation.\nINFO     MentorPage:PracticeMentorPage.py:76 Clicking right arrow (iteration 1).\nINFO     conftest:conftest.py:75 Preparing to take screenshot.\nINFO     conftest:conftest.py:77 Ensuring screenshot directory exists at /Practice-Attendance-Admin/ScreenShots.\nINFO     conftest:conftest.py:84 Saving screenshot to /Practice-Attendance-Admin/ScreenShots\\test_create_mentor_01-08-2025_11-47-01.png.\nINFO     conftest:conftest.py:86 Screenshot saved at /Practice-Attendance-Admin/ScreenShots\\test_create_mentor_01-08-2025_11-47-01.png\n\n--------------------------- Captured stderr teardown ---------------------------\n2025-08-01 11:47:02,329 - INFO - conftest - Quitting Chrome WebDriver.\n\n---------------------------- Captured log teardown -----------------------------\nINFO     conftest:conftest.py:27 Quitting Chrome WebDriver.&#34;}], &#34;com/bridgelabz/testcases/test_practice_mentor.py::TestPracticeMentor::test_edit_mentor&#34;: [{&#34;extras&#34;: [], &#34;result&#34;: &#34;Passed&#34;, &#34;testId&#34;: &#34;com/bridgelabz/testcases/test_practice_mentor.py::TestPracticeMentor::test_edit_mentor&#34;, &#34;duration&#34;: &#34;00:00:49&#34;, &#34;resultsTableRow&#34;: [&#34;&lt;td class=\&#34;col-result\&#34;&gt;Passed&lt;/td&gt;&#34;, &#34;&lt;td class=\&#34;col-testId\&#34;&gt;com/bridgelabz/testcases/test_practice_mentor.py::TestPracticeMentor::test_edit_mentor&lt;/td&gt;&#34;, &#34;&lt;td class=\&#34;col-duration\&#34;&gt;00:00:49&lt;/td&gt;&#34;, &#34;&lt;td class=\&#34;col-links\&#34;&gt;&lt;/td&gt;&#34;], &#34;log&#34;: &#34;---------------------------- Captured stderr setup -----------------------------\n2025-08-01 11:47:05,285 - INFO - conftest - Initializing Chrome WebDriver.\n2025-08-01 11:47:08,298 - INFO - conftest - Maximizing browser window.\n2025-08-01 11:47:08,342 - INFO - conftest - Setting implicit wait to 10 seconds.\n2025-08-01 11:47:08,342 - INFO - conftest - Navigating to URL: https://bl-practice-attendance-app-stg-187791816934.asia-south1.run.app/admin\n2025-08-01 11:47:14,302 - INFO - conftest - Instantiating SignInPage object.\n2025-08-01 11:47:14,303 - INFO - conftest - Waiting for and clicking &amp;#x27;Sign in with Google&amp;#x27; button.\n2025-08-01 11:47:14,303 - INFO - SignInPage - Waiting for Google sign-in button.\n2025-08-01 11:47:14,577 - INFO - SignInPage - Clicking on &amp;#x27;Sign in with Google&amp;#x27; button.\n2025-08-01 11:47:14,721 - INFO - conftest - Waiting for Google login popup to appear.\n2025-08-01 11:47:14,724 - INFO - conftest - Switching to Google login popup window.\n2025-08-01 11:47:14,726 - INFO - conftest - Entering Google account email.\n2025-08-01 11:47:14,726 - INFO - SignInPage - Entering email: deepika.ramireddy@bridgelabz.com\n2025-08-01 11:47:16,426 - INFO - conftest - Clicking &amp;#x27;Next&amp;#x27; after entering email.\n2025-08-01 11:47:16,426 - INFO - SignInPage - Clicking on &amp;#x27;Next&amp;#x27; button.\n2025-08-01 11:47:21,046 - INFO - conftest - Entering Google account password.\n2025-08-01 11:47:21,046 - INFO - SignInPage - Entering password.\n2025-08-01 11:47:24,704 - INFO - conftest - Clicking &amp;#x27;Next&amp;#x27; after entering password.\n2025-08-01 11:47:24,705 - INFO - SignInPage - Clicking on &amp;#x27;Next&amp;#x27; button.\n2025-08-01 11:47:29,206 - INFO - conftest - Waiting for application window to become available.\n2025-08-01 11:47:29,211 - INFO - conftest - Switching back to original application window.\n2025-08-01 11:47:29,244 - INFO - conftest - Attempting to close overlay popup after login, if present.\n2025-08-01 11:47:37,104 - INFO - conftest - Overlay popup closed after login.\n\n------------------------------ Captured log setup ------------------------------\nINFO     conftest:conftest.py:17 Initializing Chrome WebDriver.\nINFO     conftest:conftest.py:19 Maximizing browser window.\nINFO     conftest:conftest.py:21 Setting implicit wait to 10 seconds.\nINFO     conftest:conftest.py:24 Navigating to URL: https://bl-practice-attendance-app-stg-187791816934.asia-south1.run.app/admin\nINFO     conftest:conftest.py:34 Instantiating SignInPage object.\nINFO     conftest:conftest.py:37 Waiting for and clicking &amp;#x27;Sign in with Google&amp;#x27; button.\nINFO     SignInPage:SignInPage.py:32 Waiting for Google sign-in button.\nINFO     SignInPage:SignInPage.py:37 Clicking on &amp;#x27;Sign in with Google&amp;#x27; button.\nINFO     conftest:conftest.py:40 Waiting for Google login popup to appear.\nINFO     conftest:conftest.py:42 Switching to Google login popup window.\nINFO     conftest:conftest.py:45 Entering Google account email.\nINFO     SignInPage:SignInPage.py:42 Entering email: deepika.ramireddy@bridgelabz.com\nINFO     conftest:conftest.py:47 Clicking &amp;#x27;Next&amp;#x27; after entering email.\nINFO     SignInPage:SignInPage.py:61 Clicking on &amp;#x27;Next&amp;#x27; button.\nINFO     conftest:conftest.py:50 Entering Google account password.\nINFO     SignInPage:SignInPage.py:51 Entering password.\nINFO     conftest:conftest.py:52 Clicking &amp;#x27;Next&amp;#x27; after entering password.\nINFO     SignInPage:SignInPage.py:61 Clicking on &amp;#x27;Next&amp;#x27; button.\nINFO     conftest:conftest.py:55 Waiting for application window to become available.\nINFO     conftest:conftest.py:57 Switching back to original application window.\nINFO     conftest:conftest.py:60 Attempting to close overlay popup after login, if present.\nINFO     conftest:conftest.py:67 Overlay popup closed after login.\n\n----------------------------- Captured stdout call -----------------------------\nPractice Mentor Mobile &amp;#x27;9876522621&amp;#x27; is present on the page, So Mentor is Updated Successfully\n\n----------------------------- Captured stderr call -----------------------------\n2025-08-01 11:47:37,106 - INFO - MentorPage - Initializing wait for mentor editing.\n2025-08-01 11:47:37,106 - INFO - MentorPage - Waiting for mentor tab to be clickable.\n2025-08-01 11:47:37,181 - INFO - MentorPage - Clicking mentor tab.\n2025-08-01 11:47:37,245 - INFO - MentorPage - Sleeping for 2 seconds after tab click.\n2025-08-01 11:47:39,246 - INFO - MentorPage - Sending TABs and ENTER to reach edit icon.\n2025-08-01 11:47:39,584 - INFO - MentorPage - Sleeping for 3 seconds after triggering edit mode.\n2025-08-01 11:47:42,585 - INFO - MentorPage - Locating contact input field for editing.\n2025-08-01 11:47:42,701 - INFO - MentorPage - Clicking contact input field to focus.\n2025-08-01 11:47:43,398 - INFO - MentorPage - Sending CTRL+A to select all in contact field.\n2025-08-01 11:47:43,670 - INFO - MentorPage - Sending DELETE to clear contact field.\n2025-08-01 11:47:43,900 - INFO - MentorPage - Sending new mobile: 9876522621\n2025-08-01 11:47:44,083 - INFO - MentorPage - Sleeping for 3 seconds after entering mobile.\n2025-08-01 11:47:47,084 - INFO - MentorPage - Clicking update button.\n2025-08-01 11:47:47,230 - INFO - MentorPage - Sleeping for 3 seconds after clicking update.\n2025-08-01 11:47:50,231 - INFO - MentorPage - Asserting that new mobile &amp;#x27;9876522621&amp;#x27; is present on the page.\n2025-08-01 11:47:50,351 - INFO - MentorPage - Practice Mentor Mobile &amp;#x27;9876522621&amp;#x27; is present on the page, So Mentor is Updated Successfully\n\n------------------------------ Captured log call -------------------------------\nINFO     MentorPage:PracticeMentorPage.py:93 Initializing wait for mentor editing.\nINFO     MentorPage:PracticeMentorPage.py:96 Waiting for mentor tab to be clickable.\nINFO     MentorPage:PracticeMentorPage.py:99 Clicking mentor tab.\nINFO     MentorPage:PracticeMentorPage.py:102 Sleeping for 2 seconds after tab click.\nINFO     MentorPage:PracticeMentorPage.py:105 Sending TABs and ENTER to reach edit icon.\nINFO     MentorPage:PracticeMentorPage.py:108 Sleeping for 3 seconds after triggering edit mode.\nINFO     MentorPage:PracticeMentorPage.py:111 Locating contact input field for editing.\nINFO     MentorPage:PracticeMentorPage.py:114 Clicking contact input field to focus.\nINFO     MentorPage:PracticeMentorPage.py:117 Sending CTRL+A to select all in contact field.\nINFO     MentorPage:PracticeMentorPage.py:120 Sending DELETE to clear contact field.\nINFO     MentorPage:PracticeMentorPage.py:123 Sending new mobile: 9876522621\nINFO     MentorPage:PracticeMentorPage.py:126 Sleeping for 3 seconds after entering mobile.\nINFO     MentorPage:PracticeMentorPage.py:129 Clicking update button.\nINFO     MentorPage:PracticeMentorPage.py:132 Sleeping for 3 seconds after clicking update.\nINFO     MentorPage:PracticeMentorPage.py:135 Asserting that new mobile &amp;#x27;9876522621&amp;#x27; is present on the page.\nINFO     MentorPage:PracticeMentorPage.py:138 Practice Mentor Mobile &amp;#x27;9876522621&amp;#x27; is present on the page, So Mentor is Updated Successfully\n\n--------------------------- Captured stderr teardown ---------------------------\n2025-08-01 11:47:50,354 - INFO - conftest - Quitting Chrome WebDriver.\n\n---------------------------- Captured log teardown -----------------------------\nINFO     conftest:conftest.py:27 Quitting Chrome WebDriver.&#34;}], &#34;com/bridgelabz/testcases/test_signinout_features.py::TestSignIn::test_signin&#34;: [{&#34;extras&#34;: [], &#34;result&#34;: &#34;Passed&#34;, &#34;testId&#34;: &#34;com/bridgelabz/testcases/test_signinout_features.py::TestSignIn::test_signin&#34;, &#34;duration&#34;: &#34;00:00:46&#34;, &#34;resultsTableRow&#34;: [&#34;&lt;td class=\&#34;col-result\&#34;&gt;Passed&lt;/td&gt;&#34;, &#34;&lt;td class=\&#34;col-testId\&#34;&gt;com/bridgelabz/testcases/test_signinout_features.py::TestSignIn::test_signin&lt;/td&gt;&#34;, &#34;&lt;td class=\&#34;col-duration\&#34;&gt;00:00:46&lt;/td&gt;&#34;, &#34;&lt;td class=\&#34;col-links\&#34;&gt;&lt;/td&gt;&#34;], &#34;log&#34;: &#34;---------------------------- Captured stderr setup -----------------------------\n2025-08-01 11:47:53,923 - INFO - conftest - Initializing Chrome WebDriver.\n2025-08-01 11:47:59,508 - INFO - conftest - Maximizing browser window.\n2025-08-01 11:47:59,549 - INFO - conftest - Setting implicit wait to 10 seconds.\n2025-08-01 11:47:59,554 - INFO - conftest - Navigating to URL: https://bl-practice-attendance-app-stg-187791816934.asia-south1.run.app/admin\n2025-08-01 11:48:02,515 - INFO - conftest - Instantiating SignInPage object.\n2025-08-01 11:48:02,516 - INFO - conftest - Waiting for and clicking &amp;#x27;Sign in with Google&amp;#x27; button.\n2025-08-01 11:48:02,516 - INFO - SignInPage - Waiting for Google sign-in button.\n2025-08-01 11:48:02,806 - INFO - SignInPage - Clicking on &amp;#x27;Sign in with Google&amp;#x27; button.\n2025-08-01 11:48:03,971 - INFO - conftest - Waiting for Google login popup to appear.\n2025-08-01 11:48:03,979 - INFO - conftest - Switching to Google login popup window.\n2025-08-01 11:48:03,982 - INFO - conftest - Entering Google account email.\n2025-08-01 11:48:03,982 - INFO - SignInPage - Entering email: deepika.ramireddy@bridgelabz.com\n2025-08-01 11:48:27,598 - INFO - conftest - Clicking &amp;#x27;Next&amp;#x27; after entering email.\n2025-08-01 11:48:27,598 - INFO - SignInPage - Clicking on &amp;#x27;Next&amp;#x27; button.\n2025-08-01 11:48:28,184 - INFO - conftest - Entering Google account password.\n2025-08-01 11:48:28,184 - INFO - SignInPage - Entering password.\n2025-08-01 11:48:30,654 - INFO - conftest - Clicking &amp;#x27;Next&amp;#x27; after entering password.\n2025-08-01 11:48:30,654 - INFO - SignInPage - Clicking on &amp;#x27;Next&amp;#x27; button.\n2025-08-01 11:48:30,764 - INFO - conftest - Waiting for application window to become available.\n2025-08-01 11:48:30,766 - INFO - conftest - Switching back to original application window.\n2025-08-01 11:48:30,775 - INFO - conftest - Attempting to close overlay popup after login, if present.\n2025-08-01 11:48:37,242 - INFO - conftest - Overlay popup closed after login.\n\n------------------------------ Captured log setup ------------------------------\nINFO     conftest:conftest.py:17 Initializing Chrome WebDriver.\nINFO     conftest:conftest.py:19 Maximizing browser window.\nINFO     conftest:conftest.py:21 Setting implicit wait to 10 seconds.\nINFO     conftest:conftest.py:24 Navigating to URL: https://bl-practice-attendance-app-stg-187791816934.asia-south1.run.app/admin\nINFO     conftest:conftest.py:34 Instantiating SignInPage object.\nINFO     conftest:conftest.py:37 Waiting for and clicking &amp;#x27;Sign in with Google&amp;#x27; button.\nINFO     SignInPage:SignInPage.py:32 Waiting for Google sign-in button.\nINFO     SignInPage:SignInPage.py:37 Clicking on &amp;#x27;Sign in with Google&amp;#x27; button.\nINFO     conftest:conftest.py:40 Waiting for Google login popup to appear.\nINFO     conftest:conftest.py:42 Switching to Google login popup window.\nINFO     conftest:conftest.py:45 Entering Google account email.\nINFO     SignInPage:SignInPage.py:42 Entering email: deepika.ramireddy@bridgelabz.com\nINFO     conftest:conftest.py:47 Clicking &amp;#x27;Next&amp;#x27; after entering email.\nINFO     SignInPage:SignInPage.py:61 Clicking on &amp;#x27;Next&amp;#x27; button.\nINFO     conftest:conftest.py:50 Entering Google account password.\nINFO     SignInPage:SignInPage.py:51 Entering password.\nINFO     conftest:conftest.py:52 Clicking &amp;#x27;Next&amp;#x27; after entering password.\nINFO     SignInPage:SignInPage.py:61 Clicking on &amp;#x27;Next&amp;#x27; button.\nINFO     conftest:conftest.py:55 Waiting for application window to become available.\nINFO     conftest:conftest.py:57 Switching back to original application window.\nINFO     conftest:conftest.py:60 Attempting to close overlay popup after login, if present.\nINFO     conftest:conftest.py:67 Overlay popup closed after login.\n\n----------------------------- Captured stdout call -----------------------------\nLogin successful. Title is: BL Practice App\n--------------------------- Captured stderr teardown ---------------------------\n2025-08-01 11:48:37,251 - INFO - conftest - Quitting Chrome WebDriver.\n\n---------------------------- Captured log teardown -----------------------------\nINFO     conftest:conftest.py:27 Quitting Chrome WebDriver.&#34;}], &#34;com/bridgelabz/testcases/test_signinout_features.py::TestSignIn::test_sign_out&#34;: [{&#34;extras&#34;: [], &#34;result&#34;: &#34;Passed&#34;, &#34;testId&#34;: &#34;com/bridgelabz/testcases/test_signinout_features.py::TestSignIn::test_sign_out&#34;, &#34;duration&#34;: &#34;00:00:16&#34;, &#34;resultsTableRow&#34;: [&#34;&lt;td class=\&#34;col-result\&#34;&gt;Passed&lt;/td&gt;&#34;, &#34;&lt;td class=\&#34;col-testId\&#34;&gt;com/bridgelabz/testcases/test_signinout_features.py::TestSignIn::test_sign_out&lt;/td&gt;&#34;, &#34;&lt;td class=\&#34;col-duration\&#34;&gt;00:00:16&lt;/td&gt;&#34;, &#34;&lt;td class=\&#34;col-links\&#34;&gt;&lt;/td&gt;&#34;], &#34;log&#34;: &#34;---------------------------- Captured stderr setup -----------------------------\n2025-08-01 11:48:39,507 - INFO - conftest - Initializing Chrome WebDriver.\n2025-08-01 11:48:41,039 - INFO - conftest - Maximizing browser window.\n2025-08-01 11:48:41,088 - INFO - conftest - Setting implicit wait to 10 seconds.\n2025-08-01 11:48:41,089 - INFO - conftest - Navigating to URL: https://bl-practice-attendance-app-stg-187791816934.asia-south1.run.app/admin\n2025-08-01 11:48:41,214 - INFO - conftest - Instantiating SignInPage object.\n2025-08-01 11:48:41,215 - INFO - conftest - Waiting for and clicking &amp;#x27;Sign in with Google&amp;#x27; button.\n2025-08-01 11:48:41,215 - INFO - SignInPage - Waiting for Google sign-in button.\n2025-08-01 11:48:42,127 - INFO - SignInPage - Clicking on &amp;#x27;Sign in with Google&amp;#x27; button.\n2025-08-01 11:48:42,272 - INFO - conftest - Waiting for Google login popup to appear.\n2025-08-01 11:48:42,279 - INFO - conftest - Switching to Google login popup window.\n2025-08-01 11:48:42,282 - INFO - conftest - Entering Google account email.\n2025-08-01 11:48:42,282 - INFO - SignInPage - Entering email: deepika.ramireddy@bridgelabz.com\n2025-08-01 11:48:43,613 - INFO - conftest - Clicking &amp;#x27;Next&amp;#x27; after entering email.\n2025-08-01 11:48:43,614 - INFO - SignInPage - Clicking on &amp;#x27;Next&amp;#x27; button.\n2025-08-01 11:48:43,801 - INFO - conftest - Entering Google account password.\n2025-08-01 11:48:43,801 - INFO - SignInPage - Entering password.\n2025-08-01 11:48:46,986 - INFO - conftest - Clicking &amp;#x27;Next&amp;#x27; after entering password.\n2025-08-01 11:48:46,987 - INFO - SignInPage - Clicking on &amp;#x27;Next&amp;#x27; button.\n2025-08-01 11:48:47,090 - INFO - conftest - Waiting for application window to become available.\n2025-08-01 11:48:47,091 - INFO - conftest - Switching back to original application window.\n2025-08-01 11:48:47,100 - INFO - conftest - Attempting to close overlay popup after login, if present.\n2025-08-01 11:48:53,007 - INFO - conftest - Overlay popup closed after login.\n\n------------------------------ Captured log setup ------------------------------\nINFO     conftest:conftest.py:17 Initializing Chrome WebDriver.\nINFO     conftest:conftest.py:19 Maximizing browser window.\nINFO     conftest:conftest.py:21 Setting implicit wait to 10 seconds.\nINFO     conftest:conftest.py:24 Navigating to URL: https://bl-practice-attendance-app-stg-187791816934.asia-south1.run.app/admin\nINFO     conftest:conftest.py:34 Instantiating SignInPage object.\nINFO     conftest:conftest.py:37 Waiting for and clicking &amp;#x27;Sign in with Google&amp;#x27; button.\nINFO     SignInPage:SignInPage.py:32 Waiting for Google sign-in button.\nINFO     SignInPage:SignInPage.py:37 Clicking on &amp;#x27;Sign in with Google&amp;#x27; button.\nINFO     conftest:conftest.py:40 Waiting for Google login popup to appear.\nINFO     conftest:conftest.py:42 Switching to Google login popup window.\nINFO     conftest:conftest.py:45 Entering Google account email.\nINFO     SignInPage:SignInPage.py:42 Entering email: deepika.ramireddy@bridgelabz.com\nINFO     conftest:conftest.py:47 Clicking &amp;#x27;Next&amp;#x27; after entering email.\nINFO     SignInPage:SignInPage.py:61 Clicking on &amp;#x27;Next&amp;#x27; button.\nINFO     conftest:conftest.py:50 Entering Google account password.\nINFO     SignInPage:SignInPage.py:51 Entering password.\nINFO     conftest:conftest.py:52 Clicking &amp;#x27;Next&amp;#x27; after entering password.\nINFO     SignInPage:SignInPage.py:61 Clicking on &amp;#x27;Next&amp;#x27; button.\nINFO     conftest:conftest.py:55 Waiting for application window to become available.\nINFO     conftest:conftest.py:57 Switching back to original application window.\nINFO     conftest:conftest.py:60 Attempting to close overlay popup after login, if present.\nINFO     conftest:conftest.py:67 Overlay popup closed after login.\n\n----------------------------- Captured stdout call -----------------------------\nLogout successful.\n\n----------------------------- Captured stderr call -----------------------------\n2025-08-01 11:48:53,009 - INFO - SignInPage - Initiating logout process.\n2025-08-01 11:48:53,010 - INFO - SignInPage - Checking for overlay.\n2025-08-01 11:48:53,015 - INFO - SignInPage - Hiding overlay using JavaScript.\n2025-08-01 11:48:53,019 - INFO - SignInPage - Clicking on profile icon.\n2025-08-01 11:48:53,107 - INFO - SignInPage - Clicking on &amp;#x27;Sign Out&amp;#x27; button.\n2025-08-01 11:48:53,148 - INFO - SignInPage - User signed out successfully.\n\n------------------------------ Captured log call -------------------------------\nINFO     SignInPage:SignInPage.py:68 Initiating logout process.\nINFO     SignInPage:SignInPage.py:72 Checking for overlay.\nINFO     SignInPage:SignInPage.py:74 Hiding overlay using JavaScript.\nINFO     SignInPage:SignInPage.py:79 Clicking on profile icon.\nINFO     SignInPage:SignInPage.py:85 Clicking on &amp;#x27;Sign Out&amp;#x27; button.\nINFO     SignInPage:SignInPage.py:90 User signed out successfully.\n\n--------------------------- Captured stderr teardown ---------------------------\n2025-08-01 11:48:53,199 - INFO - conftest - Quitting Chrome WebDriver.\n\n---------------------------- Captured log teardown -----------------------------\nINFO     conftest:conftest.py:27 Quitting Chrome WebDriver.&#34;}]}, &#34;renderCollapsed&#34;: [&#34;passed&#34;], &#34;initialSort&#34;: &#34;result&#34;, &#34;title&#34;: &#34;sanity_report_2025-08-01_11-37-23.html&#34;}"></div>
    <script>
      (function(){function r(e,n,t){function o(i,f){if(!n[i]){if(!e[i]){var c="function"==typeof require&&require;if(!f&&c)return c(i,!0);if(u)return u(i,!0);var a=new Error("Cannot find module '"+i+"'");throw a.code="MODULE_NOT_FOUND",a}var p=n[i]={exports:{}};e[i][0].call(p.exports,function(r){var n=e[i][1][r];return o(n||r)},p,p.exports,r,e,n,t)}return n[i].exports}for(var u="function"==typeof require&&require,i=0;i<t.length;i++)o(t[i]);return o}return r})()({1:[function(require,module,exports){
const { getCollapsedCategory, setCollapsedIds } = require('./storage.js')

class DataManager {
    setManager(data) {
        const collapsedCategories = [...getCollapsedCategory(data.renderCollapsed)]
        const collapsedIds = []
        const tests = Object.values(data.tests).flat().map((test, index) => {
            const collapsed = collapsedCategories.includes(test.result.toLowerCase())
            const id = `test_${index}`
            if (collapsed) {
                collapsedIds.push(id)
            }
            return {
                ...test,
                id,
                collapsed,
            }
        })
        const dataBlob = { ...data, tests }
        this.data = { ...dataBlob }
        this.renderData = { ...dataBlob }
        setCollapsedIds(collapsedIds)
    }

    get allData() {
        return { ...this.data }
    }

    resetRender() {
        this.renderData = { ...this.data }
    }

    setRender(data) {
        this.renderData.tests = [...data]
    }

    toggleCollapsedItem(id) {
        this.renderData.tests = this.renderData.tests.map((test) =>
            test.id === id ? { ...test, collapsed: !test.collapsed } : test,
        )
    }

    set allCollapsed(collapsed) {
        this.renderData = { ...this.renderData, tests: [...this.renderData.tests.map((test) => (
            { ...test, collapsed }
        ))] }
    }

    get testSubset() {
        return [...this.renderData.tests]
    }

    get environment() {
        return this.renderData.environment
    }

    get initialSort() {
        return this.data.initialSort
    }
}

module.exports = {
    manager: new DataManager(),
}

},{"./storage.js":8}],2:[function(require,module,exports){
const mediaViewer = require('./mediaviewer.js')
const templateEnvRow = document.getElementById('template_environment_row')
const templateResult = document.getElementById('template_results-table__tbody')

function htmlToElements(html) {
    const temp = document.createElement('template')
    temp.innerHTML = html
    return temp.content.childNodes
}

const find = (selector, elem) => {
    if (!elem) {
        elem = document
    }
    return elem.querySelector(selector)
}

const findAll = (selector, elem) => {
    if (!elem) {
        elem = document
    }
    return [...elem.querySelectorAll(selector)]
}

const dom = {
    getStaticRow: (key, value) => {
        const envRow = templateEnvRow.content.cloneNode(true)
        const isObj = typeof value === 'object' && value !== null
        const values = isObj ? Object.keys(value).map((k) => `${k}: ${value[k]}`) : null

        const valuesElement = htmlToElements(
            values ? `<ul>${values.map((val) => `<li>${val}</li>`).join('')}<ul>` : `<div>${value}</div>`)[0]
        const td = findAll('td', envRow)
        td[0].textContent = key
        td[1].appendChild(valuesElement)

        return envRow
    },
    getResultTBody: ({ testId, id, log, extras, resultsTableRow, tableHtml, result, collapsed }) => {
        const resultBody = templateResult.content.cloneNode(true)
        resultBody.querySelector('tbody').classList.add(result.toLowerCase())
        resultBody.querySelector('tbody').id = testId
        resultBody.querySelector('.collapsible').dataset.id = id

        resultsTableRow.forEach((html) => {
            const t = document.createElement('template')
            t.innerHTML = html
            resultBody.querySelector('.collapsible').appendChild(t.content)
        })

        if (log) {
            // Wrap lines starting with "E" with span.error to color those lines red
            const wrappedLog = log.replace(/^E.*$/gm, (match) => `<span class="error">${match}</span>`)
            resultBody.querySelector('.log').innerHTML = wrappedLog
        } else {
            resultBody.querySelector('.log').remove()
        }

        if (collapsed) {
            resultBody.querySelector('.collapsible > td')?.classList.add('collapsed')
            resultBody.querySelector('.extras-row').classList.add('hidden')
        } else {
            resultBody.querySelector('.collapsible > td')?.classList.remove('collapsed')
        }

        const media = []
        extras?.forEach(({ name, format_type, content }) => {
            if (['image', 'video'].includes(format_type)) {
                media.push({ path: content, name, format_type })
            }

            if (format_type === 'html') {
                resultBody.querySelector('.extraHTML').insertAdjacentHTML('beforeend', `<div>${content}</div>`)
            }
        })
        mediaViewer.setup(resultBody, media)

        // Add custom html from the pytest_html_results_table_html hook
        tableHtml?.forEach((item) => {
            resultBody.querySelector('td[class="extra"]').insertAdjacentHTML('beforeend', item)
        })

        return resultBody
    },
}

module.exports = {
    dom,
    htmlToElements,
    find,
    findAll,
}

},{"./mediaviewer.js":6}],3:[function(require,module,exports){
const { manager } = require('./datamanager.js')
const { doSort } = require('./sort.js')
const storageModule = require('./storage.js')

const getFilteredSubSet = (filter) =>
    manager.allData.tests.filter(({ result }) => filter.includes(result.toLowerCase()))

const doInitFilter = () => {
    const currentFilter = storageModule.getVisible()
    const filteredSubset = getFilteredSubSet(currentFilter)
    manager.setRender(filteredSubset)
}

const doFilter = (type, show) => {
    if (show) {
        storageModule.showCategory(type)
    } else {
        storageModule.hideCategory(type)
    }

    const currentFilter = storageModule.getVisible()
    const filteredSubset = getFilteredSubSet(currentFilter)
    manager.setRender(filteredSubset)

    const sortColumn = storageModule.getSort()
    doSort(sortColumn, true)
}

module.exports = {
    doFilter,
    doInitFilter,
}

},{"./datamanager.js":1,"./sort.js":7,"./storage.js":8}],4:[function(require,module,exports){
const { redraw, bindEvents, renderStatic } = require('./main.js')
const { doInitFilter } = require('./filter.js')
const { doInitSort } = require('./sort.js')
const { manager } = require('./datamanager.js')
const data = JSON.parse(document.getElementById('data-container').dataset.jsonblob)

function init() {
    manager.setManager(data)
    doInitFilter()
    doInitSort()
    renderStatic()
    redraw()
    bindEvents()
}

init()

},{"./datamanager.js":1,"./filter.js":3,"./main.js":5,"./sort.js":7}],5:[function(require,module,exports){
const { dom, find, findAll } = require('./dom.js')
const { manager } = require('./datamanager.js')
const { doSort } = require('./sort.js')
const { doFilter } = require('./filter.js')
const {
    getVisible,
    getCollapsedIds,
    setCollapsedIds,
    getSort,
    getSortDirection,
    possibleFilters,
} = require('./storage.js')

const removeChildren = (node) => {
    while (node.firstChild) {
        node.removeChild(node.firstChild)
    }
}

const renderStatic = () => {
    const renderEnvironmentTable = () => {
        const environment = manager.environment
        const rows = Object.keys(environment).map((key) => dom.getStaticRow(key, environment[key]))
        const table = document.getElementById('environment')
        removeChildren(table)
        rows.forEach((row) => table.appendChild(row))
    }
    renderEnvironmentTable()
}

const addItemToggleListener = (elem) => {
    elem.addEventListener('click', ({ target }) => {
        const id = target.parentElement.dataset.id
        manager.toggleCollapsedItem(id)

        const collapsedIds = getCollapsedIds()
        if (collapsedIds.includes(id)) {
            const updated = collapsedIds.filter((item) => item !== id)
            setCollapsedIds(updated)
        } else {
            collapsedIds.push(id)
            setCollapsedIds(collapsedIds)
        }
        redraw()
    })
}

const renderContent = (tests) => {
    const sortAttr = getSort(manager.initialSort)
    const sortAsc = JSON.parse(getSortDirection())
    const rows = tests.map(dom.getResultTBody)
    const table = document.getElementById('results-table')
    const tableHeader = document.getElementById('results-table-head')

    const newTable = document.createElement('table')
    newTable.id = 'results-table'

    // remove all sorting classes and set the relevant
    findAll('.sortable', tableHeader).forEach((elem) => elem.classList.remove('asc', 'desc'))
    tableHeader.querySelector(`.sortable[data-column-type="${sortAttr}"]`)?.classList.add(sortAsc ? 'desc' : 'asc')
    newTable.appendChild(tableHeader)

    if (!rows.length) {
        const emptyTable = document.getElementById('template_results-table__body--empty').content.cloneNode(true)
        newTable.appendChild(emptyTable)
    } else {
        rows.forEach((row) => {
            if (!!row) {
                findAll('.collapsible td:not(.col-links', row).forEach(addItemToggleListener)
                find('.logexpander', row).addEventListener('click',
                    (evt) => evt.target.parentNode.classList.toggle('expanded'),
                )
                newTable.appendChild(row)
            }
        })
    }

    table.replaceWith(newTable)
}

const renderDerived = () => {
    const currentFilter = getVisible()
    possibleFilters.forEach((result) => {
        const input = document.querySelector(`input[data-test-result="${result}"]`)
        input.checked = currentFilter.includes(result)
    })
}

const bindEvents = () => {
    const filterColumn = (evt) => {
        const { target: element } = evt
        const { testResult } = element.dataset

        doFilter(testResult, element.checked)
        const collapsedIds = getCollapsedIds()
        const updated = manager.renderData.tests.map((test) => {
            return {
                ...test,
                collapsed: collapsedIds.includes(test.id),
            }
        })
        manager.setRender(updated)
        redraw()
    }

    const header = document.getElementById('environment-header')
    header.addEventListener('click', () => {
        const table = document.getElementById('environment')
        table.classList.toggle('hidden')
        header.classList.toggle('collapsed')
    })

    findAll('input[name="filter_checkbox"]').forEach((elem) => {
        elem.addEventListener('click', filterColumn)
    })

    findAll('.sortable').forEach((elem) => {
        elem.addEventListener('click', (evt) => {
            const { target: element } = evt
            const { columnType } = element.dataset
            doSort(columnType)
            redraw()
        })
    })

    document.getElementById('show_all_details').addEventListener('click', () => {
        manager.allCollapsed = false
        setCollapsedIds([])
        redraw()
    })
    document.getElementById('hide_all_details').addEventListener('click', () => {
        manager.allCollapsed = true
        const allIds = manager.renderData.tests.map((test) => test.id)
        setCollapsedIds(allIds)
        redraw()
    })
}

const redraw = () => {
    const { testSubset } = manager

    renderContent(testSubset)
    renderDerived()
}

module.exports = {
    redraw,
    bindEvents,
    renderStatic,
}

},{"./datamanager.js":1,"./dom.js":2,"./filter.js":3,"./sort.js":7,"./storage.js":8}],6:[function(require,module,exports){
class MediaViewer {
    constructor(assets) {
        this.assets = assets
        this.index = 0
    }

    nextActive() {
        this.index = this.index === this.assets.length - 1 ? 0 : this.index + 1
        return [this.activeFile, this.index]
    }

    prevActive() {
        this.index = this.index === 0 ? this.assets.length - 1 : this.index -1
        return [this.activeFile, this.index]
    }

    get currentIndex() {
        return this.index
    }

    get activeFile() {
        return this.assets[this.index]
    }
}


const setup = (resultBody, assets) => {
    if (!assets.length) {
        resultBody.querySelector('.media').classList.add('hidden')
        return
    }

    const mediaViewer = new MediaViewer(assets)
    const container = resultBody.querySelector('.media-container')
    const leftArrow = resultBody.querySelector('.media-container__nav--left')
    const rightArrow = resultBody.querySelector('.media-container__nav--right')
    const mediaName = resultBody.querySelector('.media__name')
    const counter = resultBody.querySelector('.media__counter')
    const imageEl = resultBody.querySelector('img')
    const sourceEl = resultBody.querySelector('source')
    const videoEl = resultBody.querySelector('video')

    const setImg = (media, index) => {
        if (media?.format_type === 'image') {
            imageEl.src = media.path

            imageEl.classList.remove('hidden')
            videoEl.classList.add('hidden')
        } else if (media?.format_type === 'video') {
            sourceEl.src = media.path

            videoEl.classList.remove('hidden')
            imageEl.classList.add('hidden')
        }

        mediaName.innerText = media?.name
        counter.innerText = `${index + 1} / ${assets.length}`
    }
    setImg(mediaViewer.activeFile, mediaViewer.currentIndex)

    const moveLeft = () => {
        const [media, index] = mediaViewer.prevActive()
        setImg(media, index)
    }
    const doRight = () => {
        const [media, index] = mediaViewer.nextActive()
        setImg(media, index)
    }
    const openImg = () => {
        window.open(mediaViewer.activeFile.path, '_blank')
    }
    if (assets.length === 1) {
        container.classList.add('media-container--fullscreen')
    } else {
        leftArrow.addEventListener('click', moveLeft)
        rightArrow.addEventListener('click', doRight)
    }
    imageEl.addEventListener('click', openImg)
}

module.exports = {
    setup,
}

},{}],7:[function(require,module,exports){
const { manager } = require('./datamanager.js')
const storageModule = require('./storage.js')

const genericSort = (list, key, ascending, customOrder) => {
    let sorted
    if (customOrder) {
        sorted = list.sort((a, b) => {
            const aValue = a.result.toLowerCase()
            const bValue = b.result.toLowerCase()

            const aIndex = customOrder.findIndex((item) => item.toLowerCase() === aValue)
            const bIndex = customOrder.findIndex((item) => item.toLowerCase() === bValue)

            // Compare the indices to determine the sort order
            return aIndex - bIndex
        })
    } else {
        sorted = list.sort((a, b) => a[key] === b[key] ? 0 : a[key] > b[key] ? 1 : -1)
    }

    if (ascending) {
        sorted.reverse()
    }
    return sorted
}

const durationSort = (list, ascending) => {
    const parseDuration = (duration) => {
        if (duration.includes(':')) {
            // If it's in the format "HH:mm:ss"
            const [hours, minutes, seconds] = duration.split(':').map(Number)
            return (hours * 3600 + minutes * 60 + seconds) * 1000
        } else {
            // If it's in the format "nnn ms"
            return parseInt(duration)
        }
    }
    const sorted = list.sort((a, b) => parseDuration(a['duration']) - parseDuration(b['duration']))
    if (ascending) {
        sorted.reverse()
    }
    return sorted
}

const doInitSort = () => {
    const type = storageModule.getSort(manager.initialSort)
    const ascending = storageModule.getSortDirection()
    const list = manager.testSubset
    const initialOrder = ['Error', 'Failed', 'Rerun', 'XFailed', 'XPassed', 'Skipped', 'Passed']

    storageModule.setSort(type)
    storageModule.setSortDirection(ascending)

    if (type?.toLowerCase() === 'original') {
        manager.setRender(list)
    } else {
        let sortedList
        switch (type) {
        case 'duration':
            sortedList = durationSort(list, ascending)
            break
        case 'result':
            sortedList = genericSort(list, type, ascending, initialOrder)
            break
        default:
            sortedList = genericSort(list, type, ascending)
            break
        }
        manager.setRender(sortedList)
    }
}

const doSort = (type, skipDirection) => {
    const newSortType = storageModule.getSort(manager.initialSort) !== type
    const currentAsc = storageModule.getSortDirection()
    let ascending
    if (skipDirection) {
        ascending = currentAsc
    } else {
        ascending = newSortType ? false : !currentAsc
    }
    storageModule.setSort(type)
    storageModule.setSortDirection(ascending)

    const list = manager.testSubset
    const sortedList = type === 'duration' ? durationSort(list, ascending) : genericSort(list, type, ascending)
    manager.setRender(sortedList)
}

module.exports = {
    doInitSort,
    doSort,
}

},{"./datamanager.js":1,"./storage.js":8}],8:[function(require,module,exports){
const possibleFilters = [
    'passed',
    'skipped',
    'failed',
    'error',
    'xfailed',
    'xpassed',
    'rerun',
]

const getVisible = () => {
    const url = new URL(window.location.href)
    const settings = new URLSearchParams(url.search).get('visible')
    const lower = (item) => {
        const lowerItem = item.toLowerCase()
        if (possibleFilters.includes(lowerItem)) {
            return lowerItem
        }
        return null
    }
    return settings === null ?
        possibleFilters :
        [...new Set(settings?.split(',').map(lower).filter((item) => item))]
}

const hideCategory = (categoryToHide) => {
    const url = new URL(window.location.href)
    const visibleParams = new URLSearchParams(url.search).get('visible')
    const currentVisible = visibleParams ? visibleParams.split(',') : [...possibleFilters]
    const settings = [...new Set(currentVisible)].filter((f) => f !== categoryToHide).join(',')

    url.searchParams.set('visible', settings)
    window.history.pushState({}, null, unescape(url.href))
}

const showCategory = (categoryToShow) => {
    if (typeof window === 'undefined') {
        return
    }
    const url = new URL(window.location.href)
    const currentVisible = new URLSearchParams(url.search).get('visible')?.split(',').filter(Boolean) ||
        [...possibleFilters]
    const settings = [...new Set([categoryToShow, ...currentVisible])]
    const noFilter = possibleFilters.length === settings.length || !settings.length

    noFilter ? url.searchParams.delete('visible') : url.searchParams.set('visible', settings.join(','))
    window.history.pushState({}, null, unescape(url.href))
}

const getSort = (initialSort) => {
    const url = new URL(window.location.href)
    let sort = new URLSearchParams(url.search).get('sort')
    if (!sort) {
        sort = initialSort || 'result'
    }
    return sort
}

const setSort = (type) => {
    const url = new URL(window.location.href)
    url.searchParams.set('sort', type)
    window.history.pushState({}, null, unescape(url.href))
}

const getCollapsedCategory = (renderCollapsed) => {
    let categories
    if (typeof window !== 'undefined') {
        const url = new URL(window.location.href)
        const collapsedItems = new URLSearchParams(url.search).get('collapsed')
        switch (true) {
        case !renderCollapsed && collapsedItems === null:
            categories = ['passed']
            break
        case collapsedItems?.length === 0 || /^["']{2}$/.test(collapsedItems):
            categories = []
            break
        case /^all$/.test(collapsedItems) || collapsedItems === null && /^all$/.test(renderCollapsed):
            categories = [...possibleFilters]
            break
        default:
            categories = collapsedItems?.split(',').map((item) => item.toLowerCase()) || renderCollapsed
            break
        }
    } else {
        categories = []
    }
    return categories
}

const getSortDirection = () => JSON.parse(sessionStorage.getItem('sortAsc')) || false
const setSortDirection = (ascending) => sessionStorage.setItem('sortAsc', ascending)

const getCollapsedIds = () => JSON.parse(sessionStorage.getItem('collapsedIds')) || []
const setCollapsedIds = (list) => sessionStorage.setItem('collapsedIds', JSON.stringify(list))

module.exports = {
    getVisible,
    hideCategory,
    showCategory,
    getCollapsedIds,
    setCollapsedIds,
    getSort,
    setSort,
    getSortDirection,
    setSortDirection,
    getCollapsedCategory,
    possibleFilters,
}

},{}]},{},[4]);
    </script>
  </footer>
</html>