<!DOCTYPE html>
<html>
  <head>
    <meta charset="utf-8"/>
    <title id="head-title">sanity_report_2025-08-01_16-48-53.html</title>
      <style type="text/css">body {
  font-family: Helvetica, Arial, sans-serif;
  font-size: 12px;
  /* do not increase min-width as some may use split screens */
  min-width: 800px;
  color: #999;
}

h1 {
  font-size: 24px;
  color: black;
}

h2 {
  font-size: 16px;
  color: black;
}

p {
  color: black;
}

a {
  color: #999;
}

table {
  border-collapse: collapse;
}

/******************************
 * SUMMARY INFORMATION
 ******************************/
#environment td {
  padding: 5px;
  border: 1px solid #e6e6e6;
  vertical-align: top;
}
#environment tr:nth-child(odd) {
  background-color: #f6f6f6;
}
#environment ul {
  margin: 0;
  padding: 0 20px;
}

/******************************
 * TEST RESULT COLORS
 ******************************/
span.passed,
.passed .col-result {
  color: green;
}

span.skipped,
span.xfailed,
span.rerun,
.skipped .col-result,
.xfailed .col-result,
.rerun .col-result {
  color: orange;
}

span.error,
span.failed,
span.xpassed,
.error .col-result,
.failed .col-result,
.xpassed .col-result {
  color: red;
}

.col-links__extra {
  margin-right: 3px;
}

/******************************
 * RESULTS TABLE
 *
 * 1. Table Layout
 * 2. Extra
 * 3. Sorting items
 *
 ******************************/
/*------------------
 * 1. Table Layout
 *------------------*/
#results-table {
  border: 1px solid #e6e6e6;
  color: #999;
  font-size: 12px;
  width: 100%;
}
#results-table th,
#results-table td {
  padding: 5px;
  border: 1px solid #e6e6e6;
  text-align: left;
}
#results-table th {
  font-weight: bold;
}

/*------------------
 * 2. Extra
 *------------------*/
.logwrapper {
  max-height: 230px;
  overflow-y: scroll;
  background-color: #e6e6e6;
}
.logwrapper.expanded {
  max-height: none;
}
.logwrapper.expanded .logexpander:after {
  content: "collapse [-]";
}
.logwrapper .logexpander {
  z-index: 1;
  position: sticky;
  top: 10px;
  width: max-content;
  border: 1px solid;
  border-radius: 3px;
  padding: 5px 7px;
  margin: 10px 0 10px calc(100% - 80px);
  cursor: pointer;
  background-color: #e6e6e6;
}
.logwrapper .logexpander:after {
  content: "expand [+]";
}
.logwrapper .logexpander:hover {
  color: #000;
  border-color: #000;
}
.logwrapper .log {
  min-height: 40px;
  position: relative;
  top: -50px;
  height: calc(100% + 50px);
  border: 1px solid #e6e6e6;
  color: black;
  display: block;
  font-family: "Courier New", Courier, monospace;
  padding: 5px;
  padding-right: 80px;
  white-space: pre-wrap;
}

div.media {
  border: 1px solid #e6e6e6;
  float: right;
  height: 240px;
  margin: 0 5px;
  overflow: hidden;
  width: 320px;
}

.media-container {
  display: grid;
  grid-template-columns: 25px auto 25px;
  align-items: center;
  flex: 1 1;
  overflow: hidden;
  height: 200px;
}

.media-container--fullscreen {
  grid-template-columns: 0px auto 0px;
}

.media-container__nav--right,
.media-container__nav--left {
  text-align: center;
  cursor: pointer;
}

.media-container__viewport {
  cursor: pointer;
  text-align: center;
  height: inherit;
}
.media-container__viewport img,
.media-container__viewport video {
  object-fit: cover;
  width: 100%;
  max-height: 100%;
}

.media__name,
.media__counter {
  display: flex;
  flex-direction: row;
  justify-content: space-around;
  flex: 0 0 25px;
  align-items: center;
}

.collapsible td:not(.col-links) {
  cursor: pointer;
}
.collapsible td:not(.col-links):hover::after {
  color: #bbb;
  font-style: italic;
  cursor: pointer;
}

.col-result {
  width: 130px;
}
.col-result:hover::after {
  content: " (hide details)";
}

.col-result.collapsed:hover::after {
  content: " (show details)";
}

#environment-header h2:hover::after {
  content: " (hide details)";
  color: #bbb;
  font-style: italic;
  cursor: pointer;
  font-size: 12px;
}

#environment-header.collapsed h2:hover::after {
  content: " (show details)";
  color: #bbb;
  font-style: italic;
  cursor: pointer;
  font-size: 12px;
}

/*------------------
 * 3. Sorting items
 *------------------*/
.sortable {
  cursor: pointer;
}
.sortable.desc:after {
  content: " ";
  position: relative;
  left: 5px;
  bottom: -12.5px;
  border: 10px solid #4caf50;
  border-bottom: 0;
  border-left-color: transparent;
  border-right-color: transparent;
}
.sortable.asc:after {
  content: " ";
  position: relative;
  left: 5px;
  bottom: 12.5px;
  border: 10px solid #4caf50;
  border-top: 0;
  border-left-color: transparent;
  border-right-color: transparent;
}

.hidden, .summary__reload__button.hidden {
  display: none;
}

.summary__data {
  flex: 0 0 550px;
}
.summary__reload {
  flex: 1 1;
  display: flex;
  justify-content: center;
}
.summary__reload__button {
  flex: 0 0 300px;
  display: flex;
  color: white;
  font-weight: bold;
  background-color: #4caf50;
  text-align: center;
  justify-content: center;
  align-items: center;
  border-radius: 3px;
  cursor: pointer;
}
.summary__reload__button:hover {
  background-color: #46a049;
}
.summary__spacer {
  flex: 0 0 550px;
}

.controls {
  display: flex;
  justify-content: space-between;
}

.filters,
.collapse {
  display: flex;
  align-items: center;
}
.filters button,
.collapse button {
  color: #999;
  border: none;
  background: none;
  cursor: pointer;
  text-decoration: underline;
}
.filters button:hover,
.collapse button:hover {
  color: #ccc;
}

.filter__label {
  margin-right: 10px;
}

      </style>
    
  </head>
  <body>
    <h1 id="title">sanity_report_2025-08-01_16-48-53.html</h1>
    <p>Report generated on 01-Aug-2025 at 16:49:10 by <a href="https://pypi.python.org/pypi/pytest-html">pytest-html</a>
        v4.1.1</p>
    <div id="environment-header">
      <h2>Environment</h2>
    </div>
    <table id="environment"></table>
    <!-- TEMPLATES -->
      <template id="template_environment_row">
      <tr>
        <td></td>
        <td></td>
      </tr>
    </template>
    <template id="template_results-table__body--empty">
      <tbody class="results-table-row">
        <tr id="not-found-message">
          <td colspan="4">No results found. Check the filters.</th>
        </tr>
    </template>
    <template id="template_results-table__tbody">
      <tbody class="results-table-row">
        <tr class="collapsible">
        </tr>
        <tr class="extras-row">
          <td class="extra" colspan="4">
            <div class="extraHTML"></div>
            <div class="media">
              <div class="media-container">
                  <div class="media-container__nav--left"><</div>
                  <div class="media-container__viewport">
                    <img src="" />
                    <video controls>
                      <source src="" type="video/mp4">
                    </video>
                  </div>
                  <div class="media-container__nav--right">></div>
                </div>
                <div class="media__name"></div>
                <div class="media__counter"></div>
            </div>
            <div class="logwrapper">
              <div class="logexpander"></div>
              <div class="log"></div>
            </div>
          </td>
        </tr>
      </tbody>
    </template>
    <!-- END TEMPLATES -->
    <div class="summary">
      <div class="summary__data">
        <h2>Summary</h2>
        <div class="additional-summary prefix">
        </div>
        <p class="run-count">25 tests took 00:00:16.</p>
        <p class="filter">(Un)check the boxes to filter the results.</p>
        <div class="summary__reload">
          <div class="summary__reload__button hidden" onclick="location.reload()">
            <div>There are still tests running. <br />Reload this page to get the latest results!</div>
          </div>
        </div>
        <div class="summary__spacer"></div>
        <div class="controls">
          <div class="filters">
            <input checked="true" class="filter" name="filter_checkbox" type="checkbox" data-test-result="failed" />
            <span class="failed">25 Failed,</span>
            <input checked="true" class="filter" name="filter_checkbox" type="checkbox" data-test-result="passed" disabled/>
            <span class="passed">0 Passed,</span>
            <input checked="true" class="filter" name="filter_checkbox" type="checkbox" data-test-result="skipped" disabled/>
            <span class="skipped">0 Skipped,</span>
            <input checked="true" class="filter" name="filter_checkbox" type="checkbox" data-test-result="xfailed" disabled/>
            <span class="xfailed">0 Expected failures,</span>
            <input checked="true" class="filter" name="filter_checkbox" type="checkbox" data-test-result="xpassed" disabled/>
            <span class="xpassed">0 Unexpected passes,</span>
            <input checked="true" class="filter" name="filter_checkbox" type="checkbox" data-test-result="error" disabled/>
            <span class="error">0 Errors,</span>
            <input checked="true" class="filter" name="filter_checkbox" type="checkbox" data-test-result="rerun" disabled/>
            <span class="rerun">0 Reruns</span>
          </div>
          <div class="collapse">
            <button id="show_all_details">Show all details</button>&nbsp;/&nbsp;<button id="hide_all_details">Hide all details</button>
          </div>
        </div>
      </div>
      <div class="additional-summary summary">
      </div>
      <div class="additional-summary postfix">
      </div>
    </div>
    <table id="results-table">
      <thead id="results-table-head">
        <tr>
          <th class="sortable" data-column-type="result">Result</th>
          <th class="sortable" data-column-type="testId">Test</th>
          <th class="sortable" data-column-type="duration">Duration</th>
          <th>Links</th>
        </tr>
      </thead>
    </table>
  </body>
  <footer>
    <div id="data-container" data-jsonblob="{&#34;environment&#34;: {&#34;Python&#34;: &#34;3.13.3&#34;, &#34;Platform&#34;: &#34;Windows-11-10.0.26100-SP0&#34;, &#34;Packages&#34;: {&#34;pytest&#34;: &#34;8.4.1&#34;, &#34;pluggy&#34;: &#34;1.6.0&#34;}, &#34;Plugins&#34;: {&#34;forked&#34;: &#34;1.6.0&#34;, &#34;html&#34;: &#34;4.1.1&#34;, &#34;metadata&#34;: &#34;3.1.1&#34;, &#34;xdist&#34;: &#34;3.8.0&#34;}, &#34;JAVA_HOME&#34;: &#34;C:\\Program Files\\Java\\jdk-22&#34;}, &#34;tests&#34;: {&#34;com/bridgelabz/testcases/test_checkin_out_report.py::TestCheckinOutReport::test_view_checkin_checkout_report&#34;: [{&#34;extras&#34;: [], &#34;result&#34;: &#34;Failed&#34;, &#34;testId&#34;: &#34;com/bridgelabz/testcases/test_checkin_out_report.py::TestCheckinOutReport::test_view_checkin_checkout_report&#34;, &#34;duration&#34;: &#34;00:00:13&#34;, &#34;resultsTableRow&#34;: [&#34;&lt;td class=\&#34;col-result\&#34;&gt;Failed&lt;/td&gt;&#34;, &#34;&lt;td class=\&#34;col-testId\&#34;&gt;com/bridgelabz/testcases/test_checkin_out_report.py::TestCheckinOutReport::test_view_checkin_checkout_report&lt;/td&gt;&#34;, &#34;&lt;td class=\&#34;col-duration\&#34;&gt;00:00:13&lt;/td&gt;&#34;, &#34;&lt;td class=\&#34;col-links\&#34;&gt;&lt;/td&gt;&#34;], &#34;log&#34;: &#34;self = &amp;lt;com.bridgelabz.testcases.test_checkin_out_report.TestCheckinOutReport object at 0x0000023B035E6E90&amp;gt;\nlogin = &amp;lt;selenium.webdriver.chrome.webdriver.WebDriver (session=&amp;quot;3f00dccf52083ec8f6972036080736cb&amp;quot;)&amp;gt;\n\n    @pytest.mark.sanity\n    def test_view_checkin_checkout_report(self, login):\n        try:\n&amp;gt;           check_in_out = CheckInOutReport(session_login)\n                                            ^^^^^^^^^^^^^\nE           NameError: name &amp;#x27;session_login&amp;#x27; is not defined\n\ntestcases\\test_checkin_out_report.py:12: NameError\n\nDuring handling of the above exception, another exception occurred:\n\nself = &amp;lt;com.bridgelabz.testcases.test_checkin_out_report.TestCheckinOutReport object at 0x0000023B035E6E90&amp;gt;\nlogin = &amp;lt;selenium.webdriver.chrome.webdriver.WebDriver (session=&amp;quot;3f00dccf52083ec8f6972036080736cb&amp;quot;)&amp;gt;\n\n    @pytest.mark.sanity\n    def test_view_checkin_checkout_report(self, login):\n        try:\n            check_in_out = CheckInOutReport(session_login)\n            check_in_out.view_checkin_checkout_report(\n                coe=&amp;quot;P&amp;amp;A Phase 2&amp;quot;,\n                lab_type=&amp;quot;Fellowship&amp;quot;,\n                attendance_name=&amp;quot;July 16&amp;quot;,\n                session_time=&amp;quot;10:00 AM - 04:00 PM&amp;quot;,\n                from_date=&amp;quot;2025-05-01&amp;quot;,\n                to_date=&amp;quot;2025-07-01&amp;quot;\n            )\n        except Exception as e:\n&amp;gt;           take_screenshot(session_login, &amp;quot;test_view_checkin_checkout_report&amp;quot;)\n                            ^^^^^^^^^^^^^\nE           NameError: name &amp;#x27;session_login&amp;#x27; is not defined\n\ntestcases\\test_checkin_out_report.py:22: NameError\n\n---------------------------- Captured stderr setup -----------------------------\n2025-08-01 16:48:54,190 - INFO - conftest - Initializing Chrome WebDriver with suppressed logs.\n2025-08-01 16:48:55,484 - INFO - conftest - Maximizing browser window.\n2025-08-01 16:48:55,605 - INFO - conftest - Setting implicit wait to 10 seconds.\n2025-08-01 16:48:55,616 - INFO - conftest - Navigating to URL: https://bl-practice-attendance-app-stg-187791816934.asia-south1.run.app/admin\n2025-08-01 16:48:56,607 - INFO - conftest - Instantiating SignInPage object.\n2025-08-01 16:48:56,610 - INFO - conftest - Waiting for and clicking &amp;#x27;Sign in with Google&amp;#x27; button.\n2025-08-01 16:48:56,610 - INFO - SignInPage - Waiting for Google sign-in button.\n2025-08-01 16:48:56,893 - INFO - SignInPage - Clicking on &amp;#x27;Sign in with Google&amp;#x27; button.\n2025-08-01 16:48:57,047 - INFO - conftest - Waiting for Google login popup to appear.\n2025-08-01 16:48:57,066 - INFO - conftest - Switching to Google login popup window.\n2025-08-01 16:48:57,076 - INFO - conftest - Entering Google account email.\n2025-08-01 16:48:57,077 - INFO - SignInPage - Entering email as username\n2025-08-01 16:48:58,224 - INFO - conftest - Clicking &amp;#x27;Next&amp;#x27; after entering email.\n2025-08-01 16:48:58,224 - INFO - SignInPage - Clicking on &amp;#x27;Next&amp;#x27; button.\n2025-08-01 16:48:58,482 - INFO - conftest - Entering Google account password.\n2025-08-01 16:48:58,482 - INFO - SignInPage - Entering password.\n2025-08-01 16:49:01,852 - INFO - conftest - Clicking &amp;#x27;Next&amp;#x27; after entering password.\n2025-08-01 16:49:01,852 - INFO - SignInPage - Clicking on &amp;#x27;Next&amp;#x27; button.\n2025-08-01 16:49:01,957 - INFO - conftest - Waiting for application window to become available.\n2025-08-01 16:49:01,959 - INFO - conftest - Switching back to original application window.\n2025-08-01 16:49:01,967 - INFO - conftest - Attempting to close overlay popup after login, if present.\n2025-08-01 16:49:07,588 - INFO - conftest - Overlay popup closed after login.\n\n------------------------------ Captured log setup ------------------------------\nINFO     conftest:conftest.py:18 Initializing Chrome WebDriver with suppressed logs.\nINFO     conftest:conftest.py:28 Maximizing browser window.\nINFO     conftest:conftest.py:31 Setting implicit wait to 10 seconds.\nINFO     conftest:conftest.py:36 Navigating to URL: https://bl-practice-attendance-app-stg-187791816934.asia-south1.run.app/admin\nINFO     conftest:conftest.py:48 Instantiating SignInPage object.\nINFO     conftest:conftest.py:51 Waiting for and clicking &amp;#x27;Sign in with Google&amp;#x27; button.\nINFO     SignInPage:SignInPage.py:32 Waiting for Google sign-in button.\nINFO     SignInPage:SignInPage.py:37 Clicking on &amp;#x27;Sign in with Google&amp;#x27; button.\nINFO     conftest:conftest.py:54 Waiting for Google login popup to appear.\nINFO     conftest:conftest.py:56 Switching to Google login popup window.\nINFO     conftest:conftest.py:59 Entering Google account email.\nINFO     SignInPage:SignInPage.py:42 Entering email as username\nINFO     conftest:conftest.py:61 Clicking &amp;#x27;Next&amp;#x27; after entering email.\nINFO     SignInPage:SignInPage.py:61 Clicking on &amp;#x27;Next&amp;#x27; button.\nINFO     conftest:conftest.py:64 Entering Google account password.\nINFO     SignInPage:SignInPage.py:51 Entering password.\nINFO     conftest:conftest.py:66 Clicking &amp;#x27;Next&amp;#x27; after entering password.\nINFO     SignInPage:SignInPage.py:61 Clicking on &amp;#x27;Next&amp;#x27; button.\nINFO     conftest:conftest.py:69 Waiting for application window to become available.\nINFO     conftest:conftest.py:71 Switching back to original application window.\nINFO     conftest:conftest.py:74 Attempting to close overlay popup after login, if present.\nINFO     conftest:conftest.py:81 Overlay popup closed after login.\n&#34;}], &#34;com/bridgelabz/testcases/test_coder_distribution.py::TestCoderDistribution::test_view_coder_distribution_report&#34;: [{&#34;extras&#34;: [], &#34;result&#34;: &#34;Failed&#34;, &#34;testId&#34;: &#34;com/bridgelabz/testcases/test_coder_distribution.py::TestCoderDistribution::test_view_coder_distribution_report&#34;, &#34;duration&#34;: &#34;1 ms&#34;, &#34;resultsTableRow&#34;: [&#34;&lt;td class=\&#34;col-result\&#34;&gt;Failed&lt;/td&gt;&#34;, &#34;&lt;td class=\&#34;col-testId\&#34;&gt;com/bridgelabz/testcases/test_coder_distribution.py::TestCoderDistribution::test_view_coder_distribution_report&lt;/td&gt;&#34;, &#34;&lt;td class=\&#34;col-duration\&#34;&gt;1 ms&lt;/td&gt;&#34;, &#34;&lt;td class=\&#34;col-links\&#34;&gt;&lt;/td&gt;&#34;], &#34;log&#34;: &#34;self = &amp;lt;com.bridgelabz.testcases.test_coder_distribution.TestCoderDistribution object at 0x0000023B035E79D0&amp;gt;\nlogin = &amp;lt;selenium.webdriver.chrome.webdriver.WebDriver (session=&amp;quot;3f00dccf52083ec8f6972036080736cb&amp;quot;)&amp;gt;\n\n    @pytest.mark.sanity\n    def test_view_coder_distribution_report(self, login):\n        try:\n&amp;gt;           report = CoderDistributionReport(session_login)\n                                             ^^^^^^^^^^^^^\nE           NameError: name &amp;#x27;session_login&amp;#x27; is not defined\n\ntestcases\\test_coder_distribution.py:12: NameError\n\nDuring handling of the above exception, another exception occurred:\n\nself = &amp;lt;com.bridgelabz.testcases.test_coder_distribution.TestCoderDistribution object at 0x0000023B035E79D0&amp;gt;\nlogin = &amp;lt;selenium.webdriver.chrome.webdriver.WebDriver (session=&amp;quot;3f00dccf52083ec8f6972036080736cb&amp;quot;)&amp;gt;\n\n    @pytest.mark.sanity\n    def test_view_coder_distribution_report(self, login):\n        try:\n            report = CoderDistributionReport(session_login)\n            report.view_coder_distribution_report(\n                coe=&amp;quot;P&amp;amp;A Phase 2&amp;quot;,\n                lab_type=&amp;quot;Fellowship&amp;quot;\n            )\n        except Exception as e:\n&amp;gt;           take_screenshot(session_login, &amp;quot;test_view_coder_distribution_report&amp;quot;)\n                            ^^^^^^^^^^^^^\nE           NameError: name &amp;#x27;session_login&amp;#x27; is not defined\n\ntestcases\\test_coder_distribution.py:18: NameError\n&#34;}], &#34;com/bridgelabz/testcases/test_coe_labz.py::TestCOE::test_create_coe&#34;: [{&#34;extras&#34;: [], &#34;result&#34;: &#34;Failed&#34;, &#34;testId&#34;: &#34;com/bridgelabz/testcases/test_coe_labz.py::TestCOE::test_create_coe&#34;, &#34;duration&#34;: &#34;1 ms&#34;, &#34;resultsTableRow&#34;: [&#34;&lt;td class=\&#34;col-result\&#34;&gt;Failed&lt;/td&gt;&#34;, &#34;&lt;td class=\&#34;col-testId\&#34;&gt;com/bridgelabz/testcases/test_coe_labz.py::TestCOE::test_create_coe&lt;/td&gt;&#34;, &#34;&lt;td class=\&#34;col-duration\&#34;&gt;1 ms&lt;/td&gt;&#34;, &#34;&lt;td class=\&#34;col-links\&#34;&gt;&lt;/td&gt;&#34;], &#34;log&#34;: &#34;self = &amp;lt;com.bridgelabz.testcases.test_coe_labz.TestCOE object at 0x0000023B035E7B10&amp;gt;\nlogin = &amp;lt;selenium.webdriver.chrome.webdriver.WebDriver (session=&amp;quot;3f00dccf52083ec8f6972036080736cb&amp;quot;)&amp;gt;\n\n    @pytest.mark.sanity\n    def test_create_coe(self, login):\n&amp;gt;       driver = session_login\n                 ^^^^^^^^^^^^^\nE       NameError: name &amp;#x27;session_login&amp;#x27; is not defined\n\ntestcases\\test_coe_labz.py:23: NameError\n&#34;}], &#34;com/bridgelabz/testcases/test_coe_labz.py::TestCOE::test_edit_coe&#34;: [{&#34;extras&#34;: [], &#34;result&#34;: &#34;Failed&#34;, &#34;testId&#34;: &#34;com/bridgelabz/testcases/test_coe_labz.py::TestCOE::test_edit_coe&#34;, &#34;duration&#34;: &#34;1 ms&#34;, &#34;resultsTableRow&#34;: [&#34;&lt;td class=\&#34;col-result\&#34;&gt;Failed&lt;/td&gt;&#34;, &#34;&lt;td class=\&#34;col-testId\&#34;&gt;com/bridgelabz/testcases/test_coe_labz.py::TestCOE::test_edit_coe&lt;/td&gt;&#34;, &#34;&lt;td class=\&#34;col-duration\&#34;&gt;1 ms&lt;/td&gt;&#34;, &#34;&lt;td class=\&#34;col-links\&#34;&gt;&lt;/td&gt;&#34;], &#34;log&#34;: &#34;self = &amp;lt;com.bridgelabz.testcases.test_coe_labz.TestCOE object at 0x0000023B035E7750&amp;gt;\nlogin = &amp;lt;selenium.webdriver.chrome.webdriver.WebDriver (session=&amp;quot;3f00dccf52083ec8f6972036080736cb&amp;quot;)&amp;gt;\n\n    @pytest.mark.sanity\n    def test_edit_coe(self, login):\n&amp;gt;       driver = session_login\n                 ^^^^^^^^^^^^^\nE       NameError: name &amp;#x27;session_login&amp;#x27; is not defined\n\ntestcases\\test_coe_labz.py:45: NameError\n&#34;}], &#34;com/bridgelabz/testcases/test_coe_labz.py::TestCOE::test_check_download_sample_csv&#34;: [{&#34;extras&#34;: [], &#34;result&#34;: &#34;Failed&#34;, &#34;testId&#34;: &#34;com/bridgelabz/testcases/test_coe_labz.py::TestCOE::test_check_download_sample_csv&#34;, &#34;duration&#34;: &#34;1 ms&#34;, &#34;resultsTableRow&#34;: [&#34;&lt;td class=\&#34;col-result\&#34;&gt;Failed&lt;/td&gt;&#34;, &#34;&lt;td class=\&#34;col-testId\&#34;&gt;com/bridgelabz/testcases/test_coe_labz.py::TestCOE::test_check_download_sample_csv&lt;/td&gt;&#34;, &#34;&lt;td class=\&#34;col-duration\&#34;&gt;1 ms&lt;/td&gt;&#34;, &#34;&lt;td class=\&#34;col-links\&#34;&gt;&lt;/td&gt;&#34;], &#34;log&#34;: &#34;self = &amp;lt;com.bridgelabz.testcases.test_coe_labz.TestCOE object at 0x0000023B035F5810&amp;gt;\nlogin = &amp;lt;selenium.webdriver.chrome.webdriver.WebDriver (session=&amp;quot;3f00dccf52083ec8f6972036080736cb&amp;quot;)&amp;gt;\n\n    @pytest.mark.sanity\n    def test_check_download_sample_csv(self, login):\n&amp;gt;       driver = session_login\n                 ^^^^^^^^^^^^^\nE       NameError: name &amp;#x27;session_login&amp;#x27; is not defined\n\ntestcases\\test_coe_labz.py:78: NameError\n&#34;}], &#34;com/bridgelabz/testcases/test_coe_labz.py::TestCOE::test_check_download_learner_data_csv&#34;: [{&#34;extras&#34;: [], &#34;result&#34;: &#34;Failed&#34;, &#34;testId&#34;: &#34;com/bridgelabz/testcases/test_coe_labz.py::TestCOE::test_check_download_learner_data_csv&#34;, &#34;duration&#34;: &#34;1 ms&#34;, &#34;resultsTableRow&#34;: [&#34;&lt;td class=\&#34;col-result\&#34;&gt;Failed&lt;/td&gt;&#34;, &#34;&lt;td class=\&#34;col-testId\&#34;&gt;com/bridgelabz/testcases/test_coe_labz.py::TestCOE::test_check_download_learner_data_csv&lt;/td&gt;&#34;, &#34;&lt;td class=\&#34;col-duration\&#34;&gt;1 ms&lt;/td&gt;&#34;, &#34;&lt;td class=\&#34;col-links\&#34;&gt;&lt;/td&gt;&#34;], &#34;log&#34;: &#34;self = &amp;lt;com.bridgelabz.testcases.test_coe_labz.TestCOE object at 0x0000023B0366D910&amp;gt;\nlogin = &amp;lt;selenium.webdriver.chrome.webdriver.WebDriver (session=&amp;quot;3f00dccf52083ec8f6972036080736cb&amp;quot;)&amp;gt;\n\n    @pytest.mark.sanity\n    def test_check_download_learner_data_csv(self, login):\n&amp;gt;       driver = session_login\n                 ^^^^^^^^^^^^^\nE       NameError: name &amp;#x27;session_login&amp;#x27; is not defined\n\ntestcases\\test_coe_labz.py:131: NameError\n&#34;}], &#34;com/bridgelabz/testcases/test_coe_labz.py::TestCOE::test_upload_csv_file&#34;: [{&#34;extras&#34;: [], &#34;result&#34;: &#34;Failed&#34;, &#34;testId&#34;: &#34;com/bridgelabz/testcases/test_coe_labz.py::TestCOE::test_upload_csv_file&#34;, &#34;duration&#34;: &#34;1 ms&#34;, &#34;resultsTableRow&#34;: [&#34;&lt;td class=\&#34;col-result\&#34;&gt;Failed&lt;/td&gt;&#34;, &#34;&lt;td class=\&#34;col-testId\&#34;&gt;com/bridgelabz/testcases/test_coe_labz.py::TestCOE::test_upload_csv_file&lt;/td&gt;&#34;, &#34;&lt;td class=\&#34;col-duration\&#34;&gt;1 ms&lt;/td&gt;&#34;, &#34;&lt;td class=\&#34;col-links\&#34;&gt;&lt;/td&gt;&#34;], &#34;log&#34;: &#34;self = &amp;lt;com.bridgelabz.testcases.test_coe_labz.TestCOE object at 0x0000023B0363CF30&amp;gt;\nlogin = &amp;lt;selenium.webdriver.chrome.webdriver.WebDriver (session=&amp;quot;3f00dccf52083ec8f6972036080736cb&amp;quot;)&amp;gt;\n\n    @pytest.mark.sanity\n    def test_upload_csv_file(self, login):\n&amp;gt;       driver = session_login\n                 ^^^^^^^^^^^^^\nE       NameError: name &amp;#x27;session_login&amp;#x27; is not defined\n\ntestcases\\test_coe_labz.py:184: NameError\n&#34;}], &#34;com/bridgelabz/testcases/test_daily_reports.py::TestDailyReports::test_view_daily_attendance_report&#34;: [{&#34;extras&#34;: [], &#34;result&#34;: &#34;Failed&#34;, &#34;testId&#34;: &#34;com/bridgelabz/testcases/test_daily_reports.py::TestDailyReports::test_view_daily_attendance_report&#34;, &#34;duration&#34;: &#34;1 ms&#34;, &#34;resultsTableRow&#34;: [&#34;&lt;td class=\&#34;col-result\&#34;&gt;Failed&lt;/td&gt;&#34;, &#34;&lt;td class=\&#34;col-testId\&#34;&gt;com/bridgelabz/testcases/test_daily_reports.py::TestDailyReports::test_view_daily_attendance_report&lt;/td&gt;&#34;, &#34;&lt;td class=\&#34;col-duration\&#34;&gt;1 ms&lt;/td&gt;&#34;, &#34;&lt;td class=\&#34;col-links\&#34;&gt;&lt;/td&gt;&#34;], &#34;log&#34;: &#34;self = &amp;lt;com.bridgelabz.testcases.test_daily_reports.TestDailyReports object at 0x0000023B035E7ED0&amp;gt;\nlogin = &amp;lt;selenium.webdriver.chrome.webdriver.WebDriver (session=&amp;quot;3f00dccf52083ec8f6972036080736cb&amp;quot;)&amp;gt;\n\n    @pytest.mark.sanity\n    def test_view_daily_attendance_report(self, login):\n        try:\n&amp;gt;           reports = DailyReports(session_login)\n                                   ^^^^^^^^^^^^^\nE           NameError: name &amp;#x27;session_login&amp;#x27; is not defined\n\ntestcases\\test_daily_reports.py:12: NameError\n\nDuring handling of the above exception, another exception occurred:\n\nself = &amp;lt;com.bridgelabz.testcases.test_daily_reports.TestDailyReports object at 0x0000023B035E7ED0&amp;gt;\nlogin = &amp;lt;selenium.webdriver.chrome.webdriver.WebDriver (session=&amp;quot;3f00dccf52083ec8f6972036080736cb&amp;quot;)&amp;gt;\n\n    @pytest.mark.sanity\n    def test_view_daily_attendance_report(self, login):\n        try:\n            reports = DailyReports(session_login)\n            reports.view_daily_attendance_report(\n                coe=&amp;quot;P&amp;amp;A Phase 2&amp;quot;,\n                lab_type=&amp;quot;Fellowship&amp;quot;,\n                attendance=&amp;quot;Day Order1&amp;quot;,\n                session=&amp;quot;10:00 AM - 05:00 PM&amp;quot;,\n                from_date=&amp;quot;2025-05-01&amp;quot;,\n                to_date=&amp;quot;2025-07-01&amp;quot;\n            )\n        except Exception as e:\n&amp;gt;           take_screenshot(session_login, &amp;quot;test_view_daily_attendance_report&amp;quot;)\n                            ^^^^^^^^^^^^^\nE           NameError: name &amp;#x27;session_login&amp;#x27; is not defined\n\ntestcases\\test_daily_reports.py:22: NameError\n&#34;}], &#34;com/bridgelabz/testcases/test_daily_reports.py::TestDailyReports::test_view_daily_practice_report&#34;: [{&#34;extras&#34;: [], &#34;result&#34;: &#34;Failed&#34;, &#34;testId&#34;: &#34;com/bridgelabz/testcases/test_daily_reports.py::TestDailyReports::test_view_daily_practice_report&#34;, &#34;duration&#34;: &#34;1 ms&#34;, &#34;resultsTableRow&#34;: [&#34;&lt;td class=\&#34;col-result\&#34;&gt;Failed&lt;/td&gt;&#34;, &#34;&lt;td class=\&#34;col-testId\&#34;&gt;com/bridgelabz/testcases/test_daily_reports.py::TestDailyReports::test_view_daily_practice_report&lt;/td&gt;&#34;, &#34;&lt;td class=\&#34;col-duration\&#34;&gt;1 ms&lt;/td&gt;&#34;, &#34;&lt;td class=\&#34;col-links\&#34;&gt;&lt;/td&gt;&#34;], &#34;log&#34;: &#34;self = &amp;lt;com.bridgelabz.testcases.test_daily_reports.TestDailyReports object at 0x0000023B035E7D90&amp;gt;\nlogin = &amp;lt;selenium.webdriver.chrome.webdriver.WebDriver (session=&amp;quot;3f00dccf52083ec8f6972036080736cb&amp;quot;)&amp;gt;\n\n    @pytest.mark.sanity\n    def test_view_daily_practice_report(self, login):\n        try:\n&amp;gt;           reports = DailyReports(session_login)\n                                   ^^^^^^^^^^^^^\nE           NameError: name &amp;#x27;session_login&amp;#x27; is not defined\n\ntestcases\\test_daily_reports.py:28: NameError\n\nDuring handling of the above exception, another exception occurred:\n\nself = &amp;lt;com.bridgelabz.testcases.test_daily_reports.TestDailyReports object at 0x0000023B035E7D90&amp;gt;\nlogin = &amp;lt;selenium.webdriver.chrome.webdriver.WebDriver (session=&amp;quot;3f00dccf52083ec8f6972036080736cb&amp;quot;)&amp;gt;\n\n    @pytest.mark.sanity\n    def test_view_daily_practice_report(self, login):\n        try:\n            reports = DailyReports(session_login)\n            reports.view_daily_practice_report(\n                coe=&amp;quot;P&amp;amp;A Phase 2&amp;quot;,\n                lab_type=&amp;quot;Fellowship&amp;quot;,\n                maker_plan=&amp;quot;QA&amp;quot;,\n                maker_module=&amp;quot;QA Automation&amp;quot;,\n                lab=&amp;quot;Lab 1&amp;quot;\n            )\n        except Exception as e:\n&amp;gt;           take_screenshot(session_login, &amp;quot;test_view_daily_practice_report&amp;quot;)\n                            ^^^^^^^^^^^^^\nE           NameError: name &amp;#x27;session_login&amp;#x27; is not defined\n\ntestcases\\test_daily_reports.py:37: NameError\n&#34;}], &#34;com/bridgelabz/testcases/test_lab_practice.py::TestLabPractice::test_create_lab_practice&#34;: [{&#34;extras&#34;: [], &#34;result&#34;: &#34;Failed&#34;, &#34;testId&#34;: &#34;com/bridgelabz/testcases/test_lab_practice.py::TestLabPractice::test_create_lab_practice&#34;, &#34;duration&#34;: &#34;1 ms&#34;, &#34;resultsTableRow&#34;: [&#34;&lt;td class=\&#34;col-result\&#34;&gt;Failed&lt;/td&gt;&#34;, &#34;&lt;td class=\&#34;col-testId\&#34;&gt;com/bridgelabz/testcases/test_lab_practice.py::TestLabPractice::test_create_lab_practice&lt;/td&gt;&#34;, &#34;&lt;td class=\&#34;col-duration\&#34;&gt;1 ms&lt;/td&gt;&#34;, &#34;&lt;td class=\&#34;col-links\&#34;&gt;&lt;/td&gt;&#34;], &#34;log&#34;: &#34;self = &amp;lt;com.bridgelabz.testcases.test_lab_practice.TestLabPractice object at 0x0000023B036A8190&amp;gt;\nlogin = &amp;lt;selenium.webdriver.chrome.webdriver.WebDriver (session=&amp;quot;3f00dccf52083ec8f6972036080736cb&amp;quot;)&amp;gt;\n\n    @pytest.mark.sanity\n    def test_create_lab_practice(self, login):\n        try:\n&amp;gt;           practice = LabPractice(session_login)\n                                   ^^^^^^^^^^^^^\nE           NameError: name &amp;#x27;session_login&amp;#x27; is not defined\n\ntestcases\\test_lab_practice.py:34: NameError\n\nDuring handling of the above exception, another exception occurred:\n\nself = &amp;lt;com.bridgelabz.testcases.test_lab_practice.TestLabPractice object at 0x0000023B036A8190&amp;gt;\nlogin = &amp;lt;selenium.webdriver.chrome.webdriver.WebDriver (session=&amp;quot;3f00dccf52083ec8f6972036080736cb&amp;quot;)&amp;gt;\n\n    @pytest.mark.sanity\n    def test_create_lab_practice(self, login):\n        try:\n            practice = LabPractice(session_login)\n            practice.select_coe(&amp;quot;P&amp;amp;A Phase 2&amp;quot;)\n            practice.click_create_lab_button()\n            practice.create_lab(&amp;quot;P&amp;amp;A Phase 2&amp;quot;,\n                                &amp;quot;Automation Testing-1&amp;quot;,\n                                &amp;quot;10:00AM&amp;quot;,\n                                &amp;quot;05:30PM&amp;quot;,\n                                &amp;quot;surriyaa.pp@bridgelabz.com&amp;quot;,\n                                &amp;quot;surriysanity2@bridgelabz.com&amp;quot;,\n                                &amp;quot;Fellowship&amp;quot;)\n        except Exception as e:\n&amp;gt;           take_screenshot(session_login, &amp;quot;test_create_lab_practice&amp;quot;)\n                            ^^^^^^^^^^^^^\nE           NameError: name &amp;#x27;session_login&amp;#x27; is not defined\n\ntestcases\\test_lab_practice.py:45: NameError\n&#34;}], &#34;com/bridgelabz/testcases/test_lab_practice.py::TestLabPractice::test_edit_lab_practice&#34;: [{&#34;extras&#34;: [], &#34;result&#34;: &#34;Failed&#34;, &#34;testId&#34;: &#34;com/bridgelabz/testcases/test_lab_practice.py::TestLabPractice::test_edit_lab_practice&#34;, &#34;duration&#34;: &#34;1 ms&#34;, &#34;resultsTableRow&#34;: [&#34;&lt;td class=\&#34;col-result\&#34;&gt;Failed&lt;/td&gt;&#34;, &#34;&lt;td class=\&#34;col-testId\&#34;&gt;com/bridgelabz/testcases/test_lab_practice.py::TestLabPractice::test_edit_lab_practice&lt;/td&gt;&#34;, &#34;&lt;td class=\&#34;col-duration\&#34;&gt;1 ms&lt;/td&gt;&#34;, &#34;&lt;td class=\&#34;col-links\&#34;&gt;&lt;/td&gt;&#34;], &#34;log&#34;: &#34;self = &amp;lt;com.bridgelabz.testcases.test_lab_practice.TestLabPractice object at 0x0000023B036A82D0&amp;gt;\nlogin = &amp;lt;selenium.webdriver.chrome.webdriver.WebDriver (session=&amp;quot;3f00dccf52083ec8f6972036080736cb&amp;quot;)&amp;gt;\n\n    @pytest.mark.sanity\n    def test_edit_lab_practice(self, login):\n        try:\n&amp;gt;           practice = LabPractice(session_login)\n                                   ^^^^^^^^^^^^^\nE           NameError: name &amp;#x27;session_login&amp;#x27; is not defined\n\ntestcases\\test_lab_practice.py:51: NameError\n\nDuring handling of the above exception, another exception occurred:\n\nself = &amp;lt;com.bridgelabz.testcases.test_lab_practice.TestLabPractice object at 0x0000023B036A82D0&amp;gt;\nlogin = &amp;lt;selenium.webdriver.chrome.webdriver.WebDriver (session=&amp;quot;3f00dccf52083ec8f6972036080736cb&amp;quot;)&amp;gt;\n\n    @pytest.mark.sanity\n    def test_edit_lab_practice(self, login):\n        try:\n            practice = LabPractice(session_login)\n            practice.select_coe(&amp;quot;P&amp;amp;A Phase 2&amp;quot;)\n            practice.click_edit_newbuild_button()\n            practice.edit_details(&amp;quot;Edited Lab Name-1&amp;quot;)\n        except Exception as e:\n&amp;gt;           take_screenshot(session_login, &amp;quot;test_edit_lab_practice&amp;quot;)\n                            ^^^^^^^^^^^^^\nE           NameError: name &amp;#x27;session_login&amp;#x27; is not defined\n\ntestcases\\test_lab_practice.py:56: NameError\n&#34;}], &#34;com/bridgelabz/testcases/test_lab_practice.py::TestLabPractice::test_check_download_sample_lab__csv&#34;: [{&#34;extras&#34;: [], &#34;result&#34;: &#34;Failed&#34;, &#34;testId&#34;: &#34;com/bridgelabz/testcases/test_lab_practice.py::TestLabPractice::test_check_download_sample_lab__csv&#34;, &#34;duration&#34;: &#34;1 ms&#34;, &#34;resultsTableRow&#34;: [&#34;&lt;td class=\&#34;col-result\&#34;&gt;Failed&lt;/td&gt;&#34;, &#34;&lt;td class=\&#34;col-testId\&#34;&gt;com/bridgelabz/testcases/test_lab_practice.py::TestLabPractice::test_check_download_sample_lab__csv&lt;/td&gt;&#34;, &#34;&lt;td class=\&#34;col-duration\&#34;&gt;1 ms&lt;/td&gt;&#34;, &#34;&lt;td class=\&#34;col-links\&#34;&gt;&lt;/td&gt;&#34;], &#34;log&#34;: &#34;self = &amp;lt;com.bridgelabz.testcases.test_lab_practice.TestLabPractice object at 0x0000023B035F62C0&amp;gt;\nlogin = &amp;lt;selenium.webdriver.chrome.webdriver.WebDriver (session=&amp;quot;3f00dccf52083ec8f6972036080736cb&amp;quot;)&amp;gt;\n\n    @pytest.mark.sanity\n    def test_check_download_sample_lab__csv(self, login):\n&amp;gt;       driver = session_login\n                 ^^^^^^^^^^^^^\nE       NameError: name &amp;#x27;session_login&amp;#x27; is not defined\n\ntestcases\\test_lab_practice.py:61: NameError\n&#34;}], &#34;com/bridgelabz/testcases/test_lab_practice.py::TestLabPractice::test_check_download_learner_data_csv&#34;: [{&#34;extras&#34;: [], &#34;result&#34;: &#34;Failed&#34;, &#34;testId&#34;: &#34;com/bridgelabz/testcases/test_lab_practice.py::TestLabPractice::test_check_download_learner_data_csv&#34;, &#34;duration&#34;: &#34;1 ms&#34;, &#34;resultsTableRow&#34;: [&#34;&lt;td class=\&#34;col-result\&#34;&gt;Failed&lt;/td&gt;&#34;, &#34;&lt;td class=\&#34;col-testId\&#34;&gt;com/bridgelabz/testcases/test_lab_practice.py::TestLabPractice::test_check_download_learner_data_csv&lt;/td&gt;&#34;, &#34;&lt;td class=\&#34;col-duration\&#34;&gt;1 ms&lt;/td&gt;&#34;, &#34;&lt;td class=\&#34;col-links\&#34;&gt;&lt;/td&gt;&#34;], &#34;log&#34;: &#34;self = &amp;lt;com.bridgelabz.testcases.test_lab_practice.TestLabPractice object at 0x0000023B035F6060&amp;gt;\nlogin = &amp;lt;selenium.webdriver.chrome.webdriver.WebDriver (session=&amp;quot;3f00dccf52083ec8f6972036080736cb&amp;quot;)&amp;gt;\n\n    @pytest.mark.sanity\n    def test_check_download_learner_data_csv(self, login):\n&amp;gt;       driver = session_login\n                 ^^^^^^^^^^^^^\nE       NameError: name &amp;#x27;session_login&amp;#x27; is not defined\n\ntestcases\\test_lab_practice.py:111: NameError\n&#34;}], &#34;com/bridgelabz/testcases/test_lab_practice.py::TestLabPractice::test_upload_csv_file&#34;: [{&#34;extras&#34;: [], &#34;result&#34;: &#34;Failed&#34;, &#34;testId&#34;: &#34;com/bridgelabz/testcases/test_lab_practice.py::TestLabPractice::test_upload_csv_file&#34;, &#34;duration&#34;: &#34;1 ms&#34;, &#34;resultsTableRow&#34;: [&#34;&lt;td class=\&#34;col-result\&#34;&gt;Failed&lt;/td&gt;&#34;, &#34;&lt;td class=\&#34;col-testId\&#34;&gt;com/bridgelabz/testcases/test_lab_practice.py::TestLabPractice::test_upload_csv_file&lt;/td&gt;&#34;, &#34;&lt;td class=\&#34;col-duration\&#34;&gt;1 ms&lt;/td&gt;&#34;, &#34;&lt;td class=\&#34;col-links\&#34;&gt;&lt;/td&gt;&#34;], &#34;log&#34;: &#34;self = &amp;lt;com.bridgelabz.testcases.test_lab_practice.TestLabPractice object at 0x0000023B0366E570&amp;gt;\nlogin = &amp;lt;selenium.webdriver.chrome.webdriver.WebDriver (session=&amp;quot;3f00dccf52083ec8f6972036080736cb&amp;quot;)&amp;gt;\n\n    @pytest.mark.sanity\n    def test_upload_csv_file(self, login):\n&amp;gt;       driver = session_login\n                 ^^^^^^^^^^^^^\nE       NameError: name &amp;#x27;session_login&amp;#x27; is not defined\n\ntestcases\\test_lab_practice.py:164: NameError\n&#34;}], &#34;com/bridgelabz/testcases/test_lab_reports.py::TestLabReports::test_lab_reports&#34;: [{&#34;extras&#34;: [], &#34;result&#34;: &#34;Failed&#34;, &#34;testId&#34;: &#34;com/bridgelabz/testcases/test_lab_reports.py::TestLabReports::test_lab_reports&#34;, &#34;duration&#34;: &#34;1 ms&#34;, &#34;resultsTableRow&#34;: [&#34;&lt;td class=\&#34;col-result\&#34;&gt;Failed&lt;/td&gt;&#34;, &#34;&lt;td class=\&#34;col-testId\&#34;&gt;com/bridgelabz/testcases/test_lab_reports.py::TestLabReports::test_lab_reports&lt;/td&gt;&#34;, &#34;&lt;td class=\&#34;col-duration\&#34;&gt;1 ms&lt;/td&gt;&#34;, &#34;&lt;td class=\&#34;col-links\&#34;&gt;&lt;/td&gt;&#34;], &#34;log&#34;: &#34;self = &amp;lt;com.bridgelabz.testcases.test_lab_reports.TestLabReports object at 0x0000023B036A8550&amp;gt;\nlogin = &amp;lt;selenium.webdriver.chrome.webdriver.WebDriver (session=&amp;quot;3f00dccf52083ec8f6972036080736cb&amp;quot;)&amp;gt;\n\n    @pytest.mark.sanity\n    def test_lab_reports(self, login):\n        try:\n&amp;gt;           reports = LabReports(session_login)\n                                 ^^^^^^^^^^^^^\nE           NameError: name &amp;#x27;session_login&amp;#x27; is not defined\n\ntestcases\\test_lab_reports.py:11: NameError\n\nDuring handling of the above exception, another exception occurred:\n\nself = &amp;lt;com.bridgelabz.testcases.test_lab_reports.TestLabReports object at 0x0000023B036A8550&amp;gt;\nlogin = &amp;lt;selenium.webdriver.chrome.webdriver.WebDriver (session=&amp;quot;3f00dccf52083ec8f6972036080736cb&amp;quot;)&amp;gt;\n\n    @pytest.mark.sanity\n    def test_lab_reports(self, login):\n        try:\n            reports = LabReports(session_login)\n            reports.view_lab_report()\n        except Exception as e:\n&amp;gt;           take_screenshot(session_login, &amp;quot;test_lab_reports&amp;quot;)\n                            ^^^^^^^^^^^^^\nE           NameError: name &amp;#x27;session_login&amp;#x27; is not defined\n\ntestcases\\test_lab_reports.py:14: NameError\n&#34;}], &#34;com/bridgelabz/testcases/test_maker_module.py::TestMakerModule::test_create_maker_module&#34;: [{&#34;extras&#34;: [], &#34;result&#34;: &#34;Failed&#34;, &#34;testId&#34;: &#34;com/bridgelabz/testcases/test_maker_module.py::TestMakerModule::test_create_maker_module&#34;, &#34;duration&#34;: &#34;1 ms&#34;, &#34;resultsTableRow&#34;: [&#34;&lt;td class=\&#34;col-result\&#34;&gt;Failed&lt;/td&gt;&#34;, &#34;&lt;td class=\&#34;col-testId\&#34;&gt;com/bridgelabz/testcases/test_maker_module.py::TestMakerModule::test_create_maker_module&lt;/td&gt;&#34;, &#34;&lt;td class=\&#34;col-duration\&#34;&gt;1 ms&lt;/td&gt;&#34;, &#34;&lt;td class=\&#34;col-links\&#34;&gt;&lt;/td&gt;&#34;], &#34;log&#34;: &#34;self = &amp;lt;com.bridgelabz.testcases.test_maker_module.TestMakerModule object at 0x0000023B038F7610&amp;gt;\nlogin = &amp;lt;selenium.webdriver.chrome.webdriver.WebDriver (session=&amp;quot;3f00dccf52083ec8f6972036080736cb&amp;quot;)&amp;gt;\n\n    @pytest.mark.sanity\n    def test_create_maker_module(self, login):\n&amp;gt;       driver = session_login\n                 ^^^^^^^^^^^^^\nE       NameError: name &amp;#x27;session_login&amp;#x27; is not defined\n\ntestcases\\test_maker_module.py:17: NameError\n&#34;}], &#34;com/bridgelabz/testcases/test_maker_module.py::TestMakerModule::test_edit_maker_module&#34;: [{&#34;extras&#34;: [], &#34;result&#34;: &#34;Failed&#34;, &#34;testId&#34;: &#34;com/bridgelabz/testcases/test_maker_module.py::TestMakerModule::test_edit_maker_module&#34;, &#34;duration&#34;: &#34;1 ms&#34;, &#34;resultsTableRow&#34;: [&#34;&lt;td class=\&#34;col-result\&#34;&gt;Failed&lt;/td&gt;&#34;, &#34;&lt;td class=\&#34;col-testId\&#34;&gt;com/bridgelabz/testcases/test_maker_module.py::TestMakerModule::test_edit_maker_module&lt;/td&gt;&#34;, &#34;&lt;td class=\&#34;col-duration\&#34;&gt;1 ms&lt;/td&gt;&#34;, &#34;&lt;td class=\&#34;col-links\&#34;&gt;&lt;/td&gt;&#34;], &#34;log&#34;: &#34;self = &amp;lt;com.bridgelabz.testcases.test_maker_module.TestMakerModule object at 0x0000023B038F7750&amp;gt;\nlogin = &amp;lt;selenium.webdriver.chrome.webdriver.WebDriver (session=&amp;quot;3f00dccf52083ec8f6972036080736cb&amp;quot;)&amp;gt;\n\n    @pytest.mark.sanity\n    def test_edit_maker_module(self, login):\n&amp;gt;       driver = session_login\n                 ^^^^^^^^^^^^^\nE       NameError: name &amp;#x27;session_login&amp;#x27; is not defined\n\ntestcases\\test_maker_module.py:48: NameError\n&#34;}], &#34;com/bridgelabz/testcases/test_maker_plan.py::TestMakerPlan::test_create_maker_plan&#34;: [{&#34;extras&#34;: [], &#34;result&#34;: &#34;Failed&#34;, &#34;testId&#34;: &#34;com/bridgelabz/testcases/test_maker_plan.py::TestMakerPlan::test_create_maker_plan&#34;, &#34;duration&#34;: &#34;1 ms&#34;, &#34;resultsTableRow&#34;: [&#34;&lt;td class=\&#34;col-result\&#34;&gt;Failed&lt;/td&gt;&#34;, &#34;&lt;td class=\&#34;col-testId\&#34;&gt;com/bridgelabz/testcases/test_maker_plan.py::TestMakerPlan::test_create_maker_plan&lt;/td&gt;&#34;, &#34;&lt;td class=\&#34;col-duration\&#34;&gt;1 ms&lt;/td&gt;&#34;, &#34;&lt;td class=\&#34;col-links\&#34;&gt;&lt;/td&gt;&#34;], &#34;log&#34;: &#34;self = &amp;lt;com.bridgelabz.testcases.test_maker_plan.TestMakerPlan object at 0x0000023B039F6D50&amp;gt;\nlogin = &amp;lt;selenium.webdriver.chrome.webdriver.WebDriver (session=&amp;quot;3f00dccf52083ec8f6972036080736cb&amp;quot;)&amp;gt;\n\n    @pytest.mark.sanity\n    def test_create_maker_plan(self, login):\n        try:\n&amp;gt;           maker = MakerPlanPage(session_login)\n                                  ^^^^^^^^^^^^^\nE           NameError: name &amp;#x27;session_login&amp;#x27; is not defined\n\ntestcases\\test_maker_plan.py:12: NameError\n\nDuring handling of the above exception, another exception occurred:\n\nself = &amp;lt;com.bridgelabz.testcases.test_maker_plan.TestMakerPlan object at 0x0000023B039F6D50&amp;gt;\nlogin = &amp;lt;selenium.webdriver.chrome.webdriver.WebDriver (session=&amp;quot;3f00dccf52083ec8f6972036080736cb&amp;quot;)&amp;gt;\n\n    @pytest.mark.sanity\n    def test_create_maker_plan(self, login):\n        try:\n            maker = MakerPlanPage(session_login)\n            sleep(2)\n            maker.click_maker_plan_tab()\n            maker.click_add_maker_plan_button()\n            maker.enter_maker_plan_name(&amp;quot;Full Stack Testing 6&amp;quot;)\n            maker.enter_duration(&amp;quot;58&amp;quot;)\n            maker.enter_description(&amp;quot;This is An Automated Description 01&amp;quot;)\n            maker.click_submit_button()\n        except Exception as e:\n&amp;gt;           take_screenshot(session_login, &amp;quot;test_create_maker_plan&amp;quot;)\n                            ^^^^^^^^^^^^^\nE           NameError: name &amp;#x27;session_login&amp;#x27; is not defined\n\ntestcases\\test_maker_plan.py:21: NameError\n&#34;}], &#34;com/bridgelabz/testcases/test_maker_plan.py::TestMakerPlan::test_edit_maker_plan&#34;: [{&#34;extras&#34;: [], &#34;result&#34;: &#34;Failed&#34;, &#34;testId&#34;: &#34;com/bridgelabz/testcases/test_maker_plan.py::TestMakerPlan::test_edit_maker_plan&#34;, &#34;duration&#34;: &#34;1 ms&#34;, &#34;resultsTableRow&#34;: [&#34;&lt;td class=\&#34;col-result\&#34;&gt;Failed&lt;/td&gt;&#34;, &#34;&lt;td class=\&#34;col-testId\&#34;&gt;com/bridgelabz/testcases/test_maker_plan.py::TestMakerPlan::test_edit_maker_plan&lt;/td&gt;&#34;, &#34;&lt;td class=\&#34;col-duration\&#34;&gt;1 ms&lt;/td&gt;&#34;, &#34;&lt;td class=\&#34;col-links\&#34;&gt;&lt;/td&gt;&#34;], &#34;log&#34;: &#34;self = &amp;lt;com.bridgelabz.testcases.test_maker_plan.TestMakerPlan object at 0x0000023B039F6FD0&amp;gt;\nlogin = &amp;lt;selenium.webdriver.chrome.webdriver.WebDriver (session=&amp;quot;3f00dccf52083ec8f6972036080736cb&amp;quot;)&amp;gt;\n\n    @pytest.mark.sanity\n    def test_edit_maker_plan(self, login):\n        try:\n&amp;gt;           maker = MakerPlanPage(session_login)\n                                  ^^^^^^^^^^^^^\nE           NameError: name &amp;#x27;session_login&amp;#x27; is not defined\n\ntestcases\\test_maker_plan.py:27: NameError\n\nDuring handling of the above exception, another exception occurred:\n\nself = &amp;lt;com.bridgelabz.testcases.test_maker_plan.TestMakerPlan object at 0x0000023B039F6FD0&amp;gt;\nlogin = &amp;lt;selenium.webdriver.chrome.webdriver.WebDriver (session=&amp;quot;3f00dccf52083ec8f6972036080736cb&amp;quot;)&amp;gt;\n\n    @pytest.mark.sanity\n    def test_edit_maker_plan(self, login):\n        try:\n            maker = MakerPlanPage(session_login)\n            sleep(2)\n            maker.click_maker_plan_tab()\n            maker.open_maker_plan_dropdown()\n            maker.select_maker_plan(&amp;quot;P &amp;amp; A Phase 2&amp;quot;)\n            maker.click_edit_icon()\n            maker.edit_duration(&amp;quot;200&amp;quot;)\n            maker.save_changes()\n        except Exception as e:\n&amp;gt;           take_screenshot(session_login, &amp;quot;test_edit_maker_plan&amp;quot;)\n                            ^^^^^^^^^^^^^\nE           NameError: name &amp;#x27;session_login&amp;#x27; is not defined\n\ntestcases\\test_maker_plan.py:36: NameError\n&#34;}], &#34;com/bridgelabz/testcases/test_practice_head.py::TestPracticeHead::test_create_practice_head&#34;: [{&#34;extras&#34;: [], &#34;result&#34;: &#34;Failed&#34;, &#34;testId&#34;: &#34;com/bridgelabz/testcases/test_practice_head.py::TestPracticeHead::test_create_practice_head&#34;, &#34;duration&#34;: &#34;3 ms&#34;, &#34;resultsTableRow&#34;: [&#34;&lt;td class=\&#34;col-result\&#34;&gt;Failed&lt;/td&gt;&#34;, &#34;&lt;td class=\&#34;col-testId\&#34;&gt;com/bridgelabz/testcases/test_practice_head.py::TestPracticeHead::test_create_practice_head&lt;/td&gt;&#34;, &#34;&lt;td class=\&#34;col-duration\&#34;&gt;3 ms&lt;/td&gt;&#34;, &#34;&lt;td class=\&#34;col-links\&#34;&gt;&lt;/td&gt;&#34;], &#34;log&#34;: &#34;self = &amp;lt;com.bridgelabz.testcases.test_practice_head.TestPracticeHead object at 0x0000023B038F7C50&amp;gt;\nlogin = &amp;lt;selenium.webdriver.chrome.webdriver.WebDriver (session=&amp;quot;3f00dccf52083ec8f6972036080736cb&amp;quot;)&amp;gt;\n\n    @pytest.mark.sanity\n    def test_create_practice_head(self, login):\n        logger = Logger.get_logger(self.__class__.__name__)\n        try:\n            logger.info(&amp;quot;----- Starting Test: test_create_practice_head -----&amp;quot;)\n&amp;gt;           ph = PHPage(session_login)\n                        ^^^^^^^^^^^^^\nE           NameError: name &amp;#x27;session_login&amp;#x27; is not defined\n\ntestcases\\test_practice_head.py:16: NameError\n\nDuring handling of the above exception, another exception occurred:\n\nself = &amp;lt;com.bridgelabz.testcases.test_practice_head.TestPracticeHead object at 0x0000023B038F7C50&amp;gt;\nlogin = &amp;lt;selenium.webdriver.chrome.webdriver.WebDriver (session=&amp;quot;3f00dccf52083ec8f6972036080736cb&amp;quot;)&amp;gt;\n\n    @pytest.mark.sanity\n    def test_create_practice_head(self, login):\n        logger = Logger.get_logger(self.__class__.__name__)\n        try:\n            logger.info(&amp;quot;----- Starting Test: test_create_practice_head -----&amp;quot;)\n            ph = PHPage(session_login)\n            ph.click_ph_tab()\n            ph.click_add_ph_button()\n            ph.enter_name(&amp;quot;Surriyaa sanity-2&amp;quot;)\n            ph.enter_email(&amp;quot;surriyaatestsanity6@gmail.com&amp;quot;)\n            ph.enter_mobile(&amp;quot;6374400085&amp;quot;)\n            ph.select_base_coe(&amp;quot;P&amp;amp;A Phase 2&amp;quot;)\n            ph.click_create_button()\n            ph.verify_email(&amp;quot;surriyaatestsanity6@gmail.com&amp;quot;)\n            logger.info(&amp;quot;----- Test Passed: test_create_practice_head -----&amp;quot;)\n        except Exception as e:\n            logger.error(&amp;quot;Exception occurred in test_create_practice_head&amp;quot;, exc_info=True)\n&amp;gt;           take_screenshot(session_login, &amp;quot;test_create_ph&amp;quot;)\n                            ^^^^^^^^^^^^^\nE           NameError: name &amp;#x27;session_login&amp;#x27; is not defined\n\ntestcases\\test_practice_head.py:28: NameError\n\n----------------------------- Captured stderr call -----------------------------\n2025-08-01 16:49:07,984 - INFO - TestPracticeHead - ----- Starting Test: test_create_practice_head -----\n2025-08-01 16:49:07,984 - ERROR - TestPracticeHead - Exception occurred in test_create_practice_head\nTraceback (most recent call last):\n  File &amp;quot;C:\\Users\\ASUS\\PycharmProjects\\Practice-Attendance-Admin\\com\\bridgelabz\\testcases\\test_practice_head.py&amp;quot;, line 16, in test_create_practice_head\n    ph = PHPage(session_login)\n                ^^^^^^^^^^^^^\nNameError: name &amp;#x27;session_login&amp;#x27; is not defined\n\n------------------------------ Captured log call -------------------------------\nINFO     TestPracticeHead:test_practice_head.py:15 ----- Starting Test: test_create_practice_head -----\nERROR    TestPracticeHead:test_practice_head.py:27 Exception occurred in test_create_practice_head\nTraceback (most recent call last):\n  File &amp;quot;C:\\Users\\ASUS\\PycharmProjects\\Practice-Attendance-Admin\\com\\bridgelabz\\testcases\\test_practice_head.py&amp;quot;, line 16, in test_create_practice_head\n    ph = PHPage(session_login)\n                ^^^^^^^^^^^^^\nNameError: name &amp;#x27;session_login&amp;#x27; is not defined\n\n&#34;}], &#34;com/bridgelabz/testcases/test_practice_head.py::TestPracticeHead::test_edit_practice_head&#34;: [{&#34;extras&#34;: [], &#34;result&#34;: &#34;Failed&#34;, &#34;testId&#34;: &#34;com/bridgelabz/testcases/test_practice_head.py::TestPracticeHead::test_edit_practice_head&#34;, &#34;duration&#34;: &#34;2 ms&#34;, &#34;resultsTableRow&#34;: [&#34;&lt;td class=\&#34;col-result\&#34;&gt;Failed&lt;/td&gt;&#34;, &#34;&lt;td class=\&#34;col-testId\&#34;&gt;com/bridgelabz/testcases/test_practice_head.py::TestPracticeHead::test_edit_practice_head&lt;/td&gt;&#34;, &#34;&lt;td class=\&#34;col-duration\&#34;&gt;2 ms&lt;/td&gt;&#34;, &#34;&lt;td class=\&#34;col-links\&#34;&gt;&lt;/td&gt;&#34;], &#34;log&#34;: &#34;self = &amp;lt;com.bridgelabz.testcases.test_practice_head.TestPracticeHead object at 0x0000023B038F7B10&amp;gt;\nlogin = &amp;lt;selenium.webdriver.chrome.webdriver.WebDriver (session=&amp;quot;3f00dccf52083ec8f6972036080736cb&amp;quot;)&amp;gt;\n\n    @pytest.mark.sanity\n    def test_edit_practice_head(self, login):\n        logger = Logger.get_logger(self.__class__.__name__)\n        try:\n            logger.info(&amp;quot;----- Starting Test: test_edit_practice_head -----&amp;quot;)\n&amp;gt;           ph = PHPage(session_login)\n                        ^^^^^^^^^^^^^\nE           NameError: name &amp;#x27;session_login&amp;#x27; is not defined\n\ntestcases\\test_practice_head.py:36: NameError\n\nDuring handling of the above exception, another exception occurred:\n\nself = &amp;lt;com.bridgelabz.testcases.test_practice_head.TestPracticeHead object at 0x0000023B038F7B10&amp;gt;\nlogin = &amp;lt;selenium.webdriver.chrome.webdriver.WebDriver (session=&amp;quot;3f00dccf52083ec8f6972036080736cb&amp;quot;)&amp;gt;\n\n    @pytest.mark.sanity\n    def test_edit_practice_head(self, login):\n        logger = Logger.get_logger(self.__class__.__name__)\n        try:\n            logger.info(&amp;quot;----- Starting Test: test_edit_practice_head -----&amp;quot;)\n            ph = PHPage(session_login)\n            ph.click_ph_tab()\n            ph.click_edit_icon()\n            ph.enter_new_mobile(&amp;quot;9918005777&amp;quot;)\n            ph.click_update_button()\n            logger.info(&amp;quot;----- Test Passed: test_edit_practice_head -----&amp;quot;)\n        except Exception as e:\n            logger.error(&amp;quot;Exception occurred in test_edit_practice_head&amp;quot;, exc_info=True)\n&amp;gt;           take_screenshot(session_login, &amp;quot;test_edit_ph&amp;quot;)\n                            ^^^^^^^^^^^^^\nE           NameError: name &amp;#x27;session_login&amp;#x27; is not defined\n\ntestcases\\test_practice_head.py:44: NameError\n\n----------------------------- Captured stderr call -----------------------------\n2025-08-01 16:49:08,000 - INFO - TestPracticeHead - ----- Starting Test: test_edit_practice_head -----\n2025-08-01 16:49:08,001 - ERROR - TestPracticeHead - Exception occurred in test_edit_practice_head\nTraceback (most recent call last):\n  File &amp;quot;C:\\Users\\ASUS\\PycharmProjects\\Practice-Attendance-Admin\\com\\bridgelabz\\testcases\\test_practice_head.py&amp;quot;, line 36, in test_edit_practice_head\n    ph = PHPage(session_login)\n                ^^^^^^^^^^^^^\nNameError: name &amp;#x27;session_login&amp;#x27; is not defined\n\n------------------------------ Captured log call -------------------------------\nINFO     TestPracticeHead:test_practice_head.py:35 ----- Starting Test: test_edit_practice_head -----\nERROR    TestPracticeHead:test_practice_head.py:43 Exception occurred in test_edit_practice_head\nTraceback (most recent call last):\n  File &amp;quot;C:\\Users\\ASUS\\PycharmProjects\\Practice-Attendance-Admin\\com\\bridgelabz\\testcases\\test_practice_head.py&amp;quot;, line 36, in test_edit_practice_head\n    ph = PHPage(session_login)\n                ^^^^^^^^^^^^^\nNameError: name &amp;#x27;session_login&amp;#x27; is not defined\n\n&#34;}], &#34;com/bridgelabz/testcases/test_practice_mentor.py::TestPracticeMentor::test_create_mentor&#34;: [{&#34;extras&#34;: [], &#34;result&#34;: &#34;Failed&#34;, &#34;testId&#34;: &#34;com/bridgelabz/testcases/test_practice_mentor.py::TestPracticeMentor::test_create_mentor&#34;, &#34;duration&#34;: &#34;1 ms&#34;, &#34;resultsTableRow&#34;: [&#34;&lt;td class=\&#34;col-result\&#34;&gt;Failed&lt;/td&gt;&#34;, &#34;&lt;td class=\&#34;col-testId\&#34;&gt;com/bridgelabz/testcases/test_practice_mentor.py::TestPracticeMentor::test_create_mentor&lt;/td&gt;&#34;, &#34;&lt;td class=\&#34;col-duration\&#34;&gt;1 ms&lt;/td&gt;&#34;, &#34;&lt;td class=\&#34;col-links\&#34;&gt;&lt;/td&gt;&#34;], &#34;log&#34;: &#34;self = &amp;lt;com.bridgelabz.testcases.test_practice_mentor.TestPracticeMentor object at 0x0000023B038F6E90&amp;gt;\nlogin = &amp;lt;selenium.webdriver.chrome.webdriver.WebDriver (session=&amp;quot;3f00dccf52083ec8f6972036080736cb&amp;quot;)&amp;gt;\n\n    @pytest.mark.sanity\n    def test_create_mentor(self, login):\n        try:\n&amp;gt;           mentor = MentorPage(session_login)\n                                ^^^^^^^^^^^^^\nE           NameError: name &amp;#x27;session_login&amp;#x27; is not defined\n\ntestcases\\test_practice_mentor.py:11: NameError\n\nDuring handling of the above exception, another exception occurred:\n\nself = &amp;lt;com.bridgelabz.testcases.test_practice_mentor.TestPracticeMentor object at 0x0000023B038F6E90&amp;gt;\nlogin = &amp;lt;selenium.webdriver.chrome.webdriver.WebDriver (session=&amp;quot;3f00dccf52083ec8f6972036080736cb&amp;quot;)&amp;gt;\n\n    @pytest.mark.sanity\n    def test_create_mentor(self, login):\n        try:\n            mentor = MentorPage(session_login)\n            mentor.create_practice_mentor(&amp;quot;Surriyaa sanity4&amp;quot;, &amp;quot;surriysanity4@bridgelabz.com&amp;quot;, &amp;quot;6374670109&amp;quot;,\n                                          &amp;quot;P&amp;amp;A Phase 2&amp;quot;)\n        except Exception as e:\n&amp;gt;           take_screenshot(session_login, &amp;quot;test_create_mentor&amp;quot;)\n                            ^^^^^^^^^^^^^\nE           NameError: name &amp;#x27;session_login&amp;#x27; is not defined\n\ntestcases\\test_practice_mentor.py:15: NameError\n&#34;}], &#34;com/bridgelabz/testcases/test_practice_mentor.py::TestPracticeMentor::test_edit_mentor&#34;: [{&#34;extras&#34;: [], &#34;result&#34;: &#34;Failed&#34;, &#34;testId&#34;: &#34;com/bridgelabz/testcases/test_practice_mentor.py::TestPracticeMentor::test_edit_mentor&#34;, &#34;duration&#34;: &#34;2 ms&#34;, &#34;resultsTableRow&#34;: [&#34;&lt;td class=\&#34;col-result\&#34;&gt;Failed&lt;/td&gt;&#34;, &#34;&lt;td class=\&#34;col-testId\&#34;&gt;com/bridgelabz/testcases/test_practice_mentor.py::TestPracticeMentor::test_edit_mentor&lt;/td&gt;&#34;, &#34;&lt;td class=\&#34;col-duration\&#34;&gt;2 ms&lt;/td&gt;&#34;, &#34;&lt;td class=\&#34;col-links\&#34;&gt;&lt;/td&gt;&#34;], &#34;log&#34;: &#34;self = &amp;lt;com.bridgelabz.testcases.test_practice_mentor.TestPracticeMentor object at 0x0000023B038F7ED0&amp;gt;\nlogin = &amp;lt;selenium.webdriver.chrome.webdriver.WebDriver (session=&amp;quot;3f00dccf52083ec8f6972036080736cb&amp;quot;)&amp;gt;\n\n    @pytest.mark.sanity\n    def test_edit_mentor(self, login):\n        try:\n&amp;gt;           mentor = MentorPage(session_login)\n                                ^^^^^^^^^^^^^\nE           NameError: name &amp;#x27;session_login&amp;#x27; is not defined\n\ntestcases\\test_practice_mentor.py:21: NameError\n\nDuring handling of the above exception, another exception occurred:\n\nself = &amp;lt;com.bridgelabz.testcases.test_practice_mentor.TestPracticeMentor object at 0x0000023B038F7ED0&amp;gt;\nlogin = &amp;lt;selenium.webdriver.chrome.webdriver.WebDriver (session=&amp;quot;3f00dccf52083ec8f6972036080736cb&amp;quot;)&amp;gt;\n\n    @pytest.mark.sanity\n    def test_edit_mentor(self, login):\n        try:\n            mentor = MentorPage(session_login)\n            mentor.edit_mentor_contact(&amp;quot;9876522621&amp;quot;)\n        except Exception as e:\n&amp;gt;           take_screenshot(session_login, &amp;quot;test_edit_mentor&amp;quot;)\n                            ^^^^^^^^^^^^^\nE           NameError: name &amp;#x27;session_login&amp;#x27; is not defined\n\ntestcases\\test_practice_mentor.py:24: NameError\n&#34;}], &#34;com/bridgelabz/testcases/test_signinout_features.py::TestSignIn::test_signin&#34;: [{&#34;extras&#34;: [], &#34;result&#34;: &#34;Failed&#34;, &#34;testId&#34;: &#34;com/bridgelabz/testcases/test_signinout_features.py::TestSignIn::test_signin&#34;, &#34;duration&#34;: &#34;1 ms&#34;, &#34;resultsTableRow&#34;: [&#34;&lt;td class=\&#34;col-result\&#34;&gt;Failed&lt;/td&gt;&#34;, &#34;&lt;td class=\&#34;col-testId\&#34;&gt;com/bridgelabz/testcases/test_signinout_features.py::TestSignIn::test_signin&lt;/td&gt;&#34;, &#34;&lt;td class=\&#34;col-duration\&#34;&gt;1 ms&lt;/td&gt;&#34;, &#34;&lt;td class=\&#34;col-links\&#34;&gt;&lt;/td&gt;&#34;], &#34;log&#34;: &#34;self = &amp;lt;com.bridgelabz.testcases.test_signinout_features.TestSignIn object at 0x0000023B039F60D0&amp;gt;\nlogin = &amp;lt;selenium.webdriver.chrome.webdriver.WebDriver (session=&amp;quot;3f00dccf52083ec8f6972036080736cb&amp;quot;)&amp;gt;\n\n    @pytest.mark.sanity\n    def test_signin(self, login):\n&amp;gt;       driver = session_login\n                 ^^^^^^^^^^^^^\nE       NameError: name &amp;#x27;session_login&amp;#x27; is not defined\n\ntestcases\\test_signinout_features.py:14: NameError\n&#34;}], &#34;com/bridgelabz/testcases/test_signinout_features.py::TestSignIn::test_sign_out&#34;: [{&#34;extras&#34;: [], &#34;result&#34;: &#34;Failed&#34;, &#34;testId&#34;: &#34;com/bridgelabz/testcases/test_signinout_features.py::TestSignIn::test_sign_out&#34;, &#34;duration&#34;: &#34;00:00:02&#34;, &#34;resultsTableRow&#34;: [&#34;&lt;td class=\&#34;col-result\&#34;&gt;Failed&lt;/td&gt;&#34;, &#34;&lt;td class=\&#34;col-testId\&#34;&gt;com/bridgelabz/testcases/test_signinout_features.py::TestSignIn::test_sign_out&lt;/td&gt;&#34;, &#34;&lt;td class=\&#34;col-duration\&#34;&gt;00:00:02&lt;/td&gt;&#34;, &#34;&lt;td class=\&#34;col-links\&#34;&gt;&lt;/td&gt;&#34;], &#34;log&#34;: &#34;self = &amp;lt;com.bridgelabz.testcases.test_signinout_features.TestSignIn object at 0x0000023B039F5E50&amp;gt;\nlogin = &amp;lt;selenium.webdriver.chrome.webdriver.WebDriver (session=&amp;quot;3f00dccf52083ec8f6972036080736cb&amp;quot;)&amp;gt;\n\n    @pytest.mark.sanity\n    def test_sign_out(self, login):\n&amp;gt;       driver = session_login\n                 ^^^^^^^^^^^^^\nE       NameError: name &amp;#x27;session_login&amp;#x27; is not defined\n\ntestcases\\test_signinout_features.py:26: NameError\n--------------------------- Captured stderr teardown ---------------------------\n2025-08-01 16:49:08,034 - INFO - conftest - Quitting Chrome WebDriver.\n\n---------------------------- Captured log teardown -----------------------------\nINFO     conftest:conftest.py:41 Quitting Chrome WebDriver.&#34;}]}, &#34;renderCollapsed&#34;: [&#34;passed&#34;], &#34;initialSort&#34;: &#34;result&#34;, &#34;title&#34;: &#34;sanity_report_2025-08-01_16-48-53.html&#34;}"></div>
    <script>
      (function(){function r(e,n,t){function o(i,f){if(!n[i]){if(!e[i]){var c="function"==typeof require&&require;if(!f&&c)return c(i,!0);if(u)return u(i,!0);var a=new Error("Cannot find module '"+i+"'");throw a.code="MODULE_NOT_FOUND",a}var p=n[i]={exports:{}};e[i][0].call(p.exports,function(r){var n=e[i][1][r];return o(n||r)},p,p.exports,r,e,n,t)}return n[i].exports}for(var u="function"==typeof require&&require,i=0;i<t.length;i++)o(t[i]);return o}return r})()({1:[function(require,module,exports){
const { getCollapsedCategory, setCollapsedIds } = require('./storage.js')

class DataManager {
    setManager(data) {
        const collapsedCategories = [...getCollapsedCategory(data.renderCollapsed)]
        const collapsedIds = []
        const tests = Object.values(data.tests).flat().map((test, index) => {
            const collapsed = collapsedCategories.includes(test.result.toLowerCase())
            const id = `test_${index}`
            if (collapsed) {
                collapsedIds.push(id)
            }
            return {
                ...test,
                id,
                collapsed,
            }
        })
        const dataBlob = { ...data, tests }
        this.data = { ...dataBlob }
        this.renderData = { ...dataBlob }
        setCollapsedIds(collapsedIds)
    }

    get allData() {
        return { ...this.data }
    }

    resetRender() {
        this.renderData = { ...this.data }
    }

    setRender(data) {
        this.renderData.tests = [...data]
    }

    toggleCollapsedItem(id) {
        this.renderData.tests = this.renderData.tests.map((test) =>
            test.id === id ? { ...test, collapsed: !test.collapsed } : test,
        )
    }

    set allCollapsed(collapsed) {
        this.renderData = { ...this.renderData, tests: [...this.renderData.tests.map((test) => (
            { ...test, collapsed }
        ))] }
    }

    get testSubset() {
        return [...this.renderData.tests]
    }

    get environment() {
        return this.renderData.environment
    }

    get initialSort() {
        return this.data.initialSort
    }
}

module.exports = {
    manager: new DataManager(),
}

},{"./storage.js":8}],2:[function(require,module,exports){
const mediaViewer = require('./mediaviewer.js')
const templateEnvRow = document.getElementById('template_environment_row')
const templateResult = document.getElementById('template_results-table__tbody')

function htmlToElements(html) {
    const temp = document.createElement('template')
    temp.innerHTML = html
    return temp.content.childNodes
}

const find = (selector, elem) => {
    if (!elem) {
        elem = document
    }
    return elem.querySelector(selector)
}

const findAll = (selector, elem) => {
    if (!elem) {
        elem = document
    }
    return [...elem.querySelectorAll(selector)]
}

const dom = {
    getStaticRow: (key, value) => {
        const envRow = templateEnvRow.content.cloneNode(true)
        const isObj = typeof value === 'object' && value !== null
        const values = isObj ? Object.keys(value).map((k) => `${k}: ${value[k]}`) : null

        const valuesElement = htmlToElements(
            values ? `<ul>${values.map((val) => `<li>${val}</li>`).join('')}<ul>` : `<div>${value}</div>`)[0]
        const td = findAll('td', envRow)
        td[0].textContent = key
        td[1].appendChild(valuesElement)

        return envRow
    },
    getResultTBody: ({ testId, id, log, extras, resultsTableRow, tableHtml, result, collapsed }) => {
        const resultBody = templateResult.content.cloneNode(true)
        resultBody.querySelector('tbody').classList.add(result.toLowerCase())
        resultBody.querySelector('tbody').id = testId
        resultBody.querySelector('.collapsible').dataset.id = id

        resultsTableRow.forEach((html) => {
            const t = document.createElement('template')
            t.innerHTML = html
            resultBody.querySelector('.collapsible').appendChild(t.content)
        })

        if (log) {
            // Wrap lines starting with "E" with span.error to color those lines red
            const wrappedLog = log.replace(/^E.*$/gm, (match) => `<span class="error">${match}</span>`)
            resultBody.querySelector('.log').innerHTML = wrappedLog
        } else {
            resultBody.querySelector('.log').remove()
        }

        if (collapsed) {
            resultBody.querySelector('.collapsible > td')?.classList.add('collapsed')
            resultBody.querySelector('.extras-row').classList.add('hidden')
        } else {
            resultBody.querySelector('.collapsible > td')?.classList.remove('collapsed')
        }

        const media = []
        extras?.forEach(({ name, format_type, content }) => {
            if (['image', 'video'].includes(format_type)) {
                media.push({ path: content, name, format_type })
            }

            if (format_type === 'html') {
                resultBody.querySelector('.extraHTML').insertAdjacentHTML('beforeend', `<div>${content}</div>`)
            }
        })
        mediaViewer.setup(resultBody, media)

        // Add custom html from the pytest_html_results_table_html hook
        tableHtml?.forEach((item) => {
            resultBody.querySelector('td[class="extra"]').insertAdjacentHTML('beforeend', item)
        })

        return resultBody
    },
}

module.exports = {
    dom,
    htmlToElements,
    find,
    findAll,
}

},{"./mediaviewer.js":6}],3:[function(require,module,exports){
const { manager } = require('./datamanager.js')
const { doSort } = require('./sort.js')
const storageModule = require('./storage.js')

const getFilteredSubSet = (filter) =>
    manager.allData.tests.filter(({ result }) => filter.includes(result.toLowerCase()))

const doInitFilter = () => {
    const currentFilter = storageModule.getVisible()
    const filteredSubset = getFilteredSubSet(currentFilter)
    manager.setRender(filteredSubset)
}

const doFilter = (type, show) => {
    if (show) {
        storageModule.showCategory(type)
    } else {
        storageModule.hideCategory(type)
    }

    const currentFilter = storageModule.getVisible()
    const filteredSubset = getFilteredSubSet(currentFilter)
    manager.setRender(filteredSubset)

    const sortColumn = storageModule.getSort()
    doSort(sortColumn, true)
}

module.exports = {
    doFilter,
    doInitFilter,
}

},{"./datamanager.js":1,"./sort.js":7,"./storage.js":8}],4:[function(require,module,exports){
const { redraw, bindEvents, renderStatic } = require('./main.js')
const { doInitFilter } = require('./filter.js')
const { doInitSort } = require('./sort.js')
const { manager } = require('./datamanager.js')
const data = JSON.parse(document.getElementById('data-container').dataset.jsonblob)

function init() {
    manager.setManager(data)
    doInitFilter()
    doInitSort()
    renderStatic()
    redraw()
    bindEvents()
}

init()

},{"./datamanager.js":1,"./filter.js":3,"./main.js":5,"./sort.js":7}],5:[function(require,module,exports){
const { dom, find, findAll } = require('./dom.js')
const { manager } = require('./datamanager.js')
const { doSort } = require('./sort.js')
const { doFilter } = require('./filter.js')
const {
    getVisible,
    getCollapsedIds,
    setCollapsedIds,
    getSort,
    getSortDirection,
    possibleFilters,
} = require('./storage.js')

const removeChildren = (node) => {
    while (node.firstChild) {
        node.removeChild(node.firstChild)
    }
}

const renderStatic = () => {
    const renderEnvironmentTable = () => {
        const environment = manager.environment
        const rows = Object.keys(environment).map((key) => dom.getStaticRow(key, environment[key]))
        const table = document.getElementById('environment')
        removeChildren(table)
        rows.forEach((row) => table.appendChild(row))
    }
    renderEnvironmentTable()
}

const addItemToggleListener = (elem) => {
    elem.addEventListener('click', ({ target }) => {
        const id = target.parentElement.dataset.id
        manager.toggleCollapsedItem(id)

        const collapsedIds = getCollapsedIds()
        if (collapsedIds.includes(id)) {
            const updated = collapsedIds.filter((item) => item !== id)
            setCollapsedIds(updated)
        } else {
            collapsedIds.push(id)
            setCollapsedIds(collapsedIds)
        }
        redraw()
    })
}

const renderContent = (tests) => {
    const sortAttr = getSort(manager.initialSort)
    const sortAsc = JSON.parse(getSortDirection())
    const rows = tests.map(dom.getResultTBody)
    const table = document.getElementById('results-table')
    const tableHeader = document.getElementById('results-table-head')

    const newTable = document.createElement('table')
    newTable.id = 'results-table'

    // remove all sorting classes and set the relevant
    findAll('.sortable', tableHeader).forEach((elem) => elem.classList.remove('asc', 'desc'))
    tableHeader.querySelector(`.sortable[data-column-type="${sortAttr}"]`)?.classList.add(sortAsc ? 'desc' : 'asc')
    newTable.appendChild(tableHeader)

    if (!rows.length) {
        const emptyTable = document.getElementById('template_results-table__body--empty').content.cloneNode(true)
        newTable.appendChild(emptyTable)
    } else {
        rows.forEach((row) => {
            if (!!row) {
                findAll('.collapsible td:not(.col-links', row).forEach(addItemToggleListener)
                find('.logexpander', row).addEventListener('click',
                    (evt) => evt.target.parentNode.classList.toggle('expanded'),
                )
                newTable.appendChild(row)
            }
        })
    }

    table.replaceWith(newTable)
}

const renderDerived = () => {
    const currentFilter = getVisible()
    possibleFilters.forEach((result) => {
        const input = document.querySelector(`input[data-test-result="${result}"]`)
        input.checked = currentFilter.includes(result)
    })
}

const bindEvents = () => {
    const filterColumn = (evt) => {
        const { target: element } = evt
        const { testResult } = element.dataset

        doFilter(testResult, element.checked)
        const collapsedIds = getCollapsedIds()
        const updated = manager.renderData.tests.map((test) => {
            return {
                ...test,
                collapsed: collapsedIds.includes(test.id),
            }
        })
        manager.setRender(updated)
        redraw()
    }

    const header = document.getElementById('environment-header')
    header.addEventListener('click', () => {
        const table = document.getElementById('environment')
        table.classList.toggle('hidden')
        header.classList.toggle('collapsed')
    })

    findAll('input[name="filter_checkbox"]').forEach((elem) => {
        elem.addEventListener('click', filterColumn)
    })

    findAll('.sortable').forEach((elem) => {
        elem.addEventListener('click', (evt) => {
            const { target: element } = evt
            const { columnType } = element.dataset
            doSort(columnType)
            redraw()
        })
    })

    document.getElementById('show_all_details').addEventListener('click', () => {
        manager.allCollapsed = false
        setCollapsedIds([])
        redraw()
    })
    document.getElementById('hide_all_details').addEventListener('click', () => {
        manager.allCollapsed = true
        const allIds = manager.renderData.tests.map((test) => test.id)
        setCollapsedIds(allIds)
        redraw()
    })
}

const redraw = () => {
    const { testSubset } = manager

    renderContent(testSubset)
    renderDerived()
}

module.exports = {
    redraw,
    bindEvents,
    renderStatic,
}

},{"./datamanager.js":1,"./dom.js":2,"./filter.js":3,"./sort.js":7,"./storage.js":8}],6:[function(require,module,exports){
class MediaViewer {
    constructor(assets) {
        this.assets = assets
        this.index = 0
    }

    nextActive() {
        this.index = this.index === this.assets.length - 1 ? 0 : this.index + 1
        return [this.activeFile, this.index]
    }

    prevActive() {
        this.index = this.index === 0 ? this.assets.length - 1 : this.index -1
        return [this.activeFile, this.index]
    }

    get currentIndex() {
        return this.index
    }

    get activeFile() {
        return this.assets[this.index]
    }
}


const setup = (resultBody, assets) => {
    if (!assets.length) {
        resultBody.querySelector('.media').classList.add('hidden')
        return
    }

    const mediaViewer = new MediaViewer(assets)
    const container = resultBody.querySelector('.media-container')
    const leftArrow = resultBody.querySelector('.media-container__nav--left')
    const rightArrow = resultBody.querySelector('.media-container__nav--right')
    const mediaName = resultBody.querySelector('.media__name')
    const counter = resultBody.querySelector('.media__counter')
    const imageEl = resultBody.querySelector('img')
    const sourceEl = resultBody.querySelector('source')
    const videoEl = resultBody.querySelector('video')

    const setImg = (media, index) => {
        if (media?.format_type === 'image') {
            imageEl.src = media.path

            imageEl.classList.remove('hidden')
            videoEl.classList.add('hidden')
        } else if (media?.format_type === 'video') {
            sourceEl.src = media.path

            videoEl.classList.remove('hidden')
            imageEl.classList.add('hidden')
        }

        mediaName.innerText = media?.name
        counter.innerText = `${index + 1} / ${assets.length}`
    }
    setImg(mediaViewer.activeFile, mediaViewer.currentIndex)

    const moveLeft = () => {
        const [media, index] = mediaViewer.prevActive()
        setImg(media, index)
    }
    const doRight = () => {
        const [media, index] = mediaViewer.nextActive()
        setImg(media, index)
    }
    const openImg = () => {
        window.open(mediaViewer.activeFile.path, '_blank')
    }
    if (assets.length === 1) {
        container.classList.add('media-container--fullscreen')
    } else {
        leftArrow.addEventListener('click', moveLeft)
        rightArrow.addEventListener('click', doRight)
    }
    imageEl.addEventListener('click', openImg)
}

module.exports = {
    setup,
}

},{}],7:[function(require,module,exports){
const { manager } = require('./datamanager.js')
const storageModule = require('./storage.js')

const genericSort = (list, key, ascending, customOrder) => {
    let sorted
    if (customOrder) {
        sorted = list.sort((a, b) => {
            const aValue = a.result.toLowerCase()
            const bValue = b.result.toLowerCase()

            const aIndex = customOrder.findIndex((item) => item.toLowerCase() === aValue)
            const bIndex = customOrder.findIndex((item) => item.toLowerCase() === bValue)

            // Compare the indices to determine the sort order
            return aIndex - bIndex
        })
    } else {
        sorted = list.sort((a, b) => a[key] === b[key] ? 0 : a[key] > b[key] ? 1 : -1)
    }

    if (ascending) {
        sorted.reverse()
    }
    return sorted
}

const durationSort = (list, ascending) => {
    const parseDuration = (duration) => {
        if (duration.includes(':')) {
            // If it's in the format "HH:mm:ss"
            const [hours, minutes, seconds] = duration.split(':').map(Number)
            return (hours * 3600 + minutes * 60 + seconds) * 1000
        } else {
            // If it's in the format "nnn ms"
            return parseInt(duration)
        }
    }
    const sorted = list.sort((a, b) => parseDuration(a['duration']) - parseDuration(b['duration']))
    if (ascending) {
        sorted.reverse()
    }
    return sorted
}

const doInitSort = () => {
    const type = storageModule.getSort(manager.initialSort)
    const ascending = storageModule.getSortDirection()
    const list = manager.testSubset
    const initialOrder = ['Error', 'Failed', 'Rerun', 'XFailed', 'XPassed', 'Skipped', 'Passed']

    storageModule.setSort(type)
    storageModule.setSortDirection(ascending)

    if (type?.toLowerCase() === 'original') {
        manager.setRender(list)
    } else {
        let sortedList
        switch (type) {
        case 'duration':
            sortedList = durationSort(list, ascending)
            break
        case 'result':
            sortedList = genericSort(list, type, ascending, initialOrder)
            break
        default:
            sortedList = genericSort(list, type, ascending)
            break
        }
        manager.setRender(sortedList)
    }
}

const doSort = (type, skipDirection) => {
    const newSortType = storageModule.getSort(manager.initialSort) !== type
    const currentAsc = storageModule.getSortDirection()
    let ascending
    if (skipDirection) {
        ascending = currentAsc
    } else {
        ascending = newSortType ? false : !currentAsc
    }
    storageModule.setSort(type)
    storageModule.setSortDirection(ascending)

    const list = manager.testSubset
    const sortedList = type === 'duration' ? durationSort(list, ascending) : genericSort(list, type, ascending)
    manager.setRender(sortedList)
}

module.exports = {
    doInitSort,
    doSort,
}

},{"./datamanager.js":1,"./storage.js":8}],8:[function(require,module,exports){
const possibleFilters = [
    'passed',
    'skipped',
    'failed',
    'error',
    'xfailed',
    'xpassed',
    'rerun',
]

const getVisible = () => {
    const url = new URL(window.location.href)
    const settings = new URLSearchParams(url.search).get('visible')
    const lower = (item) => {
        const lowerItem = item.toLowerCase()
        if (possibleFilters.includes(lowerItem)) {
            return lowerItem
        }
        return null
    }
    return settings === null ?
        possibleFilters :
        [...new Set(settings?.split(',').map(lower).filter((item) => item))]
}

const hideCategory = (categoryToHide) => {
    const url = new URL(window.location.href)
    const visibleParams = new URLSearchParams(url.search).get('visible')
    const currentVisible = visibleParams ? visibleParams.split(',') : [...possibleFilters]
    const settings = [...new Set(currentVisible)].filter((f) => f !== categoryToHide).join(',')

    url.searchParams.set('visible', settings)
    window.history.pushState({}, null, unescape(url.href))
}

const showCategory = (categoryToShow) => {
    if (typeof window === 'undefined') {
        return
    }
    const url = new URL(window.location.href)
    const currentVisible = new URLSearchParams(url.search).get('visible')?.split(',').filter(Boolean) ||
        [...possibleFilters]
    const settings = [...new Set([categoryToShow, ...currentVisible])]
    const noFilter = possibleFilters.length === settings.length || !settings.length

    noFilter ? url.searchParams.delete('visible') : url.searchParams.set('visible', settings.join(','))
    window.history.pushState({}, null, unescape(url.href))
}

const getSort = (initialSort) => {
    const url = new URL(window.location.href)
    let sort = new URLSearchParams(url.search).get('sort')
    if (!sort) {
        sort = initialSort || 'result'
    }
    return sort
}

const setSort = (type) => {
    const url = new URL(window.location.href)
    url.searchParams.set('sort', type)
    window.history.pushState({}, null, unescape(url.href))
}

const getCollapsedCategory = (renderCollapsed) => {
    let categories
    if (typeof window !== 'undefined') {
        const url = new URL(window.location.href)
        const collapsedItems = new URLSearchParams(url.search).get('collapsed')
        switch (true) {
        case !renderCollapsed && collapsedItems === null:
            categories = ['passed']
            break
        case collapsedItems?.length === 0 || /^["']{2}$/.test(collapsedItems):
            categories = []
            break
        case /^all$/.test(collapsedItems) || collapsedItems === null && /^all$/.test(renderCollapsed):
            categories = [...possibleFilters]
            break
        default:
            categories = collapsedItems?.split(',').map((item) => item.toLowerCase()) || renderCollapsed
            break
        }
    } else {
        categories = []
    }
    return categories
}

const getSortDirection = () => JSON.parse(sessionStorage.getItem('sortAsc')) || false
const setSortDirection = (ascending) => sessionStorage.setItem('sortAsc', ascending)

const getCollapsedIds = () => JSON.parse(sessionStorage.getItem('collapsedIds')) || []
const setCollapsedIds = (list) => sessionStorage.setItem('collapsedIds', JSON.stringify(list))

module.exports = {
    getVisible,
    hideCategory,
    showCategory,
    getCollapsedIds,
    setCollapsedIds,
    getSort,
    setSort,
    getSortDirection,
    setSortDirection,
    getCollapsedCategory,
    possibleFilters,
}

},{}]},{},[4]);
    </script>
  </footer>
</html>