<!DOCTYPE html>
<html>
  <head>
    <meta charset="utf-8"/>
    <title id="head-title">sanity_report_2025-08-01_16-58-34.html</title>
      <style type="text/css">body {
  font-family: Helvetica, Arial, sans-serif;
  font-size: 12px;
  /* do not increase min-width as some may use split screens */
  min-width: 800px;
  color: #999;
}

h1 {
  font-size: 24px;
  color: black;
}

h2 {
  font-size: 16px;
  color: black;
}

p {
  color: black;
}

a {
  color: #999;
}

table {
  border-collapse: collapse;
}

/******************************
 * SUMMARY INFORMATION
 ******************************/
#environment td {
  padding: 5px;
  border: 1px solid #e6e6e6;
  vertical-align: top;
}
#environment tr:nth-child(odd) {
  background-color: #f6f6f6;
}
#environment ul {
  margin: 0;
  padding: 0 20px;
}

/******************************
 * TEST RESULT COLORS
 ******************************/
span.passed,
.passed .col-result {
  color: green;
}

span.skipped,
span.xfailed,
span.rerun,
.skipped .col-result,
.xfailed .col-result,
.rerun .col-result {
  color: orange;
}

span.error,
span.failed,
span.xpassed,
.error .col-result,
.failed .col-result,
.xpassed .col-result {
  color: red;
}

.col-links__extra {
  margin-right: 3px;
}

/******************************
 * RESULTS TABLE
 *
 * 1. Table Layout
 * 2. Extra
 * 3. Sorting items
 *
 ******************************/
/*------------------
 * 1. Table Layout
 *------------------*/
#results-table {
  border: 1px solid #e6e6e6;
  color: #999;
  font-size: 12px;
  width: 100%;
}
#results-table th,
#results-table td {
  padding: 5px;
  border: 1px solid #e6e6e6;
  text-align: left;
}
#results-table th {
  font-weight: bold;
}

/*------------------
 * 2. Extra
 *------------------*/
.logwrapper {
  max-height: 230px;
  overflow-y: scroll;
  background-color: #e6e6e6;
}
.logwrapper.expanded {
  max-height: none;
}
.logwrapper.expanded .logexpander:after {
  content: "collapse [-]";
}
.logwrapper .logexpander {
  z-index: 1;
  position: sticky;
  top: 10px;
  width: max-content;
  border: 1px solid;
  border-radius: 3px;
  padding: 5px 7px;
  margin: 10px 0 10px calc(100% - 80px);
  cursor: pointer;
  background-color: #e6e6e6;
}
.logwrapper .logexpander:after {
  content: "expand [+]";
}
.logwrapper .logexpander:hover {
  color: #000;
  border-color: #000;
}
.logwrapper .log {
  min-height: 40px;
  position: relative;
  top: -50px;
  height: calc(100% + 50px);
  border: 1px solid #e6e6e6;
  color: black;
  display: block;
  font-family: "Courier New", Courier, monospace;
  padding: 5px;
  padding-right: 80px;
  white-space: pre-wrap;
}

div.media {
  border: 1px solid #e6e6e6;
  float: right;
  height: 240px;
  margin: 0 5px;
  overflow: hidden;
  width: 320px;
}

.media-container {
  display: grid;
  grid-template-columns: 25px auto 25px;
  align-items: center;
  flex: 1 1;
  overflow: hidden;
  height: 200px;
}

.media-container--fullscreen {
  grid-template-columns: 0px auto 0px;
}

.media-container__nav--right,
.media-container__nav--left {
  text-align: center;
  cursor: pointer;
}

.media-container__viewport {
  cursor: pointer;
  text-align: center;
  height: inherit;
}
.media-container__viewport img,
.media-container__viewport video {
  object-fit: cover;
  width: 100%;
  max-height: 100%;
}

.media__name,
.media__counter {
  display: flex;
  flex-direction: row;
  justify-content: space-around;
  flex: 0 0 25px;
  align-items: center;
}

.collapsible td:not(.col-links) {
  cursor: pointer;
}
.collapsible td:not(.col-links):hover::after {
  color: #bbb;
  font-style: italic;
  cursor: pointer;
}

.col-result {
  width: 130px;
}
.col-result:hover::after {
  content: " (hide details)";
}

.col-result.collapsed:hover::after {
  content: " (show details)";
}

#environment-header h2:hover::after {
  content: " (hide details)";
  color: #bbb;
  font-style: italic;
  cursor: pointer;
  font-size: 12px;
}

#environment-header.collapsed h2:hover::after {
  content: " (show details)";
  color: #bbb;
  font-style: italic;
  cursor: pointer;
  font-size: 12px;
}

/*------------------
 * 3. Sorting items
 *------------------*/
.sortable {
  cursor: pointer;
}
.sortable.desc:after {
  content: " ";
  position: relative;
  left: 5px;
  bottom: -12.5px;
  border: 10px solid #4caf50;
  border-bottom: 0;
  border-left-color: transparent;
  border-right-color: transparent;
}
.sortable.asc:after {
  content: " ";
  position: relative;
  left: 5px;
  bottom: 12.5px;
  border: 10px solid #4caf50;
  border-top: 0;
  border-left-color: transparent;
  border-right-color: transparent;
}

.hidden, .summary__reload__button.hidden {
  display: none;
}

.summary__data {
  flex: 0 0 550px;
}
.summary__reload {
  flex: 1 1;
  display: flex;
  justify-content: center;
}
.summary__reload__button {
  flex: 0 0 300px;
  display: flex;
  color: white;
  font-weight: bold;
  background-color: #4caf50;
  text-align: center;
  justify-content: center;
  align-items: center;
  border-radius: 3px;
  cursor: pointer;
}
.summary__reload__button:hover {
  background-color: #46a049;
}
.summary__spacer {
  flex: 0 0 550px;
}

.controls {
  display: flex;
  justify-content: space-between;
}

.filters,
.collapse {
  display: flex;
  align-items: center;
}
.filters button,
.collapse button {
  color: #999;
  border: none;
  background: none;
  cursor: pointer;
  text-decoration: underline;
}
.filters button:hover,
.collapse button:hover {
  color: #ccc;
}

.filter__label {
  margin-right: 10px;
}

      </style>
    
  </head>
  <body>
    <h1 id="title">sanity_report_2025-08-01_16-58-34.html</h1>
    <p>Report generated on 01-Aug-2025 at 17:02:14 by <a href="https://pypi.python.org/pypi/pytest-html">pytest-html</a>
        v4.1.1</p>
    <div id="environment-header">
      <h2>Environment</h2>
    </div>
    <table id="environment"></table>
    <!-- TEMPLATES -->
      <template id="template_environment_row">
      <tr>
        <td></td>
        <td></td>
      </tr>
    </template>
    <template id="template_results-table__body--empty">
      <tbody class="results-table-row">
        <tr id="not-found-message">
          <td colspan="4">No results found. Check the filters.</th>
        </tr>
    </template>
    <template id="template_results-table__tbody">
      <tbody class="results-table-row">
        <tr class="collapsible">
        </tr>
        <tr class="extras-row">
          <td class="extra" colspan="4">
            <div class="extraHTML"></div>
            <div class="media">
              <div class="media-container">
                  <div class="media-container__nav--left"><</div>
                  <div class="media-container__viewport">
                    <img src="" />
                    <video controls>
                      <source src="" type="video/mp4">
                    </video>
                  </div>
                  <div class="media-container__nav--right">></div>
                </div>
                <div class="media__name"></div>
                <div class="media__counter"></div>
            </div>
            <div class="logwrapper">
              <div class="logexpander"></div>
              <div class="log"></div>
            </div>
          </td>
        </tr>
      </tbody>
    </template>
    <!-- END TEMPLATES -->
    <div class="summary">
      <div class="summary__data">
        <h2>Summary</h2>
        <div class="additional-summary prefix">
        </div>
        <p class="run-count">25 tests took 00:03:39.</p>
        <p class="filter">(Un)check the boxes to filter the results.</p>
        <div class="summary__reload">
          <div class="summary__reload__button hidden" onclick="location.reload()">
            <div>There are still tests running. <br />Reload this page to get the latest results!</div>
          </div>
        </div>
        <div class="summary__spacer"></div>
        <div class="controls">
          <div class="filters">
            <input checked="true" class="filter" name="filter_checkbox" type="checkbox" data-test-result="failed" />
            <span class="failed">16 Failed,</span>
            <input checked="true" class="filter" name="filter_checkbox" type="checkbox" data-test-result="passed" />
            <span class="passed">9 Passed,</span>
            <input checked="true" class="filter" name="filter_checkbox" type="checkbox" data-test-result="skipped" disabled/>
            <span class="skipped">0 Skipped,</span>
            <input checked="true" class="filter" name="filter_checkbox" type="checkbox" data-test-result="xfailed" disabled/>
            <span class="xfailed">0 Expected failures,</span>
            <input checked="true" class="filter" name="filter_checkbox" type="checkbox" data-test-result="xpassed" disabled/>
            <span class="xpassed">0 Unexpected passes,</span>
            <input checked="true" class="filter" name="filter_checkbox" type="checkbox" data-test-result="error" disabled/>
            <span class="error">0 Errors,</span>
            <input checked="true" class="filter" name="filter_checkbox" type="checkbox" data-test-result="rerun" disabled/>
            <span class="rerun">0 Reruns</span>
          </div>
          <div class="collapse">
            <button id="show_all_details">Show all details</button>&nbsp;/&nbsp;<button id="hide_all_details">Hide all details</button>
          </div>
        </div>
      </div>
      <div class="additional-summary summary">
      </div>
      <div class="additional-summary postfix">
      </div>
    </div>
    <table id="results-table">
      <thead id="results-table-head">
        <tr>
          <th class="sortable" data-column-type="result">Result</th>
          <th class="sortable" data-column-type="testId">Test</th>
          <th class="sortable" data-column-type="duration">Duration</th>
          <th>Links</th>
        </tr>
      </thead>
    </table>
  </body>
  <footer>
    <div id="data-container" data-jsonblob="{&#34;environment&#34;: {&#34;Python&#34;: &#34;3.13.3&#34;, &#34;Platform&#34;: &#34;Windows-11-10.0.26100-SP0&#34;, &#34;Packages&#34;: {&#34;pytest&#34;: &#34;8.4.1&#34;, &#34;pluggy&#34;: &#34;1.6.0&#34;}, &#34;Plugins&#34;: {&#34;forked&#34;: &#34;1.6.0&#34;, &#34;html&#34;: &#34;4.1.1&#34;, &#34;metadata&#34;: &#34;3.1.1&#34;, &#34;xdist&#34;: &#34;3.8.0&#34;}, &#34;JAVA_HOME&#34;: &#34;C:\\Program Files\\Java\\jdk-22&#34;}, &#34;tests&#34;: {&#34;com/bridgelabz/testcases/test_checkin_out_report.py::TestCheckinOutReport::test_view_checkin_checkout_report&#34;: [{&#34;extras&#34;: [], &#34;result&#34;: &#34;Passed&#34;, &#34;testId&#34;: &#34;com/bridgelabz/testcases/test_checkin_out_report.py::TestCheckinOutReport::test_view_checkin_checkout_report&#34;, &#34;duration&#34;: &#34;00:00:27&#34;, &#34;resultsTableRow&#34;: [&#34;&lt;td class=\&#34;col-result\&#34;&gt;Passed&lt;/td&gt;&#34;, &#34;&lt;td class=\&#34;col-testId\&#34;&gt;com/bridgelabz/testcases/test_checkin_out_report.py::TestCheckinOutReport::test_view_checkin_checkout_report&lt;/td&gt;&#34;, &#34;&lt;td class=\&#34;col-duration\&#34;&gt;00:00:27&lt;/td&gt;&#34;, &#34;&lt;td class=\&#34;col-links\&#34;&gt;&lt;/td&gt;&#34;], &#34;log&#34;: &#34;---------------------------- Captured stderr setup -----------------------------\n2025-08-01 16:58:34,984 - INFO - conftest - Initializing Chrome WebDriver with suppressed logs.\n2025-08-01 16:58:36,429 - INFO - conftest - Maximizing browser window.\n2025-08-01 16:58:36,486 - INFO - conftest - Setting implicit wait to 10 seconds.\n2025-08-01 16:58:36,487 - INFO - conftest - Navigating to URL: https://bl-practice-attendance-app-stg-187791816934.asia-south1.run.app/admin\n2025-08-01 16:58:37,420 - INFO - conftest - Instantiating SignInPage object.\n2025-08-01 16:58:37,422 - INFO - conftest - Waiting for and clicking &amp;#x27;Sign in with Google&amp;#x27; button.\n2025-08-01 16:58:37,422 - INFO - SignInPage - Waiting for Google sign-in button.\n2025-08-01 16:58:37,742 - INFO - SignInPage - Clicking on &amp;#x27;Sign in with Google&amp;#x27; button.\n2025-08-01 16:58:37,883 - INFO - conftest - Waiting for Google login popup to appear.\n2025-08-01 16:58:37,898 - INFO - conftest - Switching to Google login popup window.\n2025-08-01 16:58:37,905 - INFO - conftest - Entering Google account email.\n2025-08-01 16:58:37,906 - INFO - SignInPage - Entering email as username\n2025-08-01 16:58:39,118 - INFO - conftest - Clicking &amp;#x27;Next&amp;#x27; after entering email.\n2025-08-01 16:58:39,119 - INFO - SignInPage - Clicking on &amp;#x27;Next&amp;#x27; button.\n2025-08-01 16:58:39,297 - INFO - conftest - Entering Google account password.\n2025-08-01 16:58:39,297 - INFO - SignInPage - Entering password.\n2025-08-01 16:58:42,551 - INFO - conftest - Clicking &amp;#x27;Next&amp;#x27; after entering password.\n2025-08-01 16:58:42,552 - INFO - SignInPage - Clicking on &amp;#x27;Next&amp;#x27; button.\n2025-08-01 16:58:42,660 - INFO - conftest - Waiting for application window to become available.\n2025-08-01 16:58:42,663 - INFO - conftest - Switching back to original application window.\n2025-08-01 16:58:42,671 - INFO - conftest - Attempting to close overlay popup after login, if present.\n2025-08-01 16:58:48,346 - INFO - conftest - Overlay popup closed after login.\n\n------------------------------ Captured log setup ------------------------------\nINFO     conftest:conftest.py:18 Initializing Chrome WebDriver with suppressed logs.\nINFO     conftest:conftest.py:28 Maximizing browser window.\nINFO     conftest:conftest.py:31 Setting implicit wait to 10 seconds.\nINFO     conftest:conftest.py:36 Navigating to URL: https://bl-practice-attendance-app-stg-187791816934.asia-south1.run.app/admin\nINFO     conftest:conftest.py:48 Instantiating SignInPage object.\nINFO     conftest:conftest.py:51 Waiting for and clicking &amp;#x27;Sign in with Google&amp;#x27; button.\nINFO     SignInPage:SignInPage.py:32 Waiting for Google sign-in button.\nINFO     SignInPage:SignInPage.py:37 Clicking on &amp;#x27;Sign in with Google&amp;#x27; button.\nINFO     conftest:conftest.py:54 Waiting for Google login popup to appear.\nINFO     conftest:conftest.py:56 Switching to Google login popup window.\nINFO     conftest:conftest.py:59 Entering Google account email.\nINFO     SignInPage:SignInPage.py:42 Entering email as username\nINFO     conftest:conftest.py:61 Clicking &amp;#x27;Next&amp;#x27; after entering email.\nINFO     SignInPage:SignInPage.py:61 Clicking on &amp;#x27;Next&amp;#x27; button.\nINFO     conftest:conftest.py:64 Entering Google account password.\nINFO     SignInPage:SignInPage.py:51 Entering password.\nINFO     conftest:conftest.py:66 Clicking &amp;#x27;Next&amp;#x27; after entering password.\nINFO     SignInPage:SignInPage.py:61 Clicking on &amp;#x27;Next&amp;#x27; button.\nINFO     conftest:conftest.py:69 Waiting for application window to become available.\nINFO     conftest:conftest.py:71 Switching back to original application window.\nINFO     conftest:conftest.py:74 Attempting to close overlay popup after login, if present.\nINFO     conftest:conftest.py:81 Overlay popup closed after login.\n\n----------------------------- Captured stderr call -----------------------------\n2025-08-01 16:58:48,348 - INFO - CheckInOutReport - Navigating to CheckIn-Out Report tab.\n2025-08-01 16:58:48,445 - INFO - CheckInOutReport - Filling dropdowns and fields for report generation.\n2025-08-01 16:58:48,446 - INFO - CheckInOutReport - Selecting option &amp;#x27;P&amp;amp;A Phase 2&amp;#x27; for dropdown with xpath: //label[text()=&amp;#x27;COE*&amp;#x27;]/following-sibling::div//div[@role=&amp;#x27;combobox&amp;#x27;]\n2025-08-01 16:58:49,688 - INFO - CheckInOutReport - Option &amp;#x27;P&amp;amp;A Phase 2&amp;#x27; selected successfully.\n2025-08-01 16:58:49,688 - INFO - CheckInOutReport - Selecting option &amp;#x27;Fellowship&amp;#x27; for dropdown with xpath: //label[text()=&amp;#x27;Lab Type*&amp;#x27;]/following-sibling::div//div[@role=&amp;#x27;combobox&amp;#x27;]\n2025-08-01 16:58:51,225 - INFO - CheckInOutReport - Option &amp;#x27;Fellowship&amp;#x27; selected successfully.\n2025-08-01 16:58:51,226 - INFO - CheckInOutReport - Typing attendance name: July 16\n2025-08-01 16:58:52,397 - INFO - CheckInOutReport - Attendance name selected.\n2025-08-01 16:58:52,397 - INFO - CheckInOutReport - Selecting option &amp;#x27;10:00 AM - 04:00 PM&amp;#x27; for dropdown with xpath: //label[normalize-space()=&amp;#x27;Session Time&amp;#x27;]/following-sibling::div//div[@role=&amp;#x27;combobox&amp;#x27;]\n2025-08-01 16:58:53,545 - INFO - CheckInOutReport - Option &amp;#x27;10:00 AM - 04:00 PM&amp;#x27; selected successfully.\n2025-08-01 16:58:55,545 - INFO - CheckInOutReport - Setting date &amp;#x27;2025-05-01&amp;#x27; using JS for xpath: //input[@name=&amp;#x27;fromDate&amp;#x27;]\n2025-08-01 16:58:56,566 - INFO - CheckInOutReport - Date &amp;#x27;2025-05-01&amp;#x27; set successfully for xpath: //input[@name=&amp;#x27;fromDate&amp;#x27;]\n2025-08-01 16:58:58,567 - INFO - CheckInOutReport - Setting date &amp;#x27;2025-07-01&amp;#x27; using JS for xpath: //input[@name=&amp;#x27;toDate&amp;#x27;]\n2025-08-01 16:58:59,587 - INFO - CheckInOutReport - Date &amp;#x27;2025-07-01&amp;#x27; set successfully for xpath: //input[@name=&amp;#x27;toDate&amp;#x27;]\n2025-08-01 16:58:59,587 - INFO - CheckInOutReport - Clicking the VIEW button.\n2025-08-01 16:59:01,654 - INFO - CheckInOutReport - CheckIn and CheckOut report validated successfully. &amp;#x27;#CheckIn Count&amp;#x27; column found.\n\n------------------------------ Captured log call -------------------------------\nINFO     CheckInOutReport:CheckInOutReport.py:44 Navigating to CheckIn-Out Report tab.\nINFO     CheckInOutReport:CheckInOutReport.py:47 Filling dropdowns and fields for report generation.\nINFO     CheckInOutReport:CheckInOutReport.py:25 Selecting option &amp;#x27;P&amp;amp;A Phase 2&amp;#x27; for dropdown with xpath: //label[text()=&amp;#x27;COE*&amp;#x27;]/following-sibling::div//div[@role=&amp;#x27;combobox&amp;#x27;]\nINFO     CheckInOutReport:CheckInOutReport.py:30 Option &amp;#x27;P&amp;amp;A Phase 2&amp;#x27; selected successfully.\nINFO     CheckInOutReport:CheckInOutReport.py:25 Selecting option &amp;#x27;Fellowship&amp;#x27; for dropdown with xpath: //label[text()=&amp;#x27;Lab Type*&amp;#x27;]/following-sibling::div//div[@role=&amp;#x27;combobox&amp;#x27;]\nINFO     CheckInOutReport:CheckInOutReport.py:30 Option &amp;#x27;Fellowship&amp;#x27; selected successfully.\nINFO     CheckInOutReport:CheckInOutReport.py:51 Typing attendance name: July 16\nINFO     CheckInOutReport:CheckInOutReport.py:55 Attendance name selected.\nINFO     CheckInOutReport:CheckInOutReport.py:25 Selecting option &amp;#x27;10:00 AM - 04:00 PM&amp;#x27; for dropdown with xpath: //label[normalize-space()=&amp;#x27;Session Time&amp;#x27;]/following-sibling::div//div[@role=&amp;#x27;combobox&amp;#x27;]\nINFO     CheckInOutReport:CheckInOutReport.py:30 Option &amp;#x27;10:00 AM - 04:00 PM&amp;#x27; selected successfully.\nINFO     CheckInOutReport:CheckInOutReport.py:33 Setting date &amp;#x27;2025-05-01&amp;#x27; using JS for xpath: //input[@name=&amp;#x27;fromDate&amp;#x27;]\nINFO     CheckInOutReport:CheckInOutReport.py:41 Date &amp;#x27;2025-05-01&amp;#x27; set successfully for xpath: //input[@name=&amp;#x27;fromDate&amp;#x27;]\nINFO     CheckInOutReport:CheckInOutReport.py:33 Setting date &amp;#x27;2025-07-01&amp;#x27; using JS for xpath: //input[@name=&amp;#x27;toDate&amp;#x27;]\nINFO     CheckInOutReport:CheckInOutReport.py:41 Date &amp;#x27;2025-07-01&amp;#x27; set successfully for xpath: //input[@name=&amp;#x27;toDate&amp;#x27;]\nINFO     CheckInOutReport:CheckInOutReport.py:64 Clicking the VIEW button.\nINFO     CheckInOutReport:CheckInOutReport.py:69 CheckIn and CheckOut report validated successfully. &amp;#x27;#CheckIn Count&amp;#x27; column found.\n\n&#34;}], &#34;com/bridgelabz/testcases/test_coder_distribution.py::TestCoderDistribution::test_view_coder_distribution_report&#34;: [{&#34;extras&#34;: [], &#34;result&#34;: &#34;Passed&#34;, &#34;testId&#34;: &#34;com/bridgelabz/testcases/test_coder_distribution.py::TestCoderDistribution::test_view_coder_distribution_report&#34;, &#34;duration&#34;: &#34;00:00:05&#34;, &#34;resultsTableRow&#34;: [&#34;&lt;td class=\&#34;col-result\&#34;&gt;Passed&lt;/td&gt;&#34;, &#34;&lt;td class=\&#34;col-testId\&#34;&gt;com/bridgelabz/testcases/test_coder_distribution.py::TestCoderDistribution::test_view_coder_distribution_report&lt;/td&gt;&#34;, &#34;&lt;td class=\&#34;col-duration\&#34;&gt;00:00:05&lt;/td&gt;&#34;, &#34;&lt;td class=\&#34;col-links\&#34;&gt;&lt;/td&gt;&#34;], &#34;log&#34;: &#34;----------------------------- Captured stderr call -----------------------------\n2025-08-01 16:59:01,658 - INFO - CoderDistributionReport - Opening Coder Distribution Report tab\n2025-08-01 16:59:01,716 - INFO - CoderDistributionReport - Coder Distribution tab clicked\n2025-08-01 16:59:01,716 - INFO - CoderDistributionReport - Selecting value &amp;#x27;P&amp;amp;A Phase 2&amp;#x27; from dropdown: (//div[@id=&amp;#x27;coe-select&amp;#x27;])[1]\n2025-08-01 16:59:02,886 - INFO - CoderDistributionReport - Selected option &amp;#x27;P&amp;amp;A Phase 2&amp;#x27;\n2025-08-01 16:59:02,886 - INFO - CoderDistributionReport - Selecting value &amp;#x27;Fellowship&amp;#x27; from dropdown: (//div[@id=&amp;#x27;coe-select&amp;#x27;])[2]\n2025-08-01 16:59:04,384 - INFO - CoderDistributionReport - Selected option &amp;#x27;Fellowship&amp;#x27;\n2025-08-01 16:59:04,384 - INFO - CoderDistributionReport - Clicking on VIEW button\n2025-08-01 16:59:06,709 - INFO - CoderDistributionReport - Coder Distribution Report loaded successfully with valid data\n\n------------------------------ Captured log call -------------------------------\nINFO     CoderDistributionReport:CoderDistributionReport.py:32 Opening Coder Distribution Report tab\nINFO     CoderDistributionReport:CoderDistributionReport.py:36 Coder Distribution tab clicked\nINFO     CoderDistributionReport:CoderDistributionReport.py:19 Selecting value &amp;#x27;P&amp;amp;A Phase 2&amp;#x27; from dropdown: (//div[@id=&amp;#x27;coe-select&amp;#x27;])[1]\nINFO     CoderDistributionReport:CoderDistributionReport.py:29 Selected option &amp;#x27;P&amp;amp;A Phase 2&amp;#x27;\nINFO     CoderDistributionReport:CoderDistributionReport.py:19 Selecting value &amp;#x27;Fellowship&amp;#x27; from dropdown: (//div[@id=&amp;#x27;coe-select&amp;#x27;])[2]\nINFO     CoderDistributionReport:CoderDistributionReport.py:29 Selected option &amp;#x27;Fellowship&amp;#x27;\nINFO     CoderDistributionReport:CoderDistributionReport.py:43 Clicking on VIEW button\nINFO     CoderDistributionReport:CoderDistributionReport.py:51 Coder Distribution Report loaded successfully with valid data\n\n&#34;}], &#34;com/bridgelabz/testcases/test_coe_labz.py::TestCOE::test_create_coe&#34;: [{&#34;extras&#34;: [], &#34;result&#34;: &#34;Failed&#34;, &#34;testId&#34;: &#34;com/bridgelabz/testcases/test_coe_labz.py::TestCOE::test_create_coe&#34;, &#34;duration&#34;: &#34;00:00:10&#34;, &#34;resultsTableRow&#34;: [&#34;&lt;td class=\&#34;col-result\&#34;&gt;Failed&lt;/td&gt;&#34;, &#34;&lt;td class=\&#34;col-testId\&#34;&gt;com/bridgelabz/testcases/test_coe_labz.py::TestCOE::test_create_coe&lt;/td&gt;&#34;, &#34;&lt;td class=\&#34;col-duration\&#34;&gt;00:00:10&lt;/td&gt;&#34;, &#34;&lt;td class=\&#34;col-links\&#34;&gt;&lt;/td&gt;&#34;], &#34;log&#34;: &#34;self = &amp;lt;com.bridgelabz.testcases.test_coe_labz.TestCOE object at 0x000001F3499E3C50&amp;gt;\nlogin = &amp;lt;selenium.webdriver.chrome.webdriver.WebDriver (session=&amp;quot;fbb72b1d21c325588e8b03914c457780&amp;quot;)&amp;gt;\n\n    @pytest.mark.sanity\n    def test_create_coe(self, login):\n        driver = login\n        coe = COECenter(driver)\n    \n        try:\n&amp;gt;           coe.click_create_coe_button()\n\ntestcases\\test_coe_labz.py:27: \n_ _ _ _ _ _ _ _ _ _ _ _ _ _ _ _ _ _ _ _ _ _ _ _ _ _ _ _ _ _ _ _ _ _ _ _ _ _ _ _ _ _ _ _ _ _ _ _ _ _ _ _ _ _ _ _ _ _ _ _ _ _ _ _ _ _ _ _ _ _ _ _ _ _ _ _ _ _ _ _ _ _ _ _ _ _ _ _ _ _\npageObjects\\COECenter\\COECenter.py:40: in click_create_coe_button\n    WebDriverWait(self.driver, 10).until(\n_ _ _ _ _ _ _ _ _ _ _ _ _ _ _ _ _ _ _ _ _ _ _ _ _ _ _ _ _ _ _ _ _ _ _ _ _ _ _ _ _ _ _ _ _ _ _ _ _ _ _ _ _ _ _ _ _ _ _ _ _ _ _ _ _ _ _ _ _ _ _ _ _ _ _ _ _ _ _ _ _ _ _ _ _ _ _ _ _ _\n\nself = &amp;lt;selenium.webdriver.support.wait.WebDriverWait (session=&amp;quot;fbb72b1d21c325588e8b03914c457780&amp;quot;)&amp;gt;\nmethod = &amp;lt;function element_to_be_clickable.&amp;lt;locals&amp;gt;._predicate at 0x000001F349E16700&amp;gt;, message = &amp;#x27;&amp;#x27;\n\n    def until(self, method: Callable[[D], Union[Literal[False], T]], message: str = &amp;quot;&amp;quot;) -&amp;gt; T:\n        &amp;quot;&amp;quot;&amp;quot;Wait until the method returns a value that is not False.\n    \n        Calls the method provided with the driver as an argument until the\n        return value does not evaluate to ``False``.\n    \n        Parameters:\n        -----------\n        method: callable(WebDriver)\n            - A callable object that takes a WebDriver instance as an argument.\n    \n        message: str\n            - Optional message for :exc:`TimeoutException`\n    \n        Return:\n        -------\n        object: T\n            - The result of the last call to `method`\n    \n        Raises:\n        -------\n        TimeoutException\n            - If &amp;#x27;method&amp;#x27; does not return a truthy value within the WebDriverWait\n            object&amp;#x27;s timeout\n    \n        Example:\n        --------\n        &amp;gt;&amp;gt;&amp;gt; from selenium.webdriver.common.by import By\n        &amp;gt;&amp;gt;&amp;gt; from selenium.webdriver.support.ui import WebDriverWait\n        &amp;gt;&amp;gt;&amp;gt; from selenium.webdriver.support import expected_conditions as EC\n    \n        # Wait until an element is visible on the page\n        &amp;gt;&amp;gt;&amp;gt; wait = WebDriverWait(driver, 10)\n        &amp;gt;&amp;gt;&amp;gt; element = wait.until(EC.visibility_of_element_located((By.ID, &amp;quot;exampleId&amp;quot;)))\n        &amp;gt;&amp;gt;&amp;gt; print(element.text)\n        &amp;quot;&amp;quot;&amp;quot;\n        screen = None\n        stacktrace = None\n    \n        end_time = time.monotonic() + self._timeout\n        while True:\n            try:\n                value = method(self._driver)\n                if value:\n                    return value\n            except self._ignored_exceptions as exc:\n                screen = getattr(exc, &amp;quot;screen&amp;quot;, None)\n                stacktrace = getattr(exc, &amp;quot;stacktrace&amp;quot;, None)\n            if time.monotonic() &amp;gt; end_time:\n                break\n            time.sleep(self._poll)\n&amp;gt;       raise TimeoutException(message, screen, stacktrace)\nE       selenium.common.exceptions.TimeoutException: Message: \nE       Stacktrace:\nE       \tGetHandleVerifier [0x0x7ff7fa67e415+77285]\nE       \tGetHandleVerifier [0x0x7ff7fa67e470+77376]\nE       \t(No symbol) [0x0x7ff7fa449a6a]\nE       \t(No symbol) [0x0x7ff7fa4a0406]\nE       \t(No symbol) [0x0x7ff7fa4a06bc]\nE       \t(No symbol) [0x0x7ff7fa4f3ac7]\nE       \t(No symbol) [0x0x7ff7fa4c864f]\nE       \t(No symbol) [0x0x7ff7fa4f087f]\nE       \t(No symbol) [0x0x7ff7fa4c83e3]\nE       \t(No symbol) [0x0x7ff7fa491521]\nE       \t(No symbol) [0x0x7ff7fa4922b3]\nE       \tGetHandleVerifier [0x0x7ff7fa961efd+3107021]\nE       \tGetHandleVerifier [0x0x7ff7fa95c29d+3083373]\nE       \tGetHandleVerifier [0x0x7ff7fa97bedd+3213485]\nE       \tGetHandleVerifier [0x0x7ff7fa69884e+184862]\nE       \tGetHandleVerifier [0x0x7ff7fa6a055f+216879]\nE       \tGetHandleVerifier [0x0x7ff7fa687084+113236]\nE       \tGetHandleVerifier [0x0x7ff7fa687239+113673]\nE       \tGetHandleVerifier [0x0x7ff7fa66e298+11368]\nE       \tBaseThreadInitThunk [0x0x7ff9ed36e8d7+23]\nE       \tRtlUserThreadStart [0x0x7ff9ee07c34c+44]\n\n..\\..\\.venv\\Lib\\site-packages\\selenium\\webdriver\\support\\wait.py:138: TimeoutException\n\nDuring handling of the above exception, another exception occurred:\n\nself = &amp;lt;com.bridgelabz.testcases.test_coe_labz.TestCOE object at 0x000001F3499E3C50&amp;gt;\nlogin = &amp;lt;selenium.webdriver.chrome.webdriver.WebDriver (session=&amp;quot;fbb72b1d21c325588e8b03914c457780&amp;quot;)&amp;gt;\n\n    @pytest.mark.sanity\n    def test_create_coe(self, login):\n        driver = login\n        coe = COECenter(driver)\n    \n        try:\n            coe.click_create_coe_button()\n            coe.fill_create_coe_form(\n                self.COE_NAME,\n                self.COE_DETAILS,\n                self.LATITUDE,\n                self.LONGITUDE,\n                self.DISTANCE\n            )\n            coe.click_create_button()\n    \n            assert self.COE_NAME in driver.page_source, &amp;quot;COE creation failed&amp;quot;\n            print(f&amp;quot;COE Creation successful: &amp;#x27;{self.COE_NAME}&amp;#x27; found in page source&amp;quot;)\n        except Exception as e:\n            take_screenshot(driver, &amp;quot;test_create_coe&amp;quot;)\n&amp;gt;           raise AssertionError(&amp;quot;COE creation failed. &amp;quot; + str(e))\nE           AssertionError: COE creation failed. Message: \nE           Stacktrace:\nE           \tGetHandleVerifier [0x0x7ff7fa67e415+77285]\nE           \tGetHandleVerifier [0x0x7ff7fa67e470+77376]\nE           \t(No symbol) [0x0x7ff7fa449a6a]\nE           \t(No symbol) [0x0x7ff7fa4a0406]\nE           \t(No symbol) [0x0x7ff7fa4a06bc]\nE           \t(No symbol) [0x0x7ff7fa4f3ac7]\nE           \t(No symbol) [0x0x7ff7fa4c864f]\nE           \t(No symbol) [0x0x7ff7fa4f087f]\nE           \t(No symbol) [0x0x7ff7fa4c83e3]\nE           \t(No symbol) [0x0x7ff7fa491521]\nE           \t(No symbol) [0x0x7ff7fa4922b3]\nE           \tGetHandleVerifier [0x0x7ff7fa961efd+3107021]\nE           \tGetHandleVerifier [0x0x7ff7fa95c29d+3083373]\nE           \tGetHandleVerifier [0x0x7ff7fa97bedd+3213485]\nE           \tGetHandleVerifier [0x0x7ff7fa69884e+184862]\nE           \tGetHandleVerifier [0x0x7ff7fa6a055f+216879]\nE           \tGetHandleVerifier [0x0x7ff7fa687084+113236]\nE           \tGetHandleVerifier [0x0x7ff7fa687239+113673]\nE           \tGetHandleVerifier [0x0x7ff7fa66e298+11368]\nE           \tBaseThreadInitThunk [0x0x7ff9ed36e8d7+23]\nE           \tRtlUserThreadStart [0x0x7ff9ee07c34c+44]\n\ntestcases\\test_coe_labz.py:41: AssertionError\n\n----------------------------- Captured stderr call -----------------------------\n2025-08-01 16:59:06,712 - INFO - COECenter - Clicking CREATE COE button.\n2025-08-01 16:59:16,759 - INFO - conftest - Preparing to take screenshot.\n2025-08-01 16:59:16,760 - INFO - conftest - Ensuring screenshot directory exists at /Practice-Attendance-Admin/ScreenShots.\n2025-08-01 16:59:16,760 - INFO - conftest - Saving screenshot to /Practice-Attendance-Admin/ScreenShots\\test_create_coe_01-08-2025_16-59-16.png.\n2025-08-01 16:59:16,841 - INFO - conftest - Screenshot saved at /Practice-Attendance-Admin/ScreenShots\\test_create_coe_01-08-2025_16-59-16.png\n\n------------------------------ Captured log call -------------------------------\nINFO     COECenter:COECenter.py:39 Clicking CREATE COE button.\nINFO     conftest:conftest.py:89 Preparing to take screenshot.\nINFO     conftest:conftest.py:91 Ensuring screenshot directory exists at /Practice-Attendance-Admin/ScreenShots.\nINFO     conftest:conftest.py:98 Saving screenshot to /Practice-Attendance-Admin/ScreenShots\\test_create_coe_01-08-2025_16-59-16.png.\nINFO     conftest:conftest.py:100 Screenshot saved at /Practice-Attendance-Admin/ScreenShots\\test_create_coe_01-08-2025_16-59-16.png\n\n&#34;}], &#34;com/bridgelabz/testcases/test_coe_labz.py::TestCOE::test_edit_coe&#34;: [{&#34;extras&#34;: [], &#34;result&#34;: &#34;Failed&#34;, &#34;testId&#34;: &#34;com/bridgelabz/testcases/test_coe_labz.py::TestCOE::test_edit_coe&#34;, &#34;duration&#34;: &#34;00:00:10&#34;, &#34;resultsTableRow&#34;: [&#34;&lt;td class=\&#34;col-result\&#34;&gt;Failed&lt;/td&gt;&#34;, &#34;&lt;td class=\&#34;col-testId\&#34;&gt;com/bridgelabz/testcases/test_coe_labz.py::TestCOE::test_edit_coe&lt;/td&gt;&#34;, &#34;&lt;td class=\&#34;col-duration\&#34;&gt;00:00:10&lt;/td&gt;&#34;, &#34;&lt;td class=\&#34;col-links\&#34;&gt;&lt;/td&gt;&#34;], &#34;log&#34;: &#34;self = &amp;lt;com.bridgelabz.testcases.test_coe_labz.TestCOE object at 0x000001F3499E3890&amp;gt;\nlogin = &amp;lt;selenium.webdriver.chrome.webdriver.WebDriver (session=&amp;quot;fbb72b1d21c325588e8b03914c457780&amp;quot;)&amp;gt;\n\n    @pytest.mark.sanity\n    def test_edit_coe(self, login):\n        driver = login\n        coe = COECenter(driver)\n    \n        try:\n&amp;gt;           coe.click_edit_SRMTN_button()\n\ntestcases\\test_coe_labz.py:49: \n_ _ _ _ _ _ _ _ _ _ _ _ _ _ _ _ _ _ _ _ _ _ _ _ _ _ _ _ _ _ _ _ _ _ _ _ _ _ _ _ _ _ _ _ _ _ _ _ _ _ _ _ _ _ _ _ _ _ _ _ _ _ _ _ _ _ _ _ _ _ _ _ _ _ _ _ _ _ _ _ _ _ _ _ _ _ _ _ _ _\npageObjects\\COECenter\\COECenter.py:60: in click_edit_SRMTN_button\n    WebDriverWait(self.driver, 10).until(\n_ _ _ _ _ _ _ _ _ _ _ _ _ _ _ _ _ _ _ _ _ _ _ _ _ _ _ _ _ _ _ _ _ _ _ _ _ _ _ _ _ _ _ _ _ _ _ _ _ _ _ _ _ _ _ _ _ _ _ _ _ _ _ _ _ _ _ _ _ _ _ _ _ _ _ _ _ _ _ _ _ _ _ _ _ _ _ _ _ _\n\nself = &amp;lt;selenium.webdriver.support.wait.WebDriverWait (session=&amp;quot;fbb72b1d21c325588e8b03914c457780&amp;quot;)&amp;gt;\nmethod = &amp;lt;function element_to_be_clickable.&amp;lt;locals&amp;gt;._predicate at 0x000001F349E168E0&amp;gt;, message = &amp;#x27;&amp;#x27;\n\n    def until(self, method: Callable[[D], Union[Literal[False], T]], message: str = &amp;quot;&amp;quot;) -&amp;gt; T:\n        &amp;quot;&amp;quot;&amp;quot;Wait until the method returns a value that is not False.\n    \n        Calls the method provided with the driver as an argument until the\n        return value does not evaluate to ``False``.\n    \n        Parameters:\n        -----------\n        method: callable(WebDriver)\n            - A callable object that takes a WebDriver instance as an argument.\n    \n        message: str\n            - Optional message for :exc:`TimeoutException`\n    \n        Return:\n        -------\n        object: T\n            - The result of the last call to `method`\n    \n        Raises:\n        -------\n        TimeoutException\n            - If &amp;#x27;method&amp;#x27; does not return a truthy value within the WebDriverWait\n            object&amp;#x27;s timeout\n    \n        Example:\n        --------\n        &amp;gt;&amp;gt;&amp;gt; from selenium.webdriver.common.by import By\n        &amp;gt;&amp;gt;&amp;gt; from selenium.webdriver.support.ui import WebDriverWait\n        &amp;gt;&amp;gt;&amp;gt; from selenium.webdriver.support import expected_conditions as EC\n    \n        # Wait until an element is visible on the page\n        &amp;gt;&amp;gt;&amp;gt; wait = WebDriverWait(driver, 10)\n        &amp;gt;&amp;gt;&amp;gt; element = wait.until(EC.visibility_of_element_located((By.ID, &amp;quot;exampleId&amp;quot;)))\n        &amp;gt;&amp;gt;&amp;gt; print(element.text)\n        &amp;quot;&amp;quot;&amp;quot;\n        screen = None\n        stacktrace = None\n    \n        end_time = time.monotonic() + self._timeout\n        while True:\n            try:\n                value = method(self._driver)\n                if value:\n                    return value\n            except self._ignored_exceptions as exc:\n                screen = getattr(exc, &amp;quot;screen&amp;quot;, None)\n                stacktrace = getattr(exc, &amp;quot;stacktrace&amp;quot;, None)\n            if time.monotonic() &amp;gt; end_time:\n                break\n            time.sleep(self._poll)\n&amp;gt;       raise TimeoutException(message, screen, stacktrace)\nE       selenium.common.exceptions.TimeoutException: Message: \nE       Stacktrace:\nE       \tGetHandleVerifier [0x0x7ff7fa67e415+77285]\nE       \tGetHandleVerifier [0x0x7ff7fa67e470+77376]\nE       \t(No symbol) [0x0x7ff7fa449a6a]\nE       \t(No symbol) [0x0x7ff7fa4a0406]\nE       \t(No symbol) [0x0x7ff7fa4a06bc]\nE       \t(No symbol) [0x0x7ff7fa4f3ac7]\nE       \t(No symbol) [0x0x7ff7fa4c864f]\nE       \t(No symbol) [0x0x7ff7fa4f087f]\nE       \t(No symbol) [0x0x7ff7fa4c83e3]\nE       \t(No symbol) [0x0x7ff7fa491521]\nE       \t(No symbol) [0x0x7ff7fa4922b3]\nE       \tGetHandleVerifier [0x0x7ff7fa961efd+3107021]\nE       \tGetHandleVerifier [0x0x7ff7fa95c29d+3083373]\nE       \tGetHandleVerifier [0x0x7ff7fa97bedd+3213485]\nE       \tGetHandleVerifier [0x0x7ff7fa69884e+184862]\nE       \tGetHandleVerifier [0x0x7ff7fa6a055f+216879]\nE       \tGetHandleVerifier [0x0x7ff7fa687084+113236]\nE       \tGetHandleVerifier [0x0x7ff7fa687239+113673]\nE       \tGetHandleVerifier [0x0x7ff7fa66e298+11368]\nE       \tBaseThreadInitThunk [0x0x7ff9ed36e8d7+23]\nE       \tRtlUserThreadStart [0x0x7ff9ee07c34c+44]\n\n..\\..\\.venv\\Lib\\site-packages\\selenium\\webdriver\\support\\wait.py:138: TimeoutException\n\nDuring handling of the above exception, another exception occurred:\n\nself = &amp;lt;com.bridgelabz.testcases.test_coe_labz.TestCOE object at 0x000001F3499E3890&amp;gt;\nlogin = &amp;lt;selenium.webdriver.chrome.webdriver.WebDriver (session=&amp;quot;fbb72b1d21c325588e8b03914c457780&amp;quot;)&amp;gt;\n\n    @pytest.mark.sanity\n    def test_edit_coe(self, login):\n        driver = login\n        coe = COECenter(driver)\n    \n        try:\n            coe.click_edit_SRMTN_button()\n            coe.edit_details(self.EDITED_DETAILS)\n            coe.click_edit_button()\n    \n            assert self.EDITED_DETAILS in driver.page_source, &amp;quot;COE edit failed&amp;quot;\n            print(f&amp;quot;COE Edit successful: &amp;#x27;{self.EDITED_DETAILS}&amp;#x27; found in page source&amp;quot;)\n        except Exception as e:\n            take_screenshot(driver, &amp;quot;test_edit_coe&amp;quot;)\n&amp;gt;           raise AssertionError(&amp;quot;COE edit failed. &amp;quot; + str(e))\nE           AssertionError: COE edit failed. Message: \nE           Stacktrace:\nE           \tGetHandleVerifier [0x0x7ff7fa67e415+77285]\nE           \tGetHandleVerifier [0x0x7ff7fa67e470+77376]\nE           \t(No symbol) [0x0x7ff7fa449a6a]\nE           \t(No symbol) [0x0x7ff7fa4a0406]\nE           \t(No symbol) [0x0x7ff7fa4a06bc]\nE           \t(No symbol) [0x0x7ff7fa4f3ac7]\nE           \t(No symbol) [0x0x7ff7fa4c864f]\nE           \t(No symbol) [0x0x7ff7fa4f087f]\nE           \t(No symbol) [0x0x7ff7fa4c83e3]\nE           \t(No symbol) [0x0x7ff7fa491521]\nE           \t(No symbol) [0x0x7ff7fa4922b3]\nE           \tGetHandleVerifier [0x0x7ff7fa961efd+3107021]\nE           \tGetHandleVerifier [0x0x7ff7fa95c29d+3083373]\nE           \tGetHandleVerifier [0x0x7ff7fa97bedd+3213485]\nE           \tGetHandleVerifier [0x0x7ff7fa69884e+184862]\nE           \tGetHandleVerifier [0x0x7ff7fa6a055f+216879]\nE           \tGetHandleVerifier [0x0x7ff7fa687084+113236]\nE           \tGetHandleVerifier [0x0x7ff7fa687239+113673]\nE           \tGetHandleVerifier [0x0x7ff7fa66e298+11368]\nE           \tBaseThreadInitThunk [0x0x7ff9ed36e8d7+23]\nE           \tRtlUserThreadStart [0x0x7ff9ee07c34c+44]\n\ntestcases\\test_coe_labz.py:57: AssertionError\n\n----------------------------- Captured stderr call -----------------------------\n2025-08-01 16:59:16,972 - INFO - COECenter - Clicking edit button for SRMTN.\n2025-08-01 16:59:27,012 - INFO - conftest - Preparing to take screenshot.\n2025-08-01 16:59:27,012 - INFO - conftest - Ensuring screenshot directory exists at /Practice-Attendance-Admin/ScreenShots.\n2025-08-01 16:59:27,013 - INFO - conftest - Saving screenshot to /Practice-Attendance-Admin/ScreenShots\\test_edit_coe_01-08-2025_16-59-27.png.\n2025-08-01 16:59:27,104 - INFO - conftest - Screenshot saved at /Practice-Attendance-Admin/ScreenShots\\test_edit_coe_01-08-2025_16-59-27.png\n\n------------------------------ Captured log call -------------------------------\nINFO     COECenter:COECenter.py:59 Clicking edit button for SRMTN.\nINFO     conftest:conftest.py:89 Preparing to take screenshot.\nINFO     conftest:conftest.py:91 Ensuring screenshot directory exists at /Practice-Attendance-Admin/ScreenShots.\nINFO     conftest:conftest.py:98 Saving screenshot to /Practice-Attendance-Admin/ScreenShots\\test_edit_coe_01-08-2025_16-59-27.png.\nINFO     conftest:conftest.py:100 Screenshot saved at /Practice-Attendance-Admin/ScreenShots\\test_edit_coe_01-08-2025_16-59-27.png\n\n&#34;}], &#34;com/bridgelabz/testcases/test_coe_labz.py::TestCOE::test_check_download_sample_csv&#34;: [{&#34;extras&#34;: [], &#34;result&#34;: &#34;Failed&#34;, &#34;testId&#34;: &#34;com/bridgelabz/testcases/test_coe_labz.py::TestCOE::test_check_download_sample_csv&#34;, &#34;duration&#34;: &#34;00:00:10&#34;, &#34;resultsTableRow&#34;: [&#34;&lt;td class=\&#34;col-result\&#34;&gt;Failed&lt;/td&gt;&#34;, &#34;&lt;td class=\&#34;col-testId\&#34;&gt;com/bridgelabz/testcases/test_coe_labz.py::TestCOE::test_check_download_sample_csv&lt;/td&gt;&#34;, &#34;&lt;td class=\&#34;col-duration\&#34;&gt;00:00:10&lt;/td&gt;&#34;, &#34;&lt;td class=\&#34;col-links\&#34;&gt;&lt;/td&gt;&#34;], &#34;log&#34;: &#34;self = &amp;lt;com.bridgelabz.testcases.test_coe_labz.TestCOE object at 0x000001F3499F1480&amp;gt;\nlogin = &amp;lt;selenium.webdriver.chrome.webdriver.WebDriver (session=&amp;quot;fbb72b1d21c325588e8b03914c457780&amp;quot;)&amp;gt;\n\n    @pytest.mark.sanity\n    def test_check_download_sample_csv(self, login):\n        driver = login\n        coe = COECenter(driver)\n    \n        download_directory = os.path.expanduser(&amp;quot;~/Downloads&amp;quot;)\n        expected_file_prefix = &amp;quot;SampleLearnerCSV&amp;quot;\n        file_extension = &amp;quot;.csv&amp;quot;\n        wait_timeout = 10\n    \n        # Clean existing files\n        for file in os.listdir(download_directory):\n            if file.startswith(expected_file_prefix) and file.endswith(file_extension):\n                os.remove(os.path.join(download_directory, file))\n    \n        # Perform UI actions\n        coe.click_learner_button()\n&amp;gt;       coe.click_download_learner_data_csv()\n\ntestcases\\test_coe_labz.py:93: \n_ _ _ _ _ _ _ _ _ _ _ _ _ _ _ _ _ _ _ _ _ _ _ _ _ _ _ _ _ _ _ _ _ _ _ _ _ _ _ _ _ _ _ _ _ _ _ _ _ _ _ _ _ _ _ _ _ _ _ _ _ _ _ _ _ _ _ _ _ _ _ _ _ _ _ _ _ _ _ _ _ _ _ _ _ _ _ _ _ _\npageObjects\\COECenter\\COECenter.py:100: in click_download_learner_data_csv\n    download_button = self.wait.until(EC.element_to_be_clickable((By.XPATH, self.download_learner_data_csv_xpath)))\n                      ^^^^^^^^^^^^^^^^^^^^^^^^^^^^^^^^^^^^^^^^^^^^^^^^^^^^^^^^^^^^^^^^^^^^^^^^^^^^^^^^^^^^^^^^^^^^^\n_ _ _ _ _ _ _ _ _ _ _ _ _ _ _ _ _ _ _ _ _ _ _ _ _ _ _ _ _ _ _ _ _ _ _ _ _ _ _ _ _ _ _ _ _ _ _ _ _ _ _ _ _ _ _ _ _ _ _ _ _ _ _ _ _ _ _ _ _ _ _ _ _ _ _ _ _ _ _ _ _ _ _ _ _ _ _ _ _ _\n\nself = &amp;lt;selenium.webdriver.support.wait.WebDriverWait (session=&amp;quot;fbb72b1d21c325588e8b03914c457780&amp;quot;)&amp;gt;\nmethod = &amp;lt;function element_to_be_clickable.&amp;lt;locals&amp;gt;._predicate at 0x000001F349E8FF60&amp;gt;, message = &amp;#x27;&amp;#x27;\n\n    def until(self, method: Callable[[D], Union[Literal[False], T]], message: str = &amp;quot;&amp;quot;) -&amp;gt; T:\n        &amp;quot;&amp;quot;&amp;quot;Wait until the method returns a value that is not False.\n    \n        Calls the method provided with the driver as an argument until the\n        return value does not evaluate to ``False``.\n    \n        Parameters:\n        -----------\n        method: callable(WebDriver)\n            - A callable object that takes a WebDriver instance as an argument.\n    \n        message: str\n            - Optional message for :exc:`TimeoutException`\n    \n        Return:\n        -------\n        object: T\n            - The result of the last call to `method`\n    \n        Raises:\n        -------\n        TimeoutException\n            - If &amp;#x27;method&amp;#x27; does not return a truthy value within the WebDriverWait\n            object&amp;#x27;s timeout\n    \n        Example:\n        --------\n        &amp;gt;&amp;gt;&amp;gt; from selenium.webdriver.common.by import By\n        &amp;gt;&amp;gt;&amp;gt; from selenium.webdriver.support.ui import WebDriverWait\n        &amp;gt;&amp;gt;&amp;gt; from selenium.webdriver.support import expected_conditions as EC\n    \n        # Wait until an element is visible on the page\n        &amp;gt;&amp;gt;&amp;gt; wait = WebDriverWait(driver, 10)\n        &amp;gt;&amp;gt;&amp;gt; element = wait.until(EC.visibility_of_element_located((By.ID, &amp;quot;exampleId&amp;quot;)))\n        &amp;gt;&amp;gt;&amp;gt; print(element.text)\n        &amp;quot;&amp;quot;&amp;quot;\n        screen = None\n        stacktrace = None\n    \n        end_time = time.monotonic() + self._timeout\n        while True:\n            try:\n                value = method(self._driver)\n                if value:\n                    return value\n            except self._ignored_exceptions as exc:\n                screen = getattr(exc, &amp;quot;screen&amp;quot;, None)\n                stacktrace = getattr(exc, &amp;quot;stacktrace&amp;quot;, None)\n            if time.monotonic() &amp;gt; end_time:\n                break\n            time.sleep(self._poll)\n&amp;gt;       raise TimeoutException(message, screen, stacktrace)\nE       selenium.common.exceptions.TimeoutException: Message: \nE       Stacktrace:\nE       \tGetHandleVerifier [0x0x7ff7fa67e415+77285]\nE       \tGetHandleVerifier [0x0x7ff7fa67e470+77376]\nE       \t(No symbol) [0x0x7ff7fa449a6a]\nE       \t(No symbol) [0x0x7ff7fa4a0406]\nE       \t(No symbol) [0x0x7ff7fa4a06bc]\nE       \t(No symbol) [0x0x7ff7fa4f3ac7]\nE       \t(No symbol) [0x0x7ff7fa4c864f]\nE       \t(No symbol) [0x0x7ff7fa4f087f]\nE       \t(No symbol) [0x0x7ff7fa4c83e3]\nE       \t(No symbol) [0x0x7ff7fa491521]\nE       \t(No symbol) [0x0x7ff7fa4922b3]\nE       \tGetHandleVerifier [0x0x7ff7fa961efd+3107021]\nE       \tGetHandleVerifier [0x0x7ff7fa95c29d+3083373]\nE       \tGetHandleVerifier [0x0x7ff7fa97bedd+3213485]\nE       \tGetHandleVerifier [0x0x7ff7fa69884e+184862]\nE       \tGetHandleVerifier [0x0x7ff7fa6a055f+216879]\nE       \tGetHandleVerifier [0x0x7ff7fa687084+113236]\nE       \tGetHandleVerifier [0x0x7ff7fa687239+113673]\nE       \tGetHandleVerifier [0x0x7ff7fa66e298+11368]\nE       \tBaseThreadInitThunk [0x0x7ff9ed36e8d7+23]\nE       \tRtlUserThreadStart [0x0x7ff9ee07c34c+44]\n\n..\\..\\.venv\\Lib\\site-packages\\selenium\\webdriver\\support\\wait.py:138: TimeoutException\n\n----------------------------- Captured stderr call -----------------------------\n2025-08-01 16:59:27,119 - INFO - COECenter - Clicking Learner count button.\n2025-08-01 16:59:27,172 - INFO - COECenter - Learner button clicked.\n2025-08-01 16:59:27,173 - INFO - COECenter - Clicking Download Learner Data CSV button.\n\n------------------------------ Captured log call -------------------------------\nINFO     COECenter:COECenter.py:87 Clicking Learner count button.\nINFO     COECenter:COECenter.py:90 Learner button clicked.\nINFO     COECenter:COECenter.py:99 Clicking Download Learner Data CSV button.\n\n&#34;}], &#34;com/bridgelabz/testcases/test_coe_labz.py::TestCOE::test_check_download_learner_data_csv&#34;: [{&#34;extras&#34;: [], &#34;result&#34;: &#34;Failed&#34;, &#34;testId&#34;: &#34;com/bridgelabz/testcases/test_coe_labz.py::TestCOE::test_check_download_learner_data_csv&#34;, &#34;duration&#34;: &#34;00:00:10&#34;, &#34;resultsTableRow&#34;: [&#34;&lt;td class=\&#34;col-result\&#34;&gt;Failed&lt;/td&gt;&#34;, &#34;&lt;td class=\&#34;col-testId\&#34;&gt;com/bridgelabz/testcases/test_coe_labz.py::TestCOE::test_check_download_learner_data_csv&lt;/td&gt;&#34;, &#34;&lt;td class=\&#34;col-duration\&#34;&gt;00:00:10&lt;/td&gt;&#34;, &#34;&lt;td class=\&#34;col-links\&#34;&gt;&lt;/td&gt;&#34;], &#34;log&#34;: &#34;self = &amp;lt;com.bridgelabz.testcases.test_coe_labz.TestCOE object at 0x000001F349A6DB50&amp;gt;\nlogin = &amp;lt;selenium.webdriver.chrome.webdriver.WebDriver (session=&amp;quot;fbb72b1d21c325588e8b03914c457780&amp;quot;)&amp;gt;\n\n    @pytest.mark.sanity\n    def test_check_download_learner_data_csv(self, login):\n        driver = login\n        coe = COECenter(driver)\n    \n        download_directory = os.path.expanduser(&amp;quot;~/Downloads&amp;quot;)\n        expected_file_prefix = &amp;quot;LearnersData&amp;quot;\n        file_extension = &amp;quot;.csv&amp;quot;\n        wait_timeout = 10\n    \n        # Clean existing files\n        for file in os.listdir(download_directory):\n            if file.startswith(expected_file_prefix) and file.endswith(file_extension):\n                os.remove(os.path.join(download_directory, file))\n    \n        # Perform UI actions\n        coe.click_learner_button()\n&amp;gt;       coe.click_download_learner_data_csv()\n\ntestcases\\test_coe_labz.py:146: \n_ _ _ _ _ _ _ _ _ _ _ _ _ _ _ _ _ _ _ _ _ _ _ _ _ _ _ _ _ _ _ _ _ _ _ _ _ _ _ _ _ _ _ _ _ _ _ _ _ _ _ _ _ _ _ _ _ _ _ _ _ _ _ _ _ _ _ _ _ _ _ _ _ _ _ _ _ _ _ _ _ _ _ _ _ _ _ _ _ _\npageObjects\\COECenter\\COECenter.py:100: in click_download_learner_data_csv\n    download_button = self.wait.until(EC.element_to_be_clickable((By.XPATH, self.download_learner_data_csv_xpath)))\n                      ^^^^^^^^^^^^^^^^^^^^^^^^^^^^^^^^^^^^^^^^^^^^^^^^^^^^^^^^^^^^^^^^^^^^^^^^^^^^^^^^^^^^^^^^^^^^^\n_ _ _ _ _ _ _ _ _ _ _ _ _ _ _ _ _ _ _ _ _ _ _ _ _ _ _ _ _ _ _ _ _ _ _ _ _ _ _ _ _ _ _ _ _ _ _ _ _ _ _ _ _ _ _ _ _ _ _ _ _ _ _ _ _ _ _ _ _ _ _ _ _ _ _ _ _ _ _ _ _ _ _ _ _ _ _ _ _ _\n\nself = &amp;lt;selenium.webdriver.support.wait.WebDriverWait (session=&amp;quot;fbb72b1d21c325588e8b03914c457780&amp;quot;)&amp;gt;\nmethod = &amp;lt;function element_to_be_clickable.&amp;lt;locals&amp;gt;._predicate at 0x000001F349DCAB60&amp;gt;, message = &amp;#x27;&amp;#x27;\n\n    def until(self, method: Callable[[D], Union[Literal[False], T]], message: str = &amp;quot;&amp;quot;) -&amp;gt; T:\n        &amp;quot;&amp;quot;&amp;quot;Wait until the method returns a value that is not False.\n    \n        Calls the method provided with the driver as an argument until the\n        return value does not evaluate to ``False``.\n    \n        Parameters:\n        -----------\n        method: callable(WebDriver)\n            - A callable object that takes a WebDriver instance as an argument.\n    \n        message: str\n            - Optional message for :exc:`TimeoutException`\n    \n        Return:\n        -------\n        object: T\n            - The result of the last call to `method`\n    \n        Raises:\n        -------\n        TimeoutException\n            - If &amp;#x27;method&amp;#x27; does not return a truthy value within the WebDriverWait\n            object&amp;#x27;s timeout\n    \n        Example:\n        --------\n        &amp;gt;&amp;gt;&amp;gt; from selenium.webdriver.common.by import By\n        &amp;gt;&amp;gt;&amp;gt; from selenium.webdriver.support.ui import WebDriverWait\n        &amp;gt;&amp;gt;&amp;gt; from selenium.webdriver.support import expected_conditions as EC\n    \n        # Wait until an element is visible on the page\n        &amp;gt;&amp;gt;&amp;gt; wait = WebDriverWait(driver, 10)\n        &amp;gt;&amp;gt;&amp;gt; element = wait.until(EC.visibility_of_element_located((By.ID, &amp;quot;exampleId&amp;quot;)))\n        &amp;gt;&amp;gt;&amp;gt; print(element.text)\n        &amp;quot;&amp;quot;&amp;quot;\n        screen = None\n        stacktrace = None\n    \n        end_time = time.monotonic() + self._timeout\n        while True:\n            try:\n                value = method(self._driver)\n                if value:\n                    return value\n            except self._ignored_exceptions as exc:\n                screen = getattr(exc, &amp;quot;screen&amp;quot;, None)\n                stacktrace = getattr(exc, &amp;quot;stacktrace&amp;quot;, None)\n            if time.monotonic() &amp;gt; end_time:\n                break\n            time.sleep(self._poll)\n&amp;gt;       raise TimeoutException(message, screen, stacktrace)\nE       selenium.common.exceptions.TimeoutException: Message: \nE       Stacktrace:\nE       \tGetHandleVerifier [0x0x7ff7fa67e415+77285]\nE       \tGetHandleVerifier [0x0x7ff7fa67e470+77376]\nE       \t(No symbol) [0x0x7ff7fa449a6a]\nE       \t(No symbol) [0x0x7ff7fa4a0406]\nE       \t(No symbol) [0x0x7ff7fa4a06bc]\nE       \t(No symbol) [0x0x7ff7fa4f3ac7]\nE       \t(No symbol) [0x0x7ff7fa4c864f]\nE       \t(No symbol) [0x0x7ff7fa4f087f]\nE       \t(No symbol) [0x0x7ff7fa4c83e3]\nE       \t(No symbol) [0x0x7ff7fa491521]\nE       \t(No symbol) [0x0x7ff7fa4922b3]\nE       \tGetHandleVerifier [0x0x7ff7fa961efd+3107021]\nE       \tGetHandleVerifier [0x0x7ff7fa95c29d+3083373]\nE       \tGetHandleVerifier [0x0x7ff7fa97bedd+3213485]\nE       \tGetHandleVerifier [0x0x7ff7fa69884e+184862]\nE       \tGetHandleVerifier [0x0x7ff7fa6a055f+216879]\nE       \tGetHandleVerifier [0x0x7ff7fa687084+113236]\nE       \tGetHandleVerifier [0x0x7ff7fa687239+113673]\nE       \tGetHandleVerifier [0x0x7ff7fa66e298+11368]\nE       \tBaseThreadInitThunk [0x0x7ff9ed36e8d7+23]\nE       \tRtlUserThreadStart [0x0x7ff9ee07c34c+44]\n\n..\\..\\.venv\\Lib\\site-packages\\selenium\\webdriver\\support\\wait.py:138: TimeoutException\n\n----------------------------- Captured stderr call -----------------------------\n2025-08-01 16:59:37,192 - INFO - COECenter - Clicking Learner count button.\n2025-08-01 16:59:37,255 - INFO - COECenter - Learner button clicked.\n2025-08-01 16:59:37,255 - INFO - COECenter - Clicking Download Learner Data CSV button.\n\n------------------------------ Captured log call -------------------------------\nINFO     COECenter:COECenter.py:87 Clicking Learner count button.\nINFO     COECenter:COECenter.py:90 Learner button clicked.\nINFO     COECenter:COECenter.py:99 Clicking Download Learner Data CSV button.\n\n&#34;}], &#34;com/bridgelabz/testcases/test_coe_labz.py::TestCOE::test_upload_csv_file&#34;: [{&#34;extras&#34;: [], &#34;result&#34;: &#34;Failed&#34;, &#34;testId&#34;: &#34;com/bridgelabz/testcases/test_coe_labz.py::TestCOE::test_upload_csv_file&#34;, &#34;duration&#34;: &#34;00:00:10&#34;, &#34;resultsTableRow&#34;: [&#34;&lt;td class=\&#34;col-result\&#34;&gt;Failed&lt;/td&gt;&#34;, &#34;&lt;td class=\&#34;col-testId\&#34;&gt;com/bridgelabz/testcases/test_coe_labz.py::TestCOE::test_upload_csv_file&lt;/td&gt;&#34;, &#34;&lt;td class=\&#34;col-duration\&#34;&gt;00:00:10&lt;/td&gt;&#34;, &#34;&lt;td class=\&#34;col-links\&#34;&gt;&lt;/td&gt;&#34;], &#34;log&#34;: &#34;self = &amp;lt;com.bridgelabz.testcases.test_coe_labz.TestCOE object at 0x000001F349A3CF30&amp;gt;\nlogin = &amp;lt;selenium.webdriver.chrome.webdriver.WebDriver (session=&amp;quot;fbb72b1d21c325588e8b03914c457780&amp;quot;)&amp;gt;\n\n    @pytest.mark.sanity\n    def test_upload_csv_file(self, login):\n        driver = login\n        coe = COECenter(driver)\n    \n        # Ensure file path is correct\n        file_path = r&amp;quot;C:\\Users\\ASUS\\Downloads\\CSVFiles\\SampleLearnerCSV.csv&amp;quot;  # &amp;lt;-- FIXED\n        if not os.path.exists(file_path):\n            raise FileNotFoundError(f&amp;quot;CSV file not found at: {file_path}&amp;quot;)\n    \n        coe.click_learner_button()\n&amp;gt;       coe.upload_csv_file(file_path=file_path)\n\ntestcases\\test_coe_labz.py:193: \n_ _ _ _ _ _ _ _ _ _ _ _ _ _ _ _ _ _ _ _ _ _ _ _ _ _ _ _ _ _ _ _ _ _ _ _ _ _ _ _ _ _ _ _ _ _ _ _ _ _ _ _ _ _ _ _ _ _ _ _ _ _ _ _ _ _ _ _ _ _ _ _ _ _ _ _ _ _ _ _ _ _ _ _ _ _ _ _ _ _\npageObjects\\COECenter\\COECenter.py:107: in upload_csv_file\n    upload_btn = self.wait.until(EC.element_to_be_clickable((By.XPATH, self.upload_csv_btn_xpath)))\n                 ^^^^^^^^^^^^^^^^^^^^^^^^^^^^^^^^^^^^^^^^^^^^^^^^^^^^^^^^^^^^^^^^^^^^^^^^^^^^^^^^^^\n_ _ _ _ _ _ _ _ _ _ _ _ _ _ _ _ _ _ _ _ _ _ _ _ _ _ _ _ _ _ _ _ _ _ _ _ _ _ _ _ _ _ _ _ _ _ _ _ _ _ _ _ _ _ _ _ _ _ _ _ _ _ _ _ _ _ _ _ _ _ _ _ _ _ _ _ _ _ _ _ _ _ _ _ _ _ _ _ _ _\n\nself = &amp;lt;selenium.webdriver.support.wait.WebDriverWait (session=&amp;quot;fbb72b1d21c325588e8b03914c457780&amp;quot;)&amp;gt;\nmethod = &amp;lt;function element_to_be_clickable.&amp;lt;locals&amp;gt;._predicate at 0x000001F349E8FA60&amp;gt;, message = &amp;#x27;&amp;#x27;\n\n    def until(self, method: Callable[[D], Union[Literal[False], T]], message: str = &amp;quot;&amp;quot;) -&amp;gt; T:\n        &amp;quot;&amp;quot;&amp;quot;Wait until the method returns a value that is not False.\n    \n        Calls the method provided with the driver as an argument until the\n        return value does not evaluate to ``False``.\n    \n        Parameters:\n        -----------\n        method: callable(WebDriver)\n            - A callable object that takes a WebDriver instance as an argument.\n    \n        message: str\n            - Optional message for :exc:`TimeoutException`\n    \n        Return:\n        -------\n        object: T\n            - The result of the last call to `method`\n    \n        Raises:\n        -------\n        TimeoutException\n            - If &amp;#x27;method&amp;#x27; does not return a truthy value within the WebDriverWait\n            object&amp;#x27;s timeout\n    \n        Example:\n        --------\n        &amp;gt;&amp;gt;&amp;gt; from selenium.webdriver.common.by import By\n        &amp;gt;&amp;gt;&amp;gt; from selenium.webdriver.support.ui import WebDriverWait\n        &amp;gt;&amp;gt;&amp;gt; from selenium.webdriver.support import expected_conditions as EC\n    \n        # Wait until an element is visible on the page\n        &amp;gt;&amp;gt;&amp;gt; wait = WebDriverWait(driver, 10)\n        &amp;gt;&amp;gt;&amp;gt; element = wait.until(EC.visibility_of_element_located((By.ID, &amp;quot;exampleId&amp;quot;)))\n        &amp;gt;&amp;gt;&amp;gt; print(element.text)\n        &amp;quot;&amp;quot;&amp;quot;\n        screen = None\n        stacktrace = None\n    \n        end_time = time.monotonic() + self._timeout\n        while True:\n            try:\n                value = method(self._driver)\n                if value:\n                    return value\n            except self._ignored_exceptions as exc:\n                screen = getattr(exc, &amp;quot;screen&amp;quot;, None)\n                stacktrace = getattr(exc, &amp;quot;stacktrace&amp;quot;, None)\n            if time.monotonic() &amp;gt; end_time:\n                break\n            time.sleep(self._poll)\n&amp;gt;       raise TimeoutException(message, screen, stacktrace)\nE       selenium.common.exceptions.TimeoutException: Message: \nE       Stacktrace:\nE       \tGetHandleVerifier [0x0x7ff7fa67e415+77285]\nE       \tGetHandleVerifier [0x0x7ff7fa67e470+77376]\nE       \t(No symbol) [0x0x7ff7fa449a6a]\nE       \t(No symbol) [0x0x7ff7fa4a0406]\nE       \t(No symbol) [0x0x7ff7fa4a06bc]\nE       \t(No symbol) [0x0x7ff7fa4f3ac7]\nE       \t(No symbol) [0x0x7ff7fa4c864f]\nE       \t(No symbol) [0x0x7ff7fa4f087f]\nE       \t(No symbol) [0x0x7ff7fa4c83e3]\nE       \t(No symbol) [0x0x7ff7fa491521]\nE       \t(No symbol) [0x0x7ff7fa4922b3]\nE       \tGetHandleVerifier [0x0x7ff7fa961efd+3107021]\nE       \tGetHandleVerifier [0x0x7ff7fa95c29d+3083373]\nE       \tGetHandleVerifier [0x0x7ff7fa97bedd+3213485]\nE       \tGetHandleVerifier [0x0x7ff7fa69884e+184862]\nE       \tGetHandleVerifier [0x0x7ff7fa6a055f+216879]\nE       \tGetHandleVerifier [0x0x7ff7fa687084+113236]\nE       \tGetHandleVerifier [0x0x7ff7fa687239+113673]\nE       \tGetHandleVerifier [0x0x7ff7fa66e298+11368]\nE       \tBaseThreadInitThunk [0x0x7ff9ed36e8d7+23]\nE       \tRtlUserThreadStart [0x0x7ff9ee07c34c+44]\n\n..\\..\\.venv\\Lib\\site-packages\\selenium\\webdriver\\support\\wait.py:138: TimeoutException\n\n----------------------------- Captured stderr call -----------------------------\n2025-08-01 16:59:47,315 - INFO - COECenter - Clicking Learner count button.\n2025-08-01 16:59:47,359 - INFO - COECenter - Learner button clicked.\n2025-08-01 16:59:47,359 - INFO - COECenter - Uploading CSV file from path: C:\\Users\\ASUS\\Downloads\\CSVFiles\\SampleLearnerCSV.csv\n\n------------------------------ Captured log call -------------------------------\nINFO     COECenter:COECenter.py:87 Clicking Learner count button.\nINFO     COECenter:COECenter.py:90 Learner button clicked.\nINFO     COECenter:COECenter.py:105 Uploading CSV file from path: C:\\Users\\ASUS\\Downloads\\CSVFiles\\SampleLearnerCSV.csv\n\n&#34;}], &#34;com/bridgelabz/testcases/test_daily_reports.py::TestDailyReports::test_view_daily_attendance_report&#34;: [{&#34;extras&#34;: [], &#34;result&#34;: &#34;Passed&#34;, &#34;testId&#34;: &#34;com/bridgelabz/testcases/test_daily_reports.py::TestDailyReports::test_view_daily_attendance_report&#34;, &#34;duration&#34;: &#34;00:00:16&#34;, &#34;resultsTableRow&#34;: [&#34;&lt;td class=\&#34;col-result\&#34;&gt;Passed&lt;/td&gt;&#34;, &#34;&lt;td class=\&#34;col-testId\&#34;&gt;com/bridgelabz/testcases/test_daily_reports.py::TestDailyReports::test_view_daily_attendance_report&lt;/td&gt;&#34;, &#34;&lt;td class=\&#34;col-duration\&#34;&gt;00:00:16&lt;/td&gt;&#34;, &#34;&lt;td class=\&#34;col-links\&#34;&gt;&lt;/td&gt;&#34;], &#34;log&#34;: &#34;----------------------------- Captured stderr call -----------------------------\n2025-08-01 16:59:57,457 - INFO - DailyReports - Clicked on Daily Report tab\n2025-08-01 16:59:57,659 - INFO - DailyReports - Clicked on View Daily Attendance Report button\n2025-08-01 16:59:57,797 - INFO - DailyReports - Clicked combobox: (//div[@class=&amp;#x27;MuiInputBase-root MuiOutlinedInput-root MuiInputBase-colorPrimary MuiInputBase-formControl MuiInputBase-sizeSmall MuiSelect-root css-iz33ar&amp;#x27;])[1]\n2025-08-01 16:59:58,871 - INFO - DailyReports - Selected option: P&amp;amp;A Phase 2\n2025-08-01 16:59:59,932 - INFO - DailyReports - Clicked combobox: //label[text()=&amp;#x27;Lab Type*&amp;#x27;]/following-sibling::div//div[@role=&amp;#x27;combobox&amp;#x27;]\n2025-08-01 17:00:01,020 - INFO - DailyReports - Selected option: Fellowship\n2025-08-01 17:00:04,143 - INFO - DailyReports - Selected attendance name: Day Order1\n2025-08-01 17:00:05,209 - INFO - DailyReports - Clicked combobox: //label[normalize-space()=&amp;#x27;Session Time&amp;#x27;]/following-sibling::div//div[@role=&amp;#x27;combobox&amp;#x27;]\n2025-08-01 17:00:06,279 - INFO - DailyReports - Selected option: 10:00 AM - 05:00 PM\n2025-08-01 17:00:08,301 - INFO - DailyReports - Date set for //input[@name=&amp;#x27;fromDate&amp;#x27;]: 2025-05-01\n2025-08-01 17:00:11,320 - INFO - DailyReports - Date set for //input[@name=&amp;#x27;toDate&amp;#x27;]: 2025-07-01\n2025-08-01 17:00:11,387 - INFO - DailyReports - Clicked on View button for Attendance Report\n2025-08-01 17:00:13,393 - INFO - DailyReports - Total Strength column is present in Daily Attendance Report \u2014 Validation Passed\n\n------------------------------ Captured log call -------------------------------\nINFO     DailyReports:DailyReports.py:75 Clicked on Daily Report tab\nINFO     DailyReports:DailyReports.py:80 Clicked on View Daily Attendance Report button\nINFO     DailyReports:DailyReports.py:41 Clicked combobox: (//div[@class=&amp;#x27;MuiInputBase-root MuiOutlinedInput-root MuiInputBase-colorPrimary MuiInputBase-formControl MuiInputBase-sizeSmall MuiSelect-root css-iz33ar&amp;#x27;])[1]\nINFO     DailyReports:DailyReports.py:47 Selected option: P&amp;amp;A Phase 2\nINFO     DailyReports:DailyReports.py:41 Clicked combobox: //label[text()=&amp;#x27;Lab Type*&amp;#x27;]/following-sibling::div//div[@role=&amp;#x27;combobox&amp;#x27;]\nINFO     DailyReports:DailyReports.py:47 Selected option: Fellowship\nINFO     DailyReports:DailyReports.py:93 Selected attendance name: Day Order1\nINFO     DailyReports:DailyReports.py:41 Clicked combobox: //label[normalize-space()=&amp;#x27;Session Time&amp;#x27;]/following-sibling::div//div[@role=&amp;#x27;combobox&amp;#x27;]\nINFO     DailyReports:DailyReports.py:47 Selected option: 10:00 AM - 05:00 PM\nINFO     DailyReports:DailyReports.py:69 Date set for //input[@name=&amp;#x27;fromDate&amp;#x27;]: 2025-05-01\nINFO     DailyReports:DailyReports.py:69 Date set for //input[@name=&amp;#x27;toDate&amp;#x27;]: 2025-07-01\nINFO     DailyReports:DailyReports.py:106 Clicked on View button for Attendance Report\nINFO     DailyReports:DailyReports.py:110 Total Strength column is present in Daily Attendance Report \u2014 Validation Passed\n\n&#34;}], &#34;com/bridgelabz/testcases/test_daily_reports.py::TestDailyReports::test_view_daily_practice_report&#34;: [{&#34;extras&#34;: [], &#34;result&#34;: &#34;Passed&#34;, &#34;testId&#34;: &#34;com/bridgelabz/testcases/test_daily_reports.py::TestDailyReports::test_view_daily_practice_report&#34;, &#34;duration&#34;: &#34;00:00:10&#34;, &#34;resultsTableRow&#34;: [&#34;&lt;td class=\&#34;col-result\&#34;&gt;Passed&lt;/td&gt;&#34;, &#34;&lt;td class=\&#34;col-testId\&#34;&gt;com/bridgelabz/testcases/test_daily_reports.py::TestDailyReports::test_view_daily_practice_report&lt;/td&gt;&#34;, &#34;&lt;td class=\&#34;col-duration\&#34;&gt;00:00:10&lt;/td&gt;&#34;, &#34;&lt;td class=\&#34;col-links\&#34;&gt;&lt;/td&gt;&#34;], &#34;log&#34;: &#34;----------------------------- Captured stderr call -----------------------------\n2025-08-01 17:00:13,450 - INFO - DailyReports - Clicked on Daily Report tab\n2025-08-01 17:00:13,538 - INFO - DailyReports - Clicked on Daily Practice Report tab\n2025-08-01 17:00:13,679 - INFO - DailyReports - Clicked combobox: //div[@id=&amp;#x27;mui-component-select-coe&amp;#x27;]\n2025-08-01 17:00:14,750 - INFO - DailyReports - Selected option: P&amp;amp;A Phase 2\n2025-08-01 17:00:15,806 - INFO - DailyReports - Clicked combobox: //div[@id=&amp;#x27;mui-component-select-labType&amp;#x27;]\n2025-08-01 17:00:16,868 - INFO - DailyReports - Selected option: Fellowship\n2025-08-01 17:00:17,164 - INFO - DailyReports - Clicked combobox: //div[@id=&amp;#x27;mui-component-select-makerPlan&amp;#x27;]\n2025-08-01 17:00:18,227 - INFO - DailyReports - Selected option: QA\n2025-08-01 17:00:18,587 - INFO - DailyReports - Clicked combobox: //div[@id=&amp;#x27;mui-component-select-makerModule&amp;#x27;]\n2025-08-01 17:00:19,665 - INFO - DailyReports - Selected option: QA Automation\n2025-08-01 17:00:20,055 - INFO - DailyReports - Clicked combobox: (//div[@class=&amp;#x27;MuiInputBase-root MuiOutlinedInput-root MuiInputBase-colorPrimary MuiInputBase-fullWidth MuiInputBase-formControl MuiInputBase-sizeSmall MuiInputBase-adornedEnd MuiAutocomplete-inputRoot css-1kmkvia&amp;#x27;])[1]\n2025-08-01 17:00:21,114 - INFO - DailyReports - Selected option: Lab 1\n2025-08-01 17:00:21,143 - INFO - DailyReports - Clicked on View button for Daily Practice Report\n2025-08-01 17:00:23,150 - INFO - DailyReports - Lab Strength column is present in Daily Practice Report \u2014 Validation Passed\n\n------------------------------ Captured log call -------------------------------\nINFO     DailyReports:DailyReports.py:118 Clicked on Daily Report tab\nINFO     DailyReports:DailyReports.py:122 Clicked on Daily Practice Report tab\nINFO     DailyReports:DailyReports.py:41 Clicked combobox: //div[@id=&amp;#x27;mui-component-select-coe&amp;#x27;]\nINFO     DailyReports:DailyReports.py:47 Selected option: P&amp;amp;A Phase 2\nINFO     DailyReports:DailyReports.py:41 Clicked combobox: //div[@id=&amp;#x27;mui-component-select-labType&amp;#x27;]\nINFO     DailyReports:DailyReports.py:47 Selected option: Fellowship\nINFO     DailyReports:DailyReports.py:41 Clicked combobox: //div[@id=&amp;#x27;mui-component-select-makerPlan&amp;#x27;]\nINFO     DailyReports:DailyReports.py:47 Selected option: QA\nINFO     DailyReports:DailyReports.py:41 Clicked combobox: //div[@id=&amp;#x27;mui-component-select-makerModule&amp;#x27;]\nINFO     DailyReports:DailyReports.py:47 Selected option: QA Automation\nINFO     DailyReports:DailyReports.py:41 Clicked combobox: (//div[@class=&amp;#x27;MuiInputBase-root MuiOutlinedInput-root MuiInputBase-colorPrimary MuiInputBase-fullWidth MuiInputBase-formControl MuiInputBase-sizeSmall MuiInputBase-adornedEnd MuiAutocomplete-inputRoot css-1kmkvia&amp;#x27;])[1]\nINFO     DailyReports:DailyReports.py:47 Selected option: Lab 1\nINFO     DailyReports:DailyReports.py:133 Clicked on View button for Daily Practice Report\nINFO     DailyReports:DailyReports.py:137 Lab Strength column is present in Daily Practice Report \u2014 Validation Passed\n\n&#34;}], &#34;com/bridgelabz/testcases/test_lab_practice.py::TestLabPractice::test_create_lab_practice&#34;: [{&#34;extras&#34;: [], &#34;result&#34;: &#34;Passed&#34;, &#34;testId&#34;: &#34;com/bridgelabz/testcases/test_lab_practice.py::TestLabPractice::test_create_lab_practice&#34;, &#34;duration&#34;: &#34;00:00:18&#34;, &#34;resultsTableRow&#34;: [&#34;&lt;td class=\&#34;col-result\&#34;&gt;Passed&lt;/td&gt;&#34;, &#34;&lt;td class=\&#34;col-testId\&#34;&gt;com/bridgelabz/testcases/test_lab_practice.py::TestLabPractice::test_create_lab_practice&lt;/td&gt;&#34;, &#34;&lt;td class=\&#34;col-duration\&#34;&gt;00:00:18&lt;/td&gt;&#34;, &#34;&lt;td class=\&#34;col-links\&#34;&gt;&lt;/td&gt;&#34;], &#34;log&#34;: &#34;----------------------------- Captured stderr call -----------------------------\n2025-08-01 17:00:23,154 - INFO - LabPractice - Selecting COE: P&amp;amp;A Phase 2\n2025-08-01 17:00:27,463 - INFO - LabPractice - Clicking &amp;#x27;Create lab&amp;#x27; button.\n2025-08-01 17:00:27,595 - INFO - LabPractice - Creating lab: Automation Testing-1\n2025-08-01 17:00:40,669 - INFO - LabPractice - Lab &amp;#x27;Automation Testing-1&amp;#x27; created successfully.\n\n------------------------------ Captured log call -------------------------------\nINFO     LabPractice:LabPractice.py:50 Selecting COE: P&amp;amp;A Phase 2\nDEBUG    LabPractice:LabPractice.py:38 Selecting option &amp;#x27;P&amp;amp;A Phase 2&amp;#x27; from combobox.\nINFO     LabPractice:LabPractice.py:59 Clicking &amp;#x27;Create lab&amp;#x27; button.\nINFO     LabPractice:LabPractice.py:74 Creating lab: Automation Testing-1\nDEBUG    LabPractice:LabPractice.py:38 Selecting option &amp;#x27;P&amp;amp;A Phase 2&amp;#x27; from combobox.\nDEBUG    LabPractice:LabPractice.py:38 Selecting option &amp;#x27;surriyaa.pp@bridgelabz.com&amp;#x27; from combobox.\nDEBUG    LabPractice:LabPractice.py:38 Selecting option &amp;#x27;surriysanity2@bridgelabz.com&amp;#x27; from combobox.\nINFO     LabPractice:LabPractice.py:86 Lab &amp;#x27;Automation Testing-1&amp;#x27; created successfully.\n\n&#34;}], &#34;com/bridgelabz/testcases/test_lab_practice.py::TestLabPractice::test_edit_lab_practice&#34;: [{&#34;extras&#34;: [], &#34;result&#34;: &#34;Failed&#34;, &#34;testId&#34;: &#34;com/bridgelabz/testcases/test_lab_practice.py::TestLabPractice::test_edit_lab_practice&#34;, &#34;duration&#34;: &#34;00:00:01&#34;, &#34;resultsTableRow&#34;: [&#34;&lt;td class=\&#34;col-result\&#34;&gt;Failed&lt;/td&gt;&#34;, &#34;&lt;td class=\&#34;col-testId\&#34;&gt;com/bridgelabz/testcases/test_lab_practice.py::TestLabPractice::test_edit_lab_practice&lt;/td&gt;&#34;, &#34;&lt;td class=\&#34;col-duration\&#34;&gt;00:00:01&lt;/td&gt;&#34;, &#34;&lt;td class=\&#34;col-links\&#34;&gt;&lt;/td&gt;&#34;], &#34;log&#34;: &#34;self = &amp;lt;com.bridgelabz.testcases.test_lab_practice.TestLabPractice object at 0x000001F349A8C410&amp;gt;\nlogin = &amp;lt;selenium.webdriver.chrome.webdriver.WebDriver (session=&amp;quot;fbb72b1d21c325588e8b03914c457780&amp;quot;)&amp;gt;\n\n    @pytest.mark.sanity\n    def test_edit_lab_practice(self, login):\n        try:\n            practice = LabPractice(login)\n            practice.select_coe(&amp;quot;P&amp;amp;A Phase 2&amp;quot;)\n            practice.click_edit_newbuild_button()\n            practice.edit_details(&amp;quot;Edited Lab Name-1&amp;quot;)\n        except Exception as e:\n            take_screenshot(login, &amp;quot;test_edit_lab_practice&amp;quot;)\n&amp;gt;           raise e\n\ntestcases\\test_lab_practice.py:57: \n_ _ _ _ _ _ _ _ _ _ _ _ _ _ _ _ _ _ _ _ _ _ _ _ _ _ _ _ _ _ _ _ _ _ _ _ _ _ _ _ _ _ _ _ _ _ _ _ _ _ _ _ _ _ _ _ _ _ _ _ _ _ _ _ _ _ _ _ _ _ _ _ _ _ _ _ _ _ _ _ _ _ _ _ _ _ _ _ _ _\ntestcases\\test_lab_practice.py:52: in test_edit_lab_practice\n    practice.select_coe(&amp;quot;P&amp;amp;A Phase 2&amp;quot;)\npageObjects\\LabPractice\\LabPractice.py:53: in select_coe\n    ).click()\n      ^^^^^^^\n..\\..\\.venv\\Lib\\site-packages\\selenium\\webdriver\\remote\\webelement.py:120: in click\n    self._execute(Command.CLICK_ELEMENT)\n..\\..\\.venv\\Lib\\site-packages\\selenium\\webdriver\\remote\\webelement.py:573: in _execute\n    return self._parent.execute(command, params)\n           ^^^^^^^^^^^^^^^^^^^^^^^^^^^^^^^^^^^^^\n..\\..\\.venv\\Lib\\site-packages\\selenium\\webdriver\\remote\\webdriver.py:454: in execute\n    self.error_handler.check_response(response)\n_ _ _ _ _ _ _ _ _ _ _ _ _ _ _ _ _ _ _ _ _ _ _ _ _ _ _ _ _ _ _ _ _ _ _ _ _ _ _ _ _ _ _ _ _ _ _ _ _ _ _ _ _ _ _ _ _ _ _ _ _ _ _ _ _ _ _ _ _ _ _ _ _ _ _ _ _ _ _ _ _ _ _ _ _ _ _ _ _ _\n\nself = &amp;lt;selenium.webdriver.remote.errorhandler.ErrorHandler object at 0x000001F349CAACF0&amp;gt;\nresponse = {&amp;#x27;status&amp;#x27;: 400, &amp;#x27;value&amp;#x27;: &amp;#x27;{&amp;quot;value&amp;quot;:{&amp;quot;error&amp;quot;:&amp;quot;element click intercepted&amp;quot;,&amp;quot;message&amp;quot;:&amp;quot;element click intercepted: Element ...ff7fa66e298+11368]\\\\n\\\\tBaseThreadInitThunk [0x0x7ff9ed36e8d7+23]\\\\n\\\\tRtlUserThreadStart [0x0x7ff9ee07c34c+44]\\\\n&amp;quot;}}&amp;#x27;}\n\n    def check_response(self, response: dict[str, Any]) -&amp;gt; None:\n        &amp;quot;&amp;quot;&amp;quot;Checks that a JSON response from the WebDriver does not have an\n        error.\n    \n        :Args:\n         - response - The JSON response from the WebDriver server as a dictionary\n           object.\n    \n        :Raises: If the response contains an error message.\n        &amp;quot;&amp;quot;&amp;quot;\n        status = response.get(&amp;quot;status&amp;quot;, None)\n        if not status or status == ErrorCode.SUCCESS:\n            return\n        value = None\n        message = response.get(&amp;quot;message&amp;quot;, &amp;quot;&amp;quot;)\n        screen: str = response.get(&amp;quot;screen&amp;quot;, &amp;quot;&amp;quot;)\n        stacktrace = None\n        if isinstance(status, int):\n            value_json = response.get(&amp;quot;value&amp;quot;, None)\n            if value_json and isinstance(value_json, str):\n                try:\n                    value = json.loads(value_json)\n                    if isinstance(value, dict):\n                        if len(value) == 1:\n                            value = value[&amp;quot;value&amp;quot;]\n                        status = value.get(&amp;quot;error&amp;quot;, None)\n                        if not status:\n                            status = value.get(&amp;quot;status&amp;quot;, ErrorCode.UNKNOWN_ERROR)\n                            message = value.get(&amp;quot;value&amp;quot;) or value.get(&amp;quot;message&amp;quot;)\n                            if not isinstance(message, str):\n                                value = message\n                                message = message.get(&amp;quot;message&amp;quot;)\n                        else:\n                            message = value.get(&amp;quot;message&amp;quot;, None)\n                except ValueError:\n                    pass\n    \n        exception_class: type[WebDriverException]\n        e = ErrorCode()\n        error_codes = [item for item in dir(e) if not item.startswith(&amp;quot;__&amp;quot;)]\n        for error_code in error_codes:\n            error_info = getattr(ErrorCode, error_code)\n            if isinstance(error_info, list) and status in error_info:\n                exception_class = getattr(ExceptionMapping, error_code, WebDriverException)\n                break\n        else:\n            exception_class = WebDriverException\n    \n        if not value:\n            value = response[&amp;quot;value&amp;quot;]\n        if isinstance(value, str):\n            raise exception_class(value)\n        if message == &amp;quot;&amp;quot; and &amp;quot;message&amp;quot; in value:\n            message = value[&amp;quot;message&amp;quot;]\n    \n        screen = None  # type: ignore[assignment]\n        if &amp;quot;screen&amp;quot; in value:\n            screen = value[&amp;quot;screen&amp;quot;]\n    \n        stacktrace = None\n        st_value = value.get(&amp;quot;stackTrace&amp;quot;) or value.get(&amp;quot;stacktrace&amp;quot;)\n        if st_value:\n            if isinstance(st_value, str):\n                stacktrace = st_value.split(&amp;quot;\\n&amp;quot;)\n            else:\n                stacktrace = []\n                try:\n                    for frame in st_value:\n                        line = frame.get(&amp;quot;lineNumber&amp;quot;, &amp;quot;&amp;quot;)\n                        file = frame.get(&amp;quot;fileName&amp;quot;, &amp;quot;&amp;lt;anonymous&amp;gt;&amp;quot;)\n                        if line:\n                            file = f&amp;quot;{file}:{line}&amp;quot;\n                        meth = frame.get(&amp;quot;methodName&amp;quot;, &amp;quot;&amp;lt;anonymous&amp;gt;&amp;quot;)\n                        if &amp;quot;className&amp;quot; in frame:\n                            meth = f&amp;quot;{frame[&amp;#x27;className&amp;#x27;]}.{meth}&amp;quot;\n                        msg = &amp;quot;    at %s (%s)&amp;quot;\n                        msg = msg % (meth, file)\n                        stacktrace.append(msg)\n                except TypeError:\n                    pass\n        if exception_class == UnexpectedAlertPresentException:\n            alert_text = None\n            if &amp;quot;data&amp;quot; in value:\n                alert_text = value[&amp;quot;data&amp;quot;].get(&amp;quot;text&amp;quot;)\n            elif &amp;quot;alert&amp;quot; in value:\n                alert_text = value[&amp;quot;alert&amp;quot;].get(&amp;quot;text&amp;quot;)\n            raise exception_class(message, screen, stacktrace, alert_text)  # type: ignore[call-arg]  # mypy is not smart enough here\n&amp;gt;       raise exception_class(message, screen, stacktrace)\nE       selenium.common.exceptions.ElementClickInterceptedException: Message: element click intercepted: Element &amp;lt;span class=&amp;quot;MuiTypography-root MuiTypography-body1 MuiListItemText-primary css-fyswvn&amp;quot;&amp;gt;...&amp;lt;/span&amp;gt; is not clickable at point (138, 203). Other element would receive the click: &amp;lt;div aria-hidden=&amp;quot;true&amp;quot; class=&amp;quot;MuiBackdrop-root MuiModal-backdrop css-14dl35y&amp;quot; style=&amp;quot;opacity: 1; transition: opacity 225ms cubic-bezier(0.4, 0, 0.2, 1);&amp;quot;&amp;gt;&amp;lt;/div&amp;gt;\nE         (Session info: chrome=138.0.7204.170); For documentation on this error, please visit: https://www.selenium.dev/documentation/webdriver/troubleshooting/errors#elementclickinterceptedexception\nE       Stacktrace:\nE       \tGetHandleVerifier [0x0x7ff7fa67e415+77285]\nE       \tGetHandleVerifier [0x0x7ff7fa67e470+77376]\nE       \t(No symbol) [0x0x7ff7fa449a6a]\nE       \t(No symbol) [0x0x7ff7fa4a83e9]\nE       \t(No symbol) [0x0x7ff7fa4a5d8b]\nE       \t(No symbol) [0x0x7ff7fa4a2dd1]\nE       \t(No symbol) [0x0x7ff7fa4a1ce1]\nE       \t(No symbol) [0x0x7ff7fa493458]\nE       \t(No symbol) [0x0x7ff7fa4c860a]\nE       \t(No symbol) [0x0x7ff7fa492d06]\nE       \t(No symbol) [0x0x7ff7fa4c8820]\nE       \t(No symbol) [0x0x7ff7fa4f087f]\nE       \t(No symbol) [0x0x7ff7fa4c83e3]\nE       \t(No symbol) [0x0x7ff7fa491521]\nE       \t(No symbol) [0x0x7ff7fa4922b3]\nE       \tGetHandleVerifier [0x0x7ff7fa961efd+3107021]\nE       \tGetHandleVerifier [0x0x7ff7fa95c29d+3083373]\nE       \tGetHandleVerifier [0x0x7ff7fa97bedd+3213485]\nE       \tGetHandleVerifier [0x0x7ff7fa69884e+184862]\nE       \tGetHandleVerifier [0x0x7ff7fa6a055f+216879]\nE       \tGetHandleVerifier [0x0x7ff7fa687084+113236]\nE       \tGetHandleVerifier [0x0x7ff7fa687239+113673]\nE       \tGetHandleVerifier [0x0x7ff7fa66e298+11368]\nE       \tBaseThreadInitThunk [0x0x7ff9ed36e8d7+23]\nE       \tRtlUserThreadStart [0x0x7ff9ee07c34c+44]\n\n..\\..\\.venv\\Lib\\site-packages\\selenium\\webdriver\\remote\\errorhandler.py:232: ElementClickInterceptedException\n\n----------------------------- Captured stderr call -----------------------------\n2025-08-01 17:00:40,671 - INFO - LabPractice - Selecting COE: P&amp;amp;A Phase 2\n2025-08-01 17:00:41,731 - INFO - conftest - Preparing to take screenshot.\n2025-08-01 17:00:41,732 - INFO - conftest - Ensuring screenshot directory exists at /Practice-Attendance-Admin/ScreenShots.\n2025-08-01 17:00:41,732 - INFO - conftest - Saving screenshot to /Practice-Attendance-Admin/ScreenShots\\test_edit_lab_practice_01-08-2025_17-00-41.png.\n2025-08-01 17:00:41,828 - INFO - conftest - Screenshot saved at /Practice-Attendance-Admin/ScreenShots\\test_edit_lab_practice_01-08-2025_17-00-41.png\n\n------------------------------ Captured log call -------------------------------\nINFO     LabPractice:LabPractice.py:50 Selecting COE: P&amp;amp;A Phase 2\nINFO     conftest:conftest.py:89 Preparing to take screenshot.\nINFO     conftest:conftest.py:91 Ensuring screenshot directory exists at /Practice-Attendance-Admin/ScreenShots.\nINFO     conftest:conftest.py:98 Saving screenshot to /Practice-Attendance-Admin/ScreenShots\\test_edit_lab_practice_01-08-2025_17-00-41.png.\nINFO     conftest:conftest.py:100 Screenshot saved at /Practice-Attendance-Admin/ScreenShots\\test_edit_lab_practice_01-08-2025_17-00-41.png\n\n&#34;}], &#34;com/bridgelabz/testcases/test_lab_practice.py::TestLabPractice::test_check_download_sample_lab__csv&#34;: [{&#34;extras&#34;: [], &#34;result&#34;: &#34;Failed&#34;, &#34;testId&#34;: &#34;com/bridgelabz/testcases/test_lab_practice.py::TestLabPractice::test_check_download_sample_lab__csv&#34;, &#34;duration&#34;: &#34;00:00:01&#34;, &#34;resultsTableRow&#34;: [&#34;&lt;td class=\&#34;col-result\&#34;&gt;Failed&lt;/td&gt;&#34;, &#34;&lt;td class=\&#34;col-testId\&#34;&gt;com/bridgelabz/testcases/test_lab_practice.py::TestLabPractice::test_check_download_sample_lab__csv&lt;/td&gt;&#34;, &#34;&lt;td class=\&#34;col-duration\&#34;&gt;00:00:01&lt;/td&gt;&#34;, &#34;&lt;td class=\&#34;col-links\&#34;&gt;&lt;/td&gt;&#34;], &#34;log&#34;: &#34;self = &amp;lt;com.bridgelabz.testcases.test_lab_practice.TestLabPractice object at 0x000001F3499F1BA0&amp;gt;\nlogin = &amp;lt;selenium.webdriver.chrome.webdriver.WebDriver (session=&amp;quot;fbb72b1d21c325588e8b03914c457780&amp;quot;)&amp;gt;\n\n    @pytest.mark.sanity\n    def test_check_download_sample_lab__csv(self, login):\n        driver = login\n        practice = LabPractice(driver)\n    \n        download_directory = os.path.expanduser(&amp;quot;~/Downloads&amp;quot;)\n        expected_file_prefix = &amp;quot;SampleLabCSV&amp;quot;\n        file_extension = &amp;quot;.csv&amp;quot;\n        wait_timeout = 10\n    \n        # Step 1: Delete existing files\n        delete_existing_sample_csv(download_directory, expected_file_prefix, file_extension)\n    \n        # Step 2: Perform UI actions\n&amp;gt;       practice.select_coe(&amp;quot;P&amp;amp;A Phase 2&amp;quot;)\n\ntestcases\\test_lab_practice.py:73: \n_ _ _ _ _ _ _ _ _ _ _ _ _ _ _ _ _ _ _ _ _ _ _ _ _ _ _ _ _ _ _ _ _ _ _ _ _ _ _ _ _ _ _ _ _ _ _ _ _ _ _ _ _ _ _ _ _ _ _ _ _ _ _ _ _ _ _ _ _ _ _ _ _ _ _ _ _ _ _ _ _ _ _ _ _ _ _ _ _ _\npageObjects\\LabPractice\\LabPractice.py:53: in select_coe\n    ).click()\n      ^^^^^^^\n..\\..\\.venv\\Lib\\site-packages\\selenium\\webdriver\\remote\\webelement.py:120: in click\n    self._execute(Command.CLICK_ELEMENT)\n..\\..\\.venv\\Lib\\site-packages\\selenium\\webdriver\\remote\\webelement.py:573: in _execute\n    return self._parent.execute(command, params)\n           ^^^^^^^^^^^^^^^^^^^^^^^^^^^^^^^^^^^^^\n..\\..\\.venv\\Lib\\site-packages\\selenium\\webdriver\\remote\\webdriver.py:454: in execute\n    self.error_handler.check_response(response)\n_ _ _ _ _ _ _ _ _ _ _ _ _ _ _ _ _ _ _ _ _ _ _ _ _ _ _ _ _ _ _ _ _ _ _ _ _ _ _ _ _ _ _ _ _ _ _ _ _ _ _ _ _ _ _ _ _ _ _ _ _ _ _ _ _ _ _ _ _ _ _ _ _ _ _ _ _ _ _ _ _ _ _ _ _ _ _ _ _ _\n\nself = &amp;lt;selenium.webdriver.remote.errorhandler.ErrorHandler object at 0x000001F349CAACF0&amp;gt;\nresponse = {&amp;#x27;status&amp;#x27;: 400, &amp;#x27;value&amp;#x27;: &amp;#x27;{&amp;quot;value&amp;quot;:{&amp;quot;error&amp;quot;:&amp;quot;element click intercepted&amp;quot;,&amp;quot;message&amp;quot;:&amp;quot;element click intercepted: Element ...ff7fa66e298+11368]\\\\n\\\\tBaseThreadInitThunk [0x0x7ff9ed36e8d7+23]\\\\n\\\\tRtlUserThreadStart [0x0x7ff9ee07c34c+44]\\\\n&amp;quot;}}&amp;#x27;}\n\n    def check_response(self, response: dict[str, Any]) -&amp;gt; None:\n        &amp;quot;&amp;quot;&amp;quot;Checks that a JSON response from the WebDriver does not have an\n        error.\n    \n        :Args:\n         - response - The JSON response from the WebDriver server as a dictionary\n           object.\n    \n        :Raises: If the response contains an error message.\n        &amp;quot;&amp;quot;&amp;quot;\n        status = response.get(&amp;quot;status&amp;quot;, None)\n        if not status or status == ErrorCode.SUCCESS:\n            return\n        value = None\n        message = response.get(&amp;quot;message&amp;quot;, &amp;quot;&amp;quot;)\n        screen: str = response.get(&amp;quot;screen&amp;quot;, &amp;quot;&amp;quot;)\n        stacktrace = None\n        if isinstance(status, int):\n            value_json = response.get(&amp;quot;value&amp;quot;, None)\n            if value_json and isinstance(value_json, str):\n                try:\n                    value = json.loads(value_json)\n                    if isinstance(value, dict):\n                        if len(value) == 1:\n                            value = value[&amp;quot;value&amp;quot;]\n                        status = value.get(&amp;quot;error&amp;quot;, None)\n                        if not status:\n                            status = value.get(&amp;quot;status&amp;quot;, ErrorCode.UNKNOWN_ERROR)\n                            message = value.get(&amp;quot;value&amp;quot;) or value.get(&amp;quot;message&amp;quot;)\n                            if not isinstance(message, str):\n                                value = message\n                                message = message.get(&amp;quot;message&amp;quot;)\n                        else:\n                            message = value.get(&amp;quot;message&amp;quot;, None)\n                except ValueError:\n                    pass\n    \n        exception_class: type[WebDriverException]\n        e = ErrorCode()\n        error_codes = [item for item in dir(e) if not item.startswith(&amp;quot;__&amp;quot;)]\n        for error_code in error_codes:\n            error_info = getattr(ErrorCode, error_code)\n            if isinstance(error_info, list) and status in error_info:\n                exception_class = getattr(ExceptionMapping, error_code, WebDriverException)\n                break\n        else:\n            exception_class = WebDriverException\n    \n        if not value:\n            value = response[&amp;quot;value&amp;quot;]\n        if isinstance(value, str):\n            raise exception_class(value)\n        if message == &amp;quot;&amp;quot; and &amp;quot;message&amp;quot; in value:\n            message = value[&amp;quot;message&amp;quot;]\n    \n        screen = None  # type: ignore[assignment]\n        if &amp;quot;screen&amp;quot; in value:\n            screen = value[&amp;quot;screen&amp;quot;]\n    \n        stacktrace = None\n        st_value = value.get(&amp;quot;stackTrace&amp;quot;) or value.get(&amp;quot;stacktrace&amp;quot;)\n        if st_value:\n            if isinstance(st_value, str):\n                stacktrace = st_value.split(&amp;quot;\\n&amp;quot;)\n            else:\n                stacktrace = []\n                try:\n                    for frame in st_value:\n                        line = frame.get(&amp;quot;lineNumber&amp;quot;, &amp;quot;&amp;quot;)\n                        file = frame.get(&amp;quot;fileName&amp;quot;, &amp;quot;&amp;lt;anonymous&amp;gt;&amp;quot;)\n                        if line:\n                            file = f&amp;quot;{file}:{line}&amp;quot;\n                        meth = frame.get(&amp;quot;methodName&amp;quot;, &amp;quot;&amp;lt;anonymous&amp;gt;&amp;quot;)\n                        if &amp;quot;className&amp;quot; in frame:\n                            meth = f&amp;quot;{frame[&amp;#x27;className&amp;#x27;]}.{meth}&amp;quot;\n                        msg = &amp;quot;    at %s (%s)&amp;quot;\n                        msg = msg % (meth, file)\n                        stacktrace.append(msg)\n                except TypeError:\n                    pass\n        if exception_class == UnexpectedAlertPresentException:\n            alert_text = None\n            if &amp;quot;data&amp;quot; in value:\n                alert_text = value[&amp;quot;data&amp;quot;].get(&amp;quot;text&amp;quot;)\n            elif &amp;quot;alert&amp;quot; in value:\n                alert_text = value[&amp;quot;alert&amp;quot;].get(&amp;quot;text&amp;quot;)\n            raise exception_class(message, screen, stacktrace, alert_text)  # type: ignore[call-arg]  # mypy is not smart enough here\n&amp;gt;       raise exception_class(message, screen, stacktrace)\nE       selenium.common.exceptions.ElementClickInterceptedException: Message: element click intercepted: Element &amp;lt;span class=&amp;quot;MuiTypography-root MuiTypography-body1 MuiListItemText-primary css-fyswvn&amp;quot;&amp;gt;...&amp;lt;/span&amp;gt; is not clickable at point (138, 203). Other element would receive the click: &amp;lt;div aria-hidden=&amp;quot;true&amp;quot; class=&amp;quot;MuiBackdrop-root MuiModal-backdrop css-14dl35y&amp;quot; style=&amp;quot;opacity: 1; transition: opacity 225ms cubic-bezier(0.4, 0, 0.2, 1);&amp;quot;&amp;gt;&amp;lt;/div&amp;gt;\nE         (Session info: chrome=138.0.7204.170); For documentation on this error, please visit: https://www.selenium.dev/documentation/webdriver/troubleshooting/errors#elementclickinterceptedexception\nE       Stacktrace:\nE       \tGetHandleVerifier [0x0x7ff7fa67e415+77285]\nE       \tGetHandleVerifier [0x0x7ff7fa67e470+77376]\nE       \t(No symbol) [0x0x7ff7fa449a6a]\nE       \t(No symbol) [0x0x7ff7fa4a83e9]\nE       \t(No symbol) [0x0x7ff7fa4a5d8b]\nE       \t(No symbol) [0x0x7ff7fa4a2dd1]\nE       \t(No symbol) [0x0x7ff7fa4a1ce1]\nE       \t(No symbol) [0x0x7ff7fa493458]\nE       \t(No symbol) [0x0x7ff7fa4c860a]\nE       \t(No symbol) [0x0x7ff7fa492d06]\nE       \t(No symbol) [0x0x7ff7fa4c8820]\nE       \t(No symbol) [0x0x7ff7fa4f087f]\nE       \t(No symbol) [0x0x7ff7fa4c83e3]\nE       \t(No symbol) [0x0x7ff7fa491521]\nE       \t(No symbol) [0x0x7ff7fa4922b3]\nE       \tGetHandleVerifier [0x0x7ff7fa961efd+3107021]\nE       \tGetHandleVerifier [0x0x7ff7fa95c29d+3083373]\nE       \tGetHandleVerifier [0x0x7ff7fa97bedd+3213485]\nE       \tGetHandleVerifier [0x0x7ff7fa69884e+184862]\nE       \tGetHandleVerifier [0x0x7ff7fa6a055f+216879]\nE       \tGetHandleVerifier [0x0x7ff7fa687084+113236]\nE       \tGetHandleVerifier [0x0x7ff7fa687239+113673]\nE       \tGetHandleVerifier [0x0x7ff7fa66e298+11368]\nE       \tBaseThreadInitThunk [0x0x7ff9ed36e8d7+23]\nE       \tRtlUserThreadStart [0x0x7ff9ee07c34c+44]\n\n..\\..\\.venv\\Lib\\site-packages\\selenium\\webdriver\\remote\\errorhandler.py:232: ElementClickInterceptedException\n\n----------------------------- Captured stdout call -----------------------------\nNo old sample CSV found to delete.\n\n----------------------------- Captured stderr call -----------------------------\n2025-08-01 17:00:41,864 - INFO - LabPractice - Selecting COE: P&amp;amp;A Phase 2\n\n------------------------------ Captured log call -------------------------------\nINFO     LabPractice:LabPractice.py:50 Selecting COE: P&amp;amp;A Phase 2\n\n&#34;}], &#34;com/bridgelabz/testcases/test_lab_practice.py::TestLabPractice::test_check_download_learner_data_csv&#34;: [{&#34;extras&#34;: [], &#34;result&#34;: &#34;Failed&#34;, &#34;testId&#34;: &#34;com/bridgelabz/testcases/test_lab_practice.py::TestLabPractice::test_check_download_learner_data_csv&#34;, &#34;duration&#34;: &#34;00:00:01&#34;, &#34;resultsTableRow&#34;: [&#34;&lt;td class=\&#34;col-result\&#34;&gt;Failed&lt;/td&gt;&#34;, &#34;&lt;td class=\&#34;col-testId\&#34;&gt;com/bridgelabz/testcases/test_lab_practice.py::TestLabPractice::test_check_download_learner_data_csv&lt;/td&gt;&#34;, &#34;&lt;td class=\&#34;col-duration\&#34;&gt;00:00:01&lt;/td&gt;&#34;, &#34;&lt;td class=\&#34;col-links\&#34;&gt;&lt;/td&gt;&#34;], &#34;log&#34;: &#34;self = &amp;lt;com.bridgelabz.testcases.test_lab_practice.TestLabPractice object at 0x000001F3499F16E0&amp;gt;\nlogin = &amp;lt;selenium.webdriver.chrome.webdriver.WebDriver (session=&amp;quot;fbb72b1d21c325588e8b03914c457780&amp;quot;)&amp;gt;\n\n    @pytest.mark.sanity\n    def test_check_download_learner_data_csv(self, login):\n        driver = login\n        practice = LabPractice(driver)\n    \n        download_directory = os.path.expanduser(&amp;quot;~/Downloads&amp;quot;)\n        expected_file_prefix = &amp;quot;LabData&amp;quot;\n        file_extension = &amp;quot;.csv&amp;quot;\n        wait_timeout = 10\n    \n        # Clean existing files\n        for file in os.listdir(download_directory):\n            if file.startswith(expected_file_prefix) and file.endswith(file_extension):\n                os.remove(os.path.join(download_directory, file))\n    \n        # Perform UI actions\n&amp;gt;       practice.select_coe(&amp;quot;P&amp;amp;A Phase 2&amp;quot;)\n\ntestcases\\test_lab_practice.py:125: \n_ _ _ _ _ _ _ _ _ _ _ _ _ _ _ _ _ _ _ _ _ _ _ _ _ _ _ _ _ _ _ _ _ _ _ _ _ _ _ _ _ _ _ _ _ _ _ _ _ _ _ _ _ _ _ _ _ _ _ _ _ _ _ _ _ _ _ _ _ _ _ _ _ _ _ _ _ _ _ _ _ _ _ _ _ _ _ _ _ _\npageObjects\\LabPractice\\LabPractice.py:53: in select_coe\n    ).click()\n      ^^^^^^^\n..\\..\\.venv\\Lib\\site-packages\\selenium\\webdriver\\remote\\webelement.py:120: in click\n    self._execute(Command.CLICK_ELEMENT)\n..\\..\\.venv\\Lib\\site-packages\\selenium\\webdriver\\remote\\webelement.py:573: in _execute\n    return self._parent.execute(command, params)\n           ^^^^^^^^^^^^^^^^^^^^^^^^^^^^^^^^^^^^^\n..\\..\\.venv\\Lib\\site-packages\\selenium\\webdriver\\remote\\webdriver.py:454: in execute\n    self.error_handler.check_response(response)\n_ _ _ _ _ _ _ _ _ _ _ _ _ _ _ _ _ _ _ _ _ _ _ _ _ _ _ _ _ _ _ _ _ _ _ _ _ _ _ _ _ _ _ _ _ _ _ _ _ _ _ _ _ _ _ _ _ _ _ _ _ _ _ _ _ _ _ _ _ _ _ _ _ _ _ _ _ _ _ _ _ _ _ _ _ _ _ _ _ _\n\nself = &amp;lt;selenium.webdriver.remote.errorhandler.ErrorHandler object at 0x000001F349CAACF0&amp;gt;\nresponse = {&amp;#x27;status&amp;#x27;: 400, &amp;#x27;value&amp;#x27;: &amp;#x27;{&amp;quot;value&amp;quot;:{&amp;quot;error&amp;quot;:&amp;quot;element click intercepted&amp;quot;,&amp;quot;message&amp;quot;:&amp;quot;element click intercepted: Element ...ff7fa66e298+11368]\\\\n\\\\tBaseThreadInitThunk [0x0x7ff9ed36e8d7+23]\\\\n\\\\tRtlUserThreadStart [0x0x7ff9ee07c34c+44]\\\\n&amp;quot;}}&amp;#x27;}\n\n    def check_response(self, response: dict[str, Any]) -&amp;gt; None:\n        &amp;quot;&amp;quot;&amp;quot;Checks that a JSON response from the WebDriver does not have an\n        error.\n    \n        :Args:\n         - response - The JSON response from the WebDriver server as a dictionary\n           object.\n    \n        :Raises: If the response contains an error message.\n        &amp;quot;&amp;quot;&amp;quot;\n        status = response.get(&amp;quot;status&amp;quot;, None)\n        if not status or status == ErrorCode.SUCCESS:\n            return\n        value = None\n        message = response.get(&amp;quot;message&amp;quot;, &amp;quot;&amp;quot;)\n        screen: str = response.get(&amp;quot;screen&amp;quot;, &amp;quot;&amp;quot;)\n        stacktrace = None\n        if isinstance(status, int):\n            value_json = response.get(&amp;quot;value&amp;quot;, None)\n            if value_json and isinstance(value_json, str):\n                try:\n                    value = json.loads(value_json)\n                    if isinstance(value, dict):\n                        if len(value) == 1:\n                            value = value[&amp;quot;value&amp;quot;]\n                        status = value.get(&amp;quot;error&amp;quot;, None)\n                        if not status:\n                            status = value.get(&amp;quot;status&amp;quot;, ErrorCode.UNKNOWN_ERROR)\n                            message = value.get(&amp;quot;value&amp;quot;) or value.get(&amp;quot;message&amp;quot;)\n                            if not isinstance(message, str):\n                                value = message\n                                message = message.get(&amp;quot;message&amp;quot;)\n                        else:\n                            message = value.get(&amp;quot;message&amp;quot;, None)\n                except ValueError:\n                    pass\n    \n        exception_class: type[WebDriverException]\n        e = ErrorCode()\n        error_codes = [item for item in dir(e) if not item.startswith(&amp;quot;__&amp;quot;)]\n        for error_code in error_codes:\n            error_info = getattr(ErrorCode, error_code)\n            if isinstance(error_info, list) and status in error_info:\n                exception_class = getattr(ExceptionMapping, error_code, WebDriverException)\n                break\n        else:\n            exception_class = WebDriverException\n    \n        if not value:\n            value = response[&amp;quot;value&amp;quot;]\n        if isinstance(value, str):\n            raise exception_class(value)\n        if message == &amp;quot;&amp;quot; and &amp;quot;message&amp;quot; in value:\n            message = value[&amp;quot;message&amp;quot;]\n    \n        screen = None  # type: ignore[assignment]\n        if &amp;quot;screen&amp;quot; in value:\n            screen = value[&amp;quot;screen&amp;quot;]\n    \n        stacktrace = None\n        st_value = value.get(&amp;quot;stackTrace&amp;quot;) or value.get(&amp;quot;stacktrace&amp;quot;)\n        if st_value:\n            if isinstance(st_value, str):\n                stacktrace = st_value.split(&amp;quot;\\n&amp;quot;)\n            else:\n                stacktrace = []\n                try:\n                    for frame in st_value:\n                        line = frame.get(&amp;quot;lineNumber&amp;quot;, &amp;quot;&amp;quot;)\n                        file = frame.get(&amp;quot;fileName&amp;quot;, &amp;quot;&amp;lt;anonymous&amp;gt;&amp;quot;)\n                        if line:\n                            file = f&amp;quot;{file}:{line}&amp;quot;\n                        meth = frame.get(&amp;quot;methodName&amp;quot;, &amp;quot;&amp;lt;anonymous&amp;gt;&amp;quot;)\n                        if &amp;quot;className&amp;quot; in frame:\n                            meth = f&amp;quot;{frame[&amp;#x27;className&amp;#x27;]}.{meth}&amp;quot;\n                        msg = &amp;quot;    at %s (%s)&amp;quot;\n                        msg = msg % (meth, file)\n                        stacktrace.append(msg)\n                except TypeError:\n                    pass\n        if exception_class == UnexpectedAlertPresentException:\n            alert_text = None\n            if &amp;quot;data&amp;quot; in value:\n                alert_text = value[&amp;quot;data&amp;quot;].get(&amp;quot;text&amp;quot;)\n            elif &amp;quot;alert&amp;quot; in value:\n                alert_text = value[&amp;quot;alert&amp;quot;].get(&amp;quot;text&amp;quot;)\n            raise exception_class(message, screen, stacktrace, alert_text)  # type: ignore[call-arg]  # mypy is not smart enough here\n&amp;gt;       raise exception_class(message, screen, stacktrace)\nE       selenium.common.exceptions.ElementClickInterceptedException: Message: element click intercepted: Element &amp;lt;span class=&amp;quot;MuiTypography-root MuiTypography-body1 MuiListItemText-primary css-fyswvn&amp;quot;&amp;gt;...&amp;lt;/span&amp;gt; is not clickable at point (138, 203). Other element would receive the click: &amp;lt;div aria-hidden=&amp;quot;true&amp;quot; class=&amp;quot;MuiBackdrop-root MuiModal-backdrop css-14dl35y&amp;quot; style=&amp;quot;opacity: 1; transition: opacity 225ms cubic-bezier(0.4, 0, 0.2, 1);&amp;quot;&amp;gt;&amp;lt;/div&amp;gt;\nE         (Session info: chrome=138.0.7204.170); For documentation on this error, please visit: https://www.selenium.dev/documentation/webdriver/troubleshooting/errors#elementclickinterceptedexception\nE       Stacktrace:\nE       \tGetHandleVerifier [0x0x7ff7fa67e415+77285]\nE       \tGetHandleVerifier [0x0x7ff7fa67e470+77376]\nE       \t(No symbol) [0x0x7ff7fa449a6a]\nE       \t(No symbol) [0x0x7ff7fa4a83e9]\nE       \t(No symbol) [0x0x7ff7fa4a5d8b]\nE       \t(No symbol) [0x0x7ff7fa4a2dd1]\nE       \t(No symbol) [0x0x7ff7fa4a1ce1]\nE       \t(No symbol) [0x0x7ff7fa493458]\nE       \t(No symbol) [0x0x7ff7fa4c860a]\nE       \t(No symbol) [0x0x7ff7fa492d06]\nE       \t(No symbol) [0x0x7ff7fa4c8820]\nE       \t(No symbol) [0x0x7ff7fa4f087f]\nE       \t(No symbol) [0x0x7ff7fa4c83e3]\nE       \t(No symbol) [0x0x7ff7fa491521]\nE       \t(No symbol) [0x0x7ff7fa4922b3]\nE       \tGetHandleVerifier [0x0x7ff7fa961efd+3107021]\nE       \tGetHandleVerifier [0x0x7ff7fa95c29d+3083373]\nE       \tGetHandleVerifier [0x0x7ff7fa97bedd+3213485]\nE       \tGetHandleVerifier [0x0x7ff7fa69884e+184862]\nE       \tGetHandleVerifier [0x0x7ff7fa6a055f+216879]\nE       \tGetHandleVerifier [0x0x7ff7fa687084+113236]\nE       \tGetHandleVerifier [0x0x7ff7fa687239+113673]\nE       \tGetHandleVerifier [0x0x7ff7fa66e298+11368]\nE       \tBaseThreadInitThunk [0x0x7ff9ed36e8d7+23]\nE       \tRtlUserThreadStart [0x0x7ff9ee07c34c+44]\n\n..\\..\\.venv\\Lib\\site-packages\\selenium\\webdriver\\remote\\errorhandler.py:232: ElementClickInterceptedException\n\n----------------------------- Captured stderr call -----------------------------\n2025-08-01 17:00:42,982 - INFO - LabPractice - Selecting COE: P&amp;amp;A Phase 2\n\n------------------------------ Captured log call -------------------------------\nINFO     LabPractice:LabPractice.py:50 Selecting COE: P&amp;amp;A Phase 2\n\n&#34;}], &#34;com/bridgelabz/testcases/test_lab_practice.py::TestLabPractice::test_upload_csv_file&#34;: [{&#34;extras&#34;: [], &#34;result&#34;: &#34;Failed&#34;, &#34;testId&#34;: &#34;com/bridgelabz/testcases/test_lab_practice.py::TestLabPractice::test_upload_csv_file&#34;, &#34;duration&#34;: &#34;00:00:01&#34;, &#34;resultsTableRow&#34;: [&#34;&lt;td class=\&#34;col-result\&#34;&gt;Failed&lt;/td&gt;&#34;, &#34;&lt;td class=\&#34;col-testId\&#34;&gt;com/bridgelabz/testcases/test_lab_practice.py::TestLabPractice::test_upload_csv_file&lt;/td&gt;&#34;, &#34;&lt;td class=\&#34;col-duration\&#34;&gt;00:00:01&lt;/td&gt;&#34;, &#34;&lt;td class=\&#34;col-links\&#34;&gt;&lt;/td&gt;&#34;], &#34;log&#34;: &#34;self = &amp;lt;com.bridgelabz.testcases.test_lab_practice.TestLabPractice object at 0x000001F349A6E8D0&amp;gt;\nlogin = &amp;lt;selenium.webdriver.chrome.webdriver.WebDriver (session=&amp;quot;fbb72b1d21c325588e8b03914c457780&amp;quot;)&amp;gt;\n\n    @pytest.mark.sanity\n    def test_upload_csv_file(self, login):\n        driver = login\n        practice = LabPractice(driver)\n        # Ensure file path is correct\n        file_path = r&amp;quot;C:/Users/ASUS/Downloads/CSVFiles/SampleLabCSV.csv&amp;quot;  # &amp;lt;-- FIXED\n        if not os.path.exists(file_path):\n            raise FileNotFoundError(f&amp;quot;CSV file not found at: {file_path}&amp;quot;)\n    \n&amp;gt;       practice.select_coe(&amp;quot;P&amp;amp;A Phase 2&amp;quot;)\n\ntestcases\\test_lab_practice.py:171: \n_ _ _ _ _ _ _ _ _ _ _ _ _ _ _ _ _ _ _ _ _ _ _ _ _ _ _ _ _ _ _ _ _ _ _ _ _ _ _ _ _ _ _ _ _ _ _ _ _ _ _ _ _ _ _ _ _ _ _ _ _ _ _ _ _ _ _ _ _ _ _ _ _ _ _ _ _ _ _ _ _ _ _ _ _ _ _ _ _ _\npageObjects\\LabPractice\\LabPractice.py:53: in select_coe\n    ).click()\n      ^^^^^^^\n..\\..\\.venv\\Lib\\site-packages\\selenium\\webdriver\\remote\\webelement.py:120: in click\n    self._execute(Command.CLICK_ELEMENT)\n..\\..\\.venv\\Lib\\site-packages\\selenium\\webdriver\\remote\\webelement.py:573: in _execute\n    return self._parent.execute(command, params)\n           ^^^^^^^^^^^^^^^^^^^^^^^^^^^^^^^^^^^^^\n..\\..\\.venv\\Lib\\site-packages\\selenium\\webdriver\\remote\\webdriver.py:454: in execute\n    self.error_handler.check_response(response)\n_ _ _ _ _ _ _ _ _ _ _ _ _ _ _ _ _ _ _ _ _ _ _ _ _ _ _ _ _ _ _ _ _ _ _ _ _ _ _ _ _ _ _ _ _ _ _ _ _ _ _ _ _ _ _ _ _ _ _ _ _ _ _ _ _ _ _ _ _ _ _ _ _ _ _ _ _ _ _ _ _ _ _ _ _ _ _ _ _ _\n\nself = &amp;lt;selenium.webdriver.remote.errorhandler.ErrorHandler object at 0x000001F349CAACF0&amp;gt;\nresponse = {&amp;#x27;status&amp;#x27;: 400, &amp;#x27;value&amp;#x27;: &amp;#x27;{&amp;quot;value&amp;quot;:{&amp;quot;error&amp;quot;:&amp;quot;element click intercepted&amp;quot;,&amp;quot;message&amp;quot;:&amp;quot;element click intercepted: Element ...ff7fa66e298+11368]\\\\n\\\\tBaseThreadInitThunk [0x0x7ff9ed36e8d7+23]\\\\n\\\\tRtlUserThreadStart [0x0x7ff9ee07c34c+44]\\\\n&amp;quot;}}&amp;#x27;}\n\n    def check_response(self, response: dict[str, Any]) -&amp;gt; None:\n        &amp;quot;&amp;quot;&amp;quot;Checks that a JSON response from the WebDriver does not have an\n        error.\n    \n        :Args:\n         - response - The JSON response from the WebDriver server as a dictionary\n           object.\n    \n        :Raises: If the response contains an error message.\n        &amp;quot;&amp;quot;&amp;quot;\n        status = response.get(&amp;quot;status&amp;quot;, None)\n        if not status or status == ErrorCode.SUCCESS:\n            return\n        value = None\n        message = response.get(&amp;quot;message&amp;quot;, &amp;quot;&amp;quot;)\n        screen: str = response.get(&amp;quot;screen&amp;quot;, &amp;quot;&amp;quot;)\n        stacktrace = None\n        if isinstance(status, int):\n            value_json = response.get(&amp;quot;value&amp;quot;, None)\n            if value_json and isinstance(value_json, str):\n                try:\n                    value = json.loads(value_json)\n                    if isinstance(value, dict):\n                        if len(value) == 1:\n                            value = value[&amp;quot;value&amp;quot;]\n                        status = value.get(&amp;quot;error&amp;quot;, None)\n                        if not status:\n                            status = value.get(&amp;quot;status&amp;quot;, ErrorCode.UNKNOWN_ERROR)\n                            message = value.get(&amp;quot;value&amp;quot;) or value.get(&amp;quot;message&amp;quot;)\n                            if not isinstance(message, str):\n                                value = message\n                                message = message.get(&amp;quot;message&amp;quot;)\n                        else:\n                            message = value.get(&amp;quot;message&amp;quot;, None)\n                except ValueError:\n                    pass\n    \n        exception_class: type[WebDriverException]\n        e = ErrorCode()\n        error_codes = [item for item in dir(e) if not item.startswith(&amp;quot;__&amp;quot;)]\n        for error_code in error_codes:\n            error_info = getattr(ErrorCode, error_code)\n            if isinstance(error_info, list) and status in error_info:\n                exception_class = getattr(ExceptionMapping, error_code, WebDriverException)\n                break\n        else:\n            exception_class = WebDriverException\n    \n        if not value:\n            value = response[&amp;quot;value&amp;quot;]\n        if isinstance(value, str):\n            raise exception_class(value)\n        if message == &amp;quot;&amp;quot; and &amp;quot;message&amp;quot; in value:\n            message = value[&amp;quot;message&amp;quot;]\n    \n        screen = None  # type: ignore[assignment]\n        if &amp;quot;screen&amp;quot; in value:\n            screen = value[&amp;quot;screen&amp;quot;]\n    \n        stacktrace = None\n        st_value = value.get(&amp;quot;stackTrace&amp;quot;) or value.get(&amp;quot;stacktrace&amp;quot;)\n        if st_value:\n            if isinstance(st_value, str):\n                stacktrace = st_value.split(&amp;quot;\\n&amp;quot;)\n            else:\n                stacktrace = []\n                try:\n                    for frame in st_value:\n                        line = frame.get(&amp;quot;lineNumber&amp;quot;, &amp;quot;&amp;quot;)\n                        file = frame.get(&amp;quot;fileName&amp;quot;, &amp;quot;&amp;lt;anonymous&amp;gt;&amp;quot;)\n                        if line:\n                            file = f&amp;quot;{file}:{line}&amp;quot;\n                        meth = frame.get(&amp;quot;methodName&amp;quot;, &amp;quot;&amp;lt;anonymous&amp;gt;&amp;quot;)\n                        if &amp;quot;className&amp;quot; in frame:\n                            meth = f&amp;quot;{frame[&amp;#x27;className&amp;#x27;]}.{meth}&amp;quot;\n                        msg = &amp;quot;    at %s (%s)&amp;quot;\n                        msg = msg % (meth, file)\n                        stacktrace.append(msg)\n                except TypeError:\n                    pass\n        if exception_class == UnexpectedAlertPresentException:\n            alert_text = None\n            if &amp;quot;data&amp;quot; in value:\n                alert_text = value[&amp;quot;data&amp;quot;].get(&amp;quot;text&amp;quot;)\n            elif &amp;quot;alert&amp;quot; in value:\n                alert_text = value[&amp;quot;alert&amp;quot;].get(&amp;quot;text&amp;quot;)\n            raise exception_class(message, screen, stacktrace, alert_text)  # type: ignore[call-arg]  # mypy is not smart enough here\n&amp;gt;       raise exception_class(message, screen, stacktrace)\nE       selenium.common.exceptions.ElementClickInterceptedException: Message: element click intercepted: Element &amp;lt;span class=&amp;quot;MuiTypography-root MuiTypography-body1 MuiListItemText-primary css-fyswvn&amp;quot;&amp;gt;...&amp;lt;/span&amp;gt; is not clickable at point (138, 203). Other element would receive the click: &amp;lt;div aria-hidden=&amp;quot;true&amp;quot; class=&amp;quot;MuiBackdrop-root MuiModal-backdrop css-14dl35y&amp;quot; style=&amp;quot;opacity: 1; transition: opacity 225ms cubic-bezier(0.4, 0, 0.2, 1);&amp;quot;&amp;gt;&amp;lt;/div&amp;gt;\nE         (Session info: chrome=138.0.7204.170); For documentation on this error, please visit: https://www.selenium.dev/documentation/webdriver/troubleshooting/errors#elementclickinterceptedexception\nE       Stacktrace:\nE       \tGetHandleVerifier [0x0x7ff7fa67e415+77285]\nE       \tGetHandleVerifier [0x0x7ff7fa67e470+77376]\nE       \t(No symbol) [0x0x7ff7fa449a6a]\nE       \t(No symbol) [0x0x7ff7fa4a83e9]\nE       \t(No symbol) [0x0x7ff7fa4a5d8b]\nE       \t(No symbol) [0x0x7ff7fa4a2dd1]\nE       \t(No symbol) [0x0x7ff7fa4a1ce1]\nE       \t(No symbol) [0x0x7ff7fa493458]\nE       \t(No symbol) [0x0x7ff7fa4c860a]\nE       \t(No symbol) [0x0x7ff7fa492d06]\nE       \t(No symbol) [0x0x7ff7fa4c8820]\nE       \t(No symbol) [0x0x7ff7fa4f087f]\nE       \t(No symbol) [0x0x7ff7fa4c83e3]\nE       \t(No symbol) [0x0x7ff7fa491521]\nE       \t(No symbol) [0x0x7ff7fa4922b3]\nE       \tGetHandleVerifier [0x0x7ff7fa961efd+3107021]\nE       \tGetHandleVerifier [0x0x7ff7fa95c29d+3083373]\nE       \tGetHandleVerifier [0x0x7ff7fa97bedd+3213485]\nE       \tGetHandleVerifier [0x0x7ff7fa69884e+184862]\nE       \tGetHandleVerifier [0x0x7ff7fa6a055f+216879]\nE       \tGetHandleVerifier [0x0x7ff7fa687084+113236]\nE       \tGetHandleVerifier [0x0x7ff7fa687239+113673]\nE       \tGetHandleVerifier [0x0x7ff7fa66e298+11368]\nE       \tBaseThreadInitThunk [0x0x7ff9ed36e8d7+23]\nE       \tRtlUserThreadStart [0x0x7ff9ee07c34c+44]\n\n..\\..\\.venv\\Lib\\site-packages\\selenium\\webdriver\\remote\\errorhandler.py:232: ElementClickInterceptedException\n\n----------------------------- Captured stderr call -----------------------------\n2025-08-01 17:00:44,077 - INFO - LabPractice - Selecting COE: P&amp;amp;A Phase 2\n\n------------------------------ Captured log call -------------------------------\nINFO     LabPractice:LabPractice.py:50 Selecting COE: P&amp;amp;A Phase 2\n\n&#34;}], &#34;com/bridgelabz/testcases/test_lab_reports.py::TestLabReports::test_lab_reports&#34;: [{&#34;extras&#34;: [], &#34;result&#34;: &#34;Failed&#34;, &#34;testId&#34;: &#34;com/bridgelabz/testcases/test_lab_reports.py::TestLabReports::test_lab_reports&#34;, &#34;duration&#34;: &#34;00:00:01&#34;, &#34;resultsTableRow&#34;: [&#34;&lt;td class=\&#34;col-result\&#34;&gt;Failed&lt;/td&gt;&#34;, &#34;&lt;td class=\&#34;col-testId\&#34;&gt;com/bridgelabz/testcases/test_lab_reports.py::TestLabReports::test_lab_reports&lt;/td&gt;&#34;, &#34;&lt;td class=\&#34;col-duration\&#34;&gt;00:00:01&lt;/td&gt;&#34;, &#34;&lt;td class=\&#34;col-links\&#34;&gt;&lt;/td&gt;&#34;], &#34;log&#34;: &#34;self = &amp;lt;com.bridgelabz.testcases.test_lab_reports.TestLabReports object at 0x000001F349A8C690&amp;gt;\nlogin = &amp;lt;selenium.webdriver.chrome.webdriver.WebDriver (session=&amp;quot;fbb72b1d21c325588e8b03914c457780&amp;quot;)&amp;gt;\n\n    @pytest.mark.sanity\n    def test_lab_reports(self, login):\n        try:\n            reports = LabReports(login)\n            reports.view_lab_report()\n        except Exception as e:\n            take_screenshot(login, &amp;quot;test_lab_reports&amp;quot;)\n&amp;gt;           raise e\n\ntestcases\\test_lab_reports.py:15: \n_ _ _ _ _ _ _ _ _ _ _ _ _ _ _ _ _ _ _ _ _ _ _ _ _ _ _ _ _ _ _ _ _ _ _ _ _ _ _ _ _ _ _ _ _ _ _ _ _ _ _ _ _ _ _ _ _ _ _ _ _ _ _ _ _ _ _ _ _ _ _ _ _ _ _ _ _ _ _ _ _ _ _ _ _ _ _ _ _ _\ntestcases\\test_lab_reports.py:12: in test_lab_reports\n    reports.view_lab_report()\npageObjects\\LabReport\\LabReport.py:30: in view_lab_report\n    lab_report_tab.click()\n..\\..\\.venv\\Lib\\site-packages\\selenium\\webdriver\\remote\\webelement.py:120: in click\n    self._execute(Command.CLICK_ELEMENT)\n..\\..\\.venv\\Lib\\site-packages\\selenium\\webdriver\\remote\\webelement.py:573: in _execute\n    return self._parent.execute(command, params)\n           ^^^^^^^^^^^^^^^^^^^^^^^^^^^^^^^^^^^^^\n..\\..\\.venv\\Lib\\site-packages\\selenium\\webdriver\\remote\\webdriver.py:454: in execute\n    self.error_handler.check_response(response)\n_ _ _ _ _ _ _ _ _ _ _ _ _ _ _ _ _ _ _ _ _ _ _ _ _ _ _ _ _ _ _ _ _ _ _ _ _ _ _ _ _ _ _ _ _ _ _ _ _ _ _ _ _ _ _ _ _ _ _ _ _ _ _ _ _ _ _ _ _ _ _ _ _ _ _ _ _ _ _ _ _ _ _ _ _ _ _ _ _ _\n\nself = &amp;lt;selenium.webdriver.remote.errorhandler.ErrorHandler object at 0x000001F349CAACF0&amp;gt;\nresponse = {&amp;#x27;status&amp;#x27;: 400, &amp;#x27;value&amp;#x27;: &amp;#x27;{&amp;quot;value&amp;quot;:{&amp;quot;error&amp;quot;:&amp;quot;element click intercepted&amp;quot;,&amp;quot;message&amp;quot;:&amp;quot;element click intercepted: Element ...ff7fa66e298+11368]\\\\n\\\\tBaseThreadInitThunk [0x0x7ff9ed36e8d7+23]\\\\n\\\\tRtlUserThreadStart [0x0x7ff9ee07c34c+44]\\\\n&amp;quot;}}&amp;#x27;}\n\n    def check_response(self, response: dict[str, Any]) -&amp;gt; None:\n        &amp;quot;&amp;quot;&amp;quot;Checks that a JSON response from the WebDriver does not have an\n        error.\n    \n        :Args:\n         - response - The JSON response from the WebDriver server as a dictionary\n           object.\n    \n        :Raises: If the response contains an error message.\n        &amp;quot;&amp;quot;&amp;quot;\n        status = response.get(&amp;quot;status&amp;quot;, None)\n        if not status or status == ErrorCode.SUCCESS:\n            return\n        value = None\n        message = response.get(&amp;quot;message&amp;quot;, &amp;quot;&amp;quot;)\n        screen: str = response.get(&amp;quot;screen&amp;quot;, &amp;quot;&amp;quot;)\n        stacktrace = None\n        if isinstance(status, int):\n            value_json = response.get(&amp;quot;value&amp;quot;, None)\n            if value_json and isinstance(value_json, str):\n                try:\n                    value = json.loads(value_json)\n                    if isinstance(value, dict):\n                        if len(value) == 1:\n                            value = value[&amp;quot;value&amp;quot;]\n                        status = value.get(&amp;quot;error&amp;quot;, None)\n                        if not status:\n                            status = value.get(&amp;quot;status&amp;quot;, ErrorCode.UNKNOWN_ERROR)\n                            message = value.get(&amp;quot;value&amp;quot;) or value.get(&amp;quot;message&amp;quot;)\n                            if not isinstance(message, str):\n                                value = message\n                                message = message.get(&amp;quot;message&amp;quot;)\n                        else:\n                            message = value.get(&amp;quot;message&amp;quot;, None)\n                except ValueError:\n                    pass\n    \n        exception_class: type[WebDriverException]\n        e = ErrorCode()\n        error_codes = [item for item in dir(e) if not item.startswith(&amp;quot;__&amp;quot;)]\n        for error_code in error_codes:\n            error_info = getattr(ErrorCode, error_code)\n            if isinstance(error_info, list) and status in error_info:\n                exception_class = getattr(ExceptionMapping, error_code, WebDriverException)\n                break\n        else:\n            exception_class = WebDriverException\n    \n        if not value:\n            value = response[&amp;quot;value&amp;quot;]\n        if isinstance(value, str):\n            raise exception_class(value)\n        if message == &amp;quot;&amp;quot; and &amp;quot;message&amp;quot; in value:\n            message = value[&amp;quot;message&amp;quot;]\n    \n        screen = None  # type: ignore[assignment]\n        if &amp;quot;screen&amp;quot; in value:\n            screen = value[&amp;quot;screen&amp;quot;]\n    \n        stacktrace = None\n        st_value = value.get(&amp;quot;stackTrace&amp;quot;) or value.get(&amp;quot;stacktrace&amp;quot;)\n        if st_value:\n            if isinstance(st_value, str):\n                stacktrace = st_value.split(&amp;quot;\\n&amp;quot;)\n            else:\n                stacktrace = []\n                try:\n                    for frame in st_value:\n                        line = frame.get(&amp;quot;lineNumber&amp;quot;, &amp;quot;&amp;quot;)\n                        file = frame.get(&amp;quot;fileName&amp;quot;, &amp;quot;&amp;lt;anonymous&amp;gt;&amp;quot;)\n                        if line:\n                            file = f&amp;quot;{file}:{line}&amp;quot;\n                        meth = frame.get(&amp;quot;methodName&amp;quot;, &amp;quot;&amp;lt;anonymous&amp;gt;&amp;quot;)\n                        if &amp;quot;className&amp;quot; in frame:\n                            meth = f&amp;quot;{frame[&amp;#x27;className&amp;#x27;]}.{meth}&amp;quot;\n                        msg = &amp;quot;    at %s (%s)&amp;quot;\n                        msg = msg % (meth, file)\n                        stacktrace.append(msg)\n                except TypeError:\n                    pass\n        if exception_class == UnexpectedAlertPresentException:\n            alert_text = None\n            if &amp;quot;data&amp;quot; in value:\n                alert_text = value[&amp;quot;data&amp;quot;].get(&amp;quot;text&amp;quot;)\n            elif &amp;quot;alert&amp;quot; in value:\n                alert_text = value[&amp;quot;alert&amp;quot;].get(&amp;quot;text&amp;quot;)\n            raise exception_class(message, screen, stacktrace, alert_text)  # type: ignore[call-arg]  # mypy is not smart enough here\n&amp;gt;       raise exception_class(message, screen, stacktrace)\nE       selenium.common.exceptions.ElementClickInterceptedException: Message: element click intercepted: Element &amp;lt;span class=&amp;quot;MuiTypography-root MuiTypography-body1 MuiListItemText-primary css-fyswvn&amp;quot;&amp;gt;...&amp;lt;/span&amp;gt; is not clickable at point (138, 469). Other element would receive the click: &amp;lt;div aria-hidden=&amp;quot;true&amp;quot; class=&amp;quot;MuiBackdrop-root MuiModal-backdrop css-14dl35y&amp;quot; style=&amp;quot;opacity: 1; transition: opacity 225ms cubic-bezier(0.4, 0, 0.2, 1);&amp;quot;&amp;gt;&amp;lt;/div&amp;gt;\nE         (Session info: chrome=138.0.7204.170); For documentation on this error, please visit: https://www.selenium.dev/documentation/webdriver/troubleshooting/errors#elementclickinterceptedexception\nE       Stacktrace:\nE       \tGetHandleVerifier [0x0x7ff7fa67e415+77285]\nE       \tGetHandleVerifier [0x0x7ff7fa67e470+77376]\nE       \t(No symbol) [0x0x7ff7fa449a6a]\nE       \t(No symbol) [0x0x7ff7fa4a83e9]\nE       \t(No symbol) [0x0x7ff7fa4a5d8b]\nE       \t(No symbol) [0x0x7ff7fa4a2dd1]\nE       \t(No symbol) [0x0x7ff7fa4a1ce1]\nE       \t(No symbol) [0x0x7ff7fa493458]\nE       \t(No symbol) [0x0x7ff7fa4c860a]\nE       \t(No symbol) [0x0x7ff7fa492d06]\nE       \t(No symbol) [0x0x7ff7fa4c8820]\nE       \t(No symbol) [0x0x7ff7fa4f087f]\nE       \t(No symbol) [0x0x7ff7fa4c83e3]\nE       \t(No symbol) [0x0x7ff7fa491521]\nE       \t(No symbol) [0x0x7ff7fa4922b3]\nE       \tGetHandleVerifier [0x0x7ff7fa961efd+3107021]\nE       \tGetHandleVerifier [0x0x7ff7fa95c29d+3083373]\nE       \tGetHandleVerifier [0x0x7ff7fa97bedd+3213485]\nE       \tGetHandleVerifier [0x0x7ff7fa69884e+184862]\nE       \tGetHandleVerifier [0x0x7ff7fa6a055f+216879]\nE       \tGetHandleVerifier [0x0x7ff7fa687084+113236]\nE       \tGetHandleVerifier [0x0x7ff7fa687239+113673]\nE       \tGetHandleVerifier [0x0x7ff7fa66e298+11368]\nE       \tBaseThreadInitThunk [0x0x7ff9ed36e8d7+23]\nE       \tRtlUserThreadStart [0x0x7ff9ee07c34c+44]\n\n..\\..\\.venv\\Lib\\site-packages\\selenium\\webdriver\\remote\\errorhandler.py:232: ElementClickInterceptedException\n\n----------------------------- Captured stderr call -----------------------------\n2025-08-01 17:00:45,200 - INFO - LabReports - Clicking on &amp;#x27;Lab Report&amp;#x27; tab.\n2025-08-01 17:00:46,266 - INFO - conftest - Preparing to take screenshot.\n2025-08-01 17:00:46,266 - INFO - conftest - Ensuring screenshot directory exists at /Practice-Attendance-Admin/ScreenShots.\n2025-08-01 17:00:46,267 - INFO - conftest - Saving screenshot to /Practice-Attendance-Admin/ScreenShots\\test_lab_reports_01-08-2025_17-00-46.png.\n2025-08-01 17:00:46,358 - INFO - conftest - Screenshot saved at /Practice-Attendance-Admin/ScreenShots\\test_lab_reports_01-08-2025_17-00-46.png\n\n------------------------------ Captured log call -------------------------------\nINFO     LabReports:LabReport.py:28 Clicking on &amp;#x27;Lab Report&amp;#x27; tab.\nINFO     conftest:conftest.py:89 Preparing to take screenshot.\nINFO     conftest:conftest.py:91 Ensuring screenshot directory exists at /Practice-Attendance-Admin/ScreenShots.\nINFO     conftest:conftest.py:98 Saving screenshot to /Practice-Attendance-Admin/ScreenShots\\test_lab_reports_01-08-2025_17-00-46.png.\nINFO     conftest:conftest.py:100 Screenshot saved at /Practice-Attendance-Admin/ScreenShots\\test_lab_reports_01-08-2025_17-00-46.png\n\n&#34;}], &#34;com/bridgelabz/testcases/test_maker_module.py::TestMakerModule::test_create_maker_module&#34;: [{&#34;extras&#34;: [], &#34;result&#34;: &#34;Failed&#34;, &#34;testId&#34;: &#34;com/bridgelabz/testcases/test_maker_module.py::TestMakerModule::test_create_maker_module&#34;, &#34;duration&#34;: &#34;00:00:06&#34;, &#34;resultsTableRow&#34;: [&#34;&lt;td class=\&#34;col-result\&#34;&gt;Failed&lt;/td&gt;&#34;, &#34;&lt;td class=\&#34;col-testId\&#34;&gt;com/bridgelabz/testcases/test_maker_module.py::TestMakerModule::test_create_maker_module&lt;/td&gt;&#34;, &#34;&lt;td class=\&#34;col-duration\&#34;&gt;00:00:06&lt;/td&gt;&#34;, &#34;&lt;td class=\&#34;col-links\&#34;&gt;&lt;/td&gt;&#34;], &#34;log&#34;: &#34;self = &amp;lt;com.bridgelabz.testcases.test_maker_module.TestMakerModule object at 0x000001F349CF7610&amp;gt;\nlogin = &amp;lt;selenium.webdriver.chrome.webdriver.WebDriver (session=&amp;quot;fbb72b1d21c325588e8b03914c457780&amp;quot;)&amp;gt;\n\n    @pytest.mark.sanity\n    def test_create_maker_module(self, login):\n        driver = login\n        maker = MakerModule(driver)\n        sleep(5)\n        maker.click_maker_module()\n&amp;gt;       maker.click_create_module()\n\ntestcases\\test_maker_module.py:21: \n_ _ _ _ _ _ _ _ _ _ _ _ _ _ _ _ _ _ _ _ _ _ _ _ _ _ _ _ _ _ _ _ _ _ _ _ _ _ _ _ _ _ _ _ _ _ _ _ _ _ _ _ _ _ _ _ _ _ _ _ _ _ _ _ _ _ _ _ _ _ _ _ _ _ _ _ _ _ _ _ _ _ _ _ _ _ _ _ _ _\npageObjects\\MakerModule\\MakerModule.py:46: in click_create_module\n    ).click()\n      ^^^^^^^\n..\\..\\.venv\\Lib\\site-packages\\selenium\\webdriver\\remote\\webelement.py:120: in click\n    self._execute(Command.CLICK_ELEMENT)\n..\\..\\.venv\\Lib\\site-packages\\selenium\\webdriver\\remote\\webelement.py:573: in _execute\n    return self._parent.execute(command, params)\n           ^^^^^^^^^^^^^^^^^^^^^^^^^^^^^^^^^^^^^\n..\\..\\.venv\\Lib\\site-packages\\selenium\\webdriver\\remote\\webdriver.py:454: in execute\n    self.error_handler.check_response(response)\n_ _ _ _ _ _ _ _ _ _ _ _ _ _ _ _ _ _ _ _ _ _ _ _ _ _ _ _ _ _ _ _ _ _ _ _ _ _ _ _ _ _ _ _ _ _ _ _ _ _ _ _ _ _ _ _ _ _ _ _ _ _ _ _ _ _ _ _ _ _ _ _ _ _ _ _ _ _ _ _ _ _ _ _ _ _ _ _ _ _\n\nself = &amp;lt;selenium.webdriver.remote.errorhandler.ErrorHandler object at 0x000001F349CAACF0&amp;gt;\nresponse = {&amp;#x27;status&amp;#x27;: 400, &amp;#x27;value&amp;#x27;: &amp;#x27;{&amp;quot;value&amp;quot;:{&amp;quot;error&amp;quot;:&amp;quot;element click intercepted&amp;quot;,&amp;quot;message&amp;quot;:&amp;quot;element click intercepted: Element ...ff7fa66e298+11368]\\\\n\\\\tBaseThreadInitThunk [0x0x7ff9ed36e8d7+23]\\\\n\\\\tRtlUserThreadStart [0x0x7ff9ee07c34c+44]\\\\n&amp;quot;}}&amp;#x27;}\n\n    def check_response(self, response: dict[str, Any]) -&amp;gt; None:\n        &amp;quot;&amp;quot;&amp;quot;Checks that a JSON response from the WebDriver does not have an\n        error.\n    \n        :Args:\n         - response - The JSON response from the WebDriver server as a dictionary\n           object.\n    \n        :Raises: If the response contains an error message.\n        &amp;quot;&amp;quot;&amp;quot;\n        status = response.get(&amp;quot;status&amp;quot;, None)\n        if not status or status == ErrorCode.SUCCESS:\n            return\n        value = None\n        message = response.get(&amp;quot;message&amp;quot;, &amp;quot;&amp;quot;)\n        screen: str = response.get(&amp;quot;screen&amp;quot;, &amp;quot;&amp;quot;)\n        stacktrace = None\n        if isinstance(status, int):\n            value_json = response.get(&amp;quot;value&amp;quot;, None)\n            if value_json and isinstance(value_json, str):\n                try:\n                    value = json.loads(value_json)\n                    if isinstance(value, dict):\n                        if len(value) == 1:\n                            value = value[&amp;quot;value&amp;quot;]\n                        status = value.get(&amp;quot;error&amp;quot;, None)\n                        if not status:\n                            status = value.get(&amp;quot;status&amp;quot;, ErrorCode.UNKNOWN_ERROR)\n                            message = value.get(&amp;quot;value&amp;quot;) or value.get(&amp;quot;message&amp;quot;)\n                            if not isinstance(message, str):\n                                value = message\n                                message = message.get(&amp;quot;message&amp;quot;)\n                        else:\n                            message = value.get(&amp;quot;message&amp;quot;, None)\n                except ValueError:\n                    pass\n    \n        exception_class: type[WebDriverException]\n        e = ErrorCode()\n        error_codes = [item for item in dir(e) if not item.startswith(&amp;quot;__&amp;quot;)]\n        for error_code in error_codes:\n            error_info = getattr(ErrorCode, error_code)\n            if isinstance(error_info, list) and status in error_info:\n                exception_class = getattr(ExceptionMapping, error_code, WebDriverException)\n                break\n        else:\n            exception_class = WebDriverException\n    \n        if not value:\n            value = response[&amp;quot;value&amp;quot;]\n        if isinstance(value, str):\n            raise exception_class(value)\n        if message == &amp;quot;&amp;quot; and &amp;quot;message&amp;quot; in value:\n            message = value[&amp;quot;message&amp;quot;]\n    \n        screen = None  # type: ignore[assignment]\n        if &amp;quot;screen&amp;quot; in value:\n            screen = value[&amp;quot;screen&amp;quot;]\n    \n        stacktrace = None\n        st_value = value.get(&amp;quot;stackTrace&amp;quot;) or value.get(&amp;quot;stacktrace&amp;quot;)\n        if st_value:\n            if isinstance(st_value, str):\n                stacktrace = st_value.split(&amp;quot;\\n&amp;quot;)\n            else:\n                stacktrace = []\n                try:\n                    for frame in st_value:\n                        line = frame.get(&amp;quot;lineNumber&amp;quot;, &amp;quot;&amp;quot;)\n                        file = frame.get(&amp;quot;fileName&amp;quot;, &amp;quot;&amp;lt;anonymous&amp;gt;&amp;quot;)\n                        if line:\n                            file = f&amp;quot;{file}:{line}&amp;quot;\n                        meth = frame.get(&amp;quot;methodName&amp;quot;, &amp;quot;&amp;lt;anonymous&amp;gt;&amp;quot;)\n                        if &amp;quot;className&amp;quot; in frame:\n                            meth = f&amp;quot;{frame[&amp;#x27;className&amp;#x27;]}.{meth}&amp;quot;\n                        msg = &amp;quot;    at %s (%s)&amp;quot;\n                        msg = msg % (meth, file)\n                        stacktrace.append(msg)\n                except TypeError:\n                    pass\n        if exception_class == UnexpectedAlertPresentException:\n            alert_text = None\n            if &amp;quot;data&amp;quot; in value:\n                alert_text = value[&amp;quot;data&amp;quot;].get(&amp;quot;text&amp;quot;)\n            elif &amp;quot;alert&amp;quot; in value:\n                alert_text = value[&amp;quot;alert&amp;quot;].get(&amp;quot;text&amp;quot;)\n            raise exception_class(message, screen, stacktrace, alert_text)  # type: ignore[call-arg]  # mypy is not smart enough here\n&amp;gt;       raise exception_class(message, screen, stacktrace)\nE       selenium.common.exceptions.ElementClickInterceptedException: Message: element click intercepted: Element &amp;lt;button class=&amp;quot;MuiButtonBase-root MuiButton-root MuiButton-contained MuiButton-containedPrimary MuiButton-sizeMedium MuiButton-containedSizeMedium MuiButton-colorPrimary MuiButton-root MuiButton-contained MuiButton-containedPrimary MuiButton-sizeMedium MuiButton-containedSizeMedium MuiButton-colorPrimary dashboard-header-button css-iafu2n&amp;quot; tabindex=&amp;quot;0&amp;quot; type=&amp;quot;button&amp;quot; id=&amp;quot;:r62:&amp;quot;&amp;gt;...&amp;lt;/button&amp;gt; is not clickable at point (1437, 102). Other element would receive the click: &amp;lt;div class=&amp;quot;Toastify__toast-container Toastify__toast-container--top-right&amp;quot;&amp;gt;...&amp;lt;/div&amp;gt;\nE         (Session info: chrome=138.0.7204.170); For documentation on this error, please visit: https://www.selenium.dev/documentation/webdriver/troubleshooting/errors#elementclickinterceptedexception\nE       Stacktrace:\nE       \tGetHandleVerifier [0x0x7ff7fa67e415+77285]\nE       \tGetHandleVerifier [0x0x7ff7fa67e470+77376]\nE       \t(No symbol) [0x0x7ff7fa449a6a]\nE       \t(No symbol) [0x0x7ff7fa4a83e9]\nE       \t(No symbol) [0x0x7ff7fa4a5d8b]\nE       \t(No symbol) [0x0x7ff7fa4a2dd1]\nE       \t(No symbol) [0x0x7ff7fa4a1ce1]\nE       \t(No symbol) [0x0x7ff7fa493458]\nE       \t(No symbol) [0x0x7ff7fa4c860a]\nE       \t(No symbol) [0x0x7ff7fa492d06]\nE       \t(No symbol) [0x0x7ff7fa4c8820]\nE       \t(No symbol) [0x0x7ff7fa4f087f]\nE       \t(No symbol) [0x0x7ff7fa4c83e3]\nE       \t(No symbol) [0x0x7ff7fa491521]\nE       \t(No symbol) [0x0x7ff7fa4922b3]\nE       \tGetHandleVerifier [0x0x7ff7fa961efd+3107021]\nE       \tGetHandleVerifier [0x0x7ff7fa95c29d+3083373]\nE       \tGetHandleVerifier [0x0x7ff7fa97bedd+3213485]\nE       \tGetHandleVerifier [0x0x7ff7fa69884e+184862]\nE       \tGetHandleVerifier [0x0x7ff7fa6a055f+216879]\nE       \tGetHandleVerifier [0x0x7ff7fa687084+113236]\nE       \tGetHandleVerifier [0x0x7ff7fa687239+113673]\nE       \tGetHandleVerifier [0x0x7ff7fa66e298+11368]\nE       \tBaseThreadInitThunk [0x0x7ff9ed36e8d7+23]\nE       \tRtlUserThreadStart [0x0x7ff9ee07c34c+44]\n\n..\\..\\.venv\\Lib\\site-packages\\selenium\\webdriver\\remote\\errorhandler.py:232: ElementClickInterceptedException\n\n------------------------------ Captured log call -------------------------------\nDEBUG    MakerModule:MakerModule.py:36 Clicking Maker Module button.\nDEBUG    MakerModule:MakerModule.py:40 Clicked Maker Module button.\nDEBUG    MakerModule:MakerModule.py:43 Clicking Create Module button.\n\n&#34;}], &#34;com/bridgelabz/testcases/test_maker_module.py::TestMakerModule::test_edit_maker_module&#34;: [{&#34;extras&#34;: [], &#34;result&#34;: &#34;Passed&#34;, &#34;testId&#34;: &#34;com/bridgelabz/testcases/test_maker_module.py::TestMakerModule::test_edit_maker_module&#34;, &#34;duration&#34;: &#34;00:00:08&#34;, &#34;resultsTableRow&#34;: [&#34;&lt;td class=\&#34;col-result\&#34;&gt;Passed&lt;/td&gt;&#34;, &#34;&lt;td class=\&#34;col-testId\&#34;&gt;com/bridgelabz/testcases/test_maker_module.py::TestMakerModule::test_edit_maker_module&lt;/td&gt;&#34;, &#34;&lt;td class=\&#34;col-duration\&#34;&gt;00:00:08&lt;/td&gt;&#34;, &#34;&lt;td class=\&#34;col-links\&#34;&gt;&lt;/td&gt;&#34;], &#34;log&#34;: &#34;----------------------------- Captured stdout call -----------------------------\nMaker Module Edited Successfully.\n\n------------------------------ Captured log call -------------------------------\nDEBUG    MakerModule:MakerModule.py:36 Clicking Maker Module button.\nDEBUG    MakerModule:MakerModule.py:40 Clicked Maker Module button.\nDEBUG    MakerModule:MakerModule.py:75 Clicking Edit Module icon.\nDEBUG    MakerModule:MakerModule.py:79 Clicked Edit Module icon.\nDEBUG    MakerModule:MakerModule.py:68 Clicking Submit button.\nDEBUG    MakerModule:MakerModule.py:72 Clicked Submit button.\n\n&#34;}], &#34;com/bridgelabz/testcases/test_maker_plan.py::TestMakerPlan::test_create_maker_plan&#34;: [{&#34;extras&#34;: [], &#34;result&#34;: &#34;Passed&#34;, &#34;testId&#34;: &#34;com/bridgelabz/testcases/test_maker_plan.py::TestMakerPlan::test_create_maker_plan&#34;, &#34;duration&#34;: &#34;00:00:06&#34;, &#34;resultsTableRow&#34;: [&#34;&lt;td class=\&#34;col-result\&#34;&gt;Passed&lt;/td&gt;&#34;, &#34;&lt;td class=\&#34;col-testId\&#34;&gt;com/bridgelabz/testcases/test_maker_plan.py::TestMakerPlan::test_create_maker_plan&lt;/td&gt;&#34;, &#34;&lt;td class=\&#34;col-duration\&#34;&gt;00:00:06&lt;/td&gt;&#34;, &#34;&lt;td class=\&#34;col-links\&#34;&gt;&lt;/td&gt;&#34;], &#34;log&#34;: &#34;----------------------------- Captured stderr call -----------------------------\n2025-08-01 17:01:02,434 - INFO - MakerPlanPage - Attempting to click on Maker Plan tab.\n2025-08-01 17:01:02,507 - INFO - MakerPlanPage - Clicking the Add Maker Plan button.\n2025-08-01 17:01:02,617 - INFO - MakerPlanPage - Entering Maker Plan name: Full Stack Testing 6.\n2025-08-01 17:01:02,880 - INFO - MakerPlanPage - Entering duration: 58.\n2025-08-01 17:01:02,953 - INFO - MakerPlanPage - Entering description: This is An Automated Description 01.\n2025-08-01 17:01:06,171 - INFO - MakerPlanPage - Clicking the Submit button to save the Maker Plan.\n\n------------------------------ Captured log call -------------------------------\nINFO     MakerPlanPage:MakerPlanPage.py:28 Attempting to click on Maker Plan tab.\nINFO     MakerPlanPage:MakerPlanPage.py:33 Clicking the Add Maker Plan button.\nINFO     MakerPlanPage:MakerPlanPage.py:38 Entering Maker Plan name: Full Stack Testing 6.\nINFO     MakerPlanPage:MakerPlanPage.py:42 Entering duration: 58.\nINFO     MakerPlanPage:MakerPlanPage.py:46 Entering description: This is An Automated Description 01.\nINFO     MakerPlanPage:MakerPlanPage.py:51 Clicking the Submit button to save the Maker Plan.\n\n&#34;}], &#34;com/bridgelabz/testcases/test_maker_plan.py::TestMakerPlan::test_edit_maker_plan&#34;: [{&#34;extras&#34;: [], &#34;result&#34;: &#34;Failed&#34;, &#34;testId&#34;: &#34;com/bridgelabz/testcases/test_maker_plan.py::TestMakerPlan::test_edit_maker_plan&#34;, &#34;duration&#34;: &#34;00:00:22&#34;, &#34;resultsTableRow&#34;: [&#34;&lt;td class=\&#34;col-result\&#34;&gt;Failed&lt;/td&gt;&#34;, &#34;&lt;td class=\&#34;col-testId\&#34;&gt;com/bridgelabz/testcases/test_maker_plan.py::TestMakerPlan::test_edit_maker_plan&lt;/td&gt;&#34;, &#34;&lt;td class=\&#34;col-duration\&#34;&gt;00:00:22&lt;/td&gt;&#34;, &#34;&lt;td class=\&#34;col-links\&#34;&gt;&lt;/td&gt;&#34;], &#34;log&#34;: &#34;self = &amp;lt;com.bridgelabz.testcases.test_maker_plan.TestMakerPlan object at 0x000001F349E02FD0&amp;gt;\nlogin = &amp;lt;selenium.webdriver.chrome.webdriver.WebDriver (session=&amp;quot;fbb72b1d21c325588e8b03914c457780&amp;quot;)&amp;gt;\n\n    @pytest.mark.sanity\n    def test_edit_maker_plan(self, login):\n        try:\n            maker = MakerPlanPage(login)\n            sleep(2)\n            maker.click_maker_plan_tab()\n            maker.open_maker_plan_dropdown()\n            maker.select_maker_plan(&amp;quot;P &amp;amp; A Phase 2&amp;quot;)\n            maker.click_edit_icon()\n            maker.edit_duration(&amp;quot;200&amp;quot;)\n            maker.save_changes()\n        except Exception as e:\n            take_screenshot(login, &amp;quot;test_edit_maker_plan&amp;quot;)\n&amp;gt;           raise e\n\ntestcases\\test_maker_plan.py:37: \n_ _ _ _ _ _ _ _ _ _ _ _ _ _ _ _ _ _ _ _ _ _ _ _ _ _ _ _ _ _ _ _ _ _ _ _ _ _ _ _ _ _ _ _ _ _ _ _ _ _ _ _ _ _ _ _ _ _ _ _ _ _ _ _ _ _ _ _ _ _ _ _ _ _ _ _ _ _ _ _ _ _ _ _ _ _ _ _ _ _\ntestcases\\test_maker_plan.py:34: in test_edit_maker_plan\n    maker.save_changes()\npageObjects\\MakerPlan\\MakerPlanPage.py:94: in save_changes\n    wait.until(EC.element_to_be_clickable((By.XPATH, self.submit_button_xpath))).click()\n    ^^^^^^^^^^^^^^^^^^^^^^^^^^^^^^^^^^^^^^^^^^^^^^^^^^^^^^^^^^^^^^^^^^^^^^^^^^^^\n_ _ _ _ _ _ _ _ _ _ _ _ _ _ _ _ _ _ _ _ _ _ _ _ _ _ _ _ _ _ _ _ _ _ _ _ _ _ _ _ _ _ _ _ _ _ _ _ _ _ _ _ _ _ _ _ _ _ _ _ _ _ _ _ _ _ _ _ _ _ _ _ _ _ _ _ _ _ _ _ _ _ _ _ _ _ _ _ _ _\n\nself = &amp;lt;selenium.webdriver.support.wait.WebDriverWait (session=&amp;quot;fbb72b1d21c325588e8b03914c457780&amp;quot;)&amp;gt;\nmethod = &amp;lt;function element_to_be_clickable.&amp;lt;locals&amp;gt;._predicate at 0x000001F349EC7B00&amp;gt;, message = &amp;#x27;&amp;#x27;\n\n    def until(self, method: Callable[[D], Union[Literal[False], T]], message: str = &amp;quot;&amp;quot;) -&amp;gt; T:\n        &amp;quot;&amp;quot;&amp;quot;Wait until the method returns a value that is not False.\n    \n        Calls the method provided with the driver as an argument until the\n        return value does not evaluate to ``False``.\n    \n        Parameters:\n        -----------\n        method: callable(WebDriver)\n            - A callable object that takes a WebDriver instance as an argument.\n    \n        message: str\n            - Optional message for :exc:`TimeoutException`\n    \n        Return:\n        -------\n        object: T\n            - The result of the last call to `method`\n    \n        Raises:\n        -------\n        TimeoutException\n            - If &amp;#x27;method&amp;#x27; does not return a truthy value within the WebDriverWait\n            object&amp;#x27;s timeout\n    \n        Example:\n        --------\n        &amp;gt;&amp;gt;&amp;gt; from selenium.webdriver.common.by import By\n        &amp;gt;&amp;gt;&amp;gt; from selenium.webdriver.support.ui import WebDriverWait\n        &amp;gt;&amp;gt;&amp;gt; from selenium.webdriver.support import expected_conditions as EC\n    \n        # Wait until an element is visible on the page\n        &amp;gt;&amp;gt;&amp;gt; wait = WebDriverWait(driver, 10)\n        &amp;gt;&amp;gt;&amp;gt; element = wait.until(EC.visibility_of_element_located((By.ID, &amp;quot;exampleId&amp;quot;)))\n        &amp;gt;&amp;gt;&amp;gt; print(element.text)\n        &amp;quot;&amp;quot;&amp;quot;\n        screen = None\n        stacktrace = None\n    \n        end_time = time.monotonic() + self._timeout\n        while True:\n            try:\n                value = method(self._driver)\n                if value:\n                    return value\n            except self._ignored_exceptions as exc:\n                screen = getattr(exc, &amp;quot;screen&amp;quot;, None)\n                stacktrace = getattr(exc, &amp;quot;stacktrace&amp;quot;, None)\n            if time.monotonic() &amp;gt; end_time:\n                break\n            time.sleep(self._poll)\n&amp;gt;       raise TimeoutException(message, screen, stacktrace)\nE       selenium.common.exceptions.TimeoutException: Message: \nE       Stacktrace:\nE       \tGetHandleVerifier [0x0x7ff7fa67e415+77285]\nE       \tGetHandleVerifier [0x0x7ff7fa67e470+77376]\nE       \t(No symbol) [0x0x7ff7fa449a6a]\nE       \t(No symbol) [0x0x7ff7fa4a0406]\nE       \t(No symbol) [0x0x7ff7fa4a06bc]\nE       \t(No symbol) [0x0x7ff7fa4f3ac7]\nE       \t(No symbol) [0x0x7ff7fa4c864f]\nE       \t(No symbol) [0x0x7ff7fa4f087f]\nE       \t(No symbol) [0x0x7ff7fa4c83e3]\nE       \t(No symbol) [0x0x7ff7fa491521]\nE       \t(No symbol) [0x0x7ff7fa4922b3]\nE       \tGetHandleVerifier [0x0x7ff7fa961efd+3107021]\nE       \tGetHandleVerifier [0x0x7ff7fa95c29d+3083373]\nE       \tGetHandleVerifier [0x0x7ff7fa97bedd+3213485]\nE       \tGetHandleVerifier [0x0x7ff7fa69884e+184862]\nE       \tGetHandleVerifier [0x0x7ff7fa6a055f+216879]\nE       \tGetHandleVerifier [0x0x7ff7fa687084+113236]\nE       \tGetHandleVerifier [0x0x7ff7fa687239+113673]\nE       \tGetHandleVerifier [0x0x7ff7fa66e298+11368]\nE       \tBaseThreadInitThunk [0x0x7ff9ed36e8d7+23]\nE       \tRtlUserThreadStart [0x0x7ff9ee07c34c+44]\n\n..\\..\\.venv\\Lib\\site-packages\\selenium\\webdriver\\support\\wait.py:138: TimeoutException\n\n----------------------------- Captured stderr call -----------------------------\n2025-08-01 17:01:08,234 - INFO - MakerPlanPage - Attempting to click on Maker Plan tab.\n2025-08-01 17:01:10,294 - INFO - MakerPlanPage - Opening the Maker Plan dropdown.\n2025-08-01 17:01:12,359 - INFO - MakerPlanPage - Selecting Maker Plan: P &amp;amp; A Phase 2.\n2025-08-01 17:01:13,447 - INFO - MakerPlanPage - Clicking the Edit icon for the module.\n2025-08-01 17:01:13,536 - INFO - MakerPlanPage - Locating the duration field to edit.\n2025-08-01 17:01:15,554 - INFO - MakerPlanPage - Clearing the current duration value.\n2025-08-01 17:01:17,844 - INFO - MakerPlanPage - Entering the new duration: 200.\n2025-08-01 17:01:17,874 - INFO - MakerPlanPage - Clicking the Submit button to save changes.\n2025-08-01 17:01:27,927 - INFO - conftest - Preparing to take screenshot.\n2025-08-01 17:01:27,927 - INFO - conftest - Ensuring screenshot directory exists at /Practice-Attendance-Admin/ScreenShots.\n2025-08-01 17:01:27,928 - INFO - conftest - Saving screenshot to /Practice-Attendance-Admin/ScreenShots\\test_edit_maker_plan_01-08-2025_17-01-27.png.\n2025-08-01 17:01:28,017 - INFO - conftest - Screenshot saved at /Practice-Attendance-Admin/ScreenShots\\test_edit_maker_plan_01-08-2025_17-01-27.png\n\n------------------------------ Captured log call -------------------------------\nINFO     MakerPlanPage:MakerPlanPage.py:28 Attempting to click on Maker Plan tab.\nINFO     MakerPlanPage:MakerPlanPage.py:56 Opening the Maker Plan dropdown.\nINFO     MakerPlanPage:MakerPlanPage.py:62 Selecting Maker Plan: P &amp;amp; A Phase 2.\nINFO     MakerPlanPage:MakerPlanPage.py:69 Clicking the Edit icon for the module.\nINFO     MakerPlanPage:MakerPlanPage.py:79 Locating the duration field to edit.\nINFO     MakerPlanPage:MakerPlanPage.py:84 Clearing the current duration value.\nINFO     MakerPlanPage:MakerPlanPage.py:88 Entering the new duration: 200.\nINFO     MakerPlanPage:MakerPlanPage.py:92 Clicking the Submit button to save changes.\nINFO     conftest:conftest.py:89 Preparing to take screenshot.\nINFO     conftest:conftest.py:91 Ensuring screenshot directory exists at /Practice-Attendance-Admin/ScreenShots.\nINFO     conftest:conftest.py:98 Saving screenshot to /Practice-Attendance-Admin/ScreenShots\\test_edit_maker_plan_01-08-2025_17-01-27.png.\nINFO     conftest:conftest.py:100 Screenshot saved at /Practice-Attendance-Admin/ScreenShots\\test_edit_maker_plan_01-08-2025_17-01-27.png\n\n&#34;}], &#34;com/bridgelabz/testcases/test_practice_head.py::TestPracticeHead::test_create_practice_head&#34;: [{&#34;extras&#34;: [], &#34;result&#34;: &#34;Failed&#34;, &#34;testId&#34;: &#34;com/bridgelabz/testcases/test_practice_head.py::TestPracticeHead::test_create_practice_head&#34;, &#34;duration&#34;: &#34;00:00:21&#34;, &#34;resultsTableRow&#34;: [&#34;&lt;td class=\&#34;col-result\&#34;&gt;Failed&lt;/td&gt;&#34;, &#34;&lt;td class=\&#34;col-testId\&#34;&gt;com/bridgelabz/testcases/test_practice_head.py::TestPracticeHead::test_create_practice_head&lt;/td&gt;&#34;, &#34;&lt;td class=\&#34;col-duration\&#34;&gt;00:00:21&lt;/td&gt;&#34;, &#34;&lt;td class=\&#34;col-links\&#34;&gt;&lt;/td&gt;&#34;], &#34;log&#34;: &#34;self = &amp;lt;com.bridgelabz.testcases.test_practice_head.TestPracticeHead object at 0x000001F349CF7C50&amp;gt;\nlogin = &amp;lt;selenium.webdriver.chrome.webdriver.WebDriver (session=&amp;quot;fbb72b1d21c325588e8b03914c457780&amp;quot;)&amp;gt;\n\n    @pytest.mark.sanity\n    def test_create_practice_head(self, login):\n        logger = Logger.get_logger(self.__class__.__name__)\n        try:\n            logger.info(&amp;quot;----- Starting Test: test_create_practice_head -----&amp;quot;)\n            ph = PHPage(login)\n            ph.click_ph_tab()\n            ph.click_add_ph_button()\n            ph.enter_name(&amp;quot;Surriyaa sanity-2&amp;quot;)\n            ph.enter_email(&amp;quot;surriyaatestsanity6@gmail.com&amp;quot;)\n            ph.enter_mobile(&amp;quot;6374400085&amp;quot;)\n            ph.select_base_coe(&amp;quot;P&amp;amp;A Phase 2&amp;quot;)\n            ph.click_create_button()\n            ph.verify_email(&amp;quot;surriyaatestsanity6@gmail.com&amp;quot;)\n            logger.info(&amp;quot;----- Test Passed: test_create_practice_head -----&amp;quot;)\n        except Exception as e:\n            logger.error(&amp;quot;Exception occurred in test_create_practice_head&amp;quot;, exc_info=True)\n            take_screenshot(login, &amp;quot;test_create_ph&amp;quot;)\n&amp;gt;           raise e\n\ntestcases\\test_practice_head.py:29: \n_ _ _ _ _ _ _ _ _ _ _ _ _ _ _ _ _ _ _ _ _ _ _ _ _ _ _ _ _ _ _ _ _ _ _ _ _ _ _ _ _ _ _ _ _ _ _ _ _ _ _ _ _ _ _ _ _ _ _ _ _ _ _ _ _ _ _ _ _ _ _ _ _ _ _ _ _ _ _ _ _ _ _ _ _ _ _ _ _ _\ntestcases\\test_practice_head.py:17: in test_create_practice_head\n    ph.click_ph_tab()\npageObjects\\PracticeHead\\PracticeHead.py:33: in click_ph_tab\n    ph_tab = wait.until(EC.element_to_be_clickable((By.XPATH, self.ph_tab_xpath)))\n             ^^^^^^^^^^^^^^^^^^^^^^^^^^^^^^^^^^^^^^^^^^^^^^^^^^^^^^^^^^^^^^^^^^^^^\n_ _ _ _ _ _ _ _ _ _ _ _ _ _ _ _ _ _ _ _ _ _ _ _ _ _ _ _ _ _ _ _ _ _ _ _ _ _ _ _ _ _ _ _ _ _ _ _ _ _ _ _ _ _ _ _ _ _ _ _ _ _ _ _ _ _ _ _ _ _ _ _ _ _ _ _ _ _ _ _ _ _ _ _ _ _ _ _ _ _\n\nself = &amp;lt;selenium.webdriver.support.wait.WebDriverWait (session=&amp;quot;fbb72b1d21c325588e8b03914c457780&amp;quot;)&amp;gt;\nmethod = &amp;lt;function element_to_be_clickable.&amp;lt;locals&amp;gt;._predicate at 0x000001F349EC7CE0&amp;gt;, message = &amp;#x27;&amp;#x27;\n\n    def until(self, method: Callable[[D], Union[Literal[False], T]], message: str = &amp;quot;&amp;quot;) -&amp;gt; T:\n        &amp;quot;&amp;quot;&amp;quot;Wait until the method returns a value that is not False.\n    \n        Calls the method provided with the driver as an argument until the\n        return value does not evaluate to ``False``.\n    \n        Parameters:\n        -----------\n        method: callable(WebDriver)\n            - A callable object that takes a WebDriver instance as an argument.\n    \n        message: str\n            - Optional message for :exc:`TimeoutException`\n    \n        Return:\n        -------\n        object: T\n            - The result of the last call to `method`\n    \n        Raises:\n        -------\n        TimeoutException\n            - If &amp;#x27;method&amp;#x27; does not return a truthy value within the WebDriverWait\n            object&amp;#x27;s timeout\n    \n        Example:\n        --------\n        &amp;gt;&amp;gt;&amp;gt; from selenium.webdriver.common.by import By\n        &amp;gt;&amp;gt;&amp;gt; from selenium.webdriver.support.ui import WebDriverWait\n        &amp;gt;&amp;gt;&amp;gt; from selenium.webdriver.support import expected_conditions as EC\n    \n        # Wait until an element is visible on the page\n        &amp;gt;&amp;gt;&amp;gt; wait = WebDriverWait(driver, 10)\n        &amp;gt;&amp;gt;&amp;gt; element = wait.until(EC.visibility_of_element_located((By.ID, &amp;quot;exampleId&amp;quot;)))\n        &amp;gt;&amp;gt;&amp;gt; print(element.text)\n        &amp;quot;&amp;quot;&amp;quot;\n        screen = None\n        stacktrace = None\n    \n        end_time = time.monotonic() + self._timeout\n        while True:\n            try:\n                value = method(self._driver)\n                if value:\n                    return value\n            except self._ignored_exceptions as exc:\n                screen = getattr(exc, &amp;quot;screen&amp;quot;, None)\n                stacktrace = getattr(exc, &amp;quot;stacktrace&amp;quot;, None)\n            if time.monotonic() &amp;gt; end_time:\n                break\n            time.sleep(self._poll)\n&amp;gt;       raise TimeoutException(message, screen, stacktrace)\nE       selenium.common.exceptions.TimeoutException: Message: \nE       Stacktrace:\nE       \tGetHandleVerifier [0x0x7ff7fa67e415+77285]\nE       \tGetHandleVerifier [0x0x7ff7fa67e470+77376]\nE       \t(No symbol) [0x0x7ff7fa449a6a]\nE       \t(No symbol) [0x0x7ff7fa4a0406]\nE       \t(No symbol) [0x0x7ff7fa4a06bc]\nE       \t(No symbol) [0x0x7ff7fa4f3ac7]\nE       \t(No symbol) [0x0x7ff7fa4c864f]\nE       \t(No symbol) [0x0x7ff7fa4f087f]\nE       \t(No symbol) [0x0x7ff7fa4c83e3]\nE       \t(No symbol) [0x0x7ff7fa491521]\nE       \t(No symbol) [0x0x7ff7fa4922b3]\nE       \tGetHandleVerifier [0x0x7ff7fa961efd+3107021]\nE       \tGetHandleVerifier [0x0x7ff7fa95c29d+3083373]\nE       \tGetHandleVerifier [0x0x7ff7fa97bedd+3213485]\nE       \tGetHandleVerifier [0x0x7ff7fa69884e+184862]\nE       \tGetHandleVerifier [0x0x7ff7fa6a055f+216879]\nE       \tGetHandleVerifier [0x0x7ff7fa687084+113236]\nE       \tGetHandleVerifier [0x0x7ff7fa687239+113673]\nE       \tGetHandleVerifier [0x0x7ff7fa66e298+11368]\nE       \tBaseThreadInitThunk [0x0x7ff9ed36e8d7+23]\nE       \tRtlUserThreadStart [0x0x7ff9ee07c34c+44]\n\n..\\..\\.venv\\Lib\\site-packages\\selenium\\webdriver\\support\\wait.py:138: TimeoutException\n\n----------------------------- Captured stderr call -----------------------------\n2025-08-01 17:01:28,029 - INFO - TestPracticeHead - ----- Starting Test: test_create_practice_head -----\n2025-08-01 17:01:28,029 - INFO - PHPage - Initializing WebDriverWait with 20 seconds\n2025-08-01 17:01:28,029 - INFO - PHPage - Waiting for Practice Head tab to be clickable\n2025-08-01 17:01:48,581 - ERROR - TestPracticeHead - Exception occurred in test_create_practice_head\nTraceback (most recent call last):\n  File &amp;quot;C:\\Users\\ASUS\\PycharmProjects\\Practice-Attendance-Admin\\com\\bridgelabz\\testcases\\test_practice_head.py&amp;quot;, line 17, in test_create_practice_head\n    ph.click_ph_tab()\n    ~~~~~~~~~~~~~~~^^\n  File &amp;quot;C:\\Users\\ASUS\\PycharmProjects\\Practice-Attendance-Admin\\com\\bridgelabz\\pageObjects\\PracticeHead\\PracticeHead.py&amp;quot;, line 33, in click_ph_tab\n    ph_tab = wait.until(EC.element_to_be_clickable((By.XPATH, self.ph_tab_xpath)))\n  File &amp;quot;C:\\Users\\ASUS\\PycharmProjects\\Practice-Attendance-Admin\\.venv\\Lib\\site-packages\\selenium\\webdriver\\support\\wait.py&amp;quot;, line 138, in until\n    raise TimeoutException(message, screen, stacktrace)\nselenium.common.exceptions.TimeoutException: Message: \nStacktrace:\n\tGetHandleVerifier [0x0x7ff7fa67e415+77285]\n\tGetHandleVerifier [0x0x7ff7fa67e470+77376]\n\t(No symbol) [0x0x7ff7fa449a6a]\n\t(No symbol) [0x0x7ff7fa4a0406]\n\t(No symbol) [0x0x7ff7fa4a06bc]\n\t(No symbol) [0x0x7ff7fa4f3ac7]\n\t(No symbol) [0x0x7ff7fa4c864f]\n\t(No symbol) [0x0x7ff7fa4f087f]\n\t(No symbol) [0x0x7ff7fa4c83e3]\n\t(No symbol) [0x0x7ff7fa491521]\n\t(No symbol) [0x0x7ff7fa4922b3]\n\tGetHandleVerifier [0x0x7ff7fa961efd+3107021]\n\tGetHandleVerifier [0x0x7ff7fa95c29d+3083373]\n\tGetHandleVerifier [0x0x7ff7fa97bedd+3213485]\n\tGetHandleVerifier [0x0x7ff7fa69884e+184862]\n\tGetHandleVerifier [0x0x7ff7fa6a055f+216879]\n\tGetHandleVerifier [0x0x7ff7fa687084+113236]\n\tGetHandleVerifier [0x0x7ff7fa687239+113673]\n\tGetHandleVerifier [0x0x7ff7fa66e298+11368]\n\tBaseThreadInitThunk [0x0x7ff9ed36e8d7+23]\n\tRtlUserThreadStart [0x0x7ff9ee07c34c+44]\n\n2025-08-01 17:01:48,588 - INFO - conftest - Preparing to take screenshot.\n2025-08-01 17:01:48,588 - INFO - conftest - Ensuring screenshot directory exists at /Practice-Attendance-Admin/ScreenShots.\n2025-08-01 17:01:48,588 - INFO - conftest - Saving screenshot to /Practice-Attendance-Admin/ScreenShots\\test_create_ph_01-08-2025_17-01-48.png.\n2025-08-01 17:01:48,698 - INFO - conftest - Screenshot saved at /Practice-Attendance-Admin/ScreenShots\\test_create_ph_01-08-2025_17-01-48.png\n\n------------------------------ Captured log call -------------------------------\nINFO     TestPracticeHead:test_practice_head.py:15 ----- Starting Test: test_create_practice_head -----\nINFO     PHPage:PracticeHead.py:30 Initializing WebDriverWait with 20 seconds\nINFO     PHPage:PracticeHead.py:32 Waiting for Practice Head tab to be clickable\nERROR    TestPracticeHead:test_practice_head.py:27 Exception occurred in test_create_practice_head\nTraceback (most recent call last):\n  File &amp;quot;C:\\Users\\ASUS\\PycharmProjects\\Practice-Attendance-Admin\\com\\bridgelabz\\testcases\\test_practice_head.py&amp;quot;, line 17, in test_create_practice_head\n    ph.click_ph_tab()\n    ~~~~~~~~~~~~~~~^^\n  File &amp;quot;C:\\Users\\ASUS\\PycharmProjects\\Practice-Attendance-Admin\\com\\bridgelabz\\pageObjects\\PracticeHead\\PracticeHead.py&amp;quot;, line 33, in click_ph_tab\n    ph_tab = wait.until(EC.element_to_be_clickable((By.XPATH, self.ph_tab_xpath)))\n  File &amp;quot;C:\\Users\\ASUS\\PycharmProjects\\Practice-Attendance-Admin\\.venv\\Lib\\site-packages\\selenium\\webdriver\\support\\wait.py&amp;quot;, line 138, in until\n    raise TimeoutException(message, screen, stacktrace)\nselenium.common.exceptions.TimeoutException: Message: \nStacktrace:\n\tGetHandleVerifier [0x0x7ff7fa67e415+77285]\n\tGetHandleVerifier [0x0x7ff7fa67e470+77376]\n\t(No symbol) [0x0x7ff7fa449a6a]\n\t(No symbol) [0x0x7ff7fa4a0406]\n\t(No symbol) [0x0x7ff7fa4a06bc]\n\t(No symbol) [0x0x7ff7fa4f3ac7]\n\t(No symbol) [0x0x7ff7fa4c864f]\n\t(No symbol) [0x0x7ff7fa4f087f]\n\t(No symbol) [0x0x7ff7fa4c83e3]\n\t(No symbol) [0x0x7ff7fa491521]\n\t(No symbol) [0x0x7ff7fa4922b3]\n\tGetHandleVerifier [0x0x7ff7fa961efd+3107021]\n\tGetHandleVerifier [0x0x7ff7fa95c29d+3083373]\n\tGetHandleVerifier [0x0x7ff7fa97bedd+3213485]\n\tGetHandleVerifier [0x0x7ff7fa69884e+184862]\n\tGetHandleVerifier [0x0x7ff7fa6a055f+216879]\n\tGetHandleVerifier [0x0x7ff7fa687084+113236]\n\tGetHandleVerifier [0x0x7ff7fa687239+113673]\n\tGetHandleVerifier [0x0x7ff7fa66e298+11368]\n\tBaseThreadInitThunk [0x0x7ff9ed36e8d7+23]\n\tRtlUserThreadStart [0x0x7ff9ee07c34c+44]\n\nINFO     conftest:conftest.py:89 Preparing to take screenshot.\nINFO     conftest:conftest.py:91 Ensuring screenshot directory exists at /Practice-Attendance-Admin/ScreenShots.\nINFO     conftest:conftest.py:98 Saving screenshot to /Practice-Attendance-Admin/ScreenShots\\test_create_ph_01-08-2025_17-01-48.png.\nINFO     conftest:conftest.py:100 Screenshot saved at /Practice-Attendance-Admin/ScreenShots\\test_create_ph_01-08-2025_17-01-48.png\n\n&#34;}], &#34;com/bridgelabz/testcases/test_practice_head.py::TestPracticeHead::test_edit_practice_head&#34;: [{&#34;extras&#34;: [], &#34;result&#34;: &#34;Failed&#34;, &#34;testId&#34;: &#34;com/bridgelabz/testcases/test_practice_head.py::TestPracticeHead::test_edit_practice_head&#34;, &#34;duration&#34;: &#34;00:00:21&#34;, &#34;resultsTableRow&#34;: [&#34;&lt;td class=\&#34;col-result\&#34;&gt;Failed&lt;/td&gt;&#34;, &#34;&lt;td class=\&#34;col-testId\&#34;&gt;com/bridgelabz/testcases/test_practice_head.py::TestPracticeHead::test_edit_practice_head&lt;/td&gt;&#34;, &#34;&lt;td class=\&#34;col-duration\&#34;&gt;00:00:21&lt;/td&gt;&#34;, &#34;&lt;td class=\&#34;col-links\&#34;&gt;&lt;/td&gt;&#34;], &#34;log&#34;: &#34;self = &amp;lt;com.bridgelabz.testcases.test_practice_head.TestPracticeHead object at 0x000001F349CF6E90&amp;gt;\nlogin = &amp;lt;selenium.webdriver.chrome.webdriver.WebDriver (session=&amp;quot;fbb72b1d21c325588e8b03914c457780&amp;quot;)&amp;gt;\n\n    @pytest.mark.sanity\n    def test_edit_practice_head(self, login):\n        logger = Logger.get_logger(self.__class__.__name__)\n        try:\n            logger.info(&amp;quot;----- Starting Test: test_edit_practice_head -----&amp;quot;)\n            ph = PHPage(login)\n            ph.click_ph_tab()\n            ph.click_edit_icon()\n            ph.enter_new_mobile(&amp;quot;9918005777&amp;quot;)\n            ph.click_update_button()\n            logger.info(&amp;quot;----- Test Passed: test_edit_practice_head -----&amp;quot;)\n        except Exception as e:\n            logger.error(&amp;quot;Exception occurred in test_edit_practice_head&amp;quot;, exc_info=True)\n            take_screenshot(login, &amp;quot;test_edit_ph&amp;quot;)\n&amp;gt;           raise e\n\ntestcases\\test_practice_head.py:45: \n_ _ _ _ _ _ _ _ _ _ _ _ _ _ _ _ _ _ _ _ _ _ _ _ _ _ _ _ _ _ _ _ _ _ _ _ _ _ _ _ _ _ _ _ _ _ _ _ _ _ _ _ _ _ _ _ _ _ _ _ _ _ _ _ _ _ _ _ _ _ _ _ _ _ _ _ _ _ _ _ _ _ _ _ _ _ _ _ _ _\ntestcases\\test_practice_head.py:37: in test_edit_practice_head\n    ph.click_ph_tab()\npageObjects\\PracticeHead\\PracticeHead.py:33: in click_ph_tab\n    ph_tab = wait.until(EC.element_to_be_clickable((By.XPATH, self.ph_tab_xpath)))\n             ^^^^^^^^^^^^^^^^^^^^^^^^^^^^^^^^^^^^^^^^^^^^^^^^^^^^^^^^^^^^^^^^^^^^^\n_ _ _ _ _ _ _ _ _ _ _ _ _ _ _ _ _ _ _ _ _ _ _ _ _ _ _ _ _ _ _ _ _ _ _ _ _ _ _ _ _ _ _ _ _ _ _ _ _ _ _ _ _ _ _ _ _ _ _ _ _ _ _ _ _ _ _ _ _ _ _ _ _ _ _ _ _ _ _ _ _ _ _ _ _ _ _ _ _ _\n\nself = &amp;lt;selenium.webdriver.support.wait.WebDriverWait (session=&amp;quot;fbb72b1d21c325588e8b03914c457780&amp;quot;)&amp;gt;\nmethod = &amp;lt;function element_to_be_clickable.&amp;lt;locals&amp;gt;._predicate at 0x000001F349EC6200&amp;gt;, message = &amp;#x27;&amp;#x27;\n\n    def until(self, method: Callable[[D], Union[Literal[False], T]], message: str = &amp;quot;&amp;quot;) -&amp;gt; T:\n        &amp;quot;&amp;quot;&amp;quot;Wait until the method returns a value that is not False.\n    \n        Calls the method provided with the driver as an argument until the\n        return value does not evaluate to ``False``.\n    \n        Parameters:\n        -----------\n        method: callable(WebDriver)\n            - A callable object that takes a WebDriver instance as an argument.\n    \n        message: str\n            - Optional message for :exc:`TimeoutException`\n    \n        Return:\n        -------\n        object: T\n            - The result of the last call to `method`\n    \n        Raises:\n        -------\n        TimeoutException\n            - If &amp;#x27;method&amp;#x27; does not return a truthy value within the WebDriverWait\n            object&amp;#x27;s timeout\n    \n        Example:\n        --------\n        &amp;gt;&amp;gt;&amp;gt; from selenium.webdriver.common.by import By\n        &amp;gt;&amp;gt;&amp;gt; from selenium.webdriver.support.ui import WebDriverWait\n        &amp;gt;&amp;gt;&amp;gt; from selenium.webdriver.support import expected_conditions as EC\n    \n        # Wait until an element is visible on the page\n        &amp;gt;&amp;gt;&amp;gt; wait = WebDriverWait(driver, 10)\n        &amp;gt;&amp;gt;&amp;gt; element = wait.until(EC.visibility_of_element_located((By.ID, &amp;quot;exampleId&amp;quot;)))\n        &amp;gt;&amp;gt;&amp;gt; print(element.text)\n        &amp;quot;&amp;quot;&amp;quot;\n        screen = None\n        stacktrace = None\n    \n        end_time = time.monotonic() + self._timeout\n        while True:\n            try:\n                value = method(self._driver)\n                if value:\n                    return value\n            except self._ignored_exceptions as exc:\n                screen = getattr(exc, &amp;quot;screen&amp;quot;, None)\n                stacktrace = getattr(exc, &amp;quot;stacktrace&amp;quot;, None)\n            if time.monotonic() &amp;gt; end_time:\n                break\n            time.sleep(self._poll)\n&amp;gt;       raise TimeoutException(message, screen, stacktrace)\nE       selenium.common.exceptions.TimeoutException: Message: \nE       Stacktrace:\nE       \tGetHandleVerifier [0x0x7ff7fa67e415+77285]\nE       \tGetHandleVerifier [0x0x7ff7fa67e470+77376]\nE       \t(No symbol) [0x0x7ff7fa449a6a]\nE       \t(No symbol) [0x0x7ff7fa4a0406]\nE       \t(No symbol) [0x0x7ff7fa4a06bc]\nE       \t(No symbol) [0x0x7ff7fa4f3ac7]\nE       \t(No symbol) [0x0x7ff7fa4c864f]\nE       \t(No symbol) [0x0x7ff7fa4f087f]\nE       \t(No symbol) [0x0x7ff7fa4c83e3]\nE       \t(No symbol) [0x0x7ff7fa491521]\nE       \t(No symbol) [0x0x7ff7fa4922b3]\nE       \tGetHandleVerifier [0x0x7ff7fa961efd+3107021]\nE       \tGetHandleVerifier [0x0x7ff7fa95c29d+3083373]\nE       \tGetHandleVerifier [0x0x7ff7fa97bedd+3213485]\nE       \tGetHandleVerifier [0x0x7ff7fa69884e+184862]\nE       \tGetHandleVerifier [0x0x7ff7fa6a055f+216879]\nE       \tGetHandleVerifier [0x0x7ff7fa687084+113236]\nE       \tGetHandleVerifier [0x0x7ff7fa687239+113673]\nE       \tGetHandleVerifier [0x0x7ff7fa66e298+11368]\nE       \tBaseThreadInitThunk [0x0x7ff9ed36e8d7+23]\nE       \tRtlUserThreadStart [0x0x7ff9ee07c34c+44]\n\n..\\..\\.venv\\Lib\\site-packages\\selenium\\webdriver\\support\\wait.py:138: TimeoutException\n\n----------------------------- Captured stderr call -----------------------------\n2025-08-01 17:01:48,712 - INFO - TestPracticeHead - ----- Starting Test: test_edit_practice_head -----\n2025-08-01 17:01:48,712 - INFO - PHPage - Initializing WebDriverWait with 20 seconds\n2025-08-01 17:01:48,712 - INFO - PHPage - Waiting for Practice Head tab to be clickable\n2025-08-01 17:02:09,243 - ERROR - TestPracticeHead - Exception occurred in test_edit_practice_head\nTraceback (most recent call last):\n  File &amp;quot;C:\\Users\\ASUS\\PycharmProjects\\Practice-Attendance-Admin\\com\\bridgelabz\\testcases\\test_practice_head.py&amp;quot;, line 37, in test_edit_practice_head\n    ph.click_ph_tab()\n    ~~~~~~~~~~~~~~~^^\n  File &amp;quot;C:\\Users\\ASUS\\PycharmProjects\\Practice-Attendance-Admin\\com\\bridgelabz\\pageObjects\\PracticeHead\\PracticeHead.py&amp;quot;, line 33, in click_ph_tab\n    ph_tab = wait.until(EC.element_to_be_clickable((By.XPATH, self.ph_tab_xpath)))\n  File &amp;quot;C:\\Users\\ASUS\\PycharmProjects\\Practice-Attendance-Admin\\.venv\\Lib\\site-packages\\selenium\\webdriver\\support\\wait.py&amp;quot;, line 138, in until\n    raise TimeoutException(message, screen, stacktrace)\nselenium.common.exceptions.TimeoutException: Message: \nStacktrace:\n\tGetHandleVerifier [0x0x7ff7fa67e415+77285]\n\tGetHandleVerifier [0x0x7ff7fa67e470+77376]\n\t(No symbol) [0x0x7ff7fa449a6a]\n\t(No symbol) [0x0x7ff7fa4a0406]\n\t(No symbol) [0x0x7ff7fa4a06bc]\n\t(No symbol) [0x0x7ff7fa4f3ac7]\n\t(No symbol) [0x0x7ff7fa4c864f]\n\t(No symbol) [0x0x7ff7fa4f087f]\n\t(No symbol) [0x0x7ff7fa4c83e3]\n\t(No symbol) [0x0x7ff7fa491521]\n\t(No symbol) [0x0x7ff7fa4922b3]\n\tGetHandleVerifier [0x0x7ff7fa961efd+3107021]\n\tGetHandleVerifier [0x0x7ff7fa95c29d+3083373]\n\tGetHandleVerifier [0x0x7ff7fa97bedd+3213485]\n\tGetHandleVerifier [0x0x7ff7fa69884e+184862]\n\tGetHandleVerifier [0x0x7ff7fa6a055f+216879]\n\tGetHandleVerifier [0x0x7ff7fa687084+113236]\n\tGetHandleVerifier [0x0x7ff7fa687239+113673]\n\tGetHandleVerifier [0x0x7ff7fa66e298+11368]\n\tBaseThreadInitThunk [0x0x7ff9ed36e8d7+23]\n\tRtlUserThreadStart [0x0x7ff9ee07c34c+44]\n\n2025-08-01 17:02:09,245 - INFO - conftest - Preparing to take screenshot.\n2025-08-01 17:02:09,245 - INFO - conftest - Ensuring screenshot directory exists at /Practice-Attendance-Admin/ScreenShots.\n2025-08-01 17:02:09,245 - INFO - conftest - Saving screenshot to /Practice-Attendance-Admin/ScreenShots\\test_edit_ph_01-08-2025_17-02-09.png.\n2025-08-01 17:02:09,371 - INFO - conftest - Screenshot saved at /Practice-Attendance-Admin/ScreenShots\\test_edit_ph_01-08-2025_17-02-09.png\n\n------------------------------ Captured log call -------------------------------\nINFO     TestPracticeHead:test_practice_head.py:35 ----- Starting Test: test_edit_practice_head -----\nINFO     PHPage:PracticeHead.py:30 Initializing WebDriverWait with 20 seconds\nINFO     PHPage:PracticeHead.py:32 Waiting for Practice Head tab to be clickable\nERROR    TestPracticeHead:test_practice_head.py:43 Exception occurred in test_edit_practice_head\nTraceback (most recent call last):\n  File &amp;quot;C:\\Users\\ASUS\\PycharmProjects\\Practice-Attendance-Admin\\com\\bridgelabz\\testcases\\test_practice_head.py&amp;quot;, line 37, in test_edit_practice_head\n    ph.click_ph_tab()\n    ~~~~~~~~~~~~~~~^^\n  File &amp;quot;C:\\Users\\ASUS\\PycharmProjects\\Practice-Attendance-Admin\\com\\bridgelabz\\pageObjects\\PracticeHead\\PracticeHead.py&amp;quot;, line 33, in click_ph_tab\n    ph_tab = wait.until(EC.element_to_be_clickable((By.XPATH, self.ph_tab_xpath)))\n  File &amp;quot;C:\\Users\\ASUS\\PycharmProjects\\Practice-Attendance-Admin\\.venv\\Lib\\site-packages\\selenium\\webdriver\\support\\wait.py&amp;quot;, line 138, in until\n    raise TimeoutException(message, screen, stacktrace)\nselenium.common.exceptions.TimeoutException: Message: \nStacktrace:\n\tGetHandleVerifier [0x0x7ff7fa67e415+77285]\n\tGetHandleVerifier [0x0x7ff7fa67e470+77376]\n\t(No symbol) [0x0x7ff7fa449a6a]\n\t(No symbol) [0x0x7ff7fa4a0406]\n\t(No symbol) [0x0x7ff7fa4a06bc]\n\t(No symbol) [0x0x7ff7fa4f3ac7]\n\t(No symbol) [0x0x7ff7fa4c864f]\n\t(No symbol) [0x0x7ff7fa4f087f]\n\t(No symbol) [0x0x7ff7fa4c83e3]\n\t(No symbol) [0x0x7ff7fa491521]\n\t(No symbol) [0x0x7ff7fa4922b3]\n\tGetHandleVerifier [0x0x7ff7fa961efd+3107021]\n\tGetHandleVerifier [0x0x7ff7fa95c29d+3083373]\n\tGetHandleVerifier [0x0x7ff7fa97bedd+3213485]\n\tGetHandleVerifier [0x0x7ff7fa69884e+184862]\n\tGetHandleVerifier [0x0x7ff7fa6a055f+216879]\n\tGetHandleVerifier [0x0x7ff7fa687084+113236]\n\tGetHandleVerifier [0x0x7ff7fa687239+113673]\n\tGetHandleVerifier [0x0x7ff7fa66e298+11368]\n\tBaseThreadInitThunk [0x0x7ff9ed36e8d7+23]\n\tRtlUserThreadStart [0x0x7ff9ee07c34c+44]\n\nINFO     conftest:conftest.py:89 Preparing to take screenshot.\nINFO     conftest:conftest.py:91 Ensuring screenshot directory exists at /Practice-Attendance-Admin/ScreenShots.\nINFO     conftest:conftest.py:98 Saving screenshot to /Practice-Attendance-Admin/ScreenShots\\test_edit_ph_01-08-2025_17-02-09.png.\nINFO     conftest:conftest.py:100 Screenshot saved at /Practice-Attendance-Admin/ScreenShots\\test_edit_ph_01-08-2025_17-02-09.png\n\n&#34;}], &#34;com/bridgelabz/testcases/test_practice_mentor.py::TestPracticeMentor::test_create_mentor&#34;: [{&#34;extras&#34;: [], &#34;result&#34;: &#34;Failed&#34;, &#34;testId&#34;: &#34;com/bridgelabz/testcases/test_practice_mentor.py::TestPracticeMentor::test_create_mentor&#34;, &#34;duration&#34;: &#34;00:00:01&#34;, &#34;resultsTableRow&#34;: [&#34;&lt;td class=\&#34;col-result\&#34;&gt;Failed&lt;/td&gt;&#34;, &#34;&lt;td class=\&#34;col-testId\&#34;&gt;com/bridgelabz/testcases/test_practice_mentor.py::TestPracticeMentor::test_create_mentor&lt;/td&gt;&#34;, &#34;&lt;td class=\&#34;col-duration\&#34;&gt;00:00:01&lt;/td&gt;&#34;, &#34;&lt;td class=\&#34;col-links\&#34;&gt;&lt;/td&gt;&#34;], &#34;log&#34;: &#34;self = &amp;lt;com.bridgelabz.testcases.test_practice_mentor.TestPracticeMentor object at 0x000001F349CF7ED0&amp;gt;\nlogin = &amp;lt;selenium.webdriver.chrome.webdriver.WebDriver (session=&amp;quot;fbb72b1d21c325588e8b03914c457780&amp;quot;)&amp;gt;\n\n    @pytest.mark.sanity\n    def test_create_mentor(self, login):\n        try:\n            mentor = MentorPage(login)\n            mentor.create_practice_mentor(&amp;quot;Surriyaa sanity4&amp;quot;, &amp;quot;surriysanity4@bridgelabz.com&amp;quot;, &amp;quot;6374670109&amp;quot;,\n                                          &amp;quot;P&amp;amp;A Phase 2&amp;quot;)\n        except Exception as e:\n            take_screenshot(login, &amp;quot;test_create_mentor&amp;quot;)\n&amp;gt;           raise e\n\ntestcases\\test_practice_mentor.py:16: \n_ _ _ _ _ _ _ _ _ _ _ _ _ _ _ _ _ _ _ _ _ _ _ _ _ _ _ _ _ _ _ _ _ _ _ _ _ _ _ _ _ _ _ _ _ _ _ _ _ _ _ _ _ _ _ _ _ _ _ _ _ _ _ _ _ _ _ _ _ _ _ _ _ _ _ _ _ _ _ _ _ _ _ _ _ _ _ _ _ _\ntestcases\\test_practice_mentor.py:12: in test_create_mentor\n    mentor.create_practice_mentor(&amp;quot;Surriyaa sanity4&amp;quot;, &amp;quot;surriysanity4@bridgelabz.com&amp;quot;, &amp;quot;6374670109&amp;quot;,\npageObjects\\PracticeMentor\\PracticeMentorPage.py:39: in create_practice_mentor\n    self.driver.find_element(By.XPATH, self.mentor_tab_xpath).click()\n..\\..\\.venv\\Lib\\site-packages\\selenium\\webdriver\\remote\\webelement.py:120: in click\n    self._execute(Command.CLICK_ELEMENT)\n..\\..\\.venv\\Lib\\site-packages\\selenium\\webdriver\\remote\\webelement.py:573: in _execute\n    return self._parent.execute(command, params)\n           ^^^^^^^^^^^^^^^^^^^^^^^^^^^^^^^^^^^^^\n..\\..\\.venv\\Lib\\site-packages\\selenium\\webdriver\\remote\\webdriver.py:454: in execute\n    self.error_handler.check_response(response)\n_ _ _ _ _ _ _ _ _ _ _ _ _ _ _ _ _ _ _ _ _ _ _ _ _ _ _ _ _ _ _ _ _ _ _ _ _ _ _ _ _ _ _ _ _ _ _ _ _ _ _ _ _ _ _ _ _ _ _ _ _ _ _ _ _ _ _ _ _ _ _ _ _ _ _ _ _ _ _ _ _ _ _ _ _ _ _ _ _ _\n\nself = &amp;lt;selenium.webdriver.remote.errorhandler.ErrorHandler object at 0x000001F349CAACF0&amp;gt;\nresponse = {&amp;#x27;status&amp;#x27;: 400, &amp;#x27;value&amp;#x27;: &amp;#x27;{&amp;quot;value&amp;quot;:{&amp;quot;error&amp;quot;:&amp;quot;element click intercepted&amp;quot;,&amp;quot;message&amp;quot;:&amp;quot;element click intercepted: Element ...ff7fa66e298+11368]\\\\n\\\\tBaseThreadInitThunk [0x0x7ff9ed36e8d7+23]\\\\n\\\\tRtlUserThreadStart [0x0x7ff9ee07c34c+44]\\\\n&amp;quot;}}&amp;#x27;}\n\n    def check_response(self, response: dict[str, Any]) -&amp;gt; None:\n        &amp;quot;&amp;quot;&amp;quot;Checks that a JSON response from the WebDriver does not have an\n        error.\n    \n        :Args:\n         - response - The JSON response from the WebDriver server as a dictionary\n           object.\n    \n        :Raises: If the response contains an error message.\n        &amp;quot;&amp;quot;&amp;quot;\n        status = response.get(&amp;quot;status&amp;quot;, None)\n        if not status or status == ErrorCode.SUCCESS:\n            return\n        value = None\n        message = response.get(&amp;quot;message&amp;quot;, &amp;quot;&amp;quot;)\n        screen: str = response.get(&amp;quot;screen&amp;quot;, &amp;quot;&amp;quot;)\n        stacktrace = None\n        if isinstance(status, int):\n            value_json = response.get(&amp;quot;value&amp;quot;, None)\n            if value_json and isinstance(value_json, str):\n                try:\n                    value = json.loads(value_json)\n                    if isinstance(value, dict):\n                        if len(value) == 1:\n                            value = value[&amp;quot;value&amp;quot;]\n                        status = value.get(&amp;quot;error&amp;quot;, None)\n                        if not status:\n                            status = value.get(&amp;quot;status&amp;quot;, ErrorCode.UNKNOWN_ERROR)\n                            message = value.get(&amp;quot;value&amp;quot;) or value.get(&amp;quot;message&amp;quot;)\n                            if not isinstance(message, str):\n                                value = message\n                                message = message.get(&amp;quot;message&amp;quot;)\n                        else:\n                            message = value.get(&amp;quot;message&amp;quot;, None)\n                except ValueError:\n                    pass\n    \n        exception_class: type[WebDriverException]\n        e = ErrorCode()\n        error_codes = [item for item in dir(e) if not item.startswith(&amp;quot;__&amp;quot;)]\n        for error_code in error_codes:\n            error_info = getattr(ErrorCode, error_code)\n            if isinstance(error_info, list) and status in error_info:\n                exception_class = getattr(ExceptionMapping, error_code, WebDriverException)\n                break\n        else:\n            exception_class = WebDriverException\n    \n        if not value:\n            value = response[&amp;quot;value&amp;quot;]\n        if isinstance(value, str):\n            raise exception_class(value)\n        if message == &amp;quot;&amp;quot; and &amp;quot;message&amp;quot; in value:\n            message = value[&amp;quot;message&amp;quot;]\n    \n        screen = None  # type: ignore[assignment]\n        if &amp;quot;screen&amp;quot; in value:\n            screen = value[&amp;quot;screen&amp;quot;]\n    \n        stacktrace = None\n        st_value = value.get(&amp;quot;stackTrace&amp;quot;) or value.get(&amp;quot;stacktrace&amp;quot;)\n        if st_value:\n            if isinstance(st_value, str):\n                stacktrace = st_value.split(&amp;quot;\\n&amp;quot;)\n            else:\n                stacktrace = []\n                try:\n                    for frame in st_value:\n                        line = frame.get(&amp;quot;lineNumber&amp;quot;, &amp;quot;&amp;quot;)\n                        file = frame.get(&amp;quot;fileName&amp;quot;, &amp;quot;&amp;lt;anonymous&amp;gt;&amp;quot;)\n                        if line:\n                            file = f&amp;quot;{file}:{line}&amp;quot;\n                        meth = frame.get(&amp;quot;methodName&amp;quot;, &amp;quot;&amp;lt;anonymous&amp;gt;&amp;quot;)\n                        if &amp;quot;className&amp;quot; in frame:\n                            meth = f&amp;quot;{frame[&amp;#x27;className&amp;#x27;]}.{meth}&amp;quot;\n                        msg = &amp;quot;    at %s (%s)&amp;quot;\n                        msg = msg % (meth, file)\n                        stacktrace.append(msg)\n                except TypeError:\n                    pass\n        if exception_class == UnexpectedAlertPresentException:\n            alert_text = None\n            if &amp;quot;data&amp;quot; in value:\n                alert_text = value[&amp;quot;data&amp;quot;].get(&amp;quot;text&amp;quot;)\n            elif &amp;quot;alert&amp;quot; in value:\n                alert_text = value[&amp;quot;alert&amp;quot;].get(&amp;quot;text&amp;quot;)\n            raise exception_class(message, screen, stacktrace, alert_text)  # type: ignore[call-arg]  # mypy is not smart enough here\n&amp;gt;       raise exception_class(message, screen, stacktrace)\nE       selenium.common.exceptions.ElementClickInterceptedException: Message: element click intercepted: Element &amp;lt;span class=&amp;quot;MuiTypography-root MuiTypography-body1 MuiListItemText-primary css-fyswvn&amp;quot;&amp;gt;...&amp;lt;/span&amp;gt; is not clickable at point (138, 363). Other element would receive the click: &amp;lt;div aria-hidden=&amp;quot;true&amp;quot; class=&amp;quot;MuiBackdrop-root MuiModal-backdrop css-14dl35y&amp;quot; style=&amp;quot;opacity: 1; transition: opacity 225ms cubic-bezier(0.4, 0, 0.2, 1);&amp;quot;&amp;gt;&amp;lt;/div&amp;gt;\nE         (Session info: chrome=138.0.7204.170); For documentation on this error, please visit: https://www.selenium.dev/documentation/webdriver/troubleshooting/errors#elementclickinterceptedexception\nE       Stacktrace:\nE       \tGetHandleVerifier [0x0x7ff7fa67e415+77285]\nE       \tGetHandleVerifier [0x0x7ff7fa67e470+77376]\nE       \t(No symbol) [0x0x7ff7fa449a6a]\nE       \t(No symbol) [0x0x7ff7fa4a83e9]\nE       \t(No symbol) [0x0x7ff7fa4a5d8b]\nE       \t(No symbol) [0x0x7ff7fa4a2dd1]\nE       \t(No symbol) [0x0x7ff7fa4a1ce1]\nE       \t(No symbol) [0x0x7ff7fa493458]\nE       \t(No symbol) [0x0x7ff7fa4c860a]\nE       \t(No symbol) [0x0x7ff7fa492d06]\nE       \t(No symbol) [0x0x7ff7fa4c8820]\nE       \t(No symbol) [0x0x7ff7fa4f087f]\nE       \t(No symbol) [0x0x7ff7fa4c83e3]\nE       \t(No symbol) [0x0x7ff7fa491521]\nE       \t(No symbol) [0x0x7ff7fa4922b3]\nE       \tGetHandleVerifier [0x0x7ff7fa961efd+3107021]\nE       \tGetHandleVerifier [0x0x7ff7fa95c29d+3083373]\nE       \tGetHandleVerifier [0x0x7ff7fa97bedd+3213485]\nE       \tGetHandleVerifier [0x0x7ff7fa69884e+184862]\nE       \tGetHandleVerifier [0x0x7ff7fa6a055f+216879]\nE       \tGetHandleVerifier [0x0x7ff7fa687084+113236]\nE       \tGetHandleVerifier [0x0x7ff7fa687239+113673]\nE       \tGetHandleVerifier [0x0x7ff7fa66e298+11368]\nE       \tBaseThreadInitThunk [0x0x7ff9ed36e8d7+23]\nE       \tRtlUserThreadStart [0x0x7ff9ee07c34c+44]\n\n..\\..\\.venv\\Lib\\site-packages\\selenium\\webdriver\\remote\\errorhandler.py:232: ElementClickInterceptedException\n\n----------------------------- Captured stderr call -----------------------------\n2025-08-01 17:02:09,386 - INFO - MentorPage - Initializing wait for mentor creation.\n2025-08-01 17:02:09,387 - INFO - MentorPage - Waiting for mentor tab to be clickable.\n2025-08-01 17:02:09,409 - INFO - MentorPage - Clicking mentor tab.\n2025-08-01 17:02:10,467 - INFO - conftest - Preparing to take screenshot.\n2025-08-01 17:02:10,468 - INFO - conftest - Ensuring screenshot directory exists at /Practice-Attendance-Admin/ScreenShots.\n2025-08-01 17:02:10,468 - INFO - conftest - Saving screenshot to /Practice-Attendance-Admin/ScreenShots\\test_create_mentor_01-08-2025_17-02-10.png.\n2025-08-01 17:02:10,566 - INFO - conftest - Screenshot saved at /Practice-Attendance-Admin/ScreenShots\\test_create_mentor_01-08-2025_17-02-10.png\n\n------------------------------ Captured log call -------------------------------\nINFO     MentorPage:PracticeMentorPage.py:30 Initializing wait for mentor creation.\nINFO     MentorPage:PracticeMentorPage.py:33 Waiting for mentor tab to be clickable.\nINFO     MentorPage:PracticeMentorPage.py:38 Clicking mentor tab.\nINFO     conftest:conftest.py:89 Preparing to take screenshot.\nINFO     conftest:conftest.py:91 Ensuring screenshot directory exists at /Practice-Attendance-Admin/ScreenShots.\nINFO     conftest:conftest.py:98 Saving screenshot to /Practice-Attendance-Admin/ScreenShots\\test_create_mentor_01-08-2025_17-02-10.png.\nINFO     conftest:conftest.py:100 Screenshot saved at /Practice-Attendance-Admin/ScreenShots\\test_create_mentor_01-08-2025_17-02-10.png\n\n&#34;}], &#34;com/bridgelabz/testcases/test_practice_mentor.py::TestPracticeMentor::test_edit_mentor&#34;: [{&#34;extras&#34;: [], &#34;result&#34;: &#34;Failed&#34;, &#34;testId&#34;: &#34;com/bridgelabz/testcases/test_practice_mentor.py::TestPracticeMentor::test_edit_mentor&#34;, &#34;duration&#34;: &#34;00:00:01&#34;, &#34;resultsTableRow&#34;: [&#34;&lt;td class=\&#34;col-result\&#34;&gt;Failed&lt;/td&gt;&#34;, &#34;&lt;td class=\&#34;col-testId\&#34;&gt;com/bridgelabz/testcases/test_practice_mentor.py::TestPracticeMentor::test_edit_mentor&lt;/td&gt;&#34;, &#34;&lt;td class=\&#34;col-duration\&#34;&gt;00:00:01&lt;/td&gt;&#34;, &#34;&lt;td class=\&#34;col-links\&#34;&gt;&lt;/td&gt;&#34;], &#34;log&#34;: &#34;self = &amp;lt;com.bridgelabz.testcases.test_practice_mentor.TestPracticeMentor object at 0x000001F349CF6D50&amp;gt;\nlogin = &amp;lt;selenium.webdriver.chrome.webdriver.WebDriver (session=&amp;quot;fbb72b1d21c325588e8b03914c457780&amp;quot;)&amp;gt;\n\n    @pytest.mark.sanity\n    def test_edit_mentor(self, login):\n        try:\n            mentor = MentorPage(login)\n            mentor.edit_mentor_contact(&amp;quot;9876522621&amp;quot;)\n        except Exception as e:\n            take_screenshot(login, &amp;quot;test_edit_mentor&amp;quot;)\n&amp;gt;           raise e\n\ntestcases\\test_practice_mentor.py:25: \n_ _ _ _ _ _ _ _ _ _ _ _ _ _ _ _ _ _ _ _ _ _ _ _ _ _ _ _ _ _ _ _ _ _ _ _ _ _ _ _ _ _ _ _ _ _ _ _ _ _ _ _ _ _ _ _ _ _ _ _ _ _ _ _ _ _ _ _ _ _ _ _ _ _ _ _ _ _ _ _ _ _ _ _ _ _ _ _ _ _\ntestcases\\test_practice_mentor.py:22: in test_edit_mentor\n    mentor.edit_mentor_contact(&amp;quot;9876522621&amp;quot;)\npageObjects\\PracticeMentor\\PracticeMentorPage.py:97: in edit_mentor_contact\n    ph_tab.click()\n..\\..\\.venv\\Lib\\site-packages\\selenium\\webdriver\\remote\\webelement.py:120: in click\n    self._execute(Command.CLICK_ELEMENT)\n..\\..\\.venv\\Lib\\site-packages\\selenium\\webdriver\\remote\\webelement.py:573: in _execute\n    return self._parent.execute(command, params)\n           ^^^^^^^^^^^^^^^^^^^^^^^^^^^^^^^^^^^^^\n..\\..\\.venv\\Lib\\site-packages\\selenium\\webdriver\\remote\\webdriver.py:454: in execute\n    self.error_handler.check_response(response)\n_ _ _ _ _ _ _ _ _ _ _ _ _ _ _ _ _ _ _ _ _ _ _ _ _ _ _ _ _ _ _ _ _ _ _ _ _ _ _ _ _ _ _ _ _ _ _ _ _ _ _ _ _ _ _ _ _ _ _ _ _ _ _ _ _ _ _ _ _ _ _ _ _ _ _ _ _ _ _ _ _ _ _ _ _ _ _ _ _ _\n\nself = &amp;lt;selenium.webdriver.remote.errorhandler.ErrorHandler object at 0x000001F349CAACF0&amp;gt;\nresponse = {&amp;#x27;status&amp;#x27;: 400, &amp;#x27;value&amp;#x27;: &amp;#x27;{&amp;quot;value&amp;quot;:{&amp;quot;error&amp;quot;:&amp;quot;element click intercepted&amp;quot;,&amp;quot;message&amp;quot;:&amp;quot;element click intercepted: Element ...ff7fa66e298+11368]\\\\n\\\\tBaseThreadInitThunk [0x0x7ff9ed36e8d7+23]\\\\n\\\\tRtlUserThreadStart [0x0x7ff9ee07c34c+44]\\\\n&amp;quot;}}&amp;#x27;}\n\n    def check_response(self, response: dict[str, Any]) -&amp;gt; None:\n        &amp;quot;&amp;quot;&amp;quot;Checks that a JSON response from the WebDriver does not have an\n        error.\n    \n        :Args:\n         - response - The JSON response from the WebDriver server as a dictionary\n           object.\n    \n        :Raises: If the response contains an error message.\n        &amp;quot;&amp;quot;&amp;quot;\n        status = response.get(&amp;quot;status&amp;quot;, None)\n        if not status or status == ErrorCode.SUCCESS:\n            return\n        value = None\n        message = response.get(&amp;quot;message&amp;quot;, &amp;quot;&amp;quot;)\n        screen: str = response.get(&amp;quot;screen&amp;quot;, &amp;quot;&amp;quot;)\n        stacktrace = None\n        if isinstance(status, int):\n            value_json = response.get(&amp;quot;value&amp;quot;, None)\n            if value_json and isinstance(value_json, str):\n                try:\n                    value = json.loads(value_json)\n                    if isinstance(value, dict):\n                        if len(value) == 1:\n                            value = value[&amp;quot;value&amp;quot;]\n                        status = value.get(&amp;quot;error&amp;quot;, None)\n                        if not status:\n                            status = value.get(&amp;quot;status&amp;quot;, ErrorCode.UNKNOWN_ERROR)\n                            message = value.get(&amp;quot;value&amp;quot;) or value.get(&amp;quot;message&amp;quot;)\n                            if not isinstance(message, str):\n                                value = message\n                                message = message.get(&amp;quot;message&amp;quot;)\n                        else:\n                            message = value.get(&amp;quot;message&amp;quot;, None)\n                except ValueError:\n                    pass\n    \n        exception_class: type[WebDriverException]\n        e = ErrorCode()\n        error_codes = [item for item in dir(e) if not item.startswith(&amp;quot;__&amp;quot;)]\n        for error_code in error_codes:\n            error_info = getattr(ErrorCode, error_code)\n            if isinstance(error_info, list) and status in error_info:\n                exception_class = getattr(ExceptionMapping, error_code, WebDriverException)\n                break\n        else:\n            exception_class = WebDriverException\n    \n        if not value:\n            value = response[&amp;quot;value&amp;quot;]\n        if isinstance(value, str):\n            raise exception_class(value)\n        if message == &amp;quot;&amp;quot; and &amp;quot;message&amp;quot; in value:\n            message = value[&amp;quot;message&amp;quot;]\n    \n        screen = None  # type: ignore[assignment]\n        if &amp;quot;screen&amp;quot; in value:\n            screen = value[&amp;quot;screen&amp;quot;]\n    \n        stacktrace = None\n        st_value = value.get(&amp;quot;stackTrace&amp;quot;) or value.get(&amp;quot;stacktrace&amp;quot;)\n        if st_value:\n            if isinstance(st_value, str):\n                stacktrace = st_value.split(&amp;quot;\\n&amp;quot;)\n            else:\n                stacktrace = []\n                try:\n                    for frame in st_value:\n                        line = frame.get(&amp;quot;lineNumber&amp;quot;, &amp;quot;&amp;quot;)\n                        file = frame.get(&amp;quot;fileName&amp;quot;, &amp;quot;&amp;lt;anonymous&amp;gt;&amp;quot;)\n                        if line:\n                            file = f&amp;quot;{file}:{line}&amp;quot;\n                        meth = frame.get(&amp;quot;methodName&amp;quot;, &amp;quot;&amp;lt;anonymous&amp;gt;&amp;quot;)\n                        if &amp;quot;className&amp;quot; in frame:\n                            meth = f&amp;quot;{frame[&amp;#x27;className&amp;#x27;]}.{meth}&amp;quot;\n                        msg = &amp;quot;    at %s (%s)&amp;quot;\n                        msg = msg % (meth, file)\n                        stacktrace.append(msg)\n                except TypeError:\n                    pass\n        if exception_class == UnexpectedAlertPresentException:\n            alert_text = None\n            if &amp;quot;data&amp;quot; in value:\n                alert_text = value[&amp;quot;data&amp;quot;].get(&amp;quot;text&amp;quot;)\n            elif &amp;quot;alert&amp;quot; in value:\n                alert_text = value[&amp;quot;alert&amp;quot;].get(&amp;quot;text&amp;quot;)\n            raise exception_class(message, screen, stacktrace, alert_text)  # type: ignore[call-arg]  # mypy is not smart enough here\n&amp;gt;       raise exception_class(message, screen, stacktrace)\nE       selenium.common.exceptions.ElementClickInterceptedException: Message: element click intercepted: Element &amp;lt;span class=&amp;quot;MuiTypography-root MuiTypography-body1 MuiListItemText-primary css-fyswvn&amp;quot;&amp;gt;...&amp;lt;/span&amp;gt; is not clickable at point (138, 363). Other element would receive the click: &amp;lt;div aria-hidden=&amp;quot;true&amp;quot; class=&amp;quot;MuiBackdrop-root MuiModal-backdrop css-14dl35y&amp;quot; style=&amp;quot;opacity: 1; transition: opacity 225ms cubic-bezier(0.4, 0, 0.2, 1);&amp;quot;&amp;gt;&amp;lt;/div&amp;gt;\nE         (Session info: chrome=138.0.7204.170); For documentation on this error, please visit: https://www.selenium.dev/documentation/webdriver/troubleshooting/errors#elementclickinterceptedexception\nE       Stacktrace:\nE       \tGetHandleVerifier [0x0x7ff7fa67e415+77285]\nE       \tGetHandleVerifier [0x0x7ff7fa67e470+77376]\nE       \t(No symbol) [0x0x7ff7fa449a6a]\nE       \t(No symbol) [0x0x7ff7fa4a83e9]\nE       \t(No symbol) [0x0x7ff7fa4a5d8b]\nE       \t(No symbol) [0x0x7ff7fa4a2dd1]\nE       \t(No symbol) [0x0x7ff7fa4a1ce1]\nE       \t(No symbol) [0x0x7ff7fa493458]\nE       \t(No symbol) [0x0x7ff7fa4c860a]\nE       \t(No symbol) [0x0x7ff7fa492d06]\nE       \t(No symbol) [0x0x7ff7fa4c8820]\nE       \t(No symbol) [0x0x7ff7fa4f087f]\nE       \t(No symbol) [0x0x7ff7fa4c83e3]\nE       \t(No symbol) [0x0x7ff7fa491521]\nE       \t(No symbol) [0x0x7ff7fa4922b3]\nE       \tGetHandleVerifier [0x0x7ff7fa961efd+3107021]\nE       \tGetHandleVerifier [0x0x7ff7fa95c29d+3083373]\nE       \tGetHandleVerifier [0x0x7ff7fa97bedd+3213485]\nE       \tGetHandleVerifier [0x0x7ff7fa69884e+184862]\nE       \tGetHandleVerifier [0x0x7ff7fa6a055f+216879]\nE       \tGetHandleVerifier [0x0x7ff7fa687084+113236]\nE       \tGetHandleVerifier [0x0x7ff7fa687239+113673]\nE       \tGetHandleVerifier [0x0x7ff7fa66e298+11368]\nE       \tBaseThreadInitThunk [0x0x7ff9ed36e8d7+23]\nE       \tRtlUserThreadStart [0x0x7ff9ee07c34c+44]\n\n..\\..\\.venv\\Lib\\site-packages\\selenium\\webdriver\\remote\\errorhandler.py:232: ElementClickInterceptedException\n\n----------------------------- Captured stderr call -----------------------------\n2025-08-01 17:02:10,599 - INFO - MentorPage - Initializing wait for mentor editing.\n2025-08-01 17:02:10,599 - INFO - MentorPage - Waiting for mentor tab to be clickable.\n2025-08-01 17:02:10,614 - INFO - MentorPage - Clicking mentor tab.\n2025-08-01 17:02:11,652 - INFO - conftest - Preparing to take screenshot.\n2025-08-01 17:02:11,652 - INFO - conftest - Ensuring screenshot directory exists at /Practice-Attendance-Admin/ScreenShots.\n2025-08-01 17:02:11,653 - INFO - conftest - Saving screenshot to /Practice-Attendance-Admin/ScreenShots\\test_edit_mentor_01-08-2025_17-02-11.png.\n2025-08-01 17:02:11,748 - INFO - conftest - Screenshot saved at /Practice-Attendance-Admin/ScreenShots\\test_edit_mentor_01-08-2025_17-02-11.png\n\n------------------------------ Captured log call -------------------------------\nINFO     MentorPage:PracticeMentorPage.py:90 Initializing wait for mentor editing.\nINFO     MentorPage:PracticeMentorPage.py:93 Waiting for mentor tab to be clickable.\nINFO     MentorPage:PracticeMentorPage.py:96 Clicking mentor tab.\nINFO     conftest:conftest.py:89 Preparing to take screenshot.\nINFO     conftest:conftest.py:91 Ensuring screenshot directory exists at /Practice-Attendance-Admin/ScreenShots.\nINFO     conftest:conftest.py:98 Saving screenshot to /Practice-Attendance-Admin/ScreenShots\\test_edit_mentor_01-08-2025_17-02-11.png.\nINFO     conftest:conftest.py:100 Screenshot saved at /Practice-Attendance-Admin/ScreenShots\\test_edit_mentor_01-08-2025_17-02-11.png\n\n&#34;}], &#34;com/bridgelabz/testcases/test_signinout_features.py::TestSignIn::test_signin&#34;: [{&#34;extras&#34;: [], &#34;result&#34;: &#34;Passed&#34;, &#34;testId&#34;: &#34;com/bridgelabz/testcases/test_signinout_features.py::TestSignIn::test_signin&#34;, &#34;duration&#34;: &#34;7 ms&#34;, &#34;resultsTableRow&#34;: [&#34;&lt;td class=\&#34;col-result\&#34;&gt;Passed&lt;/td&gt;&#34;, &#34;&lt;td class=\&#34;col-testId\&#34;&gt;com/bridgelabz/testcases/test_signinout_features.py::TestSignIn::test_signin&lt;/td&gt;&#34;, &#34;&lt;td class=\&#34;col-duration\&#34;&gt;7 ms&lt;/td&gt;&#34;, &#34;&lt;td class=\&#34;col-links\&#34;&gt;&lt;/td&gt;&#34;], &#34;log&#34;: &#34;----------------------------- Captured stdout call -----------------------------\nLogin successful. Title is: BL Practice App\n&#34;}], &#34;com/bridgelabz/testcases/test_signinout_features.py::TestSignIn::test_sign_out&#34;: [{&#34;extras&#34;: [], &#34;result&#34;: &#34;Passed&#34;, &#34;testId&#34;: &#34;com/bridgelabz/testcases/test_signinout_features.py::TestSignIn::test_sign_out&#34;, &#34;duration&#34;: &#34;00:00:02&#34;, &#34;resultsTableRow&#34;: [&#34;&lt;td class=\&#34;col-result\&#34;&gt;Passed&lt;/td&gt;&#34;, &#34;&lt;td class=\&#34;col-testId\&#34;&gt;com/bridgelabz/testcases/test_signinout_features.py::TestSignIn::test_sign_out&lt;/td&gt;&#34;, &#34;&lt;td class=\&#34;col-duration\&#34;&gt;00:00:02&lt;/td&gt;&#34;, &#34;&lt;td class=\&#34;col-links\&#34;&gt;&lt;/td&gt;&#34;], &#34;log&#34;: &#34;----------------------------- Captured stdout call -----------------------------\nLogout successful.\n\n----------------------------- Captured stderr call -----------------------------\n2025-08-01 17:02:11,787 - INFO - SignInPage - Initiating logout process.\n2025-08-01 17:02:11,787 - INFO - SignInPage - Checking for overlay.\n2025-08-01 17:02:11,807 - INFO - SignInPage - Hiding overlay using JavaScript.\n2025-08-01 17:02:11,811 - INFO - SignInPage - Clicking on profile icon.\n2025-08-01 17:02:11,842 - INFO - SignInPage - Clicking on &amp;#x27;Sign Out&amp;#x27; button.\n2025-08-01 17:02:11,898 - INFO - SignInPage - User signed out successfully.\n\n------------------------------ Captured log call -------------------------------\nINFO     SignInPage:SignInPage.py:68 Initiating logout process.\nINFO     SignInPage:SignInPage.py:72 Checking for overlay.\nINFO     SignInPage:SignInPage.py:74 Hiding overlay using JavaScript.\nINFO     SignInPage:SignInPage.py:79 Clicking on profile icon.\nINFO     SignInPage:SignInPage.py:85 Clicking on &amp;#x27;Sign Out&amp;#x27; button.\nINFO     SignInPage:SignInPage.py:90 User signed out successfully.\n\n--------------------------- Captured stderr teardown ---------------------------\n2025-08-01 17:02:11,932 - INFO - conftest - Quitting Chrome WebDriver.\n\n---------------------------- Captured log teardown -----------------------------\nINFO     conftest:conftest.py:41 Quitting Chrome WebDriver.&#34;}]}, &#34;renderCollapsed&#34;: [&#34;passed&#34;], &#34;initialSort&#34;: &#34;result&#34;, &#34;title&#34;: &#34;sanity_report_2025-08-01_16-58-34.html&#34;}"></div>
    <script>
      (function(){function r(e,n,t){function o(i,f){if(!n[i]){if(!e[i]){var c="function"==typeof require&&require;if(!f&&c)return c(i,!0);if(u)return u(i,!0);var a=new Error("Cannot find module '"+i+"'");throw a.code="MODULE_NOT_FOUND",a}var p=n[i]={exports:{}};e[i][0].call(p.exports,function(r){var n=e[i][1][r];return o(n||r)},p,p.exports,r,e,n,t)}return n[i].exports}for(var u="function"==typeof require&&require,i=0;i<t.length;i++)o(t[i]);return o}return r})()({1:[function(require,module,exports){
const { getCollapsedCategory, setCollapsedIds } = require('./storage.js')

class DataManager {
    setManager(data) {
        const collapsedCategories = [...getCollapsedCategory(data.renderCollapsed)]
        const collapsedIds = []
        const tests = Object.values(data.tests).flat().map((test, index) => {
            const collapsed = collapsedCategories.includes(test.result.toLowerCase())
            const id = `test_${index}`
            if (collapsed) {
                collapsedIds.push(id)
            }
            return {
                ...test,
                id,
                collapsed,
            }
        })
        const dataBlob = { ...data, tests }
        this.data = { ...dataBlob }
        this.renderData = { ...dataBlob }
        setCollapsedIds(collapsedIds)
    }

    get allData() {
        return { ...this.data }
    }

    resetRender() {
        this.renderData = { ...this.data }
    }

    setRender(data) {
        this.renderData.tests = [...data]
    }

    toggleCollapsedItem(id) {
        this.renderData.tests = this.renderData.tests.map((test) =>
            test.id === id ? { ...test, collapsed: !test.collapsed } : test,
        )
    }

    set allCollapsed(collapsed) {
        this.renderData = { ...this.renderData, tests: [...this.renderData.tests.map((test) => (
            { ...test, collapsed }
        ))] }
    }

    get testSubset() {
        return [...this.renderData.tests]
    }

    get environment() {
        return this.renderData.environment
    }

    get initialSort() {
        return this.data.initialSort
    }
}

module.exports = {
    manager: new DataManager(),
}

},{"./storage.js":8}],2:[function(require,module,exports){
const mediaViewer = require('./mediaviewer.js')
const templateEnvRow = document.getElementById('template_environment_row')
const templateResult = document.getElementById('template_results-table__tbody')

function htmlToElements(html) {
    const temp = document.createElement('template')
    temp.innerHTML = html
    return temp.content.childNodes
}

const find = (selector, elem) => {
    if (!elem) {
        elem = document
    }
    return elem.querySelector(selector)
}

const findAll = (selector, elem) => {
    if (!elem) {
        elem = document
    }
    return [...elem.querySelectorAll(selector)]
}

const dom = {
    getStaticRow: (key, value) => {
        const envRow = templateEnvRow.content.cloneNode(true)
        const isObj = typeof value === 'object' && value !== null
        const values = isObj ? Object.keys(value).map((k) => `${k}: ${value[k]}`) : null

        const valuesElement = htmlToElements(
            values ? `<ul>${values.map((val) => `<li>${val}</li>`).join('')}<ul>` : `<div>${value}</div>`)[0]
        const td = findAll('td', envRow)
        td[0].textContent = key
        td[1].appendChild(valuesElement)

        return envRow
    },
    getResultTBody: ({ testId, id, log, extras, resultsTableRow, tableHtml, result, collapsed }) => {
        const resultBody = templateResult.content.cloneNode(true)
        resultBody.querySelector('tbody').classList.add(result.toLowerCase())
        resultBody.querySelector('tbody').id = testId
        resultBody.querySelector('.collapsible').dataset.id = id

        resultsTableRow.forEach((html) => {
            const t = document.createElement('template')
            t.innerHTML = html
            resultBody.querySelector('.collapsible').appendChild(t.content)
        })

        if (log) {
            // Wrap lines starting with "E" with span.error to color those lines red
            const wrappedLog = log.replace(/^E.*$/gm, (match) => `<span class="error">${match}</span>`)
            resultBody.querySelector('.log').innerHTML = wrappedLog
        } else {
            resultBody.querySelector('.log').remove()
        }

        if (collapsed) {
            resultBody.querySelector('.collapsible > td')?.classList.add('collapsed')
            resultBody.querySelector('.extras-row').classList.add('hidden')
        } else {
            resultBody.querySelector('.collapsible > td')?.classList.remove('collapsed')
        }

        const media = []
        extras?.forEach(({ name, format_type, content }) => {
            if (['image', 'video'].includes(format_type)) {
                media.push({ path: content, name, format_type })
            }

            if (format_type === 'html') {
                resultBody.querySelector('.extraHTML').insertAdjacentHTML('beforeend', `<div>${content}</div>`)
            }
        })
        mediaViewer.setup(resultBody, media)

        // Add custom html from the pytest_html_results_table_html hook
        tableHtml?.forEach((item) => {
            resultBody.querySelector('td[class="extra"]').insertAdjacentHTML('beforeend', item)
        })

        return resultBody
    },
}

module.exports = {
    dom,
    htmlToElements,
    find,
    findAll,
}

},{"./mediaviewer.js":6}],3:[function(require,module,exports){
const { manager } = require('./datamanager.js')
const { doSort } = require('./sort.js')
const storageModule = require('./storage.js')

const getFilteredSubSet = (filter) =>
    manager.allData.tests.filter(({ result }) => filter.includes(result.toLowerCase()))

const doInitFilter = () => {
    const currentFilter = storageModule.getVisible()
    const filteredSubset = getFilteredSubSet(currentFilter)
    manager.setRender(filteredSubset)
}

const doFilter = (type, show) => {
    if (show) {
        storageModule.showCategory(type)
    } else {
        storageModule.hideCategory(type)
    }

    const currentFilter = storageModule.getVisible()
    const filteredSubset = getFilteredSubSet(currentFilter)
    manager.setRender(filteredSubset)

    const sortColumn = storageModule.getSort()
    doSort(sortColumn, true)
}

module.exports = {
    doFilter,
    doInitFilter,
}

},{"./datamanager.js":1,"./sort.js":7,"./storage.js":8}],4:[function(require,module,exports){
const { redraw, bindEvents, renderStatic } = require('./main.js')
const { doInitFilter } = require('./filter.js')
const { doInitSort } = require('./sort.js')
const { manager } = require('./datamanager.js')
const data = JSON.parse(document.getElementById('data-container').dataset.jsonblob)

function init() {
    manager.setManager(data)
    doInitFilter()
    doInitSort()
    renderStatic()
    redraw()
    bindEvents()
}

init()

},{"./datamanager.js":1,"./filter.js":3,"./main.js":5,"./sort.js":7}],5:[function(require,module,exports){
const { dom, find, findAll } = require('./dom.js')
const { manager } = require('./datamanager.js')
const { doSort } = require('./sort.js')
const { doFilter } = require('./filter.js')
const {
    getVisible,
    getCollapsedIds,
    setCollapsedIds,
    getSort,
    getSortDirection,
    possibleFilters,
} = require('./storage.js')

const removeChildren = (node) => {
    while (node.firstChild) {
        node.removeChild(node.firstChild)
    }
}

const renderStatic = () => {
    const renderEnvironmentTable = () => {
        const environment = manager.environment
        const rows = Object.keys(environment).map((key) => dom.getStaticRow(key, environment[key]))
        const table = document.getElementById('environment')
        removeChildren(table)
        rows.forEach((row) => table.appendChild(row))
    }
    renderEnvironmentTable()
}

const addItemToggleListener = (elem) => {
    elem.addEventListener('click', ({ target }) => {
        const id = target.parentElement.dataset.id
        manager.toggleCollapsedItem(id)

        const collapsedIds = getCollapsedIds()
        if (collapsedIds.includes(id)) {
            const updated = collapsedIds.filter((item) => item !== id)
            setCollapsedIds(updated)
        } else {
            collapsedIds.push(id)
            setCollapsedIds(collapsedIds)
        }
        redraw()
    })
}

const renderContent = (tests) => {
    const sortAttr = getSort(manager.initialSort)
    const sortAsc = JSON.parse(getSortDirection())
    const rows = tests.map(dom.getResultTBody)
    const table = document.getElementById('results-table')
    const tableHeader = document.getElementById('results-table-head')

    const newTable = document.createElement('table')
    newTable.id = 'results-table'

    // remove all sorting classes and set the relevant
    findAll('.sortable', tableHeader).forEach((elem) => elem.classList.remove('asc', 'desc'))
    tableHeader.querySelector(`.sortable[data-column-type="${sortAttr}"]`)?.classList.add(sortAsc ? 'desc' : 'asc')
    newTable.appendChild(tableHeader)

    if (!rows.length) {
        const emptyTable = document.getElementById('template_results-table__body--empty').content.cloneNode(true)
        newTable.appendChild(emptyTable)
    } else {
        rows.forEach((row) => {
            if (!!row) {
                findAll('.collapsible td:not(.col-links', row).forEach(addItemToggleListener)
                find('.logexpander', row).addEventListener('click',
                    (evt) => evt.target.parentNode.classList.toggle('expanded'),
                )
                newTable.appendChild(row)
            }
        })
    }

    table.replaceWith(newTable)
}

const renderDerived = () => {
    const currentFilter = getVisible()
    possibleFilters.forEach((result) => {
        const input = document.querySelector(`input[data-test-result="${result}"]`)
        input.checked = currentFilter.includes(result)
    })
}

const bindEvents = () => {
    const filterColumn = (evt) => {
        const { target: element } = evt
        const { testResult } = element.dataset

        doFilter(testResult, element.checked)
        const collapsedIds = getCollapsedIds()
        const updated = manager.renderData.tests.map((test) => {
            return {
                ...test,
                collapsed: collapsedIds.includes(test.id),
            }
        })
        manager.setRender(updated)
        redraw()
    }

    const header = document.getElementById('environment-header')
    header.addEventListener('click', () => {
        const table = document.getElementById('environment')
        table.classList.toggle('hidden')
        header.classList.toggle('collapsed')
    })

    findAll('input[name="filter_checkbox"]').forEach((elem) => {
        elem.addEventListener('click', filterColumn)
    })

    findAll('.sortable').forEach((elem) => {
        elem.addEventListener('click', (evt) => {
            const { target: element } = evt
            const { columnType } = element.dataset
            doSort(columnType)
            redraw()
        })
    })

    document.getElementById('show_all_details').addEventListener('click', () => {
        manager.allCollapsed = false
        setCollapsedIds([])
        redraw()
    })
    document.getElementById('hide_all_details').addEventListener('click', () => {
        manager.allCollapsed = true
        const allIds = manager.renderData.tests.map((test) => test.id)
        setCollapsedIds(allIds)
        redraw()
    })
}

const redraw = () => {
    const { testSubset } = manager

    renderContent(testSubset)
    renderDerived()
}

module.exports = {
    redraw,
    bindEvents,
    renderStatic,
}

},{"./datamanager.js":1,"./dom.js":2,"./filter.js":3,"./sort.js":7,"./storage.js":8}],6:[function(require,module,exports){
class MediaViewer {
    constructor(assets) {
        this.assets = assets
        this.index = 0
    }

    nextActive() {
        this.index = this.index === this.assets.length - 1 ? 0 : this.index + 1
        return [this.activeFile, this.index]
    }

    prevActive() {
        this.index = this.index === 0 ? this.assets.length - 1 : this.index -1
        return [this.activeFile, this.index]
    }

    get currentIndex() {
        return this.index
    }

    get activeFile() {
        return this.assets[this.index]
    }
}


const setup = (resultBody, assets) => {
    if (!assets.length) {
        resultBody.querySelector('.media').classList.add('hidden')
        return
    }

    const mediaViewer = new MediaViewer(assets)
    const container = resultBody.querySelector('.media-container')
    const leftArrow = resultBody.querySelector('.media-container__nav--left')
    const rightArrow = resultBody.querySelector('.media-container__nav--right')
    const mediaName = resultBody.querySelector('.media__name')
    const counter = resultBody.querySelector('.media__counter')
    const imageEl = resultBody.querySelector('img')
    const sourceEl = resultBody.querySelector('source')
    const videoEl = resultBody.querySelector('video')

    const setImg = (media, index) => {
        if (media?.format_type === 'image') {
            imageEl.src = media.path

            imageEl.classList.remove('hidden')
            videoEl.classList.add('hidden')
        } else if (media?.format_type === 'video') {
            sourceEl.src = media.path

            videoEl.classList.remove('hidden')
            imageEl.classList.add('hidden')
        }

        mediaName.innerText = media?.name
        counter.innerText = `${index + 1} / ${assets.length}`
    }
    setImg(mediaViewer.activeFile, mediaViewer.currentIndex)

    const moveLeft = () => {
        const [media, index] = mediaViewer.prevActive()
        setImg(media, index)
    }
    const doRight = () => {
        const [media, index] = mediaViewer.nextActive()
        setImg(media, index)
    }
    const openImg = () => {
        window.open(mediaViewer.activeFile.path, '_blank')
    }
    if (assets.length === 1) {
        container.classList.add('media-container--fullscreen')
    } else {
        leftArrow.addEventListener('click', moveLeft)
        rightArrow.addEventListener('click', doRight)
    }
    imageEl.addEventListener('click', openImg)
}

module.exports = {
    setup,
}

},{}],7:[function(require,module,exports){
const { manager } = require('./datamanager.js')
const storageModule = require('./storage.js')

const genericSort = (list, key, ascending, customOrder) => {
    let sorted
    if (customOrder) {
        sorted = list.sort((a, b) => {
            const aValue = a.result.toLowerCase()
            const bValue = b.result.toLowerCase()

            const aIndex = customOrder.findIndex((item) => item.toLowerCase() === aValue)
            const bIndex = customOrder.findIndex((item) => item.toLowerCase() === bValue)

            // Compare the indices to determine the sort order
            return aIndex - bIndex
        })
    } else {
        sorted = list.sort((a, b) => a[key] === b[key] ? 0 : a[key] > b[key] ? 1 : -1)
    }

    if (ascending) {
        sorted.reverse()
    }
    return sorted
}

const durationSort = (list, ascending) => {
    const parseDuration = (duration) => {
        if (duration.includes(':')) {
            // If it's in the format "HH:mm:ss"
            const [hours, minutes, seconds] = duration.split(':').map(Number)
            return (hours * 3600 + minutes * 60 + seconds) * 1000
        } else {
            // If it's in the format "nnn ms"
            return parseInt(duration)
        }
    }
    const sorted = list.sort((a, b) => parseDuration(a['duration']) - parseDuration(b['duration']))
    if (ascending) {
        sorted.reverse()
    }
    return sorted
}

const doInitSort = () => {
    const type = storageModule.getSort(manager.initialSort)
    const ascending = storageModule.getSortDirection()
    const list = manager.testSubset
    const initialOrder = ['Error', 'Failed', 'Rerun', 'XFailed', 'XPassed', 'Skipped', 'Passed']

    storageModule.setSort(type)
    storageModule.setSortDirection(ascending)

    if (type?.toLowerCase() === 'original') {
        manager.setRender(list)
    } else {
        let sortedList
        switch (type) {
        case 'duration':
            sortedList = durationSort(list, ascending)
            break
        case 'result':
            sortedList = genericSort(list, type, ascending, initialOrder)
            break
        default:
            sortedList = genericSort(list, type, ascending)
            break
        }
        manager.setRender(sortedList)
    }
}

const doSort = (type, skipDirection) => {
    const newSortType = storageModule.getSort(manager.initialSort) !== type
    const currentAsc = storageModule.getSortDirection()
    let ascending
    if (skipDirection) {
        ascending = currentAsc
    } else {
        ascending = newSortType ? false : !currentAsc
    }
    storageModule.setSort(type)
    storageModule.setSortDirection(ascending)

    const list = manager.testSubset
    const sortedList = type === 'duration' ? durationSort(list, ascending) : genericSort(list, type, ascending)
    manager.setRender(sortedList)
}

module.exports = {
    doInitSort,
    doSort,
}

},{"./datamanager.js":1,"./storage.js":8}],8:[function(require,module,exports){
const possibleFilters = [
    'passed',
    'skipped',
    'failed',
    'error',
    'xfailed',
    'xpassed',
    'rerun',
]

const getVisible = () => {
    const url = new URL(window.location.href)
    const settings = new URLSearchParams(url.search).get('visible')
    const lower = (item) => {
        const lowerItem = item.toLowerCase()
        if (possibleFilters.includes(lowerItem)) {
            return lowerItem
        }
        return null
    }
    return settings === null ?
        possibleFilters :
        [...new Set(settings?.split(',').map(lower).filter((item) => item))]
}

const hideCategory = (categoryToHide) => {
    const url = new URL(window.location.href)
    const visibleParams = new URLSearchParams(url.search).get('visible')
    const currentVisible = visibleParams ? visibleParams.split(',') : [...possibleFilters]
    const settings = [...new Set(currentVisible)].filter((f) => f !== categoryToHide).join(',')

    url.searchParams.set('visible', settings)
    window.history.pushState({}, null, unescape(url.href))
}

const showCategory = (categoryToShow) => {
    if (typeof window === 'undefined') {
        return
    }
    const url = new URL(window.location.href)
    const currentVisible = new URLSearchParams(url.search).get('visible')?.split(',').filter(Boolean) ||
        [...possibleFilters]
    const settings = [...new Set([categoryToShow, ...currentVisible])]
    const noFilter = possibleFilters.length === settings.length || !settings.length

    noFilter ? url.searchParams.delete('visible') : url.searchParams.set('visible', settings.join(','))
    window.history.pushState({}, null, unescape(url.href))
}

const getSort = (initialSort) => {
    const url = new URL(window.location.href)
    let sort = new URLSearchParams(url.search).get('sort')
    if (!sort) {
        sort = initialSort || 'result'
    }
    return sort
}

const setSort = (type) => {
    const url = new URL(window.location.href)
    url.searchParams.set('sort', type)
    window.history.pushState({}, null, unescape(url.href))
}

const getCollapsedCategory = (renderCollapsed) => {
    let categories
    if (typeof window !== 'undefined') {
        const url = new URL(window.location.href)
        const collapsedItems = new URLSearchParams(url.search).get('collapsed')
        switch (true) {
        case !renderCollapsed && collapsedItems === null:
            categories = ['passed']
            break
        case collapsedItems?.length === 0 || /^["']{2}$/.test(collapsedItems):
            categories = []
            break
        case /^all$/.test(collapsedItems) || collapsedItems === null && /^all$/.test(renderCollapsed):
            categories = [...possibleFilters]
            break
        default:
            categories = collapsedItems?.split(',').map((item) => item.toLowerCase()) || renderCollapsed
            break
        }
    } else {
        categories = []
    }
    return categories
}

const getSortDirection = () => JSON.parse(sessionStorage.getItem('sortAsc')) || false
const setSortDirection = (ascending) => sessionStorage.setItem('sortAsc', ascending)

const getCollapsedIds = () => JSON.parse(sessionStorage.getItem('collapsedIds')) || []
const setCollapsedIds = (list) => sessionStorage.setItem('collapsedIds', JSON.stringify(list))

module.exports = {
    getVisible,
    hideCategory,
    showCategory,
    getCollapsedIds,
    setCollapsedIds,
    getSort,
    setSort,
    getSortDirection,
    setSortDirection,
    getCollapsedCategory,
    possibleFilters,
}

},{}]},{},[4]);
    </script>
  </footer>
</html>