<!DOCTYPE html>
<html>
  <head>
    <meta charset="utf-8"/>
    <title id="head-title">sanity_report_2025-08-04_10-13-30.html</title>
      <style type="text/css">body {
  font-family: Helvetica, Arial, sans-serif;
  font-size: 12px;
  /* do not increase min-width as some may use split screens */
  min-width: 800px;
  color: #999;
}

h1 {
  font-size: 24px;
  color: black;
}

h2 {
  font-size: 16px;
  color: black;
}

p {
  color: black;
}

a {
  color: #999;
}

table {
  border-collapse: collapse;
}

/******************************
 * SUMMARY INFORMATION
 ******************************/
#environment td {
  padding: 5px;
  border: 1px solid #e6e6e6;
  vertical-align: top;
}
#environment tr:nth-child(odd) {
  background-color: #f6f6f6;
}
#environment ul {
  margin: 0;
  padding: 0 20px;
}

/******************************
 * TEST RESULT COLORS
 ******************************/
span.passed,
.passed .col-result {
  color: green;
}

span.skipped,
span.xfailed,
span.rerun,
.skipped .col-result,
.xfailed .col-result,
.rerun .col-result {
  color: orange;
}

span.error,
span.failed,
span.xpassed,
.error .col-result,
.failed .col-result,
.xpassed .col-result {
  color: red;
}

.col-links__extra {
  margin-right: 3px;
}

/******************************
 * RESULTS TABLE
 *
 * 1. Table Layout
 * 2. Extra
 * 3. Sorting items
 *
 ******************************/
/*------------------
 * 1. Table Layout
 *------------------*/
#results-table {
  border: 1px solid #e6e6e6;
  color: #999;
  font-size: 12px;
  width: 100%;
}
#results-table th,
#results-table td {
  padding: 5px;
  border: 1px solid #e6e6e6;
  text-align: left;
}
#results-table th {
  font-weight: bold;
}

/*------------------
 * 2. Extra
 *------------------*/
.logwrapper {
  max-height: 230px;
  overflow-y: scroll;
  background-color: #e6e6e6;
}
.logwrapper.expanded {
  max-height: none;
}
.logwrapper.expanded .logexpander:after {
  content: "collapse [-]";
}
.logwrapper .logexpander {
  z-index: 1;
  position: sticky;
  top: 10px;
  width: max-content;
  border: 1px solid;
  border-radius: 3px;
  padding: 5px 7px;
  margin: 10px 0 10px calc(100% - 80px);
  cursor: pointer;
  background-color: #e6e6e6;
}
.logwrapper .logexpander:after {
  content: "expand [+]";
}
.logwrapper .logexpander:hover {
  color: #000;
  border-color: #000;
}
.logwrapper .log {
  min-height: 40px;
  position: relative;
  top: -50px;
  height: calc(100% + 50px);
  border: 1px solid #e6e6e6;
  color: black;
  display: block;
  font-family: "Courier New", Courier, monospace;
  padding: 5px;
  padding-right: 80px;
  white-space: pre-wrap;
}

div.media {
  border: 1px solid #e6e6e6;
  float: right;
  height: 240px;
  margin: 0 5px;
  overflow: hidden;
  width: 320px;
}

.media-container {
  display: grid;
  grid-template-columns: 25px auto 25px;
  align-items: center;
  flex: 1 1;
  overflow: hidden;
  height: 200px;
}

.media-container--fullscreen {
  grid-template-columns: 0px auto 0px;
}

.media-container__nav--right,
.media-container__nav--left {
  text-align: center;
  cursor: pointer;
}

.media-container__viewport {
  cursor: pointer;
  text-align: center;
  height: inherit;
}
.media-container__viewport img,
.media-container__viewport video {
  object-fit: cover;
  width: 100%;
  max-height: 100%;
}

.media__name,
.media__counter {
  display: flex;
  flex-direction: row;
  justify-content: space-around;
  flex: 0 0 25px;
  align-items: center;
}

.collapsible td:not(.col-links) {
  cursor: pointer;
}
.collapsible td:not(.col-links):hover::after {
  color: #bbb;
  font-style: italic;
  cursor: pointer;
}

.col-result {
  width: 130px;
}
.col-result:hover::after {
  content: " (hide details)";
}

.col-result.collapsed:hover::after {
  content: " (show details)";
}

#environment-header h2:hover::after {
  content: " (hide details)";
  color: #bbb;
  font-style: italic;
  cursor: pointer;
  font-size: 12px;
}

#environment-header.collapsed h2:hover::after {
  content: " (show details)";
  color: #bbb;
  font-style: italic;
  cursor: pointer;
  font-size: 12px;
}

/*------------------
 * 3. Sorting items
 *------------------*/
.sortable {
  cursor: pointer;
}
.sortable.desc:after {
  content: " ";
  position: relative;
  left: 5px;
  bottom: -12.5px;
  border: 10px solid #4caf50;
  border-bottom: 0;
  border-left-color: transparent;
  border-right-color: transparent;
}
.sortable.asc:after {
  content: " ";
  position: relative;
  left: 5px;
  bottom: 12.5px;
  border: 10px solid #4caf50;
  border-top: 0;
  border-left-color: transparent;
  border-right-color: transparent;
}

.hidden, .summary__reload__button.hidden {
  display: none;
}

.summary__data {
  flex: 0 0 550px;
}
.summary__reload {
  flex: 1 1;
  display: flex;
  justify-content: center;
}
.summary__reload__button {
  flex: 0 0 300px;
  display: flex;
  color: white;
  font-weight: bold;
  background-color: #4caf50;
  text-align: center;
  justify-content: center;
  align-items: center;
  border-radius: 3px;
  cursor: pointer;
}
.summary__reload__button:hover {
  background-color: #46a049;
}
.summary__spacer {
  flex: 0 0 550px;
}

.controls {
  display: flex;
  justify-content: space-between;
}

.filters,
.collapse {
  display: flex;
  align-items: center;
}
.filters button,
.collapse button {
  color: #999;
  border: none;
  background: none;
  cursor: pointer;
  text-decoration: underline;
}
.filters button:hover,
.collapse button:hover {
  color: #ccc;
}

.filter__label {
  margin-right: 10px;
}

      </style>
    
  </head>
  <body>
    <h1 id="title">sanity_report_2025-08-04_10-13-30.html</h1>
    <p>Report generated on 04-Aug-2025 at 10:24:03 by <a href="https://pypi.python.org/pypi/pytest-html">pytest-html</a>
        v4.1.1</p>
    <div id="environment-header">
      <h2>Environment</h2>
    </div>
    <table id="environment"></table>
    <!-- TEMPLATES -->
      <template id="template_environment_row">
      <tr>
        <td></td>
        <td></td>
      </tr>
    </template>
    <template id="template_results-table__body--empty">
      <tbody class="results-table-row">
        <tr id="not-found-message">
          <td colspan="4">No results found. Check the filters.</th>
        </tr>
    </template>
    <template id="template_results-table__tbody">
      <tbody class="results-table-row">
        <tr class="collapsible">
        </tr>
        <tr class="extras-row">
          <td class="extra" colspan="4">
            <div class="extraHTML"></div>
            <div class="media">
              <div class="media-container">
                  <div class="media-container__nav--left"><</div>
                  <div class="media-container__viewport">
                    <img src="" />
                    <video controls>
                      <source src="" type="video/mp4">
                    </video>
                  </div>
                  <div class="media-container__nav--right">></div>
                </div>
                <div class="media__name"></div>
                <div class="media__counter"></div>
            </div>
            <div class="logwrapper">
              <div class="logexpander"></div>
              <div class="log"></div>
            </div>
          </td>
        </tr>
      </tbody>
    </template>
    <!-- END TEMPLATES -->
    <div class="summary">
      <div class="summary__data">
        <h2>Summary</h2>
        <div class="additional-summary prefix">
        </div>
        <p class="run-count">23 tests took 00:10:30.</p>
        <p class="filter">(Un)check the boxes to filter the results.</p>
        <div class="summary__reload">
          <div class="summary__reload__button hidden" onclick="location.reload()">
            <div>There are still tests running. <br />Reload this page to get the latest results!</div>
          </div>
        </div>
        <div class="summary__spacer"></div>
        <div class="controls">
          <div class="filters">
            <input checked="true" class="filter" name="filter_checkbox" type="checkbox" data-test-result="failed" />
            <span class="failed">9 Failed,</span>
            <input checked="true" class="filter" name="filter_checkbox" type="checkbox" data-test-result="passed" />
            <span class="passed">14 Passed,</span>
            <input checked="true" class="filter" name="filter_checkbox" type="checkbox" data-test-result="skipped" disabled/>
            <span class="skipped">0 Skipped,</span>
            <input checked="true" class="filter" name="filter_checkbox" type="checkbox" data-test-result="xfailed" disabled/>
            <span class="xfailed">0 Expected failures,</span>
            <input checked="true" class="filter" name="filter_checkbox" type="checkbox" data-test-result="xpassed" disabled/>
            <span class="xpassed">0 Unexpected passes,</span>
            <input checked="true" class="filter" name="filter_checkbox" type="checkbox" data-test-result="error" disabled/>
            <span class="error">0 Errors,</span>
            <input checked="true" class="filter" name="filter_checkbox" type="checkbox" data-test-result="rerun" disabled/>
            <span class="rerun">0 Reruns</span>
          </div>
          <div class="collapse">
            <button id="show_all_details">Show all details</button>&nbsp;/&nbsp;<button id="hide_all_details">Hide all details</button>
          </div>
        </div>
      </div>
      <div class="additional-summary summary">
      </div>
      <div class="additional-summary postfix">
      </div>
    </div>
    <table id="results-table">
      <thead id="results-table-head">
        <tr>
          <th class="sortable" data-column-type="result">Result</th>
          <th class="sortable" data-column-type="testId">Test</th>
          <th class="sortable" data-column-type="duration">Duration</th>
          <th>Links</th>
        </tr>
      </thead>
    </table>
  </body>
  <footer>
    <div id="data-container" data-jsonblob="{&#34;environment&#34;: {&#34;Python&#34;: &#34;3.13.3&#34;, &#34;Platform&#34;: &#34;Windows-11-10.0.26100-SP0&#34;, &#34;Packages&#34;: {&#34;pytest&#34;: &#34;8.4.1&#34;, &#34;pluggy&#34;: &#34;1.6.0&#34;}, &#34;Plugins&#34;: {&#34;forked&#34;: &#34;1.6.0&#34;, &#34;html&#34;: &#34;4.1.1&#34;, &#34;metadata&#34;: &#34;3.1.1&#34;, &#34;xdist&#34;: &#34;3.8.0&#34;}, &#34;JAVA_HOME&#34;: &#34;C:\\Program Files\\Java\\jdk-22&#34;}, &#34;tests&#34;: {&#34;com/bridgelabz/testcases/test_checkin_out_report.py::TestCheckinOutReport::test_view_checkin_checkout_report&#34;: [{&#34;extras&#34;: [], &#34;result&#34;: &#34;Passed&#34;, &#34;testId&#34;: &#34;com/bridgelabz/testcases/test_checkin_out_report.py::TestCheckinOutReport::test_view_checkin_checkout_report&#34;, &#34;duration&#34;: &#34;00:00:26&#34;, &#34;resultsTableRow&#34;: [&#34;&lt;td class=\&#34;col-result\&#34;&gt;Passed&lt;/td&gt;&#34;, &#34;&lt;td class=\&#34;col-testId\&#34;&gt;com/bridgelabz/testcases/test_checkin_out_report.py::TestCheckinOutReport::test_view_checkin_checkout_report&lt;/td&gt;&#34;, &#34;&lt;td class=\&#34;col-duration\&#34;&gt;00:00:26&lt;/td&gt;&#34;, &#34;&lt;td class=\&#34;col-links\&#34;&gt;&lt;/td&gt;&#34;], &#34;log&#34;: &#34;---------------------------- Captured stderr setup -----------------------------\n2025-08-04 10:13:32,525 - INFO - conftest - Initializing Chrome WebDriver with suppressed logs.\n2025-08-04 10:13:34,398 - INFO - conftest - Maximizing browser window.\n2025-08-04 10:13:34,466 - INFO - conftest - Setting implicit wait to 10 seconds.\n2025-08-04 10:13:34,469 - INFO - conftest - Navigating to URL: https://bl-practice-attendance-app-stg-187791816934.asia-south1.run.app/admin\n2025-08-04 10:13:35,481 - INFO - conftest - Instantiating SignInPage object.\n2025-08-04 10:13:35,482 - INFO - conftest - Waiting for and clicking &amp;#x27;Sign in with Google&amp;#x27; button.\n2025-08-04 10:13:35,482 - INFO - SignInPage - Waiting for Google sign-in button.\n2025-08-04 10:13:35,945 - INFO - SignInPage - Clicking on &amp;#x27;Sign in with Google&amp;#x27; button.\n2025-08-04 10:13:36,340 - INFO - conftest - Waiting for Google login popup to appear.\n2025-08-04 10:13:36,357 - INFO - conftest - Switching to Google login popup window.\n2025-08-04 10:13:36,365 - INFO - conftest - Entering Google account email.\n2025-08-04 10:13:36,365 - INFO - SignInPage - Entering email as username\n2025-08-04 10:13:38,254 - INFO - conftest - Clicking &amp;#x27;Next&amp;#x27; after entering email.\n2025-08-04 10:13:38,255 - INFO - SignInPage - Clicking on &amp;#x27;Next&amp;#x27; button.\n2025-08-04 10:13:38,618 - INFO - conftest - Entering Google account password.\n2025-08-04 10:13:38,619 - INFO - SignInPage - Entering password.\n2025-08-04 10:13:40,900 - INFO - conftest - Clicking &amp;#x27;Next&amp;#x27; after entering password.\n2025-08-04 10:13:40,901 - INFO - SignInPage - Clicking on &amp;#x27;Next&amp;#x27; button.\n2025-08-04 10:13:41,358 - INFO - conftest - Waiting for application window to become available.\n2025-08-04 10:13:41,360 - INFO - conftest - Switching back to original application window.\n2025-08-04 10:13:41,377 - INFO - conftest - Attempting to close overlay popup after login, if present.\n2025-08-04 10:13:48,355 - INFO - conftest - Overlay popup closed after login.\n\n------------------------------ Captured log setup ------------------------------\nINFO     conftest:conftest.py:18 Initializing Chrome WebDriver with suppressed logs.\nINFO     conftest:conftest.py:28 Maximizing browser window.\nINFO     conftest:conftest.py:31 Setting implicit wait to 10 seconds.\nINFO     conftest:conftest.py:36 Navigating to URL: https://bl-practice-attendance-app-stg-187791816934.asia-south1.run.app/admin\nINFO     conftest:conftest.py:48 Instantiating SignInPage object.\nINFO     conftest:conftest.py:51 Waiting for and clicking &amp;#x27;Sign in with Google&amp;#x27; button.\nINFO     SignInPage:SignInPage.py:32 Waiting for Google sign-in button.\nINFO     SignInPage:SignInPage.py:37 Clicking on &amp;#x27;Sign in with Google&amp;#x27; button.\nINFO     conftest:conftest.py:54 Waiting for Google login popup to appear.\nINFO     conftest:conftest.py:56 Switching to Google login popup window.\nINFO     conftest:conftest.py:59 Entering Google account email.\nINFO     SignInPage:SignInPage.py:42 Entering email as username\nINFO     conftest:conftest.py:61 Clicking &amp;#x27;Next&amp;#x27; after entering email.\nINFO     SignInPage:SignInPage.py:61 Clicking on &amp;#x27;Next&amp;#x27; button.\nINFO     conftest:conftest.py:64 Entering Google account password.\nINFO     SignInPage:SignInPage.py:51 Entering password.\nINFO     conftest:conftest.py:66 Clicking &amp;#x27;Next&amp;#x27; after entering password.\nINFO     SignInPage:SignInPage.py:61 Clicking on &amp;#x27;Next&amp;#x27; button.\nINFO     conftest:conftest.py:69 Waiting for application window to become available.\nINFO     conftest:conftest.py:71 Switching back to original application window.\nINFO     conftest:conftest.py:74 Attempting to close overlay popup after login, if present.\nINFO     conftest:conftest.py:81 Overlay popup closed after login.\n\n----------------------------- Captured stderr call -----------------------------\n2025-08-04 10:13:48,357 - INFO - CheckInOutReport - Navigating to CheckIn-Out Report tab.\n2025-08-04 10:13:48,496 - INFO - CheckInOutReport - Filling dropdowns and fields for report generation.\n2025-08-04 10:13:48,496 - INFO - CheckInOutReport - Selecting option &amp;#x27;P&amp;amp;A Phase 2&amp;#x27; for dropdown with xpath: //label[text()=&amp;#x27;COE*&amp;#x27;]/following-sibling::div//div[@role=&amp;#x27;combobox&amp;#x27;]\n2025-08-04 10:13:49,561 - INFO - CheckInOutReport - Option &amp;#x27;P&amp;amp;A Phase 2&amp;#x27; selected successfully.\n2025-08-04 10:13:49,561 - INFO - CheckInOutReport - Selecting option &amp;#x27;Fellowship&amp;#x27; for dropdown with xpath: //label[text()=&amp;#x27;Lab Type*&amp;#x27;]/following-sibling::div//div[@role=&amp;#x27;combobox&amp;#x27;]\n2025-08-04 10:13:50,645 - INFO - CheckInOutReport - Option &amp;#x27;Fellowship&amp;#x27; selected successfully.\n2025-08-04 10:13:50,646 - INFO - CheckInOutReport - Typing attendance name: July 16\n2025-08-04 10:13:51,946 - INFO - CheckInOutReport - Attendance name selected.\n2025-08-04 10:13:51,946 - INFO - CheckInOutReport - Selecting option &amp;#x27;10:00 AM - 04:00 PM&amp;#x27; for dropdown with xpath: //label[normalize-space()=&amp;#x27;Session Time&amp;#x27;]/following-sibling::div//div[@role=&amp;#x27;combobox&amp;#x27;]\n2025-08-04 10:13:52,696 - INFO - CheckInOutReport - Option &amp;#x27;10:00 AM - 04:00 PM&amp;#x27; selected successfully.\n2025-08-04 10:13:52,696 - INFO - CheckInOutReport - Setting date &amp;#x27;2025-05-01&amp;#x27; using JS for xpath: //input[@name=&amp;#x27;fromDate&amp;#x27;]\n2025-08-04 10:13:53,815 - INFO - CheckInOutReport - Date &amp;#x27;2025-05-01&amp;#x27; set successfully for xpath: //input[@name=&amp;#x27;fromDate&amp;#x27;]\n2025-08-04 10:13:53,815 - INFO - CheckInOutReport - Setting date &amp;#x27;2025-07-01&amp;#x27; using JS for xpath: //input[@name=&amp;#x27;toDate&amp;#x27;]\n2025-08-04 10:13:54,858 - INFO - CheckInOutReport - Date &amp;#x27;2025-07-01&amp;#x27; set successfully for xpath: //input[@name=&amp;#x27;toDate&amp;#x27;]\n2025-08-04 10:13:54,859 - INFO - CheckInOutReport - Clicking the VIEW button.\n2025-08-04 10:13:56,031 - INFO - CheckInOutReport - CheckIn and CheckOut report validated successfully. &amp;#x27;#CheckIn Count&amp;#x27; column found.\n\n------------------------------ Captured log call -------------------------------\nINFO     CheckInOutReport:CheckInOutReport.py:44 Navigating to CheckIn-Out Report tab.\nINFO     CheckInOutReport:CheckInOutReport.py:47 Filling dropdowns and fields for report generation.\nINFO     CheckInOutReport:CheckInOutReport.py:25 Selecting option &amp;#x27;P&amp;amp;A Phase 2&amp;#x27; for dropdown with xpath: //label[text()=&amp;#x27;COE*&amp;#x27;]/following-sibling::div//div[@role=&amp;#x27;combobox&amp;#x27;]\nINFO     CheckInOutReport:CheckInOutReport.py:30 Option &amp;#x27;P&amp;amp;A Phase 2&amp;#x27; selected successfully.\nINFO     CheckInOutReport:CheckInOutReport.py:25 Selecting option &amp;#x27;Fellowship&amp;#x27; for dropdown with xpath: //label[text()=&amp;#x27;Lab Type*&amp;#x27;]/following-sibling::div//div[@role=&amp;#x27;combobox&amp;#x27;]\nINFO     CheckInOutReport:CheckInOutReport.py:30 Option &amp;#x27;Fellowship&amp;#x27; selected successfully.\nINFO     CheckInOutReport:CheckInOutReport.py:51 Typing attendance name: July 16\nINFO     CheckInOutReport:CheckInOutReport.py:55 Attendance name selected.\nINFO     CheckInOutReport:CheckInOutReport.py:25 Selecting option &amp;#x27;10:00 AM - 04:00 PM&amp;#x27; for dropdown with xpath: //label[normalize-space()=&amp;#x27;Session Time&amp;#x27;]/following-sibling::div//div[@role=&amp;#x27;combobox&amp;#x27;]\nINFO     CheckInOutReport:CheckInOutReport.py:30 Option &amp;#x27;10:00 AM - 04:00 PM&amp;#x27; selected successfully.\nINFO     CheckInOutReport:CheckInOutReport.py:33 Setting date &amp;#x27;2025-05-01&amp;#x27; using JS for xpath: //input[@name=&amp;#x27;fromDate&amp;#x27;]\nINFO     CheckInOutReport:CheckInOutReport.py:41 Date &amp;#x27;2025-05-01&amp;#x27; set successfully for xpath: //input[@name=&amp;#x27;fromDate&amp;#x27;]\nINFO     CheckInOutReport:CheckInOutReport.py:33 Setting date &amp;#x27;2025-07-01&amp;#x27; using JS for xpath: //input[@name=&amp;#x27;toDate&amp;#x27;]\nINFO     CheckInOutReport:CheckInOutReport.py:41 Date &amp;#x27;2025-07-01&amp;#x27; set successfully for xpath: //input[@name=&amp;#x27;toDate&amp;#x27;]\nINFO     CheckInOutReport:CheckInOutReport.py:62 Clicking the VIEW button.\nINFO     CheckInOutReport:CheckInOutReport.py:67 CheckIn and CheckOut report validated successfully. &amp;#x27;#CheckIn Count&amp;#x27; column found.\n\n--------------------------- Captured stderr teardown ---------------------------\n2025-08-04 10:13:56,035 - INFO - conftest - Quitting Chrome WebDriver.\n\n---------------------------- Captured log teardown -----------------------------\nINFO     conftest:conftest.py:41 Quitting Chrome WebDriver.&#34;}], &#34;com/bridgelabz/testcases/test_coder_distribution.py::TestCoderDistribution::test_view_coder_distribution_report&#34;: [{&#34;extras&#34;: [], &#34;result&#34;: &#34;Passed&#34;, &#34;testId&#34;: &#34;com/bridgelabz/testcases/test_coder_distribution.py::TestCoderDistribution::test_view_coder_distribution_report&#34;, &#34;duration&#34;: &#34;00:00:20&#34;, &#34;resultsTableRow&#34;: [&#34;&lt;td class=\&#34;col-result\&#34;&gt;Passed&lt;/td&gt;&#34;, &#34;&lt;td class=\&#34;col-testId\&#34;&gt;com/bridgelabz/testcases/test_coder_distribution.py::TestCoderDistribution::test_view_coder_distribution_report&lt;/td&gt;&#34;, &#34;&lt;td class=\&#34;col-duration\&#34;&gt;00:00:20&lt;/td&gt;&#34;, &#34;&lt;td class=\&#34;col-links\&#34;&gt;&lt;/td&gt;&#34;], &#34;log&#34;: &#34;---------------------------- Captured stderr setup -----------------------------\n2025-08-04 10:13:58,386 - INFO - conftest - Initializing Chrome WebDriver with suppressed logs.\n2025-08-04 10:13:59,759 - INFO - conftest - Maximizing browser window.\n2025-08-04 10:13:59,822 - INFO - conftest - Setting implicit wait to 10 seconds.\n2025-08-04 10:13:59,823 - INFO - conftest - Navigating to URL: https://bl-practice-attendance-app-stg-187791816934.asia-south1.run.app/admin\n2025-08-04 10:14:00,749 - INFO - conftest - Instantiating SignInPage object.\n2025-08-04 10:14:00,752 - INFO - conftest - Waiting for and clicking &amp;#x27;Sign in with Google&amp;#x27; button.\n2025-08-04 10:14:00,752 - INFO - SignInPage - Waiting for Google sign-in button.\n2025-08-04 10:14:01,240 - INFO - SignInPage - Clicking on &amp;#x27;Sign in with Google&amp;#x27; button.\n2025-08-04 10:14:01,460 - INFO - conftest - Waiting for Google login popup to appear.\n2025-08-04 10:14:01,489 - INFO - conftest - Switching to Google login popup window.\n2025-08-04 10:14:01,497 - INFO - conftest - Entering Google account email.\n2025-08-04 10:14:01,497 - INFO - SignInPage - Entering email as username\n2025-08-04 10:14:03,125 - INFO - conftest - Clicking &amp;#x27;Next&amp;#x27; after entering email.\n2025-08-04 10:14:03,125 - INFO - SignInPage - Clicking on &amp;#x27;Next&amp;#x27; button.\n2025-08-04 10:14:03,305 - INFO - conftest - Entering Google account password.\n2025-08-04 10:14:03,305 - INFO - SignInPage - Entering password.\n2025-08-04 10:14:06,031 - INFO - conftest - Clicking &amp;#x27;Next&amp;#x27; after entering password.\n2025-08-04 10:14:06,031 - INFO - SignInPage - Clicking on &amp;#x27;Next&amp;#x27; button.\n2025-08-04 10:14:06,177 - INFO - conftest - Waiting for application window to become available.\n2025-08-04 10:14:06,178 - INFO - conftest - Switching back to original application window.\n2025-08-04 10:14:06,188 - INFO - conftest - Attempting to close overlay popup after login, if present.\n2025-08-04 10:14:12,753 - INFO - conftest - Overlay popup closed after login.\n\n------------------------------ Captured log setup ------------------------------\nINFO     conftest:conftest.py:18 Initializing Chrome WebDriver with suppressed logs.\nINFO     conftest:conftest.py:28 Maximizing browser window.\nINFO     conftest:conftest.py:31 Setting implicit wait to 10 seconds.\nINFO     conftest:conftest.py:36 Navigating to URL: https://bl-practice-attendance-app-stg-187791816934.asia-south1.run.app/admin\nINFO     conftest:conftest.py:48 Instantiating SignInPage object.\nINFO     conftest:conftest.py:51 Waiting for and clicking &amp;#x27;Sign in with Google&amp;#x27; button.\nINFO     SignInPage:SignInPage.py:32 Waiting for Google sign-in button.\nINFO     SignInPage:SignInPage.py:37 Clicking on &amp;#x27;Sign in with Google&amp;#x27; button.\nINFO     conftest:conftest.py:54 Waiting for Google login popup to appear.\nINFO     conftest:conftest.py:56 Switching to Google login popup window.\nINFO     conftest:conftest.py:59 Entering Google account email.\nINFO     SignInPage:SignInPage.py:42 Entering email as username\nINFO     conftest:conftest.py:61 Clicking &amp;#x27;Next&amp;#x27; after entering email.\nINFO     SignInPage:SignInPage.py:61 Clicking on &amp;#x27;Next&amp;#x27; button.\nINFO     conftest:conftest.py:64 Entering Google account password.\nINFO     SignInPage:SignInPage.py:51 Entering password.\nINFO     conftest:conftest.py:66 Clicking &amp;#x27;Next&amp;#x27; after entering password.\nINFO     SignInPage:SignInPage.py:61 Clicking on &amp;#x27;Next&amp;#x27; button.\nINFO     conftest:conftest.py:69 Waiting for application window to become available.\nINFO     conftest:conftest.py:71 Switching back to original application window.\nINFO     conftest:conftest.py:74 Attempting to close overlay popup after login, if present.\nINFO     conftest:conftest.py:81 Overlay popup closed after login.\n\n----------------------------- Captured stderr call -----------------------------\n2025-08-04 10:14:12,754 - INFO - CoderDistributionReport - Opening Coder Distribution Report tab\n2025-08-04 10:14:12,878 - INFO - CoderDistributionReport - Coder Distribution tab clicked\n2025-08-04 10:14:12,878 - INFO - CoderDistributionReport - Selecting value &amp;#x27;P&amp;amp;A Phase 2&amp;#x27; from dropdown: (//div[@id=&amp;#x27;coe-select&amp;#x27;])[1]\n2025-08-04 10:14:13,857 - INFO - CoderDistributionReport - Selected option &amp;#x27;P&amp;amp;A Phase 2&amp;#x27;\n2025-08-04 10:14:13,857 - INFO - CoderDistributionReport - Selecting value &amp;#x27;Fellowship&amp;#x27; from dropdown: (//div[@id=&amp;#x27;coe-select&amp;#x27;])[2]\n2025-08-04 10:14:15,006 - INFO - CoderDistributionReport - Selected option &amp;#x27;Fellowship&amp;#x27;\n2025-08-04 10:14:15,007 - INFO - CoderDistributionReport - Clicking on VIEW button\n2025-08-04 10:14:16,352 - INFO - CoderDistributionReport - Coder Distribution Report loaded successfully with valid data\n\n------------------------------ Captured log call -------------------------------\nINFO     CoderDistributionReport:CoderDistributionReport.py:32 Opening Coder Distribution Report tab\nINFO     CoderDistributionReport:CoderDistributionReport.py:36 Coder Distribution tab clicked\nINFO     CoderDistributionReport:CoderDistributionReport.py:19 Selecting value &amp;#x27;P&amp;amp;A Phase 2&amp;#x27; from dropdown: (//div[@id=&amp;#x27;coe-select&amp;#x27;])[1]\nINFO     CoderDistributionReport:CoderDistributionReport.py:29 Selected option &amp;#x27;P&amp;amp;A Phase 2&amp;#x27;\nINFO     CoderDistributionReport:CoderDistributionReport.py:19 Selecting value &amp;#x27;Fellowship&amp;#x27; from dropdown: (//div[@id=&amp;#x27;coe-select&amp;#x27;])[2]\nINFO     CoderDistributionReport:CoderDistributionReport.py:29 Selected option &amp;#x27;Fellowship&amp;#x27;\nINFO     CoderDistributionReport:CoderDistributionReport.py:43 Clicking on VIEW button\nINFO     CoderDistributionReport:CoderDistributionReport.py:51 Coder Distribution Report loaded successfully with valid data\n\n--------------------------- Captured stderr teardown ---------------------------\n2025-08-04 10:14:16,354 - INFO - conftest - Quitting Chrome WebDriver.\n\n---------------------------- Captured log teardown -----------------------------\nINFO     conftest:conftest.py:41 Quitting Chrome WebDriver.&#34;}], &#34;com/bridgelabz/testcases/test_coe_labz.py::TestCOE::test_create_coe&#34;: [{&#34;extras&#34;: [], &#34;result&#34;: &#34;Failed&#34;, &#34;testId&#34;: &#34;com/bridgelabz/testcases/test_coe_labz.py::TestCOE::test_create_coe&#34;, &#34;duration&#34;: &#34;00:00:26&#34;, &#34;resultsTableRow&#34;: [&#34;&lt;td class=\&#34;col-result\&#34;&gt;Failed&lt;/td&gt;&#34;, &#34;&lt;td class=\&#34;col-testId\&#34;&gt;com/bridgelabz/testcases/test_coe_labz.py::TestCOE::test_create_coe&lt;/td&gt;&#34;, &#34;&lt;td class=\&#34;col-duration\&#34;&gt;00:00:26&lt;/td&gt;&#34;, &#34;&lt;td class=\&#34;col-links\&#34;&gt;&lt;/td&gt;&#34;], &#34;log&#34;: &#34;self = &amp;lt;com.bridgelabz.testcases.test_coe_labz.TestCOE object at 0x000001B1854C79D0&amp;gt;\nlogin = &amp;lt;selenium.webdriver.chrome.webdriver.WebDriver (session=&amp;quot;abb678b489e60c271215de402970c8ed&amp;quot;)&amp;gt;\n\n    @pytest.mark.sanity\n    def test_create_coe(self, login):\n        driver = login\n        coe = COECenter(driver)\n    \n        try:\n&amp;gt;           coe.click_create_coe_button()\n\ntestcases\\test_coe_labz.py:27: \n_ _ _ _ _ _ _ _ _ _ _ _ _ _ _ _ _ _ _ _ _ _ _ _ _ _ _ _ _ _ _ _ _ _ _ _ _ _ _ _ _ _ _ _ _ _ _ _ _ _ _ _ _ _ _ _ _ _ _ _\npageObjects\\COECenter\\COECenter.py:40: in click_create_coe_button\n    WebDriverWait(self.driver, 10).until(\n_ _ _ _ _ _ _ _ _ _ _ _ _ _ _ _ _ _ _ _ _ _ _ _ _ _ _ _ _ _ _ _ _ _ _ _ _ _ _ _ _ _ _ _ _ _ _ _ _ _ _ _ _ _ _ _ _ _ _ _\n\nself = &amp;lt;selenium.webdriver.support.wait.WebDriverWait (session=&amp;quot;abb678b489e60c271215de402970c8ed&amp;quot;)&amp;gt;\nmethod = &amp;lt;function element_to_be_clickable.&amp;lt;locals&amp;gt;._predicate at 0x000001B185138B80&amp;gt;, message = &amp;#x27;&amp;#x27;\n\n    def until(self, method: Callable[[D], Union[Literal[False], T]], message: str = &amp;quot;&amp;quot;) -&amp;gt; T:\n        &amp;quot;&amp;quot;&amp;quot;Wait until the method returns a value that is not False.\n    \n        Calls the method provided with the driver as an argument until the\n        return value does not evaluate to ``False``.\n    \n        Parameters:\n        -----------\n        method: callable(WebDriver)\n            - A callable object that takes a WebDriver instance as an argument.\n    \n        message: str\n            - Optional message for :exc:`TimeoutException`\n    \n        Return:\n        -------\n        object: T\n            - The result of the last call to `method`\n    \n        Raises:\n        -------\n        TimeoutException\n            - If &amp;#x27;method&amp;#x27; does not return a truthy value within the WebDriverWait\n            object&amp;#x27;s timeout\n    \n        Example:\n        --------\n        &amp;gt;&amp;gt;&amp;gt; from selenium.webdriver.common.by import By\n        &amp;gt;&amp;gt;&amp;gt; from selenium.webdriver.support.ui import WebDriverWait\n        &amp;gt;&amp;gt;&amp;gt; from selenium.webdriver.support import expected_conditions as EC\n    \n        # Wait until an element is visible on the page\n        &amp;gt;&amp;gt;&amp;gt; wait = WebDriverWait(driver, 10)\n        &amp;gt;&amp;gt;&amp;gt; element = wait.until(EC.visibility_of_element_located((By.ID, &amp;quot;exampleId&amp;quot;)))\n        &amp;gt;&amp;gt;&amp;gt; print(element.text)\n        &amp;quot;&amp;quot;&amp;quot;\n        screen = None\n        stacktrace = None\n    \n        end_time = time.monotonic() + self._timeout\n        while True:\n            try:\n                value = method(self._driver)\n                if value:\n                    return value\n            except self._ignored_exceptions as exc:\n                screen = getattr(exc, &amp;quot;screen&amp;quot;, None)\n                stacktrace = getattr(exc, &amp;quot;stacktrace&amp;quot;, None)\n            if time.monotonic() &amp;gt; end_time:\n                break\n            time.sleep(self._poll)\n&amp;gt;       raise TimeoutException(message, screen, stacktrace)\nE       selenium.common.exceptions.TimeoutException: Message: \nE       Stacktrace:\nE       \tGetHandleVerifier [0x0x7ff73ed8e415+77285]\nE       \tGetHandleVerifier [0x0x7ff73ed8e470+77376]\nE       \t(No symbol) [0x0x7ff73eb59a6a]\nE       \t(No symbol) [0x0x7ff73ebb0406]\nE       \t(No symbol) [0x0x7ff73ebb06bc]\nE       \t(No symbol) [0x0x7ff73ec03ac7]\nE       \t(No symbol) [0x0x7ff73ebd864f]\nE       \t(No symbol) [0x0x7ff73ec0087f]\nE       \t(No symbol) [0x0x7ff73ebd83e3]\nE       \t(No symbol) [0x0x7ff73eba1521]\nE       \t(No symbol) [0x0x7ff73eba22b3]\nE       \tGetHandleVerifier [0x0x7ff73f071efd+3107021]\nE       \tGetHandleVerifier [0x0x7ff73f06c29d+3083373]\nE       \tGetHandleVerifier [0x0x7ff73f08bedd+3213485]\nE       \tGetHandleVerifier [0x0x7ff73eda884e+184862]\nE       \tGetHandleVerifier [0x0x7ff73edb055f+216879]\nE       \tGetHandleVerifier [0x0x7ff73ed97084+113236]\nE       \tGetHandleVerifier [0x0x7ff73ed97239+113673]\nE       \tGetHandleVerifier [0x0x7ff73ed7e298+11368]\nE       \tBaseThreadInitThunk [0x0x7ff9ed36e8d7+23]\nE       \tRtlUserThreadStart [0x0x7ff9ee07c34c+44]\n\n..\\..\\..\\..\\AppData\\Local\\Programs\\Python\\Python313\\Lib\\site-packages\\selenium\\webdriver\\support\\wait.py:138: TimeoutException\n\nDuring handling of the above exception, another exception occurred:\n\nself = &amp;lt;com.bridgelabz.testcases.test_coe_labz.TestCOE object at 0x000001B1854C79D0&amp;gt;\nlogin = &amp;lt;selenium.webdriver.chrome.webdriver.WebDriver (session=&amp;quot;abb678b489e60c271215de402970c8ed&amp;quot;)&amp;gt;\n\n    @pytest.mark.sanity\n    def test_create_coe(self, login):\n        driver = login\n        coe = COECenter(driver)\n    \n        try:\n            coe.click_create_coe_button()\n            coe.fill_create_coe_form(\n                self.COE_NAME,\n                self.COE_DETAILS,\n                self.LATITUDE,\n                self.LONGITUDE,\n                self.DISTANCE\n            )\n            coe.click_create_button()\n    \n            assert self.COE_NAME in driver.page_source, &amp;quot;COE creation failed&amp;quot;\n            print(f&amp;quot;COE Creation successful: &amp;#x27;{self.COE_NAME}&amp;#x27; found in page source&amp;quot;)\n        except Exception as e:\n            take_screenshot(driver, &amp;quot;test_create_coe&amp;quot;)\n&amp;gt;           raise AssertionError(&amp;quot;COE creation failed. &amp;quot; + str(e))\nE           AssertionError: COE creation failed. Message: \nE           Stacktrace:\nE           \tGetHandleVerifier [0x0x7ff73ed8e415+77285]\nE           \tGetHandleVerifier [0x0x7ff73ed8e470+77376]\nE           \t(No symbol) [0x0x7ff73eb59a6a]\nE           \t(No symbol) [0x0x7ff73ebb0406]\nE           \t(No symbol) [0x0x7ff73ebb06bc]\nE           \t(No symbol) [0x0x7ff73ec03ac7]\nE           \t(No symbol) [0x0x7ff73ebd864f]\nE           \t(No symbol) [0x0x7ff73ec0087f]\nE           \t(No symbol) [0x0x7ff73ebd83e3]\nE           \t(No symbol) [0x0x7ff73eba1521]\nE           \t(No symbol) [0x0x7ff73eba22b3]\nE           \tGetHandleVerifier [0x0x7ff73f071efd+3107021]\nE           \tGetHandleVerifier [0x0x7ff73f06c29d+3083373]\nE           \tGetHandleVerifier [0x0x7ff73f08bedd+3213485]\nE           \tGetHandleVerifier [0x0x7ff73eda884e+184862]\nE           \tGetHandleVerifier [0x0x7ff73edb055f+216879]\nE           \tGetHandleVerifier [0x0x7ff73ed97084+113236]\nE           \tGetHandleVerifier [0x0x7ff73ed97239+113673]\nE           \tGetHandleVerifier [0x0x7ff73ed7e298+11368]\nE           \tBaseThreadInitThunk [0x0x7ff9ed36e8d7+23]\nE           \tRtlUserThreadStart [0x0x7ff9ee07c34c+44]\n\ntestcases\\test_coe_labz.py:41: AssertionError\n\n---------------------------- Captured stderr setup -----------------------------\n2025-08-04 10:14:18,692 - INFO - conftest - Initializing Chrome WebDriver with suppressed logs.\n2025-08-04 10:14:19,999 - INFO - conftest - Maximizing browser window.\n2025-08-04 10:14:20,063 - INFO - conftest - Setting implicit wait to 10 seconds.\n2025-08-04 10:14:20,067 - INFO - conftest - Navigating to URL: https://bl-practice-attendance-app-stg-187791816934.asia-south1.run.app/admin\n2025-08-04 10:14:20,885 - INFO - conftest - Instantiating SignInPage object.\n2025-08-04 10:14:20,886 - INFO - conftest - Waiting for and clicking &amp;#x27;Sign in with Google&amp;#x27; button.\n2025-08-04 10:14:20,886 - INFO - SignInPage - Waiting for Google sign-in button.\n2025-08-04 10:14:21,231 - INFO - SignInPage - Clicking on &amp;#x27;Sign in with Google&amp;#x27; button.\n2025-08-04 10:14:21,422 - INFO - conftest - Waiting for Google login popup to appear.\n2025-08-04 10:14:21,439 - INFO - conftest - Switching to Google login popup window.\n2025-08-04 10:14:21,449 - INFO - conftest - Entering Google account email.\n2025-08-04 10:14:21,450 - INFO - SignInPage - Entering email as username\n2025-08-04 10:14:23,329 - INFO - conftest - Clicking &amp;#x27;Next&amp;#x27; after entering email.\n2025-08-04 10:14:23,330 - INFO - SignInPage - Clicking on &amp;#x27;Next&amp;#x27; button.\n2025-08-04 10:14:23,522 - INFO - conftest - Entering Google account password.\n2025-08-04 10:14:23,523 - INFO - SignInPage - Entering password.\n2025-08-04 10:14:25,502 - INFO - conftest - Clicking &amp;#x27;Next&amp;#x27; after entering password.\n2025-08-04 10:14:25,502 - INFO - SignInPage - Clicking on &amp;#x27;Next&amp;#x27; button.\n2025-08-04 10:14:25,666 - INFO - conftest - Waiting for application window to become available.\n2025-08-04 10:14:25,668 - INFO - conftest - Switching back to original application window.\n2025-08-04 10:14:25,677 - INFO - conftest - Attempting to close overlay popup after login, if present.\n2025-08-04 10:14:32,012 - INFO - conftest - Overlay popup closed after login.\n\n------------------------------ Captured log setup ------------------------------\nINFO     conftest:conftest.py:18 Initializing Chrome WebDriver with suppressed logs.\nINFO     conftest:conftest.py:28 Maximizing browser window.\nINFO     conftest:conftest.py:31 Setting implicit wait to 10 seconds.\nINFO     conftest:conftest.py:36 Navigating to URL: https://bl-practice-attendance-app-stg-187791816934.asia-south1.run.app/admin\nINFO     conftest:conftest.py:48 Instantiating SignInPage object.\nINFO     conftest:conftest.py:51 Waiting for and clicking &amp;#x27;Sign in with Google&amp;#x27; button.\nINFO     SignInPage:SignInPage.py:32 Waiting for Google sign-in button.\nINFO     SignInPage:SignInPage.py:37 Clicking on &amp;#x27;Sign in with Google&amp;#x27; button.\nINFO     conftest:conftest.py:54 Waiting for Google login popup to appear.\nINFO     conftest:conftest.py:56 Switching to Google login popup window.\nINFO     conftest:conftest.py:59 Entering Google account email.\nINFO     SignInPage:SignInPage.py:42 Entering email as username\nINFO     conftest:conftest.py:61 Clicking &amp;#x27;Next&amp;#x27; after entering email.\nINFO     SignInPage:SignInPage.py:61 Clicking on &amp;#x27;Next&amp;#x27; button.\nINFO     conftest:conftest.py:64 Entering Google account password.\nINFO     SignInPage:SignInPage.py:51 Entering password.\nINFO     conftest:conftest.py:66 Clicking &amp;#x27;Next&amp;#x27; after entering password.\nINFO     SignInPage:SignInPage.py:61 Clicking on &amp;#x27;Next&amp;#x27; button.\nINFO     conftest:conftest.py:69 Waiting for application window to become available.\nINFO     conftest:conftest.py:71 Switching back to original application window.\nINFO     conftest:conftest.py:74 Attempting to close overlay popup after login, if present.\nINFO     conftest:conftest.py:81 Overlay popup closed after login.\n\n----------------------------- Captured stderr call -----------------------------\n2025-08-04 10:14:32,015 - INFO - COECenter - Clicking CREATE COE button.\n2025-08-04 10:14:42,046 - INFO - conftest - Preparing to take screenshot.\n2025-08-04 10:14:42,046 - INFO - conftest - Ensuring screenshot directory exists at /Practice-Attendance-Admin/ScreenShots.\n2025-08-04 10:14:42,048 - INFO - conftest - Saving screenshot to /Practice-Attendance-Admin/ScreenShots\\test_create_coe_04-08-2025_10-14-42.png.\n2025-08-04 10:14:42,157 - INFO - conftest - Screenshot saved at /Practice-Attendance-Admin/ScreenShots\\test_create_coe_04-08-2025_10-14-42.png\n\n------------------------------ Captured log call -------------------------------\nINFO     COECenter:COECenter.py:39 Clicking CREATE COE button.\nINFO     conftest:conftest.py:89 Preparing to take screenshot.\nINFO     conftest:conftest.py:91 Ensuring screenshot directory exists at /Practice-Attendance-Admin/ScreenShots.\nINFO     conftest:conftest.py:98 Saving screenshot to /Practice-Attendance-Admin/ScreenShots\\test_create_coe_04-08-2025_10-14-42.png.\nINFO     conftest:conftest.py:100 Screenshot saved at /Practice-Attendance-Admin/ScreenShots\\test_create_coe_04-08-2025_10-14-42.png\n\n--------------------------- Captured stderr teardown ---------------------------\n2025-08-04 10:14:42,310 - INFO - conftest - Quitting Chrome WebDriver.\n\n---------------------------- Captured log teardown -----------------------------\nINFO     conftest:conftest.py:41 Quitting Chrome WebDriver.&#34;}], &#34;com/bridgelabz/testcases/test_coe_labz.py::TestCOE::test_edit_coe&#34;: [{&#34;extras&#34;: [], &#34;result&#34;: &#34;Failed&#34;, &#34;testId&#34;: &#34;com/bridgelabz/testcases/test_coe_labz.py::TestCOE::test_edit_coe&#34;, &#34;duration&#34;: &#34;00:00:41&#34;, &#34;resultsTableRow&#34;: [&#34;&lt;td class=\&#34;col-result\&#34;&gt;Failed&lt;/td&gt;&#34;, &#34;&lt;td class=\&#34;col-testId\&#34;&gt;com/bridgelabz/testcases/test_coe_labz.py::TestCOE::test_edit_coe&lt;/td&gt;&#34;, &#34;&lt;td class=\&#34;col-duration\&#34;&gt;00:00:41&lt;/td&gt;&#34;, &#34;&lt;td class=\&#34;col-links\&#34;&gt;&lt;/td&gt;&#34;], &#34;log&#34;: &#34;self = &amp;lt;com.bridgelabz.testcases.test_coe_labz.TestCOE object at 0x000001B1854C7610&amp;gt;\nlogin = &amp;lt;selenium.webdriver.chrome.webdriver.WebDriver (session=&amp;quot;16745a328b795cf7bb357eaece97acce&amp;quot;)&amp;gt;\n\n    @pytest.mark.sanity\n    def test_edit_coe(self, login):\n        driver = login\n        coe = COECenter(driver)\n    \n        try:\n&amp;gt;           coe.click_edit_SRMTN_button()\n\ntestcases\\test_coe_labz.py:49: \n_ _ _ _ _ _ _ _ _ _ _ _ _ _ _ _ _ _ _ _ _ _ _ _ _ _ _ _ _ _ _ _ _ _ _ _ _ _ _ _ _ _ _ _ _ _ _ _ _ _ _ _ _ _ _ _ _ _ _ _\npageObjects\\COECenter\\COECenter.py:60: in click_edit_SRMTN_button\n    WebDriverWait(self.driver, 10).until(\n_ _ _ _ _ _ _ _ _ _ _ _ _ _ _ _ _ _ _ _ _ _ _ _ _ _ _ _ _ _ _ _ _ _ _ _ _ _ _ _ _ _ _ _ _ _ _ _ _ _ _ _ _ _ _ _ _ _ _ _\n\nself = &amp;lt;selenium.webdriver.support.wait.WebDriverWait (session=&amp;quot;16745a328b795cf7bb357eaece97acce&amp;quot;)&amp;gt;\nmethod = &amp;lt;function element_to_be_clickable.&amp;lt;locals&amp;gt;._predicate at 0x000001B1859336A0&amp;gt;, message = &amp;#x27;&amp;#x27;\n\n    def until(self, method: Callable[[D], Union[Literal[False], T]], message: str = &amp;quot;&amp;quot;) -&amp;gt; T:\n        &amp;quot;&amp;quot;&amp;quot;Wait until the method returns a value that is not False.\n    \n        Calls the method provided with the driver as an argument until the\n        return value does not evaluate to ``False``.\n    \n        Parameters:\n        -----------\n        method: callable(WebDriver)\n            - A callable object that takes a WebDriver instance as an argument.\n    \n        message: str\n            - Optional message for :exc:`TimeoutException`\n    \n        Return:\n        -------\n        object: T\n            - The result of the last call to `method`\n    \n        Raises:\n        -------\n        TimeoutException\n            - If &amp;#x27;method&amp;#x27; does not return a truthy value within the WebDriverWait\n            object&amp;#x27;s timeout\n    \n        Example:\n        --------\n        &amp;gt;&amp;gt;&amp;gt; from selenium.webdriver.common.by import By\n        &amp;gt;&amp;gt;&amp;gt; from selenium.webdriver.support.ui import WebDriverWait\n        &amp;gt;&amp;gt;&amp;gt; from selenium.webdriver.support import expected_conditions as EC\n    \n        # Wait until an element is visible on the page\n        &amp;gt;&amp;gt;&amp;gt; wait = WebDriverWait(driver, 10)\n        &amp;gt;&amp;gt;&amp;gt; element = wait.until(EC.visibility_of_element_located((By.ID, &amp;quot;exampleId&amp;quot;)))\n        &amp;gt;&amp;gt;&amp;gt; print(element.text)\n        &amp;quot;&amp;quot;&amp;quot;\n        screen = None\n        stacktrace = None\n    \n        end_time = time.monotonic() + self._timeout\n        while True:\n            try:\n                value = method(self._driver)\n                if value:\n                    return value\n            except self._ignored_exceptions as exc:\n                screen = getattr(exc, &amp;quot;screen&amp;quot;, None)\n                stacktrace = getattr(exc, &amp;quot;stacktrace&amp;quot;, None)\n            if time.monotonic() &amp;gt; end_time:\n                break\n            time.sleep(self._poll)\n&amp;gt;       raise TimeoutException(message, screen, stacktrace)\nE       selenium.common.exceptions.TimeoutException: Message: \nE       Stacktrace:\nE       \tGetHandleVerifier [0x0x7ff73ed8e415+77285]\nE       \tGetHandleVerifier [0x0x7ff73ed8e470+77376]\nE       \t(No symbol) [0x0x7ff73eb59a6a]\nE       \t(No symbol) [0x0x7ff73ebb0406]\nE       \t(No symbol) [0x0x7ff73ebb06bc]\nE       \t(No symbol) [0x0x7ff73ec03ac7]\nE       \t(No symbol) [0x0x7ff73ebd864f]\nE       \t(No symbol) [0x0x7ff73ec0087f]\nE       \t(No symbol) [0x0x7ff73ebd83e3]\nE       \t(No symbol) [0x0x7ff73eba1521]\nE       \t(No symbol) [0x0x7ff73eba22b3]\nE       \tGetHandleVerifier [0x0x7ff73f071efd+3107021]\nE       \tGetHandleVerifier [0x0x7ff73f06c29d+3083373]\nE       \tGetHandleVerifier [0x0x7ff73f08bedd+3213485]\nE       \tGetHandleVerifier [0x0x7ff73eda884e+184862]\nE       \tGetHandleVerifier [0x0x7ff73edb055f+216879]\nE       \tGetHandleVerifier [0x0x7ff73ed97084+113236]\nE       \tGetHandleVerifier [0x0x7ff73ed97239+113673]\nE       \tGetHandleVerifier [0x0x7ff73ed7e298+11368]\nE       \tBaseThreadInitThunk [0x0x7ff9ed36e8d7+23]\nE       \tRtlUserThreadStart [0x0x7ff9ee07c34c+44]\n\n..\\..\\..\\..\\AppData\\Local\\Programs\\Python\\Python313\\Lib\\site-packages\\selenium\\webdriver\\support\\wait.py:138: TimeoutException\n\nDuring handling of the above exception, another exception occurred:\n\nself = &amp;lt;com.bridgelabz.testcases.test_coe_labz.TestCOE object at 0x000001B1854C7610&amp;gt;\nlogin = &amp;lt;selenium.webdriver.chrome.webdriver.WebDriver (session=&amp;quot;16745a328b795cf7bb357eaece97acce&amp;quot;)&amp;gt;\n\n    @pytest.mark.sanity\n    def test_edit_coe(self, login):\n        driver = login\n        coe = COECenter(driver)\n    \n        try:\n            coe.click_edit_SRMTN_button()\n            coe.edit_details(self.EDITED_DETAILS)\n            coe.click_edit_button()\n    \n            assert self.EDITED_DETAILS in driver.page_source, &amp;quot;COE edit failed&amp;quot;\n            print(f&amp;quot;COE Edit successful: &amp;#x27;{self.EDITED_DETAILS}&amp;#x27; found in page source&amp;quot;)\n        except Exception as e:\n            take_screenshot(driver, &amp;quot;test_edit_coe&amp;quot;)\n&amp;gt;           raise AssertionError(&amp;quot;COE edit failed. &amp;quot; + str(e))\nE           AssertionError: COE edit failed. Message: \nE           Stacktrace:\nE           \tGetHandleVerifier [0x0x7ff73ed8e415+77285]\nE           \tGetHandleVerifier [0x0x7ff73ed8e470+77376]\nE           \t(No symbol) [0x0x7ff73eb59a6a]\nE           \t(No symbol) [0x0x7ff73ebb0406]\nE           \t(No symbol) [0x0x7ff73ebb06bc]\nE           \t(No symbol) [0x0x7ff73ec03ac7]\nE           \t(No symbol) [0x0x7ff73ebd864f]\nE           \t(No symbol) [0x0x7ff73ec0087f]\nE           \t(No symbol) [0x0x7ff73ebd83e3]\nE           \t(No symbol) [0x0x7ff73eba1521]\nE           \t(No symbol) [0x0x7ff73eba22b3]\nE           \tGetHandleVerifier [0x0x7ff73f071efd+3107021]\nE           \tGetHandleVerifier [0x0x7ff73f06c29d+3083373]\nE           \tGetHandleVerifier [0x0x7ff73f08bedd+3213485]\nE           \tGetHandleVerifier [0x0x7ff73eda884e+184862]\nE           \tGetHandleVerifier [0x0x7ff73edb055f+216879]\nE           \tGetHandleVerifier [0x0x7ff73ed97084+113236]\nE           \tGetHandleVerifier [0x0x7ff73ed97239+113673]\nE           \tGetHandleVerifier [0x0x7ff73ed7e298+11368]\nE           \tBaseThreadInitThunk [0x0x7ff9ed36e8d7+23]\nE           \tRtlUserThreadStart [0x0x7ff9ee07c34c+44]\n\ntestcases\\test_coe_labz.py:57: AssertionError\n\n---------------------------- Captured stderr setup -----------------------------\n2025-08-04 10:14:44,590 - INFO - conftest - Initializing Chrome WebDriver with suppressed logs.\n2025-08-04 10:14:46,073 - INFO - conftest - Maximizing browser window.\n2025-08-04 10:14:46,121 - INFO - conftest - Setting implicit wait to 10 seconds.\n2025-08-04 10:14:46,126 - INFO - conftest - Navigating to URL: https://bl-practice-attendance-app-stg-187791816934.asia-south1.run.app/admin\n2025-08-04 10:14:46,951 - INFO - conftest - Instantiating SignInPage object.\n2025-08-04 10:14:46,952 - INFO - conftest - Waiting for and clicking &amp;#x27;Sign in with Google&amp;#x27; button.\n2025-08-04 10:14:46,952 - INFO - SignInPage - Waiting for Google sign-in button.\n2025-08-04 10:14:47,370 - INFO - SignInPage - Clicking on &amp;#x27;Sign in with Google&amp;#x27; button.\n2025-08-04 10:14:47,505 - INFO - conftest - Waiting for Google login popup to appear.\n2025-08-04 10:14:48,050 - INFO - conftest - Switching to Google login popup window.\n2025-08-04 10:14:48,061 - INFO - conftest - Entering Google account email.\n2025-08-04 10:14:48,061 - INFO - SignInPage - Entering email as username\n2025-08-04 10:14:50,185 - INFO - conftest - Clicking &amp;#x27;Next&amp;#x27; after entering email.\n2025-08-04 10:14:50,185 - INFO - SignInPage - Clicking on &amp;#x27;Next&amp;#x27; button.\n2025-08-04 10:14:50,462 - INFO - conftest - Entering Google account password.\n2025-08-04 10:14:50,462 - INFO - SignInPage - Entering password.\n2025-08-04 10:14:52,263 - INFO - conftest - Clicking &amp;#x27;Next&amp;#x27; after entering password.\n2025-08-04 10:14:52,264 - INFO - SignInPage - Clicking on &amp;#x27;Next&amp;#x27; button.\n2025-08-04 10:14:52,477 - INFO - conftest - Waiting for application window to become available.\n2025-08-04 10:14:52,479 - INFO - conftest - Switching back to original application window.\n2025-08-04 10:14:52,488 - INFO - conftest - Attempting to close overlay popup after login, if present.\n2025-08-04 10:15:13,139 - INFO - conftest - No overlay popup found after login, proceeding.\n\n------------------------------ Captured log setup ------------------------------\nINFO     conftest:conftest.py:18 Initializing Chrome WebDriver with suppressed logs.\nINFO     conftest:conftest.py:28 Maximizing browser window.\nINFO     conftest:conftest.py:31 Setting implicit wait to 10 seconds.\nINFO     conftest:conftest.py:36 Navigating to URL: https://bl-practice-attendance-app-stg-187791816934.asia-south1.run.app/admin\nINFO     conftest:conftest.py:48 Instantiating SignInPage object.\nINFO     conftest:conftest.py:51 Waiting for and clicking &amp;#x27;Sign in with Google&amp;#x27; button.\nINFO     SignInPage:SignInPage.py:32 Waiting for Google sign-in button.\nINFO     SignInPage:SignInPage.py:37 Clicking on &amp;#x27;Sign in with Google&amp;#x27; button.\nINFO     conftest:conftest.py:54 Waiting for Google login popup to appear.\nINFO     conftest:conftest.py:56 Switching to Google login popup window.\nINFO     conftest:conftest.py:59 Entering Google account email.\nINFO     SignInPage:SignInPage.py:42 Entering email as username\nINFO     conftest:conftest.py:61 Clicking &amp;#x27;Next&amp;#x27; after entering email.\nINFO     SignInPage:SignInPage.py:61 Clicking on &amp;#x27;Next&amp;#x27; button.\nINFO     conftest:conftest.py:64 Entering Google account password.\nINFO     SignInPage:SignInPage.py:51 Entering password.\nINFO     conftest:conftest.py:66 Clicking &amp;#x27;Next&amp;#x27; after entering password.\nINFO     SignInPage:SignInPage.py:61 Clicking on &amp;#x27;Next&amp;#x27; button.\nINFO     conftest:conftest.py:69 Waiting for application window to become available.\nINFO     conftest:conftest.py:71 Switching back to original application window.\nINFO     conftest:conftest.py:74 Attempting to close overlay popup after login, if present.\nINFO     conftest:conftest.py:83 No overlay popup found after login, proceeding.\n\n----------------------------- Captured stderr call -----------------------------\n2025-08-04 10:15:13,142 - INFO - COECenter - Clicking edit button for SRMTN.\n2025-08-04 10:15:23,182 - INFO - conftest - Preparing to take screenshot.\n2025-08-04 10:15:23,183 - INFO - conftest - Ensuring screenshot directory exists at /Practice-Attendance-Admin/ScreenShots.\n2025-08-04 10:15:23,183 - INFO - conftest - Saving screenshot to /Practice-Attendance-Admin/ScreenShots\\test_edit_coe_04-08-2025_10-15-23.png.\n2025-08-04 10:15:23,324 - INFO - conftest - Screenshot saved at /Practice-Attendance-Admin/ScreenShots\\test_edit_coe_04-08-2025_10-15-23.png\n\n------------------------------ Captured log call -------------------------------\nINFO     COECenter:COECenter.py:59 Clicking edit button for SRMTN.\nINFO     conftest:conftest.py:89 Preparing to take screenshot.\nINFO     conftest:conftest.py:91 Ensuring screenshot directory exists at /Practice-Attendance-Admin/ScreenShots.\nINFO     conftest:conftest.py:98 Saving screenshot to /Practice-Attendance-Admin/ScreenShots\\test_edit_coe_04-08-2025_10-15-23.png.\nINFO     conftest:conftest.py:100 Screenshot saved at /Practice-Attendance-Admin/ScreenShots\\test_edit_coe_04-08-2025_10-15-23.png\n\n--------------------------- Captured stderr teardown ---------------------------\n2025-08-04 10:15:23,349 - INFO - conftest - Quitting Chrome WebDriver.\n\n---------------------------- Captured log teardown -----------------------------\nINFO     conftest:conftest.py:41 Quitting Chrome WebDriver.&#34;}], &#34;com/bridgelabz/testcases/test_coe_labz.py::TestCOE::test_check_download_sample_csv&#34;: [{&#34;extras&#34;: [], &#34;result&#34;: &#34;Failed&#34;, &#34;testId&#34;: &#34;com/bridgelabz/testcases/test_coe_labz.py::TestCOE::test_check_download_sample_csv&#34;, &#34;duration&#34;: &#34;00:00:27&#34;, &#34;resultsTableRow&#34;: [&#34;&lt;td class=\&#34;col-result\&#34;&gt;Failed&lt;/td&gt;&#34;, &#34;&lt;td class=\&#34;col-testId\&#34;&gt;com/bridgelabz/testcases/test_coe_labz.py::TestCOE::test_check_download_sample_csv&lt;/td&gt;&#34;, &#34;&lt;td class=\&#34;col-duration\&#34;&gt;00:00:27&lt;/td&gt;&#34;, &#34;&lt;td class=\&#34;col-links\&#34;&gt;&lt;/td&gt;&#34;], &#34;log&#34;: &#34;self = &amp;lt;com.bridgelabz.testcases.test_coe_labz.TestCOE object at 0x000001B1854D0E90&amp;gt;\nlogin = &amp;lt;selenium.webdriver.chrome.webdriver.WebDriver (session=&amp;quot;d6ff2906c4642053311c2b4097a25a86&amp;quot;)&amp;gt;\n\n    @pytest.mark.sanity\n    def test_check_download_sample_csv(self, login):\n        driver = login\n        coe = COECenter(driver)\n    \n        download_directory = os.path.expanduser(&amp;quot;~/Downloads&amp;quot;)\n        expected_file_prefix = &amp;quot;SampleLearnerCSV&amp;quot;\n        file_extension = &amp;quot;.csv&amp;quot;\n        wait_timeout = 10\n    \n        # Clean existing files\n        for file in os.listdir(download_directory):\n            if file.startswith(expected_file_prefix) and file.endswith(file_extension):\n                os.remove(os.path.join(download_directory, file))\n    \n        # Perform UI actions\n        coe.click_learner_button()\n&amp;gt;       coe.click_download_learner_data_csv()\n\ntestcases\\test_coe_labz.py:93: \n_ _ _ _ _ _ _ _ _ _ _ _ _ _ _ _ _ _ _ _ _ _ _ _ _ _ _ _ _ _ _ _ _ _ _ _ _ _ _ _ _ _ _ _ _ _ _ _ _ _ _ _ _ _ _ _ _ _ _ _\npageObjects\\COECenter\\COECenter.py:102: in click_download_learner_data_csv\n    download_button = self.wait.until(EC.element_to_be_clickable((By.XPATH, self.download_learner_data_csv_xpath)))\n                      ^^^^^^^^^^^^^^^^^^^^^^^^^^^^^^^^^^^^^^^^^^^^^^^^^^^^^^^^^^^^^^^^^^^^^^^^^^^^^^^^^^^^^^^^^^^^^\n_ _ _ _ _ _ _ _ _ _ _ _ _ _ _ _ _ _ _ _ _ _ _ _ _ _ _ _ _ _ _ _ _ _ _ _ _ _ _ _ _ _ _ _ _ _ _ _ _ _ _ _ _ _ _ _ _ _ _ _\n\nself = &amp;lt;selenium.webdriver.support.wait.WebDriverWait (session=&amp;quot;d6ff2906c4642053311c2b4097a25a86&amp;quot;)&amp;gt;\nmethod = &amp;lt;function element_to_be_clickable.&amp;lt;locals&amp;gt;._predicate at 0x000001B185932A20&amp;gt;, message = &amp;#x27;&amp;#x27;\n\n    def until(self, method: Callable[[D], Union[Literal[False], T]], message: str = &amp;quot;&amp;quot;) -&amp;gt; T:\n        &amp;quot;&amp;quot;&amp;quot;Wait until the method returns a value that is not False.\n    \n        Calls the method provided with the driver as an argument until the\n        return value does not evaluate to ``False``.\n    \n        Parameters:\n        -----------\n        method: callable(WebDriver)\n            - A callable object that takes a WebDriver instance as an argument.\n    \n        message: str\n            - Optional message for :exc:`TimeoutException`\n    \n        Return:\n        -------\n        object: T\n            - The result of the last call to `method`\n    \n        Raises:\n        -------\n        TimeoutException\n            - If &amp;#x27;method&amp;#x27; does not return a truthy value within the WebDriverWait\n            object&amp;#x27;s timeout\n    \n        Example:\n        --------\n        &amp;gt;&amp;gt;&amp;gt; from selenium.webdriver.common.by import By\n        &amp;gt;&amp;gt;&amp;gt; from selenium.webdriver.support.ui import WebDriverWait\n        &amp;gt;&amp;gt;&amp;gt; from selenium.webdriver.support import expected_conditions as EC\n    \n        # Wait until an element is visible on the page\n        &amp;gt;&amp;gt;&amp;gt; wait = WebDriverWait(driver, 10)\n        &amp;gt;&amp;gt;&amp;gt; element = wait.until(EC.visibility_of_element_located((By.ID, &amp;quot;exampleId&amp;quot;)))\n        &amp;gt;&amp;gt;&amp;gt; print(element.text)\n        &amp;quot;&amp;quot;&amp;quot;\n        screen = None\n        stacktrace = None\n    \n        end_time = time.monotonic() + self._timeout\n        while True:\n            try:\n                value = method(self._driver)\n                if value:\n                    return value\n            except self._ignored_exceptions as exc:\n                screen = getattr(exc, &amp;quot;screen&amp;quot;, None)\n                stacktrace = getattr(exc, &amp;quot;stacktrace&amp;quot;, None)\n            if time.monotonic() &amp;gt; end_time:\n                break\n            time.sleep(self._poll)\n&amp;gt;       raise TimeoutException(message, screen, stacktrace)\nE       selenium.common.exceptions.TimeoutException: Message: \nE       Stacktrace:\nE       \tGetHandleVerifier [0x0x7ff73ed8e415+77285]\nE       \tGetHandleVerifier [0x0x7ff73ed8e470+77376]\nE       \t(No symbol) [0x0x7ff73eb59a6a]\nE       \t(No symbol) [0x0x7ff73ebb0406]\nE       \t(No symbol) [0x0x7ff73ebb06bc]\nE       \t(No symbol) [0x0x7ff73ec03ac7]\nE       \t(No symbol) [0x0x7ff73ebd864f]\nE       \t(No symbol) [0x0x7ff73ec0087f]\nE       \t(No symbol) [0x0x7ff73ebd83e3]\nE       \t(No symbol) [0x0x7ff73eba1521]\nE       \t(No symbol) [0x0x7ff73eba22b3]\nE       \tGetHandleVerifier [0x0x7ff73f071efd+3107021]\nE       \tGetHandleVerifier [0x0x7ff73f06c29d+3083373]\nE       \tGetHandleVerifier [0x0x7ff73f08bedd+3213485]\nE       \tGetHandleVerifier [0x0x7ff73eda884e+184862]\nE       \tGetHandleVerifier [0x0x7ff73edb055f+216879]\nE       \tGetHandleVerifier [0x0x7ff73ed97084+113236]\nE       \tGetHandleVerifier [0x0x7ff73ed97239+113673]\nE       \tGetHandleVerifier [0x0x7ff73ed7e298+11368]\nE       \tBaseThreadInitThunk [0x0x7ff9ed36e8d7+23]\nE       \tRtlUserThreadStart [0x0x7ff9ee07c34c+44]\n\n..\\..\\..\\..\\AppData\\Local\\Programs\\Python\\Python313\\Lib\\site-packages\\selenium\\webdriver\\support\\wait.py:138: TimeoutException\n\n---------------------------- Captured stderr setup -----------------------------\n2025-08-04 10:15:25,603 - INFO - conftest - Initializing Chrome WebDriver with suppressed logs.\n2025-08-04 10:15:26,868 - INFO - conftest - Maximizing browser window.\n2025-08-04 10:15:26,931 - INFO - conftest - Setting implicit wait to 10 seconds.\n2025-08-04 10:15:26,935 - INFO - conftest - Navigating to URL: https://bl-practice-attendance-app-stg-187791816934.asia-south1.run.app/admin\n2025-08-04 10:15:28,011 - INFO - conftest - Instantiating SignInPage object.\n2025-08-04 10:15:28,012 - INFO - conftest - Waiting for and clicking &amp;#x27;Sign in with Google&amp;#x27; button.\n2025-08-04 10:15:28,013 - INFO - SignInPage - Waiting for Google sign-in button.\n2025-08-04 10:15:28,417 - INFO - SignInPage - Clicking on &amp;#x27;Sign in with Google&amp;#x27; button.\n2025-08-04 10:15:28,620 - INFO - conftest - Waiting for Google login popup to appear.\n2025-08-04 10:15:28,664 - INFO - conftest - Switching to Google login popup window.\n2025-08-04 10:15:28,671 - INFO - conftest - Entering Google account email.\n2025-08-04 10:15:28,671 - INFO - SignInPage - Entering email as username\n2025-08-04 10:15:30,585 - INFO - conftest - Clicking &amp;#x27;Next&amp;#x27; after entering email.\n2025-08-04 10:15:30,586 - INFO - SignInPage - Clicking on &amp;#x27;Next&amp;#x27; button.\n2025-08-04 10:15:30,788 - INFO - conftest - Entering Google account password.\n2025-08-04 10:15:30,789 - INFO - SignInPage - Entering password.\n2025-08-04 10:15:33,479 - INFO - conftest - Clicking &amp;#x27;Next&amp;#x27; after entering password.\n2025-08-04 10:15:33,480 - INFO - SignInPage - Clicking on &amp;#x27;Next&amp;#x27; button.\n2025-08-04 10:15:33,685 - INFO - conftest - Waiting for application window to become available.\n2025-08-04 10:15:33,686 - INFO - conftest - Switching back to original application window.\n2025-08-04 10:15:33,693 - INFO - conftest - Attempting to close overlay popup after login, if present.\n2025-08-04 10:15:39,741 - INFO - conftest - Overlay popup closed after login.\n\n------------------------------ Captured log setup ------------------------------\nINFO     conftest:conftest.py:18 Initializing Chrome WebDriver with suppressed logs.\nINFO     conftest:conftest.py:28 Maximizing browser window.\nINFO     conftest:conftest.py:31 Setting implicit wait to 10 seconds.\nINFO     conftest:conftest.py:36 Navigating to URL: https://bl-practice-attendance-app-stg-187791816934.asia-south1.run.app/admin\nINFO     conftest:conftest.py:48 Instantiating SignInPage object.\nINFO     conftest:conftest.py:51 Waiting for and clicking &amp;#x27;Sign in with Google&amp;#x27; button.\nINFO     SignInPage:SignInPage.py:32 Waiting for Google sign-in button.\nINFO     SignInPage:SignInPage.py:37 Clicking on &amp;#x27;Sign in with Google&amp;#x27; button.\nINFO     conftest:conftest.py:54 Waiting for Google login popup to appear.\nINFO     conftest:conftest.py:56 Switching to Google login popup window.\nINFO     conftest:conftest.py:59 Entering Google account email.\nINFO     SignInPage:SignInPage.py:42 Entering email as username\nINFO     conftest:conftest.py:61 Clicking &amp;#x27;Next&amp;#x27; after entering email.\nINFO     SignInPage:SignInPage.py:61 Clicking on &amp;#x27;Next&amp;#x27; button.\nINFO     conftest:conftest.py:64 Entering Google account password.\nINFO     SignInPage:SignInPage.py:51 Entering password.\nINFO     conftest:conftest.py:66 Clicking &amp;#x27;Next&amp;#x27; after entering password.\nINFO     SignInPage:SignInPage.py:61 Clicking on &amp;#x27;Next&amp;#x27; button.\nINFO     conftest:conftest.py:69 Waiting for application window to become available.\nINFO     conftest:conftest.py:71 Switching back to original application window.\nINFO     conftest:conftest.py:74 Attempting to close overlay popup after login, if present.\nINFO     conftest:conftest.py:81 Overlay popup closed after login.\n\n----------------------------- Captured stderr call -----------------------------\n2025-08-04 10:15:39,745 - INFO - COECenter - Clicking Learner count button.\n2025-08-04 10:15:40,093 - INFO - COECenter - Learner button clicked.\n2025-08-04 10:15:40,093 - INFO - COECenter - Clicking Download Learner Data CSV button.\n\n------------------------------ Captured log call -------------------------------\nINFO     COECenter:COECenter.py:89 Clicking Learner count button.\nINFO     COECenter:COECenter.py:92 Learner button clicked.\nINFO     COECenter:COECenter.py:101 Clicking Download Learner Data CSV button.\n\n--------------------------- Captured stderr teardown ---------------------------\n2025-08-04 10:15:50,170 - INFO - conftest - Quitting Chrome WebDriver.\n\n---------------------------- Captured log teardown -----------------------------\nINFO     conftest:conftest.py:41 Quitting Chrome WebDriver.&#34;}], &#34;com/bridgelabz/testcases/test_coe_labz.py::TestCOE::test_check_download_learner_data_csv&#34;: [{&#34;extras&#34;: [], &#34;result&#34;: &#34;Failed&#34;, &#34;testId&#34;: &#34;com/bridgelabz/testcases/test_coe_labz.py::TestCOE::test_check_download_learner_data_csv&#34;, &#34;duration&#34;: &#34;00:00:27&#34;, &#34;resultsTableRow&#34;: [&#34;&lt;td class=\&#34;col-result\&#34;&gt;Failed&lt;/td&gt;&#34;, &#34;&lt;td class=\&#34;col-testId\&#34;&gt;com/bridgelabz/testcases/test_coe_labz.py::TestCOE::test_check_download_learner_data_csv&lt;/td&gt;&#34;, &#34;&lt;td class=\&#34;col-duration\&#34;&gt;00:00:27&lt;/td&gt;&#34;, &#34;&lt;td class=\&#34;col-links\&#34;&gt;&lt;/td&gt;&#34;], &#34;log&#34;: &#34;self = &amp;lt;com.bridgelabz.testcases.test_coe_labz.TestCOE object at 0x000001B185521010&amp;gt;\nlogin = &amp;lt;selenium.webdriver.chrome.webdriver.WebDriver (session=&amp;quot;72a61c2776fa50736ef47dee3e989fc4&amp;quot;)&amp;gt;\n\n    @pytest.mark.sanity\n    def test_check_download_learner_data_csv(self, login):\n        driver = login\n        coe = COECenter(driver)\n    \n        download_directory = os.path.expanduser(&amp;quot;~/Downloads&amp;quot;)\n        expected_file_prefix = &amp;quot;LearnersData&amp;quot;\n        file_extension = &amp;quot;.csv&amp;quot;\n        wait_timeout = 10\n    \n        # Clean existing files\n        for file in os.listdir(download_directory):\n            if file.startswith(expected_file_prefix) and file.endswith(file_extension):\n                os.remove(os.path.join(download_directory, file))\n    \n        # Perform UI actions\n        coe.click_learner_button()\n&amp;gt;       coe.click_download_learner_data_csv()\n\ntestcases\\test_coe_labz.py:146: \n_ _ _ _ _ _ _ _ _ _ _ _ _ _ _ _ _ _ _ _ _ _ _ _ _ _ _ _ _ _ _ _ _ _ _ _ _ _ _ _ _ _ _ _ _ _ _ _ _ _ _ _ _ _ _ _ _ _ _ _\npageObjects\\COECenter\\COECenter.py:102: in click_download_learner_data_csv\n    download_button = self.wait.until(EC.element_to_be_clickable((By.XPATH, self.download_learner_data_csv_xpath)))\n                      ^^^^^^^^^^^^^^^^^^^^^^^^^^^^^^^^^^^^^^^^^^^^^^^^^^^^^^^^^^^^^^^^^^^^^^^^^^^^^^^^^^^^^^^^^^^^^\n_ _ _ _ _ _ _ _ _ _ _ _ _ _ _ _ _ _ _ _ _ _ _ _ _ _ _ _ _ _ _ _ _ _ _ _ _ _ _ _ _ _ _ _ _ _ _ _ _ _ _ _ _ _ _ _ _ _ _ _\n\nself = &amp;lt;selenium.webdriver.support.wait.WebDriverWait (session=&amp;quot;72a61c2776fa50736ef47dee3e989fc4&amp;quot;)&amp;gt;\nmethod = &amp;lt;function element_to_be_clickable.&amp;lt;locals&amp;gt;._predicate at 0x000001B1821A0D60&amp;gt;, message = &amp;#x27;&amp;#x27;\n\n    def until(self, method: Callable[[D], Union[Literal[False], T]], message: str = &amp;quot;&amp;quot;) -&amp;gt; T:\n        &amp;quot;&amp;quot;&amp;quot;Wait until the method returns a value that is not False.\n    \n        Calls the method provided with the driver as an argument until the\n        return value does not evaluate to ``False``.\n    \n        Parameters:\n        -----------\n        method: callable(WebDriver)\n            - A callable object that takes a WebDriver instance as an argument.\n    \n        message: str\n            - Optional message for :exc:`TimeoutException`\n    \n        Return:\n        -------\n        object: T\n            - The result of the last call to `method`\n    \n        Raises:\n        -------\n        TimeoutException\n            - If &amp;#x27;method&amp;#x27; does not return a truthy value within the WebDriverWait\n            object&amp;#x27;s timeout\n    \n        Example:\n        --------\n        &amp;gt;&amp;gt;&amp;gt; from selenium.webdriver.common.by import By\n        &amp;gt;&amp;gt;&amp;gt; from selenium.webdriver.support.ui import WebDriverWait\n        &amp;gt;&amp;gt;&amp;gt; from selenium.webdriver.support import expected_conditions as EC\n    \n        # Wait until an element is visible on the page\n        &amp;gt;&amp;gt;&amp;gt; wait = WebDriverWait(driver, 10)\n        &amp;gt;&amp;gt;&amp;gt; element = wait.until(EC.visibility_of_element_located((By.ID, &amp;quot;exampleId&amp;quot;)))\n        &amp;gt;&amp;gt;&amp;gt; print(element.text)\n        &amp;quot;&amp;quot;&amp;quot;\n        screen = None\n        stacktrace = None\n    \n        end_time = time.monotonic() + self._timeout\n        while True:\n            try:\n                value = method(self._driver)\n                if value:\n                    return value\n            except self._ignored_exceptions as exc:\n                screen = getattr(exc, &amp;quot;screen&amp;quot;, None)\n                stacktrace = getattr(exc, &amp;quot;stacktrace&amp;quot;, None)\n            if time.monotonic() &amp;gt; end_time:\n                break\n            time.sleep(self._poll)\n&amp;gt;       raise TimeoutException(message, screen, stacktrace)\nE       selenium.common.exceptions.TimeoutException: Message: \nE       Stacktrace:\nE       \tGetHandleVerifier [0x0x7ff73ed8e415+77285]\nE       \tGetHandleVerifier [0x0x7ff73ed8e470+77376]\nE       \t(No symbol) [0x0x7ff73eb59a6a]\nE       \t(No symbol) [0x0x7ff73ebb0406]\nE       \t(No symbol) [0x0x7ff73ebb06bc]\nE       \t(No symbol) [0x0x7ff73ec03ac7]\nE       \t(No symbol) [0x0x7ff73ebd864f]\nE       \t(No symbol) [0x0x7ff73ec0087f]\nE       \t(No symbol) [0x0x7ff73ebd83e3]\nE       \t(No symbol) [0x0x7ff73eba1521]\nE       \t(No symbol) [0x0x7ff73eba22b3]\nE       \tGetHandleVerifier [0x0x7ff73f071efd+3107021]\nE       \tGetHandleVerifier [0x0x7ff73f06c29d+3083373]\nE       \tGetHandleVerifier [0x0x7ff73f08bedd+3213485]\nE       \tGetHandleVerifier [0x0x7ff73eda884e+184862]\nE       \tGetHandleVerifier [0x0x7ff73edb055f+216879]\nE       \tGetHandleVerifier [0x0x7ff73ed97084+113236]\nE       \tGetHandleVerifier [0x0x7ff73ed97239+113673]\nE       \tGetHandleVerifier [0x0x7ff73ed7e298+11368]\nE       \tBaseThreadInitThunk [0x0x7ff9ed36e8d7+23]\nE       \tRtlUserThreadStart [0x0x7ff9ee07c34c+44]\n\n..\\..\\..\\..\\AppData\\Local\\Programs\\Python\\Python313\\Lib\\site-packages\\selenium\\webdriver\\support\\wait.py:138: TimeoutException\n\n---------------------------- Captured stderr setup -----------------------------\n2025-08-04 10:15:52,505 - INFO - conftest - Initializing Chrome WebDriver with suppressed logs.\n2025-08-04 10:15:54,064 - INFO - conftest - Maximizing browser window.\n2025-08-04 10:15:54,134 - INFO - conftest - Setting implicit wait to 10 seconds.\n2025-08-04 10:15:54,140 - INFO - conftest - Navigating to URL: https://bl-practice-attendance-app-stg-187791816934.asia-south1.run.app/admin\n2025-08-04 10:15:54,388 - INFO - conftest - Instantiating SignInPage object.\n2025-08-04 10:15:54,389 - INFO - conftest - Waiting for and clicking &amp;#x27;Sign in with Google&amp;#x27; button.\n2025-08-04 10:15:54,389 - INFO - SignInPage - Waiting for Google sign-in button.\n2025-08-04 10:15:55,486 - INFO - SignInPage - Clicking on &amp;#x27;Sign in with Google&amp;#x27; button.\n2025-08-04 10:15:55,742 - INFO - conftest - Waiting for Google login popup to appear.\n2025-08-04 10:15:55,759 - INFO - conftest - Switching to Google login popup window.\n2025-08-04 10:15:55,766 - INFO - conftest - Entering Google account email.\n2025-08-04 10:15:55,766 - INFO - SignInPage - Entering email as username\n2025-08-04 10:15:57,578 - INFO - conftest - Clicking &amp;#x27;Next&amp;#x27; after entering email.\n2025-08-04 10:15:57,578 - INFO - SignInPage - Clicking on &amp;#x27;Next&amp;#x27; button.\n2025-08-04 10:15:57,804 - INFO - conftest - Entering Google account password.\n2025-08-04 10:15:57,804 - INFO - SignInPage - Entering password.\n2025-08-04 10:16:00,350 - INFO - conftest - Clicking &amp;#x27;Next&amp;#x27; after entering password.\n2025-08-04 10:16:00,350 - INFO - SignInPage - Clicking on &amp;#x27;Next&amp;#x27; button.\n2025-08-04 10:16:00,538 - INFO - conftest - Waiting for application window to become available.\n2025-08-04 10:16:00,540 - INFO - conftest - Switching back to original application window.\n2025-08-04 10:16:00,548 - INFO - conftest - Attempting to close overlay popup after login, if present.\n2025-08-04 10:16:07,046 - INFO - conftest - Overlay popup closed after login.\n\n------------------------------ Captured log setup ------------------------------\nINFO     conftest:conftest.py:18 Initializing Chrome WebDriver with suppressed logs.\nINFO     conftest:conftest.py:28 Maximizing browser window.\nINFO     conftest:conftest.py:31 Setting implicit wait to 10 seconds.\nINFO     conftest:conftest.py:36 Navigating to URL: https://bl-practice-attendance-app-stg-187791816934.asia-south1.run.app/admin\nINFO     conftest:conftest.py:48 Instantiating SignInPage object.\nINFO     conftest:conftest.py:51 Waiting for and clicking &amp;#x27;Sign in with Google&amp;#x27; button.\nINFO     SignInPage:SignInPage.py:32 Waiting for Google sign-in button.\nINFO     SignInPage:SignInPage.py:37 Clicking on &amp;#x27;Sign in with Google&amp;#x27; button.\nINFO     conftest:conftest.py:54 Waiting for Google login popup to appear.\nINFO     conftest:conftest.py:56 Switching to Google login popup window.\nINFO     conftest:conftest.py:59 Entering Google account email.\nINFO     SignInPage:SignInPage.py:42 Entering email as username\nINFO     conftest:conftest.py:61 Clicking &amp;#x27;Next&amp;#x27; after entering email.\nINFO     SignInPage:SignInPage.py:61 Clicking on &amp;#x27;Next&amp;#x27; button.\nINFO     conftest:conftest.py:64 Entering Google account password.\nINFO     SignInPage:SignInPage.py:51 Entering password.\nINFO     conftest:conftest.py:66 Clicking &amp;#x27;Next&amp;#x27; after entering password.\nINFO     SignInPage:SignInPage.py:61 Clicking on &amp;#x27;Next&amp;#x27; button.\nINFO     conftest:conftest.py:69 Waiting for application window to become available.\nINFO     conftest:conftest.py:71 Switching back to original application window.\nINFO     conftest:conftest.py:74 Attempting to close overlay popup after login, if present.\nINFO     conftest:conftest.py:81 Overlay popup closed after login.\n\n----------------------------- Captured stderr call -----------------------------\n2025-08-04 10:16:07,050 - INFO - COECenter - Clicking Learner count button.\n2025-08-04 10:16:07,156 - INFO - COECenter - Learner button clicked.\n2025-08-04 10:16:07,156 - INFO - COECenter - Clicking Download Learner Data CSV button.\n\n------------------------------ Captured log call -------------------------------\nINFO     COECenter:COECenter.py:89 Clicking Learner count button.\nINFO     COECenter:COECenter.py:92 Learner button clicked.\nINFO     COECenter:COECenter.py:101 Clicking Download Learner Data CSV button.\n\n--------------------------- Captured stderr teardown ---------------------------\n2025-08-04 10:16:17,235 - INFO - conftest - Quitting Chrome WebDriver.\n\n---------------------------- Captured log teardown -----------------------------\nINFO     conftest:conftest.py:41 Quitting Chrome WebDriver.&#34;}], &#34;com/bridgelabz/testcases/test_coe_labz.py::TestCOE::test_upload_csv_file&#34;: [{&#34;extras&#34;: [], &#34;result&#34;: &#34;Failed&#34;, &#34;testId&#34;: &#34;com/bridgelabz/testcases/test_coe_labz.py::TestCOE::test_upload_csv_file&#34;, &#34;duration&#34;: &#34;00:00:27&#34;, &#34;resultsTableRow&#34;: [&#34;&lt;td class=\&#34;col-result\&#34;&gt;Failed&lt;/td&gt;&#34;, &#34;&lt;td class=\&#34;col-testId\&#34;&gt;com/bridgelabz/testcases/test_coe_labz.py::TestCOE::test_upload_csv_file&lt;/td&gt;&#34;, &#34;&lt;td class=\&#34;col-duration\&#34;&gt;00:00:27&lt;/td&gt;&#34;, &#34;&lt;td class=\&#34;col-links\&#34;&gt;&lt;/td&gt;&#34;], &#34;log&#34;: &#34;self = &amp;lt;com.bridgelabz.testcases.test_coe_labz.TestCOE object at 0x000001B1854F8AF0&amp;gt;\nlogin = &amp;lt;selenium.webdriver.chrome.webdriver.WebDriver (session=&amp;quot;57af27882547458fe43f1cd9a34246da&amp;quot;)&amp;gt;\n\n    @pytest.mark.sanity\n    def test_upload_csv_file(self, login):\n        driver = login\n        coe = COECenter(driver)\n    \n        # Ensure file path is correct\n        file_path = r&amp;quot;C:\\Users\\ASUS\\Downloads\\CSVFiles\\SampleLearnerCSV.csv&amp;quot;  # &amp;lt;-- FIXED\n        if not os.path.exists(file_path):\n            raise FileNotFoundError(f&amp;quot;CSV file not found at: {file_path}&amp;quot;)\n    \n        coe.click_learner_button()\n&amp;gt;       coe.upload_csv_file(file_path=file_path)\n\ntestcases\\test_coe_labz.py:193: \n_ _ _ _ _ _ _ _ _ _ _ _ _ _ _ _ _ _ _ _ _ _ _ _ _ _ _ _ _ _ _ _ _ _ _ _ _ _ _ _ _ _ _ _ _ _ _ _ _ _ _ _ _ _ _ _ _ _ _ _\npageObjects\\COECenter\\COECenter.py:109: in upload_csv_file\n    upload_btn = self.wait.until(EC.element_to_be_clickable((By.XPATH, self.upload_csv_btn_xpath)))\n                 ^^^^^^^^^^^^^^^^^^^^^^^^^^^^^^^^^^^^^^^^^^^^^^^^^^^^^^^^^^^^^^^^^^^^^^^^^^^^^^^^^^\n_ _ _ _ _ _ _ _ _ _ _ _ _ _ _ _ _ _ _ _ _ _ _ _ _ _ _ _ _ _ _ _ _ _ _ _ _ _ _ _ _ _ _ _ _ _ _ _ _ _ _ _ _ _ _ _ _ _ _ _\n\nself = &amp;lt;selenium.webdriver.support.wait.WebDriverWait (session=&amp;quot;57af27882547458fe43f1cd9a34246da&amp;quot;)&amp;gt;\nmethod = &amp;lt;function element_to_be_clickable.&amp;lt;locals&amp;gt;._predicate at 0x000001B185933CE0&amp;gt;, message = &amp;#x27;&amp;#x27;\n\n    def until(self, method: Callable[[D], Union[Literal[False], T]], message: str = &amp;quot;&amp;quot;) -&amp;gt; T:\n        &amp;quot;&amp;quot;&amp;quot;Wait until the method returns a value that is not False.\n    \n        Calls the method provided with the driver as an argument until the\n        return value does not evaluate to ``False``.\n    \n        Parameters:\n        -----------\n        method: callable(WebDriver)\n            - A callable object that takes a WebDriver instance as an argument.\n    \n        message: str\n            - Optional message for :exc:`TimeoutException`\n    \n        Return:\n        -------\n        object: T\n            - The result of the last call to `method`\n    \n        Raises:\n        -------\n        TimeoutException\n            - If &amp;#x27;method&amp;#x27; does not return a truthy value within the WebDriverWait\n            object&amp;#x27;s timeout\n    \n        Example:\n        --------\n        &amp;gt;&amp;gt;&amp;gt; from selenium.webdriver.common.by import By\n        &amp;gt;&amp;gt;&amp;gt; from selenium.webdriver.support.ui import WebDriverWait\n        &amp;gt;&amp;gt;&amp;gt; from selenium.webdriver.support import expected_conditions as EC\n    \n        # Wait until an element is visible on the page\n        &amp;gt;&amp;gt;&amp;gt; wait = WebDriverWait(driver, 10)\n        &amp;gt;&amp;gt;&amp;gt; element = wait.until(EC.visibility_of_element_located((By.ID, &amp;quot;exampleId&amp;quot;)))\n        &amp;gt;&amp;gt;&amp;gt; print(element.text)\n        &amp;quot;&amp;quot;&amp;quot;\n        screen = None\n        stacktrace = None\n    \n        end_time = time.monotonic() + self._timeout\n        while True:\n            try:\n                value = method(self._driver)\n                if value:\n                    return value\n            except self._ignored_exceptions as exc:\n                screen = getattr(exc, &amp;quot;screen&amp;quot;, None)\n                stacktrace = getattr(exc, &amp;quot;stacktrace&amp;quot;, None)\n            if time.monotonic() &amp;gt; end_time:\n                break\n            time.sleep(self._poll)\n&amp;gt;       raise TimeoutException(message, screen, stacktrace)\nE       selenium.common.exceptions.TimeoutException: Message: \nE       Stacktrace:\nE       \tGetHandleVerifier [0x0x7ff73ed8e415+77285]\nE       \tGetHandleVerifier [0x0x7ff73ed8e470+77376]\nE       \t(No symbol) [0x0x7ff73eb59a6a]\nE       \t(No symbol) [0x0x7ff73ebb0406]\nE       \t(No symbol) [0x0x7ff73ebb06bc]\nE       \t(No symbol) [0x0x7ff73ec03ac7]\nE       \t(No symbol) [0x0x7ff73ebd864f]\nE       \t(No symbol) [0x0x7ff73ec0087f]\nE       \t(No symbol) [0x0x7ff73ebd83e3]\nE       \t(No symbol) [0x0x7ff73eba1521]\nE       \t(No symbol) [0x0x7ff73eba22b3]\nE       \tGetHandleVerifier [0x0x7ff73f071efd+3107021]\nE       \tGetHandleVerifier [0x0x7ff73f06c29d+3083373]\nE       \tGetHandleVerifier [0x0x7ff73f08bedd+3213485]\nE       \tGetHandleVerifier [0x0x7ff73eda884e+184862]\nE       \tGetHandleVerifier [0x0x7ff73edb055f+216879]\nE       \tGetHandleVerifier [0x0x7ff73ed97084+113236]\nE       \tGetHandleVerifier [0x0x7ff73ed97239+113673]\nE       \tGetHandleVerifier [0x0x7ff73ed7e298+11368]\nE       \tBaseThreadInitThunk [0x0x7ff9ed36e8d7+23]\nE       \tRtlUserThreadStart [0x0x7ff9ee07c34c+44]\n\n..\\..\\..\\..\\AppData\\Local\\Programs\\Python\\Python313\\Lib\\site-packages\\selenium\\webdriver\\support\\wait.py:138: TimeoutException\n\n---------------------------- Captured stderr setup -----------------------------\n2025-08-04 10:16:19,512 - INFO - conftest - Initializing Chrome WebDriver with suppressed logs.\n2025-08-04 10:16:20,777 - INFO - conftest - Maximizing browser window.\n2025-08-04 10:16:20,869 - INFO - conftest - Setting implicit wait to 10 seconds.\n2025-08-04 10:16:20,871 - INFO - conftest - Navigating to URL: https://bl-practice-attendance-app-stg-187791816934.asia-south1.run.app/admin\n2025-08-04 10:16:21,713 - INFO - conftest - Instantiating SignInPage object.\n2025-08-04 10:16:21,714 - INFO - conftest - Waiting for and clicking &amp;#x27;Sign in with Google&amp;#x27; button.\n2025-08-04 10:16:21,715 - INFO - SignInPage - Waiting for Google sign-in button.\n2025-08-04 10:16:22,107 - INFO - SignInPage - Clicking on &amp;#x27;Sign in with Google&amp;#x27; button.\n2025-08-04 10:16:22,388 - INFO - conftest - Waiting for Google login popup to appear.\n2025-08-04 10:16:22,392 - INFO - conftest - Switching to Google login popup window.\n2025-08-04 10:16:22,407 - INFO - conftest - Entering Google account email.\n2025-08-04 10:16:22,407 - INFO - SignInPage - Entering email as username\n2025-08-04 10:16:24,129 - INFO - conftest - Clicking &amp;#x27;Next&amp;#x27; after entering email.\n2025-08-04 10:16:24,130 - INFO - SignInPage - Clicking on &amp;#x27;Next&amp;#x27; button.\n2025-08-04 10:16:24,442 - INFO - conftest - Entering Google account password.\n2025-08-04 10:16:24,443 - INFO - SignInPage - Entering password.\n2025-08-04 10:16:27,132 - INFO - conftest - Clicking &amp;#x27;Next&amp;#x27; after entering password.\n2025-08-04 10:16:27,132 - INFO - SignInPage - Clicking on &amp;#x27;Next&amp;#x27; button.\n2025-08-04 10:16:27,293 - INFO - conftest - Waiting for application window to become available.\n2025-08-04 10:16:27,299 - INFO - conftest - Switching back to original application window.\n2025-08-04 10:16:27,323 - INFO - conftest - Attempting to close overlay popup after login, if present.\n2025-08-04 10:16:34,114 - INFO - conftest - Overlay popup closed after login.\n\n------------------------------ Captured log setup ------------------------------\nINFO     conftest:conftest.py:18 Initializing Chrome WebDriver with suppressed logs.\nINFO     conftest:conftest.py:28 Maximizing browser window.\nINFO     conftest:conftest.py:31 Setting implicit wait to 10 seconds.\nINFO     conftest:conftest.py:36 Navigating to URL: https://bl-practice-attendance-app-stg-187791816934.asia-south1.run.app/admin\nINFO     conftest:conftest.py:48 Instantiating SignInPage object.\nINFO     conftest:conftest.py:51 Waiting for and clicking &amp;#x27;Sign in with Google&amp;#x27; button.\nINFO     SignInPage:SignInPage.py:32 Waiting for Google sign-in button.\nINFO     SignInPage:SignInPage.py:37 Clicking on &amp;#x27;Sign in with Google&amp;#x27; button.\nINFO     conftest:conftest.py:54 Waiting for Google login popup to appear.\nINFO     conftest:conftest.py:56 Switching to Google login popup window.\nINFO     conftest:conftest.py:59 Entering Google account email.\nINFO     SignInPage:SignInPage.py:42 Entering email as username\nINFO     conftest:conftest.py:61 Clicking &amp;#x27;Next&amp;#x27; after entering email.\nINFO     SignInPage:SignInPage.py:61 Clicking on &amp;#x27;Next&amp;#x27; button.\nINFO     conftest:conftest.py:64 Entering Google account password.\nINFO     SignInPage:SignInPage.py:51 Entering password.\nINFO     conftest:conftest.py:66 Clicking &amp;#x27;Next&amp;#x27; after entering password.\nINFO     SignInPage:SignInPage.py:61 Clicking on &amp;#x27;Next&amp;#x27; button.\nINFO     conftest:conftest.py:69 Waiting for application window to become available.\nINFO     conftest:conftest.py:71 Switching back to original application window.\nINFO     conftest:conftest.py:74 Attempting to close overlay popup after login, if present.\nINFO     conftest:conftest.py:81 Overlay popup closed after login.\n\n----------------------------- Captured stderr call -----------------------------\n2025-08-04 10:16:34,116 - INFO - COECenter - Clicking Learner count button.\n2025-08-04 10:16:34,213 - INFO - COECenter - Learner button clicked.\n2025-08-04 10:16:34,213 - INFO - COECenter - Uploading CSV file from path: C:\\Users\\ASUS\\Downloads\\CSVFiles\\SampleLearnerCSV.csv\n\n------------------------------ Captured log call -------------------------------\nINFO     COECenter:COECenter.py:89 Clicking Learner count button.\nINFO     COECenter:COECenter.py:92 Learner button clicked.\nINFO     COECenter:COECenter.py:107 Uploading CSV file from path: C:\\Users\\ASUS\\Downloads\\CSVFiles\\SampleLearnerCSV.csv\n\n--------------------------- Captured stderr teardown ---------------------------\n2025-08-04 10:16:44,288 - INFO - conftest - Quitting Chrome WebDriver.\n\n---------------------------- Captured log teardown -----------------------------\nINFO     conftest:conftest.py:41 Quitting Chrome WebDriver.&#34;}], &#34;com/bridgelabz/testcases/test_daily_reports.py::TestDailyReports::test_view_daily_attendance_report&#34;: [{&#34;extras&#34;: [], &#34;result&#34;: &#34;Passed&#34;, &#34;testId&#34;: &#34;com/bridgelabz/testcases/test_daily_reports.py::TestDailyReports::test_view_daily_attendance_report&#34;, &#34;duration&#34;: &#34;00:00:24&#34;, &#34;resultsTableRow&#34;: [&#34;&lt;td class=\&#34;col-result\&#34;&gt;Passed&lt;/td&gt;&#34;, &#34;&lt;td class=\&#34;col-testId\&#34;&gt;com/bridgelabz/testcases/test_daily_reports.py::TestDailyReports::test_view_daily_attendance_report&lt;/td&gt;&#34;, &#34;&lt;td class=\&#34;col-duration\&#34;&gt;00:00:24&lt;/td&gt;&#34;, &#34;&lt;td class=\&#34;col-links\&#34;&gt;&lt;/td&gt;&#34;], &#34;log&#34;: &#34;---------------------------- Captured stderr setup -----------------------------\n2025-08-04 10:16:46,611 - INFO - conftest - Initializing Chrome WebDriver with suppressed logs.\n2025-08-04 10:16:48,124 - INFO - conftest - Maximizing browser window.\n2025-08-04 10:16:48,165 - INFO - conftest - Setting implicit wait to 10 seconds.\n2025-08-04 10:16:48,171 - INFO - conftest - Navigating to URL: https://bl-practice-attendance-app-stg-187791816934.asia-south1.run.app/admin\n2025-08-04 10:16:48,996 - INFO - conftest - Instantiating SignInPage object.\n2025-08-04 10:16:48,997 - INFO - conftest - Waiting for and clicking &amp;#x27;Sign in with Google&amp;#x27; button.\n2025-08-04 10:16:48,997 - INFO - SignInPage - Waiting for Google sign-in button.\n2025-08-04 10:16:49,387 - INFO - SignInPage - Clicking on &amp;#x27;Sign in with Google&amp;#x27; button.\n2025-08-04 10:16:49,715 - INFO - conftest - Waiting for Google login popup to appear.\n2025-08-04 10:16:49,727 - INFO - conftest - Switching to Google login popup window.\n2025-08-04 10:16:49,735 - INFO - conftest - Entering Google account email.\n2025-08-04 10:16:49,736 - INFO - SignInPage - Entering email as username\n2025-08-04 10:16:51,189 - INFO - conftest - Clicking &amp;#x27;Next&amp;#x27; after entering email.\n2025-08-04 10:16:51,189 - INFO - SignInPage - Clicking on &amp;#x27;Next&amp;#x27; button.\n2025-08-04 10:16:51,381 - INFO - conftest - Entering Google account password.\n2025-08-04 10:16:51,381 - INFO - SignInPage - Entering password.\n2025-08-04 10:16:54,811 - INFO - conftest - Clicking &amp;#x27;Next&amp;#x27; after entering password.\n2025-08-04 10:16:54,812 - INFO - SignInPage - Clicking on &amp;#x27;Next&amp;#x27; button.\n2025-08-04 10:16:55,062 - INFO - conftest - Waiting for application window to become available.\n2025-08-04 10:16:55,068 - INFO - conftest - Switching back to original application window.\n2025-08-04 10:16:55,080 - INFO - conftest - Attempting to close overlay popup after login, if present.\n2025-08-04 10:17:01,349 - INFO - conftest - Overlay popup closed after login.\n\n------------------------------ Captured log setup ------------------------------\nINFO     conftest:conftest.py:18 Initializing Chrome WebDriver with suppressed logs.\nINFO     conftest:conftest.py:28 Maximizing browser window.\nINFO     conftest:conftest.py:31 Setting implicit wait to 10 seconds.\nINFO     conftest:conftest.py:36 Navigating to URL: https://bl-practice-attendance-app-stg-187791816934.asia-south1.run.app/admin\nINFO     conftest:conftest.py:48 Instantiating SignInPage object.\nINFO     conftest:conftest.py:51 Waiting for and clicking &amp;#x27;Sign in with Google&amp;#x27; button.\nINFO     SignInPage:SignInPage.py:32 Waiting for Google sign-in button.\nINFO     SignInPage:SignInPage.py:37 Clicking on &amp;#x27;Sign in with Google&amp;#x27; button.\nINFO     conftest:conftest.py:54 Waiting for Google login popup to appear.\nINFO     conftest:conftest.py:56 Switching to Google login popup window.\nINFO     conftest:conftest.py:59 Entering Google account email.\nINFO     SignInPage:SignInPage.py:42 Entering email as username\nINFO     conftest:conftest.py:61 Clicking &amp;#x27;Next&amp;#x27; after entering email.\nINFO     SignInPage:SignInPage.py:61 Clicking on &amp;#x27;Next&amp;#x27; button.\nINFO     conftest:conftest.py:64 Entering Google account password.\nINFO     SignInPage:SignInPage.py:51 Entering password.\nINFO     conftest:conftest.py:66 Clicking &amp;#x27;Next&amp;#x27; after entering password.\nINFO     SignInPage:SignInPage.py:61 Clicking on &amp;#x27;Next&amp;#x27; button.\nINFO     conftest:conftest.py:69 Waiting for application window to become available.\nINFO     conftest:conftest.py:71 Switching back to original application window.\nINFO     conftest:conftest.py:74 Attempting to close overlay popup after login, if present.\nINFO     conftest:conftest.py:81 Overlay popup closed after login.\n\n----------------------------- Captured stderr call -----------------------------\n2025-08-04 10:17:01,482 - INFO - DailyReports - Clicked on Daily Report tab\n2025-08-04 10:17:01,681 - INFO - DailyReports - Clicked on View Daily Attendance Report button\n2025-08-04 10:17:01,951 - INFO - DailyReports - Clicked combobox: (//div[@class=&amp;#x27;MuiInputBase-root MuiOutlinedInput-root MuiInputBase-colorPrimary MuiInputBase-formControl MuiInputBase-sizeSmall MuiSelect-root css-iz33ar&amp;#x27;])[1]\n2025-08-04 10:17:02,586 - INFO - DailyReports - Selected option: P&amp;amp;A Phase 2\n2025-08-04 10:17:03,172 - INFO - DailyReports - Clicked combobox: //label[text()=&amp;#x27;Lab Type*&amp;#x27;]/following-sibling::div//div[@role=&amp;#x27;combobox&amp;#x27;]\n2025-08-04 10:17:03,824 - INFO - DailyReports - Selected option: Fellowship\n2025-08-04 10:17:05,115 - INFO - DailyReports - Selected attendance name: Day Order1\n2025-08-04 10:17:06,500 - INFO - DailyReports - Clicked combobox: //label[normalize-space()=&amp;#x27;Session Time&amp;#x27;]/following-sibling::div//div[@role=&amp;#x27;combobox&amp;#x27;]\n2025-08-04 10:17:07,240 - INFO - DailyReports - Selected option: 10:00 AM - 05:00 PM\n2025-08-04 10:17:07,275 - INFO - DailyReports - Date set for //input[@name=&amp;#x27;fromDate&amp;#x27;]: 2025-05-01\n2025-08-04 10:17:07,299 - INFO - DailyReports - Date set for //input[@name=&amp;#x27;toDate&amp;#x27;]: 2025-07-01\n2025-08-04 10:17:07,662 - INFO - DailyReports - Clicked on View button for Attendance Report\n2025-08-04 10:17:08,682 - INFO - DailyReports - Total Strength column is present in Daily Attendance Report \u2014 Validation Passed\n\n------------------------------ Captured log call -------------------------------\nINFO     DailyReports:DailyReports.py:76 Clicked on Daily Report tab\nINFO     DailyReports:DailyReports.py:81 Clicked on View Daily Attendance Report button\nINFO     DailyReports:DailyReports.py:41 Clicked combobox: (//div[@class=&amp;#x27;MuiInputBase-root MuiOutlinedInput-root MuiInputBase-colorPrimary MuiInputBase-formControl MuiInputBase-sizeSmall MuiSelect-root css-iz33ar&amp;#x27;])[1]\nINFO     DailyReports:DailyReports.py:47 Selected option: P&amp;amp;A Phase 2\nINFO     DailyReports:DailyReports.py:41 Clicked combobox: //label[text()=&amp;#x27;Lab Type*&amp;#x27;]/following-sibling::div//div[@role=&amp;#x27;combobox&amp;#x27;]\nINFO     DailyReports:DailyReports.py:47 Selected option: Fellowship\nINFO     DailyReports:DailyReports.py:92 Selected attendance name: Day Order1\nINFO     DailyReports:DailyReports.py:41 Clicked combobox: //label[normalize-space()=&amp;#x27;Session Time&amp;#x27;]/following-sibling::div//div[@role=&amp;#x27;combobox&amp;#x27;]\nINFO     DailyReports:DailyReports.py:47 Selected option: 10:00 AM - 05:00 PM\nINFO     DailyReports:DailyReports.py:70 Date set for //input[@name=&amp;#x27;fromDate&amp;#x27;]: 2025-05-01\nINFO     DailyReports:DailyReports.py:70 Date set for //input[@name=&amp;#x27;toDate&amp;#x27;]: 2025-07-01\nINFO     DailyReports:DailyReports.py:103 Clicked on View button for Attendance Report\nINFO     DailyReports:DailyReports.py:107 Total Strength column is present in Daily Attendance Report \u2014 Validation Passed\n\n--------------------------- Captured stderr teardown ---------------------------\n2025-08-04 10:17:08,685 - INFO - conftest - Quitting Chrome WebDriver.\n\n---------------------------- Captured log teardown -----------------------------\nINFO     conftest:conftest.py:41 Quitting Chrome WebDriver.&#34;}], &#34;com/bridgelabz/testcases/test_daily_reports.py::TestDailyReports::test_view_daily_practice_report&#34;: [{&#34;extras&#34;: [], &#34;result&#34;: &#34;Passed&#34;, &#34;testId&#34;: &#34;com/bridgelabz/testcases/test_daily_reports.py::TestDailyReports::test_view_daily_practice_report&#34;, &#34;duration&#34;: &#34;00:00:24&#34;, &#34;resultsTableRow&#34;: [&#34;&lt;td class=\&#34;col-result\&#34;&gt;Passed&lt;/td&gt;&#34;, &#34;&lt;td class=\&#34;col-testId\&#34;&gt;com/bridgelabz/testcases/test_daily_reports.py::TestDailyReports::test_view_daily_practice_report&lt;/td&gt;&#34;, &#34;&lt;td class=\&#34;col-duration\&#34;&gt;00:00:24&lt;/td&gt;&#34;, &#34;&lt;td class=\&#34;col-links\&#34;&gt;&lt;/td&gt;&#34;], &#34;log&#34;: &#34;---------------------------- Captured stderr setup -----------------------------\n2025-08-04 10:17:11,027 - INFO - conftest - Initializing Chrome WebDriver with suppressed logs.\n2025-08-04 10:17:12,283 - INFO - conftest - Maximizing browser window.\n2025-08-04 10:17:12,341 - INFO - conftest - Setting implicit wait to 10 seconds.\n2025-08-04 10:17:12,346 - INFO - conftest - Navigating to URL: https://bl-practice-attendance-app-stg-187791816934.asia-south1.run.app/admin\n2025-08-04 10:17:13,208 - INFO - conftest - Instantiating SignInPage object.\n2025-08-04 10:17:13,209 - INFO - conftest - Waiting for and clicking &amp;#x27;Sign in with Google&amp;#x27; button.\n2025-08-04 10:17:13,209 - INFO - SignInPage - Waiting for Google sign-in button.\n2025-08-04 10:17:13,672 - INFO - SignInPage - Clicking on &amp;#x27;Sign in with Google&amp;#x27; button.\n2025-08-04 10:17:13,932 - INFO - conftest - Waiting for Google login popup to appear.\n2025-08-04 10:17:13,943 - INFO - conftest - Switching to Google login popup window.\n2025-08-04 10:17:13,954 - INFO - conftest - Entering Google account email.\n2025-08-04 10:17:13,955 - INFO - SignInPage - Entering email as username\n2025-08-04 10:17:16,046 - INFO - conftest - Clicking &amp;#x27;Next&amp;#x27; after entering email.\n2025-08-04 10:17:16,046 - INFO - SignInPage - Clicking on &amp;#x27;Next&amp;#x27; button.\n2025-08-04 10:17:16,270 - INFO - conftest - Entering Google account password.\n2025-08-04 10:17:16,271 - INFO - SignInPage - Entering password.\n2025-08-04 10:17:18,604 - INFO - conftest - Clicking &amp;#x27;Next&amp;#x27; after entering password.\n2025-08-04 10:17:18,605 - INFO - SignInPage - Clicking on &amp;#x27;Next&amp;#x27; button.\n2025-08-04 10:17:18,773 - INFO - conftest - Waiting for application window to become available.\n2025-08-04 10:17:18,775 - INFO - conftest - Switching back to original application window.\n2025-08-04 10:17:18,783 - INFO - conftest - Attempting to close overlay popup after login, if present.\n2025-08-04 10:17:25,072 - INFO - conftest - Overlay popup closed after login.\n\n------------------------------ Captured log setup ------------------------------\nINFO     conftest:conftest.py:18 Initializing Chrome WebDriver with suppressed logs.\nINFO     conftest:conftest.py:28 Maximizing browser window.\nINFO     conftest:conftest.py:31 Setting implicit wait to 10 seconds.\nINFO     conftest:conftest.py:36 Navigating to URL: https://bl-practice-attendance-app-stg-187791816934.asia-south1.run.app/admin\nINFO     conftest:conftest.py:48 Instantiating SignInPage object.\nINFO     conftest:conftest.py:51 Waiting for and clicking &amp;#x27;Sign in with Google&amp;#x27; button.\nINFO     SignInPage:SignInPage.py:32 Waiting for Google sign-in button.\nINFO     SignInPage:SignInPage.py:37 Clicking on &amp;#x27;Sign in with Google&amp;#x27; button.\nINFO     conftest:conftest.py:54 Waiting for Google login popup to appear.\nINFO     conftest:conftest.py:56 Switching to Google login popup window.\nINFO     conftest:conftest.py:59 Entering Google account email.\nINFO     SignInPage:SignInPage.py:42 Entering email as username\nINFO     conftest:conftest.py:61 Clicking &amp;#x27;Next&amp;#x27; after entering email.\nINFO     SignInPage:SignInPage.py:61 Clicking on &amp;#x27;Next&amp;#x27; button.\nINFO     conftest:conftest.py:64 Entering Google account password.\nINFO     SignInPage:SignInPage.py:51 Entering password.\nINFO     conftest:conftest.py:66 Clicking &amp;#x27;Next&amp;#x27; after entering password.\nINFO     SignInPage:SignInPage.py:61 Clicking on &amp;#x27;Next&amp;#x27; button.\nINFO     conftest:conftest.py:69 Waiting for application window to become available.\nINFO     conftest:conftest.py:71 Switching back to original application window.\nINFO     conftest:conftest.py:74 Attempting to close overlay popup after login, if present.\nINFO     conftest:conftest.py:81 Overlay popup closed after login.\n\n----------------------------- Captured stderr call -----------------------------\n2025-08-04 10:17:25,497 - INFO - DailyReports - Clicked on Daily Report tab\n2025-08-04 10:17:25,743 - INFO - DailyReports - Clicked on Daily Practice Report tab\n2025-08-04 10:17:26,143 - INFO - DailyReports - Clicked combobox: //div[@id=&amp;#x27;mui-component-select-coe&amp;#x27;]\n2025-08-04 10:17:26,787 - INFO - DailyReports - Selected option: P&amp;amp;A Phase 2\n2025-08-04 10:17:27,894 - INFO - DailyReports - Clicked combobox: //div[@id=&amp;#x27;mui-component-select-labType&amp;#x27;]\n2025-08-04 10:17:28,612 - INFO - DailyReports - Selected option: Fellowship\n2025-08-04 10:17:29,004 - INFO - DailyReports - Clicked combobox: //div[@id=&amp;#x27;mui-component-select-makerPlan&amp;#x27;]\n2025-08-04 10:17:29,737 - INFO - DailyReports - Selected option: QA\n2025-08-04 10:17:30,053 - INFO - DailyReports - Clicked combobox: //div[@id=&amp;#x27;mui-component-select-makerModule&amp;#x27;]\n2025-08-04 10:17:30,839 - INFO - DailyReports - Selected option: QA Automation\n2025-08-04 10:17:31,322 - INFO - DailyReports - Clicked combobox: (//div[@class=&amp;#x27;MuiInputBase-root MuiOutlinedInput-root MuiInputBase-colorPrimary MuiInputBase-fullWidth MuiInputBase-formControl MuiInputBase-sizeSmall MuiInputBase-adornedEnd MuiAutocomplete-inputRoot css-1kmkvia&amp;#x27;])[1]\n2025-08-04 10:17:31,969 - INFO - DailyReports - Selected option: Lab 1\n2025-08-04 10:17:32,012 - INFO - DailyReports - Clicked on View button for Daily Practice Report\n2025-08-04 10:17:33,034 - INFO - DailyReports - Lab Strength column is present in Daily Practice Report \u2014 Validation Passed\n\n------------------------------ Captured log call -------------------------------\nINFO     DailyReports:DailyReports.py:115 Clicked on Daily Report tab\nINFO     DailyReports:DailyReports.py:119 Clicked on Daily Practice Report tab\nINFO     DailyReports:DailyReports.py:41 Clicked combobox: //div[@id=&amp;#x27;mui-component-select-coe&amp;#x27;]\nINFO     DailyReports:DailyReports.py:47 Selected option: P&amp;amp;A Phase 2\nINFO     DailyReports:DailyReports.py:41 Clicked combobox: //div[@id=&amp;#x27;mui-component-select-labType&amp;#x27;]\nINFO     DailyReports:DailyReports.py:47 Selected option: Fellowship\nINFO     DailyReports:DailyReports.py:41 Clicked combobox: //div[@id=&amp;#x27;mui-component-select-makerPlan&amp;#x27;]\nINFO     DailyReports:DailyReports.py:47 Selected option: QA\nINFO     DailyReports:DailyReports.py:41 Clicked combobox: //div[@id=&amp;#x27;mui-component-select-makerModule&amp;#x27;]\nINFO     DailyReports:DailyReports.py:47 Selected option: QA Automation\nINFO     DailyReports:DailyReports.py:41 Clicked combobox: (//div[@class=&amp;#x27;MuiInputBase-root MuiOutlinedInput-root MuiInputBase-colorPrimary MuiInputBase-fullWidth MuiInputBase-formControl MuiInputBase-sizeSmall MuiInputBase-adornedEnd MuiAutocomplete-inputRoot css-1kmkvia&amp;#x27;])[1]\nINFO     DailyReports:DailyReports.py:47 Selected option: Lab 1\nINFO     DailyReports:DailyReports.py:130 Clicked on View button for Daily Practice Report\nINFO     DailyReports:DailyReports.py:134 Lab Strength column is present in Daily Practice Report \u2014 Validation Passed\n\n--------------------------- Captured stderr teardown ---------------------------\n2025-08-04 10:17:33,038 - INFO - conftest - Quitting Chrome WebDriver.\n\n---------------------------- Captured log teardown -----------------------------\nINFO     conftest:conftest.py:41 Quitting Chrome WebDriver.&#34;}], &#34;com/bridgelabz/testcases/test_lab_practice.py::TestLabPractice::test_create_lab_practice&#34;: [{&#34;extras&#34;: [], &#34;result&#34;: &#34;Failed&#34;, &#34;testId&#34;: &#34;com/bridgelabz/testcases/test_lab_practice.py::TestLabPractice::test_create_lab_practice&#34;, &#34;duration&#34;: &#34;00:00:41&#34;, &#34;resultsTableRow&#34;: [&#34;&lt;td class=\&#34;col-result\&#34;&gt;Failed&lt;/td&gt;&#34;, &#34;&lt;td class=\&#34;col-testId\&#34;&gt;com/bridgelabz/testcases/test_lab_practice.py::TestLabPractice::test_create_lab_practice&lt;/td&gt;&#34;, &#34;&lt;td class=\&#34;col-duration\&#34;&gt;00:00:41&lt;/td&gt;&#34;, &#34;&lt;td class=\&#34;col-links\&#34;&gt;&lt;/td&gt;&#34;], &#34;log&#34;: &#34;self = &amp;lt;com.bridgelabz.testcases.test_lab_practice.TestLabPractice object at 0x000001B185548050&amp;gt;\nlogin = &amp;lt;selenium.webdriver.chrome.webdriver.WebDriver (session=&amp;quot;d9e35b21d7986b7d0f10a0916ffaa208&amp;quot;)&amp;gt;\n\n    @pytest.mark.sanity\n    def test_create_lab_practice(self, login):\n        try:\n            practice = LabPractice(login)\n            practice.select_coe(&amp;quot;P&amp;amp;A Phase 2&amp;quot;)\n            practice.click_create_lab_button()\n            practice.create_lab(&amp;quot;P&amp;amp;A Phase 2&amp;quot;,\n                                &amp;quot;Automation Testing-13&amp;quot;,\n                                &amp;quot;10:00AM&amp;quot;,\n                                &amp;quot;05:20PM&amp;quot;,\n                                3,\n                                &amp;quot;surriyaa.pp@bridgelabz.com&amp;quot;,\n                                &amp;quot;surriysanity2@bridgelabz.com&amp;quot;,\n                                &amp;quot;Fellowship&amp;quot;)\n        except Exception as e:\n            take_screenshot(login, &amp;quot;test_create_lab_practice&amp;quot;)\n&amp;gt;           raise e\n\ntestcases\\test_lab_practice.py:47: \n_ _ _ _ _ _ _ _ _ _ _ _ _ _ _ _ _ _ _ _ _ _ _ _ _ _ _ _ _ _ _ _ _ _ _ _ _ _ _ _ _ _ _ _ _ _ _ _ _ _ _ _ _ _ _ _ _ _ _ _\ntestcases\\test_lab_practice.py:37: in test_create_lab_practice\n    practice.create_lab(&amp;quot;P&amp;amp;A Phase 2&amp;quot;,\npageObjects\\LabPractice\\LabPractice.py:83: in create_lab\n    self.select_combobox_option(self.sub_mentor_dropdown_xpath, support_mentor)\npageObjects\\LabPractice\\LabPractice.py:45: in select_combobox_option\n    WebDriverWait(self.driver, 10).until(\n_ _ _ _ _ _ _ _ _ _ _ _ _ _ _ _ _ _ _ _ _ _ _ _ _ _ _ _ _ _ _ _ _ _ _ _ _ _ _ _ _ _ _ _ _ _ _ _ _ _ _ _ _ _ _ _ _ _ _ _\n\nself = &amp;lt;selenium.webdriver.support.wait.WebDriverWait (session=&amp;quot;d9e35b21d7986b7d0f10a0916ffaa208&amp;quot;)&amp;gt;\nmethod = &amp;lt;function element_to_be_clickable.&amp;lt;locals&amp;gt;._predicate at 0x000001B1859D8680&amp;gt;, message = &amp;#x27;&amp;#x27;\n\n    def until(self, method: Callable[[D], Union[Literal[False], T]], message: str = &amp;quot;&amp;quot;) -&amp;gt; T:\n        &amp;quot;&amp;quot;&amp;quot;Wait until the method returns a value that is not False.\n    \n        Calls the method provided with the driver as an argument until the\n        return value does not evaluate to ``False``.\n    \n        Parameters:\n        -----------\n        method: callable(WebDriver)\n            - A callable object that takes a WebDriver instance as an argument.\n    \n        message: str\n            - Optional message for :exc:`TimeoutException`\n    \n        Return:\n        -------\n        object: T\n            - The result of the last call to `method`\n    \n        Raises:\n        -------\n        TimeoutException\n            - If &amp;#x27;method&amp;#x27; does not return a truthy value within the WebDriverWait\n            object&amp;#x27;s timeout\n    \n        Example:\n        --------\n        &amp;gt;&amp;gt;&amp;gt; from selenium.webdriver.common.by import By\n        &amp;gt;&amp;gt;&amp;gt; from selenium.webdriver.support.ui import WebDriverWait\n        &amp;gt;&amp;gt;&amp;gt; from selenium.webdriver.support import expected_conditions as EC\n    \n        # Wait until an element is visible on the page\n        &amp;gt;&amp;gt;&amp;gt; wait = WebDriverWait(driver, 10)\n        &amp;gt;&amp;gt;&amp;gt; element = wait.until(EC.visibility_of_element_located((By.ID, &amp;quot;exampleId&amp;quot;)))\n        &amp;gt;&amp;gt;&amp;gt; print(element.text)\n        &amp;quot;&amp;quot;&amp;quot;\n        screen = None\n        stacktrace = None\n    \n        end_time = time.monotonic() + self._timeout\n        while True:\n            try:\n                value = method(self._driver)\n                if value:\n                    return value\n            except self._ignored_exceptions as exc:\n                screen = getattr(exc, &amp;quot;screen&amp;quot;, None)\n                stacktrace = getattr(exc, &amp;quot;stacktrace&amp;quot;, None)\n            if time.monotonic() &amp;gt; end_time:\n                break\n            time.sleep(self._poll)\n&amp;gt;       raise TimeoutException(message, screen, stacktrace)\nE       selenium.common.exceptions.TimeoutException: Message: \nE       Stacktrace:\nE       \tGetHandleVerifier [0x0x7ff73ed8e415+77285]\nE       \tGetHandleVerifier [0x0x7ff73ed8e470+77376]\nE       \t(No symbol) [0x0x7ff73eb59a6a]\nE       \t(No symbol) [0x0x7ff73ebb0406]\nE       \t(No symbol) [0x0x7ff73ebb06bc]\nE       \t(No symbol) [0x0x7ff73ec03ac7]\nE       \t(No symbol) [0x0x7ff73ebd864f]\nE       \t(No symbol) [0x0x7ff73ec0087f]\nE       \t(No symbol) [0x0x7ff73ebd83e3]\nE       \t(No symbol) [0x0x7ff73eba1521]\nE       \t(No symbol) [0x0x7ff73eba22b3]\nE       \tGetHandleVerifier [0x0x7ff73f071efd+3107021]\nE       \tGetHandleVerifier [0x0x7ff73f06c29d+3083373]\nE       \tGetHandleVerifier [0x0x7ff73f08bedd+3213485]\nE       \tGetHandleVerifier [0x0x7ff73eda884e+184862]\nE       \tGetHandleVerifier [0x0x7ff73edb055f+216879]\nE       \tGetHandleVerifier [0x0x7ff73ed97084+113236]\nE       \tGetHandleVerifier [0x0x7ff73ed97239+113673]\nE       \tGetHandleVerifier [0x0x7ff73ed7e298+11368]\nE       \tBaseThreadInitThunk [0x0x7ff9ed36e8d7+23]\nE       \tRtlUserThreadStart [0x0x7ff9ee07c34c+44]\n\n..\\..\\..\\..\\AppData\\Local\\Programs\\Python\\Python313\\Lib\\site-packages\\selenium\\webdriver\\support\\wait.py:138: TimeoutException\n\n---------------------------- Captured stderr setup -----------------------------\n2025-08-04 10:17:35,398 - INFO - conftest - Initializing Chrome WebDriver with suppressed logs.\n2025-08-04 10:17:37,090 - INFO - conftest - Maximizing browser window.\n2025-08-04 10:17:37,156 - INFO - conftest - Setting implicit wait to 10 seconds.\n2025-08-04 10:17:37,163 - INFO - conftest - Navigating to URL: https://bl-practice-attendance-app-stg-187791816934.asia-south1.run.app/admin\n2025-08-04 10:17:38,058 - INFO - conftest - Instantiating SignInPage object.\n2025-08-04 10:17:38,059 - INFO - conftest - Waiting for and clicking &amp;#x27;Sign in with Google&amp;#x27; button.\n2025-08-04 10:17:38,060 - INFO - SignInPage - Waiting for Google sign-in button.\n2025-08-04 10:17:38,456 - INFO - SignInPage - Clicking on &amp;#x27;Sign in with Google&amp;#x27; button.\n2025-08-04 10:17:38,730 - INFO - conftest - Waiting for Google login popup to appear.\n2025-08-04 10:17:38,748 - INFO - conftest - Switching to Google login popup window.\n2025-08-04 10:17:38,760 - INFO - conftest - Entering Google account email.\n2025-08-04 10:17:38,762 - INFO - SignInPage - Entering email as username\n2025-08-04 10:17:40,518 - INFO - conftest - Clicking &amp;#x27;Next&amp;#x27; after entering email.\n2025-08-04 10:17:40,518 - INFO - SignInPage - Clicking on &amp;#x27;Next&amp;#x27; button.\n2025-08-04 10:17:40,706 - INFO - conftest - Entering Google account password.\n2025-08-04 10:17:40,707 - INFO - SignInPage - Entering password.\n2025-08-04 10:17:43,422 - INFO - conftest - Clicking &amp;#x27;Next&amp;#x27; after entering password.\n2025-08-04 10:17:43,422 - INFO - SignInPage - Clicking on &amp;#x27;Next&amp;#x27; button.\n2025-08-04 10:17:43,654 - INFO - conftest - Waiting for application window to become available.\n2025-08-04 10:17:43,657 - INFO - conftest - Switching back to original application window.\n2025-08-04 10:17:43,669 - INFO - conftest - Attempting to close overlay popup after login, if present.\n2025-08-04 10:17:49,801 - INFO - conftest - Overlay popup closed after login.\n\n------------------------------ Captured log setup ------------------------------\nINFO     conftest:conftest.py:18 Initializing Chrome WebDriver with suppressed logs.\nINFO     conftest:conftest.py:28 Maximizing browser window.\nINFO     conftest:conftest.py:31 Setting implicit wait to 10 seconds.\nINFO     conftest:conftest.py:36 Navigating to URL: https://bl-practice-attendance-app-stg-187791816934.asia-south1.run.app/admin\nINFO     conftest:conftest.py:48 Instantiating SignInPage object.\nINFO     conftest:conftest.py:51 Waiting for and clicking &amp;#x27;Sign in with Google&amp;#x27; button.\nINFO     SignInPage:SignInPage.py:32 Waiting for Google sign-in button.\nINFO     SignInPage:SignInPage.py:37 Clicking on &amp;#x27;Sign in with Google&amp;#x27; button.\nINFO     conftest:conftest.py:54 Waiting for Google login popup to appear.\nINFO     conftest:conftest.py:56 Switching to Google login popup window.\nINFO     conftest:conftest.py:59 Entering Google account email.\nINFO     SignInPage:SignInPage.py:42 Entering email as username\nINFO     conftest:conftest.py:61 Clicking &amp;#x27;Next&amp;#x27; after entering email.\nINFO     SignInPage:SignInPage.py:61 Clicking on &amp;#x27;Next&amp;#x27; button.\nINFO     conftest:conftest.py:64 Entering Google account password.\nINFO     SignInPage:SignInPage.py:51 Entering password.\nINFO     conftest:conftest.py:66 Clicking &amp;#x27;Next&amp;#x27; after entering password.\nINFO     SignInPage:SignInPage.py:61 Clicking on &amp;#x27;Next&amp;#x27; button.\nINFO     conftest:conftest.py:69 Waiting for application window to become available.\nINFO     conftest:conftest.py:71 Switching back to original application window.\nINFO     conftest:conftest.py:74 Attempting to close overlay popup after login, if present.\nINFO     conftest:conftest.py:81 Overlay popup closed after login.\n\n----------------------------- Captured stderr call -----------------------------\n2025-08-04 10:17:49,803 - INFO - LabPractice - Selecting COE: P&amp;amp;A Phase 2\n2025-08-04 10:17:53,393 - INFO - LabPractice - Clicking &amp;#x27;Create lab&amp;#x27; button.\n2025-08-04 10:17:53,575 - INFO - LabPractice - Creating lab: Automation Testing-13\n2025-08-04 10:18:13,459 - INFO - conftest - Preparing to take screenshot.\n2025-08-04 10:18:13,459 - INFO - conftest - Ensuring screenshot directory exists at /Practice-Attendance-Admin/ScreenShots.\n2025-08-04 10:18:13,460 - INFO - conftest - Saving screenshot to /Practice-Attendance-Admin/ScreenShots\\test_create_lab_practice_04-08-2025_10-18-13.png.\n2025-08-04 10:18:13,669 - INFO - conftest - Screenshot saved at /Practice-Attendance-Admin/ScreenShots\\test_create_lab_practice_04-08-2025_10-18-13.png\n\n------------------------------ Captured log call -------------------------------\nINFO     LabPractice:LabPractice.py:51 Selecting COE: P&amp;amp;A Phase 2\nDEBUG    LabPractice:LabPractice.py:39 Selecting option &amp;#x27;P&amp;amp;A Phase 2&amp;#x27; from combobox.\nINFO     LabPractice:LabPractice.py:59 Clicking &amp;#x27;Create lab&amp;#x27; button.\nINFO     LabPractice:LabPractice.py:74 Creating lab: Automation Testing-13\nDEBUG    LabPractice:LabPractice.py:39 Selecting option &amp;#x27;P&amp;amp;A Phase 2&amp;#x27; from combobox.\nDEBUG    LabPractice:LabPractice.py:39 Selecting option &amp;#x27;surriyaa.pp@bridgelabz.com&amp;#x27; from combobox.\nDEBUG    LabPractice:LabPractice.py:39 Selecting option &amp;#x27;surriysanity2@bridgelabz.com&amp;#x27; from combobox.\nINFO     conftest:conftest.py:89 Preparing to take screenshot.\nINFO     conftest:conftest.py:91 Ensuring screenshot directory exists at /Practice-Attendance-Admin/ScreenShots.\nINFO     conftest:conftest.py:98 Saving screenshot to /Practice-Attendance-Admin/ScreenShots\\test_create_lab_practice_04-08-2025_10-18-13.png.\nINFO     conftest:conftest.py:100 Screenshot saved at /Practice-Attendance-Admin/ScreenShots\\test_create_lab_practice_04-08-2025_10-18-13.png\n\n--------------------------- Captured stderr teardown ---------------------------\n2025-08-04 10:18:13,704 - INFO - conftest - Quitting Chrome WebDriver.\n\n---------------------------- Captured log teardown -----------------------------\nINFO     conftest:conftest.py:41 Quitting Chrome WebDriver.&#34;}], &#34;com/bridgelabz/testcases/test_lab_practice.py::TestLabPractice::test_edit_lab_practice&#34;: [{&#34;extras&#34;: [], &#34;result&#34;: &#34;Failed&#34;, &#34;testId&#34;: &#34;com/bridgelabz/testcases/test_lab_practice.py::TestLabPractice::test_edit_lab_practice&#34;, &#34;duration&#34;: &#34;00:00:31&#34;, &#34;resultsTableRow&#34;: [&#34;&lt;td class=\&#34;col-result\&#34;&gt;Failed&lt;/td&gt;&#34;, &#34;&lt;td class=\&#34;col-testId\&#34;&gt;com/bridgelabz/testcases/test_lab_practice.py::TestLabPractice::test_edit_lab_practice&lt;/td&gt;&#34;, &#34;&lt;td class=\&#34;col-duration\&#34;&gt;00:00:31&lt;/td&gt;&#34;, &#34;&lt;td class=\&#34;col-links\&#34;&gt;&lt;/td&gt;&#34;], &#34;log&#34;: &#34;self = &amp;lt;com.bridgelabz.testcases.test_lab_practice.TestLabPractice object at 0x000001B185548190&amp;gt;\nlogin = &amp;lt;selenium.webdriver.chrome.webdriver.WebDriver (session=&amp;quot;7dc95b42b3ca0eab134d8a4c1ffd6029&amp;quot;)&amp;gt;\n\n    @pytest.mark.sanity\n    def test_edit_lab_practice(self, login):\n        try:\n            practice = LabPractice(login)\n            practice.select_coe(&amp;quot;P&amp;amp;A Phase 2&amp;quot;)\n            practice.click_edit_newbuild_button()\n            practice.edit_details(&amp;quot;Edited Lab Name-1&amp;quot;)\n        except Exception as e:\n            take_screenshot(login, &amp;quot;test_edit_lab_practice&amp;quot;)\n&amp;gt;           raise e\n\ntestcases\\test_lab_practice.py:58: \n_ _ _ _ _ _ _ _ _ _ _ _ _ _ _ _ _ _ _ _ _ _ _ _ _ _ _ _ _ _ _ _ _ _ _ _ _ _ _ _ _ _ _ _ _ _ _ _ _ _ _ _ _ _ _ _ _ _ _ _\ntestcases\\test_lab_practice.py:54: in test_edit_lab_practice\n    practice.click_edit_newbuild_button()\npageObjects\\LabPractice\\LabPractice.py:93: in click_edit_newbuild_button\n    WebDriverWait(self.driver, 10).until(EC.element_to_be_clickable((By.XPATH, self.edit_button_newbuild_xpath))).click()\n    ^^^^^^^^^^^^^^^^^^^^^^^^^^^^^^^^^^^^^^^^^^^^^^^^^^^^^^^^^^^^^^^^^^^^^^^^^^^^^^^^^^^^^^^^^^^^^^^^^^^^^^^^^^^^^\n_ _ _ _ _ _ _ _ _ _ _ _ _ _ _ _ _ _ _ _ _ _ _ _ _ _ _ _ _ _ _ _ _ _ _ _ _ _ _ _ _ _ _ _ _ _ _ _ _ _ _ _ _ _ _ _ _ _ _ _\n\nself = &amp;lt;selenium.webdriver.support.wait.WebDriverWait (session=&amp;quot;7dc95b42b3ca0eab134d8a4c1ffd6029&amp;quot;)&amp;gt;\nmethod = &amp;lt;function element_to_be_clickable.&amp;lt;locals&amp;gt;._predicate at 0x000001B185933C40&amp;gt;, message = &amp;#x27;&amp;#x27;\n\n    def until(self, method: Callable[[D], Union[Literal[False], T]], message: str = &amp;quot;&amp;quot;) -&amp;gt; T:\n        &amp;quot;&amp;quot;&amp;quot;Wait until the method returns a value that is not False.\n    \n        Calls the method provided with the driver as an argument until the\n        return value does not evaluate to ``False``.\n    \n        Parameters:\n        -----------\n        method: callable(WebDriver)\n            - A callable object that takes a WebDriver instance as an argument.\n    \n        message: str\n            - Optional message for :exc:`TimeoutException`\n    \n        Return:\n        -------\n        object: T\n            - The result of the last call to `method`\n    \n        Raises:\n        -------\n        TimeoutException\n            - If &amp;#x27;method&amp;#x27; does not return a truthy value within the WebDriverWait\n            object&amp;#x27;s timeout\n    \n        Example:\n        --------\n        &amp;gt;&amp;gt;&amp;gt; from selenium.webdriver.common.by import By\n        &amp;gt;&amp;gt;&amp;gt; from selenium.webdriver.support.ui import WebDriverWait\n        &amp;gt;&amp;gt;&amp;gt; from selenium.webdriver.support import expected_conditions as EC\n    \n        # Wait until an element is visible on the page\n        &amp;gt;&amp;gt;&amp;gt; wait = WebDriverWait(driver, 10)\n        &amp;gt;&amp;gt;&amp;gt; element = wait.until(EC.visibility_of_element_located((By.ID, &amp;quot;exampleId&amp;quot;)))\n        &amp;gt;&amp;gt;&amp;gt; print(element.text)\n        &amp;quot;&amp;quot;&amp;quot;\n        screen = None\n        stacktrace = None\n    \n        end_time = time.monotonic() + self._timeout\n        while True:\n            try:\n                value = method(self._driver)\n                if value:\n                    return value\n            except self._ignored_exceptions as exc:\n                screen = getattr(exc, &amp;quot;screen&amp;quot;, None)\n                stacktrace = getattr(exc, &amp;quot;stacktrace&amp;quot;, None)\n            if time.monotonic() &amp;gt; end_time:\n                break\n            time.sleep(self._poll)\n&amp;gt;       raise TimeoutException(message, screen, stacktrace)\nE       selenium.common.exceptions.TimeoutException: Message: \nE       Stacktrace:\nE       \tGetHandleVerifier [0x0x7ff73ed8e415+77285]\nE       \tGetHandleVerifier [0x0x7ff73ed8e470+77376]\nE       \t(No symbol) [0x0x7ff73eb59a6a]\nE       \t(No symbol) [0x0x7ff73ebb0406]\nE       \t(No symbol) [0x0x7ff73ebb06bc]\nE       \t(No symbol) [0x0x7ff73ec03ac7]\nE       \t(No symbol) [0x0x7ff73ebd864f]\nE       \t(No symbol) [0x0x7ff73ec0087f]\nE       \t(No symbol) [0x0x7ff73ebd83e3]\nE       \t(No symbol) [0x0x7ff73eba1521]\nE       \t(No symbol) [0x0x7ff73eba22b3]\nE       \tGetHandleVerifier [0x0x7ff73f071efd+3107021]\nE       \tGetHandleVerifier [0x0x7ff73f06c29d+3083373]\nE       \tGetHandleVerifier [0x0x7ff73f08bedd+3213485]\nE       \tGetHandleVerifier [0x0x7ff73eda884e+184862]\nE       \tGetHandleVerifier [0x0x7ff73edb055f+216879]\nE       \tGetHandleVerifier [0x0x7ff73ed97084+113236]\nE       \tGetHandleVerifier [0x0x7ff73ed97239+113673]\nE       \tGetHandleVerifier [0x0x7ff73ed7e298+11368]\nE       \tBaseThreadInitThunk [0x0x7ff9ed36e8d7+23]\nE       \tRtlUserThreadStart [0x0x7ff9ee07c34c+44]\n\n..\\..\\..\\..\\AppData\\Local\\Programs\\Python\\Python313\\Lib\\site-packages\\selenium\\webdriver\\support\\wait.py:138: TimeoutException\n\n---------------------------- Captured stderr setup -----------------------------\n2025-08-04 10:18:15,979 - INFO - conftest - Initializing Chrome WebDriver with suppressed logs.\n2025-08-04 10:18:17,457 - INFO - conftest - Maximizing browser window.\n2025-08-04 10:18:17,528 - INFO - conftest - Setting implicit wait to 10 seconds.\n2025-08-04 10:18:17,530 - INFO - conftest - Navigating to URL: https://bl-practice-attendance-app-stg-187791816934.asia-south1.run.app/admin\n2025-08-04 10:18:18,461 - INFO - conftest - Instantiating SignInPage object.\n2025-08-04 10:18:18,462 - INFO - conftest - Waiting for and clicking &amp;#x27;Sign in with Google&amp;#x27; button.\n2025-08-04 10:18:18,462 - INFO - SignInPage - Waiting for Google sign-in button.\n2025-08-04 10:18:18,911 - INFO - SignInPage - Clicking on &amp;#x27;Sign in with Google&amp;#x27; button.\n2025-08-04 10:18:19,279 - INFO - conftest - Waiting for Google login popup to appear.\n2025-08-04 10:18:19,290 - INFO - conftest - Switching to Google login popup window.\n2025-08-04 10:18:19,296 - INFO - conftest - Entering Google account email.\n2025-08-04 10:18:19,297 - INFO - SignInPage - Entering email as username\n2025-08-04 10:18:21,556 - INFO - conftest - Clicking &amp;#x27;Next&amp;#x27; after entering email.\n2025-08-04 10:18:21,558 - INFO - SignInPage - Clicking on &amp;#x27;Next&amp;#x27; button.\n2025-08-04 10:18:21,946 - INFO - conftest - Entering Google account password.\n2025-08-04 10:18:21,946 - INFO - SignInPage - Entering password.\n2025-08-04 10:18:23,941 - INFO - conftest - Clicking &amp;#x27;Next&amp;#x27; after entering password.\n2025-08-04 10:18:23,942 - INFO - SignInPage - Clicking on &amp;#x27;Next&amp;#x27; button.\n2025-08-04 10:18:24,106 - INFO - conftest - Waiting for application window to become available.\n2025-08-04 10:18:24,107 - INFO - conftest - Switching back to original application window.\n2025-08-04 10:18:24,118 - INFO - conftest - Attempting to close overlay popup after login, if present.\n2025-08-04 10:18:30,863 - INFO - conftest - Overlay popup closed after login.\n\n------------------------------ Captured log setup ------------------------------\nINFO     conftest:conftest.py:18 Initializing Chrome WebDriver with suppressed logs.\nINFO     conftest:conftest.py:28 Maximizing browser window.\nINFO     conftest:conftest.py:31 Setting implicit wait to 10 seconds.\nINFO     conftest:conftest.py:36 Navigating to URL: https://bl-practice-attendance-app-stg-187791816934.asia-south1.run.app/admin\nINFO     conftest:conftest.py:48 Instantiating SignInPage object.\nINFO     conftest:conftest.py:51 Waiting for and clicking &amp;#x27;Sign in with Google&amp;#x27; button.\nINFO     SignInPage:SignInPage.py:32 Waiting for Google sign-in button.\nINFO     SignInPage:SignInPage.py:37 Clicking on &amp;#x27;Sign in with Google&amp;#x27; button.\nINFO     conftest:conftest.py:54 Waiting for Google login popup to appear.\nINFO     conftest:conftest.py:56 Switching to Google login popup window.\nINFO     conftest:conftest.py:59 Entering Google account email.\nINFO     SignInPage:SignInPage.py:42 Entering email as username\nINFO     conftest:conftest.py:61 Clicking &amp;#x27;Next&amp;#x27; after entering email.\nINFO     SignInPage:SignInPage.py:61 Clicking on &amp;#x27;Next&amp;#x27; button.\nINFO     conftest:conftest.py:64 Entering Google account password.\nINFO     SignInPage:SignInPage.py:51 Entering password.\nINFO     conftest:conftest.py:66 Clicking &amp;#x27;Next&amp;#x27; after entering password.\nINFO     SignInPage:SignInPage.py:61 Clicking on &amp;#x27;Next&amp;#x27; button.\nINFO     conftest:conftest.py:69 Waiting for application window to become available.\nINFO     conftest:conftest.py:71 Switching back to original application window.\nINFO     conftest:conftest.py:74 Attempting to close overlay popup after login, if present.\nINFO     conftest:conftest.py:81 Overlay popup closed after login.\n\n----------------------------- Captured stderr call -----------------------------\n2025-08-04 10:18:30,870 - INFO - LabPractice - Selecting COE: P&amp;amp;A Phase 2\n2025-08-04 10:18:34,546 - INFO - LabPractice - Clicking edit button for lab.\n2025-08-04 10:18:44,597 - INFO - conftest - Preparing to take screenshot.\n2025-08-04 10:18:44,598 - INFO - conftest - Ensuring screenshot directory exists at /Practice-Attendance-Admin/ScreenShots.\n2025-08-04 10:18:44,599 - INFO - conftest - Saving screenshot to /Practice-Attendance-Admin/ScreenShots\\test_edit_lab_practice_04-08-2025_10-18-44.png.\n2025-08-04 10:18:44,763 - INFO - conftest - Screenshot saved at /Practice-Attendance-Admin/ScreenShots\\test_edit_lab_practice_04-08-2025_10-18-44.png\n\n------------------------------ Captured log call -------------------------------\nINFO     LabPractice:LabPractice.py:51 Selecting COE: P&amp;amp;A Phase 2\nDEBUG    LabPractice:LabPractice.py:39 Selecting option &amp;#x27;P&amp;amp;A Phase 2&amp;#x27; from combobox.\nINFO     LabPractice:LabPractice.py:92 Clicking edit button for lab.\nINFO     conftest:conftest.py:89 Preparing to take screenshot.\nINFO     conftest:conftest.py:91 Ensuring screenshot directory exists at /Practice-Attendance-Admin/ScreenShots.\nINFO     conftest:conftest.py:98 Saving screenshot to /Practice-Attendance-Admin/ScreenShots\\test_edit_lab_practice_04-08-2025_10-18-44.png.\nINFO     conftest:conftest.py:100 Screenshot saved at /Practice-Attendance-Admin/ScreenShots\\test_edit_lab_practice_04-08-2025_10-18-44.png\n\n--------------------------- Captured stderr teardown ---------------------------\n2025-08-04 10:18:44,780 - INFO - conftest - Quitting Chrome WebDriver.\n\n---------------------------- Captured log teardown -----------------------------\nINFO     conftest:conftest.py:41 Quitting Chrome WebDriver.&#34;}], &#34;com/bridgelabz/testcases/test_lab_practice.py::TestLabPractice::test_check_download_sample_lab__csv&#34;: [{&#34;extras&#34;: [], &#34;result&#34;: &#34;Passed&#34;, &#34;testId&#34;: &#34;com/bridgelabz/testcases/test_lab_practice.py::TestLabPractice::test_check_download_sample_lab__csv&#34;, &#34;duration&#34;: &#34;00:00:24&#34;, &#34;resultsTableRow&#34;: [&#34;&lt;td class=\&#34;col-result\&#34;&gt;Passed&lt;/td&gt;&#34;, &#34;&lt;td class=\&#34;col-testId\&#34;&gt;com/bridgelabz/testcases/test_lab_practice.py::TestLabPractice::test_check_download_sample_lab__csv&lt;/td&gt;&#34;, &#34;&lt;td class=\&#34;col-duration\&#34;&gt;00:00:24&lt;/td&gt;&#34;, &#34;&lt;td class=\&#34;col-links\&#34;&gt;&lt;/td&gt;&#34;], &#34;log&#34;: &#34;---------------------------- Captured stderr setup -----------------------------\n2025-08-04 10:18:47,126 - INFO - conftest - Initializing Chrome WebDriver with suppressed logs.\n2025-08-04 10:18:48,421 - INFO - conftest - Maximizing browser window.\n2025-08-04 10:18:48,513 - INFO - conftest - Setting implicit wait to 10 seconds.\n2025-08-04 10:18:48,523 - INFO - conftest - Navigating to URL: https://bl-practice-attendance-app-stg-187791816934.asia-south1.run.app/admin\n2025-08-04 10:18:49,587 - INFO - conftest - Instantiating SignInPage object.\n2025-08-04 10:18:49,589 - INFO - conftest - Waiting for and clicking &amp;#x27;Sign in with Google&amp;#x27; button.\n2025-08-04 10:18:49,589 - INFO - SignInPage - Waiting for Google sign-in button.\n2025-08-04 10:18:49,977 - INFO - SignInPage - Clicking on &amp;#x27;Sign in with Google&amp;#x27; button.\n2025-08-04 10:18:50,342 - INFO - conftest - Waiting for Google login popup to appear.\n2025-08-04 10:18:50,352 - INFO - conftest - Switching to Google login popup window.\n2025-08-04 10:18:50,365 - INFO - conftest - Entering Google account email.\n2025-08-04 10:18:50,365 - INFO - SignInPage - Entering email as username\n2025-08-04 10:18:52,578 - INFO - conftest - Clicking &amp;#x27;Next&amp;#x27; after entering email.\n2025-08-04 10:18:52,578 - INFO - SignInPage - Clicking on &amp;#x27;Next&amp;#x27; button.\n2025-08-04 10:18:52,848 - INFO - conftest - Entering Google account password.\n2025-08-04 10:18:52,849 - INFO - SignInPage - Entering password.\n2025-08-04 10:18:55,126 - INFO - conftest - Clicking &amp;#x27;Next&amp;#x27; after entering password.\n2025-08-04 10:18:55,126 - INFO - SignInPage - Clicking on &amp;#x27;Next&amp;#x27; button.\n2025-08-04 10:18:55,326 - INFO - conftest - Waiting for application window to become available.\n2025-08-04 10:18:55,328 - INFO - conftest - Switching back to original application window.\n2025-08-04 10:18:55,335 - INFO - conftest - Attempting to close overlay popup after login, if present.\n2025-08-04 10:19:02,568 - INFO - conftest - Overlay popup closed after login.\n\n------------------------------ Captured log setup ------------------------------\nINFO     conftest:conftest.py:18 Initializing Chrome WebDriver with suppressed logs.\nINFO     conftest:conftest.py:28 Maximizing browser window.\nINFO     conftest:conftest.py:31 Setting implicit wait to 10 seconds.\nINFO     conftest:conftest.py:36 Navigating to URL: https://bl-practice-attendance-app-stg-187791816934.asia-south1.run.app/admin\nINFO     conftest:conftest.py:48 Instantiating SignInPage object.\nINFO     conftest:conftest.py:51 Waiting for and clicking &amp;#x27;Sign in with Google&amp;#x27; button.\nINFO     SignInPage:SignInPage.py:32 Waiting for Google sign-in button.\nINFO     SignInPage:SignInPage.py:37 Clicking on &amp;#x27;Sign in with Google&amp;#x27; button.\nINFO     conftest:conftest.py:54 Waiting for Google login popup to appear.\nINFO     conftest:conftest.py:56 Switching to Google login popup window.\nINFO     conftest:conftest.py:59 Entering Google account email.\nINFO     SignInPage:SignInPage.py:42 Entering email as username\nINFO     conftest:conftest.py:61 Clicking &amp;#x27;Next&amp;#x27; after entering email.\nINFO     SignInPage:SignInPage.py:61 Clicking on &amp;#x27;Next&amp;#x27; button.\nINFO     conftest:conftest.py:64 Entering Google account password.\nINFO     SignInPage:SignInPage.py:51 Entering password.\nINFO     conftest:conftest.py:66 Clicking &amp;#x27;Next&amp;#x27; after entering password.\nINFO     SignInPage:SignInPage.py:61 Clicking on &amp;#x27;Next&amp;#x27; button.\nINFO     conftest:conftest.py:69 Waiting for application window to become available.\nINFO     conftest:conftest.py:71 Switching back to original application window.\nINFO     conftest:conftest.py:74 Attempting to close overlay popup after login, if present.\nINFO     conftest:conftest.py:81 Overlay popup closed after login.\n\n----------------------------- Captured stdout call -----------------------------\nNo old sample CSV found to delete.\nToast message verified: File downloaded successfully.\nCSV file downloaded successfully: C:\\Users\\ASUS/Downloads\\SampleLabCSV.csv\n\n----------------------------- Captured stderr call -----------------------------\n2025-08-04 10:19:02,572 - INFO - LabPractice - Selecting COE: P&amp;amp;A Phase 2\n2025-08-04 10:19:06,236 - INFO - LabPractice - Downloading sample lab CSV.\n\n------------------------------ Captured log call -------------------------------\nINFO     LabPractice:LabPractice.py:51 Selecting COE: P&amp;amp;A Phase 2\nDEBUG    LabPractice:LabPractice.py:39 Selecting option &amp;#x27;P&amp;amp;A Phase 2&amp;#x27; from combobox.\nINFO     LabPractice:LabPractice.py:102 Downloading sample lab CSV.\n\n--------------------------- Captured stderr teardown ---------------------------\n2025-08-04 10:19:08,476 - INFO - conftest - Quitting Chrome WebDriver.\n\n---------------------------- Captured log teardown -----------------------------\nINFO     conftest:conftest.py:41 Quitting Chrome WebDriver.&#34;}], &#34;com/bridgelabz/testcases/test_lab_practice.py::TestLabPractice::test_check_download_learner_data_csv&#34;: [{&#34;extras&#34;: [], &#34;result&#34;: &#34;Passed&#34;, &#34;testId&#34;: &#34;com/bridgelabz/testcases/test_lab_practice.py::TestLabPractice::test_check_download_learner_data_csv&#34;, &#34;duration&#34;: &#34;00:00:23&#34;, &#34;resultsTableRow&#34;: [&#34;&lt;td class=\&#34;col-result\&#34;&gt;Passed&lt;/td&gt;&#34;, &#34;&lt;td class=\&#34;col-testId\&#34;&gt;com/bridgelabz/testcases/test_lab_practice.py::TestLabPractice::test_check_download_learner_data_csv&lt;/td&gt;&#34;, &#34;&lt;td class=\&#34;col-duration\&#34;&gt;00:00:23&lt;/td&gt;&#34;, &#34;&lt;td class=\&#34;col-links\&#34;&gt;&lt;/td&gt;&#34;], &#34;log&#34;: &#34;---------------------------- Captured stderr setup -----------------------------\n2025-08-04 10:19:10,743 - INFO - conftest - Initializing Chrome WebDriver with suppressed logs.\n2025-08-04 10:19:12,127 - INFO - conftest - Maximizing browser window.\n2025-08-04 10:19:12,194 - INFO - conftest - Setting implicit wait to 10 seconds.\n2025-08-04 10:19:12,203 - INFO - conftest - Navigating to URL: https://bl-practice-attendance-app-stg-187791816934.asia-south1.run.app/admin\n2025-08-04 10:19:13,082 - INFO - conftest - Instantiating SignInPage object.\n2025-08-04 10:19:13,083 - INFO - conftest - Waiting for and clicking &amp;#x27;Sign in with Google&amp;#x27; button.\n2025-08-04 10:19:13,083 - INFO - SignInPage - Waiting for Google sign-in button.\n2025-08-04 10:19:13,682 - INFO - SignInPage - Clicking on &amp;#x27;Sign in with Google&amp;#x27; button.\n2025-08-04 10:19:13,953 - INFO - conftest - Waiting for Google login popup to appear.\n2025-08-04 10:19:14,016 - INFO - conftest - Switching to Google login popup window.\n2025-08-04 10:19:14,030 - INFO - conftest - Entering Google account email.\n2025-08-04 10:19:14,031 - INFO - SignInPage - Entering email as username\n2025-08-04 10:19:15,688 - INFO - conftest - Clicking &amp;#x27;Next&amp;#x27; after entering email.\n2025-08-04 10:19:15,688 - INFO - SignInPage - Clicking on &amp;#x27;Next&amp;#x27; button.\n2025-08-04 10:19:15,968 - INFO - conftest - Entering Google account password.\n2025-08-04 10:19:15,969 - INFO - SignInPage - Entering password.\n2025-08-04 10:19:18,757 - INFO - conftest - Clicking &amp;#x27;Next&amp;#x27; after entering password.\n2025-08-04 10:19:18,758 - INFO - SignInPage - Clicking on &amp;#x27;Next&amp;#x27; button.\n2025-08-04 10:19:18,933 - INFO - conftest - Waiting for application window to become available.\n2025-08-04 10:19:18,934 - INFO - conftest - Switching back to original application window.\n2025-08-04 10:19:18,950 - INFO - conftest - Attempting to close overlay popup after login, if present.\n2025-08-04 10:19:25,898 - INFO - conftest - Overlay popup closed after login.\n\n------------------------------ Captured log setup ------------------------------\nINFO     conftest:conftest.py:18 Initializing Chrome WebDriver with suppressed logs.\nINFO     conftest:conftest.py:28 Maximizing browser window.\nINFO     conftest:conftest.py:31 Setting implicit wait to 10 seconds.\nINFO     conftest:conftest.py:36 Navigating to URL: https://bl-practice-attendance-app-stg-187791816934.asia-south1.run.app/admin\nINFO     conftest:conftest.py:48 Instantiating SignInPage object.\nINFO     conftest:conftest.py:51 Waiting for and clicking &amp;#x27;Sign in with Google&amp;#x27; button.\nINFO     SignInPage:SignInPage.py:32 Waiting for Google sign-in button.\nINFO     SignInPage:SignInPage.py:37 Clicking on &amp;#x27;Sign in with Google&amp;#x27; button.\nINFO     conftest:conftest.py:54 Waiting for Google login popup to appear.\nINFO     conftest:conftest.py:56 Switching to Google login popup window.\nINFO     conftest:conftest.py:59 Entering Google account email.\nINFO     SignInPage:SignInPage.py:42 Entering email as username\nINFO     conftest:conftest.py:61 Clicking &amp;#x27;Next&amp;#x27; after entering email.\nINFO     SignInPage:SignInPage.py:61 Clicking on &amp;#x27;Next&amp;#x27; button.\nINFO     conftest:conftest.py:64 Entering Google account password.\nINFO     SignInPage:SignInPage.py:51 Entering password.\nINFO     conftest:conftest.py:66 Clicking &amp;#x27;Next&amp;#x27; after entering password.\nINFO     SignInPage:SignInPage.py:61 Clicking on &amp;#x27;Next&amp;#x27; button.\nINFO     conftest:conftest.py:69 Waiting for application window to become available.\nINFO     conftest:conftest.py:71 Switching back to original application window.\nINFO     conftest:conftest.py:74 Attempting to close overlay popup after login, if present.\nINFO     conftest:conftest.py:81 Overlay popup closed after login.\n\n----------------------------- Captured stdout call -----------------------------\nToast message verified: File downloaded successfully.\nCSV file downloaded successfully.\n\n----------------------------- Captured stderr call -----------------------------\n2025-08-04 10:19:25,900 - INFO - LabPractice - Selecting COE: P&amp;amp;A Phase 2\n2025-08-04 10:19:29,524 - INFO - LabPractice - Downloading lab data CSV.\n\n------------------------------ Captured log call -------------------------------\nINFO     LabPractice:LabPractice.py:51 Selecting COE: P&amp;amp;A Phase 2\nDEBUG    LabPractice:LabPractice.py:39 Selecting option &amp;#x27;P&amp;amp;A Phase 2&amp;#x27; from combobox.\nINFO     LabPractice:LabPractice.py:120 Downloading lab data CSV.\n\n--------------------------- Captured stderr teardown ---------------------------\n2025-08-04 10:19:31,795 - INFO - conftest - Quitting Chrome WebDriver.\n\n---------------------------- Captured log teardown -----------------------------\nINFO     conftest:conftest.py:41 Quitting Chrome WebDriver.&#34;}], &#34;com/bridgelabz/testcases/test_lab_practice.py::TestLabPractice::test_upload_csv_file&#34;: [{&#34;extras&#34;: [], &#34;result&#34;: &#34;Failed&#34;, &#34;testId&#34;: &#34;com/bridgelabz/testcases/test_lab_practice.py::TestLabPractice::test_upload_csv_file&#34;, &#34;duration&#34;: &#34;00:00:48&#34;, &#34;resultsTableRow&#34;: [&#34;&lt;td class=\&#34;col-result\&#34;&gt;Failed&lt;/td&gt;&#34;, &#34;&lt;td class=\&#34;col-testId\&#34;&gt;com/bridgelabz/testcases/test_lab_practice.py::TestLabPractice::test_upload_csv_file&lt;/td&gt;&#34;, &#34;&lt;td class=\&#34;col-duration\&#34;&gt;00:00:48&lt;/td&gt;&#34;, &#34;&lt;td class=\&#34;col-links\&#34;&gt;&lt;/td&gt;&#34;], &#34;log&#34;: &#34;self = &amp;lt;com.bridgelabz.testcases.test_lab_practice.TestLabPractice object at 0x000001B185522690&amp;gt;\nlogin = &amp;lt;selenium.webdriver.chrome.webdriver.WebDriver (session=&amp;quot;89459e56d6e531fcba0908fc2712cf94&amp;quot;)&amp;gt;\n\n    @pytest.mark.sanity\n    def test_upload_csv_file(self, login):\n        driver = login\n        practice = LabPractice(driver)\n        # Ensure file path is correct\n        file_path = r&amp;quot;C:/Users/ASUS/Downloads/CSVFiles/SampleLabCSV.csv&amp;quot;  # &amp;lt;-- FIXED\n        if not os.path.exists(file_path):\n            raise FileNotFoundError(f&amp;quot;CSV file not found at: {file_path}&amp;quot;)\n    \n        practice.select_coe(&amp;quot;P&amp;amp;A Phase 2&amp;quot;)\n        practice.upload_lab_csv_file(file_path=file_path)\n    \n        # Verify success toast\n        toast_xpath = &amp;quot;//*[contains(text(),&amp;#x27;successfully&amp;#x27;)]&amp;quot;\n        try:\n&amp;gt;           WebDriverWait(driver, 15).until(\n                EC.visibility_of_element_located((By.XPATH, toast_xpath))\n            )\n\ntestcases\\test_lab_practice.py:178: \n_ _ _ _ _ _ _ _ _ _ _ _ _ _ _ _ _ _ _ _ _ _ _ _ _ _ _ _ _ _ _ _ _ _ _ _ _ _ _ _ _ _ _ _ _ _ _ _ _ _ _ _ _ _ _ _ _ _ _ _\n\nself = &amp;lt;selenium.webdriver.support.wait.WebDriverWait (session=&amp;quot;89459e56d6e531fcba0908fc2712cf94&amp;quot;)&amp;gt;\nmethod = &amp;lt;function visibility_of_element_located.&amp;lt;locals&amp;gt;._predicate at 0x000001B1859D8A40&amp;gt;, message = &amp;#x27;&amp;#x27;\n\n    def until(self, method: Callable[[D], Union[Literal[False], T]], message: str = &amp;quot;&amp;quot;) -&amp;gt; T:\n        &amp;quot;&amp;quot;&amp;quot;Wait until the method returns a value that is not False.\n    \n        Calls the method provided with the driver as an argument until the\n        return value does not evaluate to ``False``.\n    \n        Parameters:\n        -----------\n        method: callable(WebDriver)\n            - A callable object that takes a WebDriver instance as an argument.\n    \n        message: str\n            - Optional message for :exc:`TimeoutException`\n    \n        Return:\n        -------\n        object: T\n            - The result of the last call to `method`\n    \n        Raises:\n        -------\n        TimeoutException\n            - If &amp;#x27;method&amp;#x27; does not return a truthy value within the WebDriverWait\n            object&amp;#x27;s timeout\n    \n        Example:\n        --------\n        &amp;gt;&amp;gt;&amp;gt; from selenium.webdriver.common.by import By\n        &amp;gt;&amp;gt;&amp;gt; from selenium.webdriver.support.ui import WebDriverWait\n        &amp;gt;&amp;gt;&amp;gt; from selenium.webdriver.support import expected_conditions as EC\n    \n        # Wait until an element is visible on the page\n        &amp;gt;&amp;gt;&amp;gt; wait = WebDriverWait(driver, 10)\n        &amp;gt;&amp;gt;&amp;gt; element = wait.until(EC.visibility_of_element_located((By.ID, &amp;quot;exampleId&amp;quot;)))\n        &amp;gt;&amp;gt;&amp;gt; print(element.text)\n        &amp;quot;&amp;quot;&amp;quot;\n        screen = None\n        stacktrace = None\n    \n        end_time = time.monotonic() + self._timeout\n        while True:\n            try:\n                value = method(self._driver)\n                if value:\n                    return value\n            except self._ignored_exceptions as exc:\n                screen = getattr(exc, &amp;quot;screen&amp;quot;, None)\n                stacktrace = getattr(exc, &amp;quot;stacktrace&amp;quot;, None)\n            if time.monotonic() &amp;gt; end_time:\n                break\n            time.sleep(self._poll)\n&amp;gt;       raise TimeoutException(message, screen, stacktrace)\nE       selenium.common.exceptions.TimeoutException: Message: \nE       Stacktrace:\nE       \tGetHandleVerifier [0x0x7ff73ed8e415+77285]\nE       \tGetHandleVerifier [0x0x7ff73ed8e470+77376]\nE       \t(No symbol) [0x0x7ff73eb59a6a]\nE       \t(No symbol) [0x0x7ff73ebb0406]\nE       \t(No symbol) [0x0x7ff73ebb06bc]\nE       \t(No symbol) [0x0x7ff73ec03ac7]\nE       \t(No symbol) [0x0x7ff73ebd864f]\nE       \t(No symbol) [0x0x7ff73ec0087f]\nE       \t(No symbol) [0x0x7ff73ebd83e3]\nE       \t(No symbol) [0x0x7ff73eba1521]\nE       \t(No symbol) [0x0x7ff73eba22b3]\nE       \tGetHandleVerifier [0x0x7ff73f071efd+3107021]\nE       \tGetHandleVerifier [0x0x7ff73f06c29d+3083373]\nE       \tGetHandleVerifier [0x0x7ff73f08bedd+3213485]\nE       \tGetHandleVerifier [0x0x7ff73eda884e+184862]\nE       \tGetHandleVerifier [0x0x7ff73edb055f+216879]\nE       \tGetHandleVerifier [0x0x7ff73ed97084+113236]\nE       \tGetHandleVerifier [0x0x7ff73ed97239+113673]\nE       \tGetHandleVerifier [0x0x7ff73ed7e298+11368]\nE       \tBaseThreadInitThunk [0x0x7ff9ed36e8d7+23]\nE       \tRtlUserThreadStart [0x0x7ff9ee07c34c+44]\n\n..\\..\\..\\..\\AppData\\Local\\Programs\\Python\\Python313\\Lib\\site-packages\\selenium\\webdriver\\support\\wait.py:138: TimeoutException\n\nDuring handling of the above exception, another exception occurred:\n\nself = &amp;lt;com.bridgelabz.testcases.test_lab_practice.TestLabPractice object at 0x000001B185522690&amp;gt;\nlogin = &amp;lt;selenium.webdriver.chrome.webdriver.WebDriver (session=&amp;quot;89459e56d6e531fcba0908fc2712cf94&amp;quot;)&amp;gt;\n\n    @pytest.mark.sanity\n    def test_upload_csv_file(self, login):\n        driver = login\n        practice = LabPractice(driver)\n        # Ensure file path is correct\n        file_path = r&amp;quot;C:/Users/ASUS/Downloads/CSVFiles/SampleLabCSV.csv&amp;quot;  # &amp;lt;-- FIXED\n        if not os.path.exists(file_path):\n            raise FileNotFoundError(f&amp;quot;CSV file not found at: {file_path}&amp;quot;)\n    \n        practice.select_coe(&amp;quot;P&amp;amp;A Phase 2&amp;quot;)\n        practice.upload_lab_csv_file(file_path=file_path)\n    \n        # Verify success toast\n        toast_xpath = &amp;quot;//*[contains(text(),&amp;#x27;successfully&amp;#x27;)]&amp;quot;\n        try:\n            WebDriverWait(driver, 15).until(\n                EC.visibility_of_element_located((By.XPATH, toast_xpath))\n            )\n            print(&amp;quot;Toast message verified: File upload successfully.&amp;quot;)\n        except Exception as e:\n            take_screenshot(driver, &amp;quot;upload_csv_file&amp;quot;)\n&amp;gt;           raise AssertionError(&amp;quot;Toast message not found or mismatch. &amp;quot; + str(e))\nE           AssertionError: Toast message not found or mismatch. Message: \nE           Stacktrace:\nE           \tGetHandleVerifier [0x0x7ff73ed8e415+77285]\nE           \tGetHandleVerifier [0x0x7ff73ed8e470+77376]\nE           \t(No symbol) [0x0x7ff73eb59a6a]\nE           \t(No symbol) [0x0x7ff73ebb0406]\nE           \t(No symbol) [0x0x7ff73ebb06bc]\nE           \t(No symbol) [0x0x7ff73ec03ac7]\nE           \t(No symbol) [0x0x7ff73ebd864f]\nE           \t(No symbol) [0x0x7ff73ec0087f]\nE           \t(No symbol) [0x0x7ff73ebd83e3]\nE           \t(No symbol) [0x0x7ff73eba1521]\nE           \t(No symbol) [0x0x7ff73eba22b3]\nE           \tGetHandleVerifier [0x0x7ff73f071efd+3107021]\nE           \tGetHandleVerifier [0x0x7ff73f06c29d+3083373]\nE           \tGetHandleVerifier [0x0x7ff73f08bedd+3213485]\nE           \tGetHandleVerifier [0x0x7ff73eda884e+184862]\nE           \tGetHandleVerifier [0x0x7ff73edb055f+216879]\nE           \tGetHandleVerifier [0x0x7ff73ed97084+113236]\nE           \tGetHandleVerifier [0x0x7ff73ed97239+113673]\nE           \tGetHandleVerifier [0x0x7ff73ed7e298+11368]\nE           \tBaseThreadInitThunk [0x0x7ff9ed36e8d7+23]\nE           \tRtlUserThreadStart [0x0x7ff9ee07c34c+44]\n\ntestcases\\test_lab_practice.py:184: AssertionError\n\n---------------------------- Captured stderr setup -----------------------------\n2025-08-04 10:19:34,128 - INFO - conftest - Initializing Chrome WebDriver with suppressed logs.\n2025-08-04 10:19:36,204 - INFO - conftest - Maximizing browser window.\n2025-08-04 10:19:36,284 - INFO - conftest - Setting implicit wait to 10 seconds.\n2025-08-04 10:19:36,287 - INFO - conftest - Navigating to URL: https://bl-practice-attendance-app-stg-187791816934.asia-south1.run.app/admin\n2025-08-04 10:19:36,516 - INFO - conftest - Instantiating SignInPage object.\n2025-08-04 10:19:36,519 - INFO - conftest - Waiting for and clicking &amp;#x27;Sign in with Google&amp;#x27; button.\n2025-08-04 10:19:36,520 - INFO - SignInPage - Waiting for Google sign-in button.\n2025-08-04 10:19:37,735 - INFO - SignInPage - Clicking on &amp;#x27;Sign in with Google&amp;#x27; button.\n2025-08-04 10:19:37,957 - INFO - conftest - Waiting for Google login popup to appear.\n2025-08-04 10:19:37,985 - INFO - conftest - Switching to Google login popup window.\n2025-08-04 10:19:37,992 - INFO - conftest - Entering Google account email.\n2025-08-04 10:19:37,992 - INFO - SignInPage - Entering email as username\n2025-08-04 10:19:39,554 - INFO - conftest - Clicking &amp;#x27;Next&amp;#x27; after entering email.\n2025-08-04 10:19:39,555 - INFO - SignInPage - Clicking on &amp;#x27;Next&amp;#x27; button.\n2025-08-04 10:19:39,778 - INFO - conftest - Entering Google account password.\n2025-08-04 10:19:39,778 - INFO - SignInPage - Entering password.\n2025-08-04 10:19:42,556 - INFO - conftest - Clicking &amp;#x27;Next&amp;#x27; after entering password.\n2025-08-04 10:19:42,557 - INFO - SignInPage - Clicking on &amp;#x27;Next&amp;#x27; button.\n2025-08-04 10:19:42,726 - INFO - conftest - Waiting for application window to become available.\n2025-08-04 10:19:42,731 - INFO - conftest - Switching back to original application window.\n2025-08-04 10:19:42,752 - INFO - conftest - Attempting to close overlay popup after login, if present.\n2025-08-04 10:19:49,788 - INFO - conftest - Overlay popup closed after login.\n\n------------------------------ Captured log setup ------------------------------\nINFO     conftest:conftest.py:18 Initializing Chrome WebDriver with suppressed logs.\nINFO     conftest:conftest.py:28 Maximizing browser window.\nINFO     conftest:conftest.py:31 Setting implicit wait to 10 seconds.\nINFO     conftest:conftest.py:36 Navigating to URL: https://bl-practice-attendance-app-stg-187791816934.asia-south1.run.app/admin\nINFO     conftest:conftest.py:48 Instantiating SignInPage object.\nINFO     conftest:conftest.py:51 Waiting for and clicking &amp;#x27;Sign in with Google&amp;#x27; button.\nINFO     SignInPage:SignInPage.py:32 Waiting for Google sign-in button.\nINFO     SignInPage:SignInPage.py:37 Clicking on &amp;#x27;Sign in with Google&amp;#x27; button.\nINFO     conftest:conftest.py:54 Waiting for Google login popup to appear.\nINFO     conftest:conftest.py:56 Switching to Google login popup window.\nINFO     conftest:conftest.py:59 Entering Google account email.\nINFO     SignInPage:SignInPage.py:42 Entering email as username\nINFO     conftest:conftest.py:61 Clicking &amp;#x27;Next&amp;#x27; after entering email.\nINFO     SignInPage:SignInPage.py:61 Clicking on &amp;#x27;Next&amp;#x27; button.\nINFO     conftest:conftest.py:64 Entering Google account password.\nINFO     SignInPage:SignInPage.py:51 Entering password.\nINFO     conftest:conftest.py:66 Clicking &amp;#x27;Next&amp;#x27; after entering password.\nINFO     SignInPage:SignInPage.py:61 Clicking on &amp;#x27;Next&amp;#x27; button.\nINFO     conftest:conftest.py:69 Waiting for application window to become available.\nINFO     conftest:conftest.py:71 Switching back to original application window.\nINFO     conftest:conftest.py:74 Attempting to close overlay popup after login, if present.\nINFO     conftest:conftest.py:81 Overlay popup closed after login.\n\n----------------------------- Captured stderr call -----------------------------\n2025-08-04 10:19:49,790 - INFO - LabPractice - Selecting COE: P&amp;amp;A Phase 2\n2025-08-04 10:19:53,517 - INFO - LabPractice - Uploading lab CSV from file: C:/Users/ASUS/Downloads/CSVFiles/SampleLabCSV.csv\n2025-08-04 10:19:59,009 - INFO - LabPractice - CSV file uploaded and submitted.\n2025-08-04 10:20:19,548 - INFO - conftest - Preparing to take screenshot.\n2025-08-04 10:20:19,549 - INFO - conftest - Ensuring screenshot directory exists at /Practice-Attendance-Admin/ScreenShots.\n2025-08-04 10:20:19,549 - INFO - conftest - Saving screenshot to /Practice-Attendance-Admin/ScreenShots\\upload_csv_file_04-08-2025_10-20-19.png.\n2025-08-04 10:20:19,698 - INFO - conftest - Screenshot saved at /Practice-Attendance-Admin/ScreenShots\\upload_csv_file_04-08-2025_10-20-19.png\n\n------------------------------ Captured log call -------------------------------\nINFO     LabPractice:LabPractice.py:51 Selecting COE: P&amp;amp;A Phase 2\nDEBUG    LabPractice:LabPractice.py:39 Selecting option &amp;#x27;P&amp;amp;A Phase 2&amp;#x27; from combobox.\nINFO     LabPractice:LabPractice.py:125 Uploading lab CSV from file: C:/Users/ASUS/Downloads/CSVFiles/SampleLabCSV.csv\nINFO     LabPractice:LabPractice.py:133 CSV file uploaded and submitted.\nINFO     conftest:conftest.py:89 Preparing to take screenshot.\nINFO     conftest:conftest.py:91 Ensuring screenshot directory exists at /Practice-Attendance-Admin/ScreenShots.\nINFO     conftest:conftest.py:98 Saving screenshot to /Practice-Attendance-Admin/ScreenShots\\upload_csv_file_04-08-2025_10-20-19.png.\nINFO     conftest:conftest.py:100 Screenshot saved at /Practice-Attendance-Admin/ScreenShots\\upload_csv_file_04-08-2025_10-20-19.png\n\n--------------------------- Captured stderr teardown ---------------------------\n2025-08-04 10:20:19,712 - INFO - conftest - Quitting Chrome WebDriver.\n\n---------------------------- Captured log teardown -----------------------------\nINFO     conftest:conftest.py:41 Quitting Chrome WebDriver.&#34;}], &#34;com/bridgelabz/testcases/test_lab_reports.py::TestLabReports::test_lab_reports&#34;: [{&#34;extras&#34;: [], &#34;result&#34;: &#34;Passed&#34;, &#34;testId&#34;: &#34;com/bridgelabz/testcases/test_lab_reports.py::TestLabReports::test_lab_reports&#34;, &#34;duration&#34;: &#34;00:00:23&#34;, &#34;resultsTableRow&#34;: [&#34;&lt;td class=\&#34;col-result\&#34;&gt;Passed&lt;/td&gt;&#34;, &#34;&lt;td class=\&#34;col-testId\&#34;&gt;com/bridgelabz/testcases/test_lab_reports.py::TestLabReports::test_lab_reports&lt;/td&gt;&#34;, &#34;&lt;td class=\&#34;col-duration\&#34;&gt;00:00:23&lt;/td&gt;&#34;, &#34;&lt;td class=\&#34;col-links\&#34;&gt;&lt;/td&gt;&#34;], &#34;log&#34;: &#34;---------------------------- Captured stderr setup -----------------------------\n2025-08-04 10:20:22,016 - INFO - conftest - Initializing Chrome WebDriver with suppressed logs.\n2025-08-04 10:20:23,522 - INFO - conftest - Maximizing browser window.\n2025-08-04 10:20:23,645 - INFO - conftest - Setting implicit wait to 10 seconds.\n2025-08-04 10:20:23,647 - INFO - conftest - Navigating to URL: https://bl-practice-attendance-app-stg-187791816934.asia-south1.run.app/admin\n2025-08-04 10:20:24,761 - INFO - conftest - Instantiating SignInPage object.\n2025-08-04 10:20:24,762 - INFO - conftest - Waiting for and clicking &amp;#x27;Sign in with Google&amp;#x27; button.\n2025-08-04 10:20:24,762 - INFO - SignInPage - Waiting for Google sign-in button.\n2025-08-04 10:20:25,290 - INFO - SignInPage - Clicking on &amp;#x27;Sign in with Google&amp;#x27; button.\n2025-08-04 10:20:25,822 - INFO - conftest - Waiting for Google login popup to appear.\n2025-08-04 10:20:25,833 - INFO - conftest - Switching to Google login popup window.\n2025-08-04 10:20:25,849 - INFO - conftest - Entering Google account email.\n2025-08-04 10:20:25,850 - INFO - SignInPage - Entering email as username\n2025-08-04 10:20:27,802 - INFO - conftest - Clicking &amp;#x27;Next&amp;#x27; after entering email.\n2025-08-04 10:20:27,802 - INFO - SignInPage - Clicking on &amp;#x27;Next&amp;#x27; button.\n2025-08-04 10:20:28,329 - INFO - conftest - Entering Google account password.\n2025-08-04 10:20:28,330 - INFO - SignInPage - Entering password.\n2025-08-04 10:20:30,235 - INFO - conftest - Clicking &amp;#x27;Next&amp;#x27; after entering password.\n2025-08-04 10:20:30,235 - INFO - SignInPage - Clicking on &amp;#x27;Next&amp;#x27; button.\n2025-08-04 10:20:30,404 - INFO - conftest - Waiting for application window to become available.\n2025-08-04 10:20:30,405 - INFO - conftest - Switching back to original application window.\n2025-08-04 10:20:30,412 - INFO - conftest - Attempting to close overlay popup after login, if present.\n2025-08-04 10:20:37,364 - INFO - conftest - Overlay popup closed after login.\n\n------------------------------ Captured log setup ------------------------------\nINFO     conftest:conftest.py:18 Initializing Chrome WebDriver with suppressed logs.\nINFO     conftest:conftest.py:28 Maximizing browser window.\nINFO     conftest:conftest.py:31 Setting implicit wait to 10 seconds.\nINFO     conftest:conftest.py:36 Navigating to URL: https://bl-practice-attendance-app-stg-187791816934.asia-south1.run.app/admin\nINFO     conftest:conftest.py:48 Instantiating SignInPage object.\nINFO     conftest:conftest.py:51 Waiting for and clicking &amp;#x27;Sign in with Google&amp;#x27; button.\nINFO     SignInPage:SignInPage.py:32 Waiting for Google sign-in button.\nINFO     SignInPage:SignInPage.py:37 Clicking on &amp;#x27;Sign in with Google&amp;#x27; button.\nINFO     conftest:conftest.py:54 Waiting for Google login popup to appear.\nINFO     conftest:conftest.py:56 Switching to Google login popup window.\nINFO     conftest:conftest.py:59 Entering Google account email.\nINFO     SignInPage:SignInPage.py:42 Entering email as username\nINFO     conftest:conftest.py:61 Clicking &amp;#x27;Next&amp;#x27; after entering email.\nINFO     SignInPage:SignInPage.py:61 Clicking on &amp;#x27;Next&amp;#x27; button.\nINFO     conftest:conftest.py:64 Entering Google account password.\nINFO     SignInPage:SignInPage.py:51 Entering password.\nINFO     conftest:conftest.py:66 Clicking &amp;#x27;Next&amp;#x27; after entering password.\nINFO     SignInPage:SignInPage.py:61 Clicking on &amp;#x27;Next&amp;#x27; button.\nINFO     conftest:conftest.py:69 Waiting for application window to become available.\nINFO     conftest:conftest.py:71 Switching back to original application window.\nINFO     conftest:conftest.py:74 Attempting to close overlay popup after login, if present.\nINFO     conftest:conftest.py:81 Overlay popup closed after login.\n\n----------------------------- Captured stdout call -----------------------------\nData for the provided Coe is fetched\n\n----------------------------- Captured stderr call -----------------------------\n2025-08-04 10:20:37,366 - INFO - LabReports - Clicking on &amp;#x27;Lab Report&amp;#x27; tab.\n2025-08-04 10:20:37,512 - INFO - LabReports - Selecting COE as &amp;#x27;P&amp;amp;A Phase 2&amp;#x27;\n2025-08-04 10:20:38,274 - INFO - LabReports - Selecting Lab as &amp;#x27;Lab 1&amp;#x27;\n2025-08-04 10:20:38,889 - INFO - LabReports - Selecting Maker Plan as &amp;#x27;QA&amp;#x27;\n2025-08-04 10:20:39,161 - INFO - LabReports - Clicking on VIEW button to fetch lab report data.\n2025-08-04 10:20:42,473 - INFO - LabReports - Validating if &amp;#x27;Lab Strength&amp;#x27; is present in the page source.\n2025-08-04 10:20:42,494 - INFO - LabReports - Lab report data loaded successfully.\n\n------------------------------ Captured log call -------------------------------\nINFO     LabReports:LabReport.py:28 Clicking on &amp;#x27;Lab Report&amp;#x27; tab.\nINFO     LabReports:LabReport.py:32 Selecting COE as &amp;#x27;P&amp;amp;A Phase 2&amp;#x27;\nINFO     LabReports:LabReport.py:38 Selecting Lab as &amp;#x27;Lab 1&amp;#x27;\nINFO     LabReports:LabReport.py:44 Selecting Maker Plan as &amp;#x27;QA&amp;#x27;\nINFO     LabReports:LabReport.py:50 Clicking on VIEW button to fetch lab report data.\nINFO     LabReports:LabReport.py:56 Validating if &amp;#x27;Lab Strength&amp;#x27; is present in the page source.\nINFO     LabReports:LabReport.py:58 Lab report data loaded successfully.\n\n--------------------------- Captured stderr teardown ---------------------------\n2025-08-04 10:20:42,501 - INFO - conftest - Quitting Chrome WebDriver.\n\n---------------------------- Captured log teardown -----------------------------\nINFO     conftest:conftest.py:41 Quitting Chrome WebDriver.&#34;}], &#34;com/bridgelabz/testcases/test_maker_module.py::TestMakerModule::test_create_maker_module&#34;: [{&#34;extras&#34;: [], &#34;result&#34;: &#34;Passed&#34;, &#34;testId&#34;: &#34;com/bridgelabz/testcases/test_maker_module.py::TestMakerModule::test_create_maker_module&#34;, &#34;duration&#34;: &#34;00:00:28&#34;, &#34;resultsTableRow&#34;: [&#34;&lt;td class=\&#34;col-result\&#34;&gt;Passed&lt;/td&gt;&#34;, &#34;&lt;td class=\&#34;col-testId\&#34;&gt;com/bridgelabz/testcases/test_maker_module.py::TestMakerModule::test_create_maker_module&lt;/td&gt;&#34;, &#34;&lt;td class=\&#34;col-duration\&#34;&gt;00:00:28&lt;/td&gt;&#34;, &#34;&lt;td class=\&#34;col-links\&#34;&gt;&lt;/td&gt;&#34;], &#34;log&#34;: &#34;---------------------------- Captured stderr setup -----------------------------\n2025-08-04 10:20:44,836 - INFO - conftest - Initializing Chrome WebDriver with suppressed logs.\n2025-08-04 10:20:46,344 - INFO - conftest - Maximizing browser window.\n2025-08-04 10:20:46,418 - INFO - conftest - Setting implicit wait to 10 seconds.\n2025-08-04 10:20:46,421 - INFO - conftest - Navigating to URL: https://bl-practice-attendance-app-stg-187791816934.asia-south1.run.app/admin\n2025-08-04 10:20:47,398 - INFO - conftest - Instantiating SignInPage object.\n2025-08-04 10:20:47,399 - INFO - conftest - Waiting for and clicking &amp;#x27;Sign in with Google&amp;#x27; button.\n2025-08-04 10:20:47,399 - INFO - SignInPage - Waiting for Google sign-in button.\n2025-08-04 10:20:47,864 - INFO - SignInPage - Clicking on &amp;#x27;Sign in with Google&amp;#x27; button.\n2025-08-04 10:20:48,196 - INFO - conftest - Waiting for Google login popup to appear.\n2025-08-04 10:20:48,223 - INFO - conftest - Switching to Google login popup window.\n2025-08-04 10:20:48,239 - INFO - conftest - Entering Google account email.\n2025-08-04 10:20:48,239 - INFO - SignInPage - Entering email as username\n2025-08-04 10:20:50,626 - INFO - conftest - Clicking &amp;#x27;Next&amp;#x27; after entering email.\n2025-08-04 10:20:50,627 - INFO - SignInPage - Clicking on &amp;#x27;Next&amp;#x27; button.\n2025-08-04 10:20:51,058 - INFO - conftest - Entering Google account password.\n2025-08-04 10:20:51,058 - INFO - SignInPage - Entering password.\n2025-08-04 10:20:53,238 - INFO - conftest - Clicking &amp;#x27;Next&amp;#x27; after entering password.\n2025-08-04 10:20:53,238 - INFO - SignInPage - Clicking on &amp;#x27;Next&amp;#x27; button.\n2025-08-04 10:20:53,371 - INFO - conftest - Waiting for application window to become available.\n2025-08-04 10:20:53,372 - INFO - conftest - Switching back to original application window.\n2025-08-04 10:20:53,382 - INFO - conftest - Attempting to close overlay popup after login, if present.\n2025-08-04 10:21:00,886 - INFO - conftest - Overlay popup closed after login.\n\n------------------------------ Captured log setup ------------------------------\nINFO     conftest:conftest.py:18 Initializing Chrome WebDriver with suppressed logs.\nINFO     conftest:conftest.py:28 Maximizing browser window.\nINFO     conftest:conftest.py:31 Setting implicit wait to 10 seconds.\nINFO     conftest:conftest.py:36 Navigating to URL: https://bl-practice-attendance-app-stg-187791816934.asia-south1.run.app/admin\nINFO     conftest:conftest.py:48 Instantiating SignInPage object.\nINFO     conftest:conftest.py:51 Waiting for and clicking &amp;#x27;Sign in with Google&amp;#x27; button.\nINFO     SignInPage:SignInPage.py:32 Waiting for Google sign-in button.\nINFO     SignInPage:SignInPage.py:37 Clicking on &amp;#x27;Sign in with Google&amp;#x27; button.\nINFO     conftest:conftest.py:54 Waiting for Google login popup to appear.\nINFO     conftest:conftest.py:56 Switching to Google login popup window.\nINFO     conftest:conftest.py:59 Entering Google account email.\nINFO     SignInPage:SignInPage.py:42 Entering email as username\nINFO     conftest:conftest.py:61 Clicking &amp;#x27;Next&amp;#x27; after entering email.\nINFO     SignInPage:SignInPage.py:61 Clicking on &amp;#x27;Next&amp;#x27; button.\nINFO     conftest:conftest.py:64 Entering Google account password.\nINFO     SignInPage:SignInPage.py:51 Entering password.\nINFO     conftest:conftest.py:66 Clicking &amp;#x27;Next&amp;#x27; after entering password.\nINFO     SignInPage:SignInPage.py:61 Clicking on &amp;#x27;Next&amp;#x27; button.\nINFO     conftest:conftest.py:69 Waiting for application window to become available.\nINFO     conftest:conftest.py:71 Switching back to original application window.\nINFO     conftest:conftest.py:74 Attempting to close overlay popup after login, if present.\nINFO     conftest:conftest.py:81 Overlay popup closed after login.\n\n----------------------------- Captured stdout call -----------------------------\nMaker Module Created Successfully.\n\n------------------------------ Captured log call -------------------------------\nDEBUG    MakerModule:MakerModule.py:37 Clicking Maker Module button.\nDEBUG    MakerModule:MakerModule.py:41 Clicked Maker Module button.\nDEBUG    MakerModule:MakerModule.py:44 Clicking Create Module button.\nDEBUG    MakerModule:MakerModule.py:48 Clicked Create Module button.\nDEBUG    MakerModule:MakerModule.py:51 Selecting module dropdown with value: 1\nDEBUG    MakerModule:MakerModule.py:57 Selected module dropdown with value: 1\nDEBUG    MakerModule:MakerModule.py:60 Filling module form with the given details.\nDEBUG    MakerModule:MakerModule.py:66 Filled module form.\nDEBUG    MakerModule:MakerModule.py:69 Clicking Submit button.\nDEBUG    MakerModule:MakerModule.py:73 Clicked Submit button.\n\n--------------------------- Captured stderr teardown ---------------------------\n2025-08-04 10:21:10,650 - INFO - conftest - Quitting Chrome WebDriver.\n\n---------------------------- Captured log teardown -----------------------------\nINFO     conftest:conftest.py:41 Quitting Chrome WebDriver.&#34;}], &#34;com/bridgelabz/testcases/test_maker_module.py::TestMakerModule::test_edit_maker_module&#34;: [{&#34;extras&#34;: [], &#34;result&#34;: &#34;Passed&#34;, &#34;testId&#34;: &#34;com/bridgelabz/testcases/test_maker_module.py::TestMakerModule::test_edit_maker_module&#34;, &#34;duration&#34;: &#34;00:00:26&#34;, &#34;resultsTableRow&#34;: [&#34;&lt;td class=\&#34;col-result\&#34;&gt;Passed&lt;/td&gt;&#34;, &#34;&lt;td class=\&#34;col-testId\&#34;&gt;com/bridgelabz/testcases/test_maker_module.py::TestMakerModule::test_edit_maker_module&lt;/td&gt;&#34;, &#34;&lt;td class=\&#34;col-duration\&#34;&gt;00:00:26&lt;/td&gt;&#34;, &#34;&lt;td class=\&#34;col-links\&#34;&gt;&lt;/td&gt;&#34;], &#34;log&#34;: &#34;---------------------------- Captured stderr setup -----------------------------\n2025-08-04 10:21:13,001 - INFO - conftest - Initializing Chrome WebDriver with suppressed logs.\n2025-08-04 10:21:14,483 - INFO - conftest - Maximizing browser window.\n2025-08-04 10:21:14,537 - INFO - conftest - Setting implicit wait to 10 seconds.\n2025-08-04 10:21:14,542 - INFO - conftest - Navigating to URL: https://bl-practice-attendance-app-stg-187791816934.asia-south1.run.app/admin\n2025-08-04 10:21:15,561 - INFO - conftest - Instantiating SignInPage object.\n2025-08-04 10:21:15,562 - INFO - conftest - Waiting for and clicking &amp;#x27;Sign in with Google&amp;#x27; button.\n2025-08-04 10:21:15,562 - INFO - SignInPage - Waiting for Google sign-in button.\n2025-08-04 10:21:16,021 - INFO - SignInPage - Clicking on &amp;#x27;Sign in with Google&amp;#x27; button.\n2025-08-04 10:21:16,357 - INFO - conftest - Waiting for Google login popup to appear.\n2025-08-04 10:21:16,368 - INFO - conftest - Switching to Google login popup window.\n2025-08-04 10:21:16,377 - INFO - conftest - Entering Google account email.\n2025-08-04 10:21:16,377 - INFO - SignInPage - Entering email as username\n2025-08-04 10:21:18,490 - INFO - conftest - Clicking &amp;#x27;Next&amp;#x27; after entering email.\n2025-08-04 10:21:18,490 - INFO - SignInPage - Clicking on &amp;#x27;Next&amp;#x27; button.\n2025-08-04 10:21:18,812 - INFO - conftest - Entering Google account password.\n2025-08-04 10:21:18,813 - INFO - SignInPage - Entering password.\n2025-08-04 10:21:20,818 - INFO - conftest - Clicking &amp;#x27;Next&amp;#x27; after entering password.\n2025-08-04 10:21:20,818 - INFO - SignInPage - Clicking on &amp;#x27;Next&amp;#x27; button.\n2025-08-04 10:21:20,937 - INFO - conftest - Waiting for application window to become available.\n2025-08-04 10:21:20,938 - INFO - conftest - Switching back to original application window.\n2025-08-04 10:21:20,946 - INFO - conftest - Attempting to close overlay popup after login, if present.\n2025-08-04 10:21:28,287 - INFO - conftest - Overlay popup closed after login.\n\n------------------------------ Captured log setup ------------------------------\nINFO     conftest:conftest.py:18 Initializing Chrome WebDriver with suppressed logs.\nINFO     conftest:conftest.py:28 Maximizing browser window.\nINFO     conftest:conftest.py:31 Setting implicit wait to 10 seconds.\nINFO     conftest:conftest.py:36 Navigating to URL: https://bl-practice-attendance-app-stg-187791816934.asia-south1.run.app/admin\nINFO     conftest:conftest.py:48 Instantiating SignInPage object.\nINFO     conftest:conftest.py:51 Waiting for and clicking &amp;#x27;Sign in with Google&amp;#x27; button.\nINFO     SignInPage:SignInPage.py:32 Waiting for Google sign-in button.\nINFO     SignInPage:SignInPage.py:37 Clicking on &amp;#x27;Sign in with Google&amp;#x27; button.\nINFO     conftest:conftest.py:54 Waiting for Google login popup to appear.\nINFO     conftest:conftest.py:56 Switching to Google login popup window.\nINFO     conftest:conftest.py:59 Entering Google account email.\nINFO     SignInPage:SignInPage.py:42 Entering email as username\nINFO     conftest:conftest.py:61 Clicking &amp;#x27;Next&amp;#x27; after entering email.\nINFO     SignInPage:SignInPage.py:61 Clicking on &amp;#x27;Next&amp;#x27; button.\nINFO     conftest:conftest.py:64 Entering Google account password.\nINFO     SignInPage:SignInPage.py:51 Entering password.\nINFO     conftest:conftest.py:66 Clicking &amp;#x27;Next&amp;#x27; after entering password.\nINFO     SignInPage:SignInPage.py:61 Clicking on &amp;#x27;Next&amp;#x27; button.\nINFO     conftest:conftest.py:69 Waiting for application window to become available.\nINFO     conftest:conftest.py:71 Switching back to original application window.\nINFO     conftest:conftest.py:74 Attempting to close overlay popup after login, if present.\nINFO     conftest:conftest.py:81 Overlay popup closed after login.\n\n----------------------------- Captured stdout call -----------------------------\nMaker Module Edited Successfully.\n\n------------------------------ Captured log call -------------------------------\nDEBUG    MakerModule:MakerModule.py:37 Clicking Maker Module button.\nDEBUG    MakerModule:MakerModule.py:41 Clicked Maker Module button.\nDEBUG    MakerModule:MakerModule.py:82 Clicking Edit Module icon.\nDEBUG    MakerModule:MakerModule.py:86 Clicked Edit Module icon.\nDEBUG    MakerModule:MakerModule.py:69 Clicking Submit button.\nDEBUG    MakerModule:MakerModule.py:73 Clicked Submit button.\n\n--------------------------- Captured stderr teardown ---------------------------\n2025-08-04 10:21:36,927 - INFO - conftest - Quitting Chrome WebDriver.\n\n---------------------------- Captured log teardown -----------------------------\nINFO     conftest:conftest.py:41 Quitting Chrome WebDriver.&#34;}], &#34;com/bridgelabz/testcases/test_maker_plan.py::TestMakerPlan::test_create_maker_plan&#34;: [{&#34;extras&#34;: [], &#34;result&#34;: &#34;Passed&#34;, &#34;testId&#34;: &#34;com/bridgelabz/testcases/test_maker_plan.py::TestMakerPlan::test_create_maker_plan&#34;, &#34;duration&#34;: &#34;00:00:21&#34;, &#34;resultsTableRow&#34;: [&#34;&lt;td class=\&#34;col-result\&#34;&gt;Passed&lt;/td&gt;&#34;, &#34;&lt;td class=\&#34;col-testId\&#34;&gt;com/bridgelabz/testcases/test_maker_plan.py::TestMakerPlan::test_create_maker_plan&lt;/td&gt;&#34;, &#34;&lt;td class=\&#34;col-duration\&#34;&gt;00:00:21&lt;/td&gt;&#34;, &#34;&lt;td class=\&#34;col-links\&#34;&gt;&lt;/td&gt;&#34;], &#34;log&#34;: &#34;---------------------------- Captured stderr setup -----------------------------\n2025-08-04 10:21:39,209 - INFO - conftest - Initializing Chrome WebDriver with suppressed logs.\n2025-08-04 10:21:40,871 - INFO - conftest - Maximizing browser window.\n2025-08-04 10:21:40,991 - INFO - conftest - Setting implicit wait to 10 seconds.\n2025-08-04 10:21:41,008 - INFO - conftest - Navigating to URL: https://bl-practice-attendance-app-stg-187791816934.asia-south1.run.app/admin\n2025-08-04 10:21:41,246 - INFO - conftest - Instantiating SignInPage object.\n2025-08-04 10:21:41,247 - INFO - conftest - Waiting for and clicking &amp;#x27;Sign in with Google&amp;#x27; button.\n2025-08-04 10:21:41,247 - INFO - SignInPage - Waiting for Google sign-in button.\n2025-08-04 10:21:42,416 - INFO - SignInPage - Clicking on &amp;#x27;Sign in with Google&amp;#x27; button.\n2025-08-04 10:21:42,721 - INFO - conftest - Waiting for Google login popup to appear.\n2025-08-04 10:21:42,731 - INFO - conftest - Switching to Google login popup window.\n2025-08-04 10:21:42,746 - INFO - conftest - Entering Google account email.\n2025-08-04 10:21:42,746 - INFO - SignInPage - Entering email as username\n2025-08-04 10:21:44,557 - INFO - conftest - Clicking &amp;#x27;Next&amp;#x27; after entering email.\n2025-08-04 10:21:44,557 - INFO - SignInPage - Clicking on &amp;#x27;Next&amp;#x27; button.\n2025-08-04 10:21:44,826 - INFO - conftest - Entering Google account password.\n2025-08-04 10:21:44,827 - INFO - SignInPage - Entering password.\n2025-08-04 10:21:47,677 - INFO - conftest - Clicking &amp;#x27;Next&amp;#x27; after entering password.\n2025-08-04 10:21:47,678 - INFO - SignInPage - Clicking on &amp;#x27;Next&amp;#x27; button.\n2025-08-04 10:21:47,806 - INFO - conftest - Waiting for application window to become available.\n2025-08-04 10:21:47,807 - INFO - conftest - Switching back to original application window.\n2025-08-04 10:21:47,815 - INFO - conftest - Attempting to close overlay popup after login, if present.\n2025-08-04 10:21:54,996 - INFO - conftest - Overlay popup closed after login.\n\n------------------------------ Captured log setup ------------------------------\nINFO     conftest:conftest.py:18 Initializing Chrome WebDriver with suppressed logs.\nINFO     conftest:conftest.py:28 Maximizing browser window.\nINFO     conftest:conftest.py:31 Setting implicit wait to 10 seconds.\nINFO     conftest:conftest.py:36 Navigating to URL: https://bl-practice-attendance-app-stg-187791816934.asia-south1.run.app/admin\nINFO     conftest:conftest.py:48 Instantiating SignInPage object.\nINFO     conftest:conftest.py:51 Waiting for and clicking &amp;#x27;Sign in with Google&amp;#x27; button.\nINFO     SignInPage:SignInPage.py:32 Waiting for Google sign-in button.\nINFO     SignInPage:SignInPage.py:37 Clicking on &amp;#x27;Sign in with Google&amp;#x27; button.\nINFO     conftest:conftest.py:54 Waiting for Google login popup to appear.\nINFO     conftest:conftest.py:56 Switching to Google login popup window.\nINFO     conftest:conftest.py:59 Entering Google account email.\nINFO     SignInPage:SignInPage.py:42 Entering email as username\nINFO     conftest:conftest.py:61 Clicking &amp;#x27;Next&amp;#x27; after entering email.\nINFO     SignInPage:SignInPage.py:61 Clicking on &amp;#x27;Next&amp;#x27; button.\nINFO     conftest:conftest.py:64 Entering Google account password.\nINFO     SignInPage:SignInPage.py:51 Entering password.\nINFO     conftest:conftest.py:66 Clicking &amp;#x27;Next&amp;#x27; after entering password.\nINFO     SignInPage:SignInPage.py:61 Clicking on &amp;#x27;Next&amp;#x27; button.\nINFO     conftest:conftest.py:69 Waiting for application window to become available.\nINFO     conftest:conftest.py:71 Switching back to original application window.\nINFO     conftest:conftest.py:74 Attempting to close overlay popup after login, if present.\nINFO     conftest:conftest.py:81 Overlay popup closed after login.\n\n----------------------------- Captured stderr call -----------------------------\n2025-08-04 10:21:56,003 - INFO - MakerPlanPage - Attempting to click on Maker Plan tab.\n2025-08-04 10:21:56,192 - INFO - MakerPlanPage - Clicking the Add Maker Plan button.\n2025-08-04 10:21:56,400 - INFO - MakerPlanPage - Entering Maker Plan name: Full Stack Testing 8.\n2025-08-04 10:21:56,743 - INFO - MakerPlanPage - Entering duration: 58.\n2025-08-04 10:21:56,821 - INFO - MakerPlanPage - Entering description: This is An Automated Description 08.\n2025-08-04 10:21:58,097 - INFO - MakerPlanPage - Clicking the Submit button to save the Maker Plan.\n\n------------------------------ Captured log call -------------------------------\nINFO     MakerPlanPage:MakerPlanPage.py:28 Attempting to click on Maker Plan tab.\nINFO     MakerPlanPage:MakerPlanPage.py:33 Clicking the Add Maker Plan button.\nINFO     MakerPlanPage:MakerPlanPage.py:38 Entering Maker Plan name: Full Stack Testing 8.\nINFO     MakerPlanPage:MakerPlanPage.py:42 Entering duration: 58.\nINFO     MakerPlanPage:MakerPlanPage.py:46 Entering description: This is An Automated Description 08.\nINFO     MakerPlanPage:MakerPlanPage.py:51 Clicking the Submit button to save the Maker Plan.\n\n--------------------------- Captured stderr teardown ---------------------------\n2025-08-04 10:21:58,287 - INFO - conftest - Quitting Chrome WebDriver.\n\n---------------------------- Captured log teardown -----------------------------\nINFO     conftest:conftest.py:41 Quitting Chrome WebDriver.&#34;}], &#34;com/bridgelabz/testcases/test_maker_plan.py::TestMakerPlan::test_edit_maker_plan&#34;: [{&#34;extras&#34;: [], &#34;result&#34;: &#34;Failed&#34;, &#34;testId&#34;: &#34;com/bridgelabz/testcases/test_maker_plan.py::TestMakerPlan::test_edit_maker_plan&#34;, &#34;duration&#34;: &#34;00:00:35&#34;, &#34;resultsTableRow&#34;: [&#34;&lt;td class=\&#34;col-result\&#34;&gt;Failed&lt;/td&gt;&#34;, &#34;&lt;td class=\&#34;col-testId\&#34;&gt;com/bridgelabz/testcases/test_maker_plan.py::TestMakerPlan::test_edit_maker_plan&lt;/td&gt;&#34;, &#34;&lt;td class=\&#34;col-duration\&#34;&gt;00:00:35&lt;/td&gt;&#34;, &#34;&lt;td class=\&#34;col-links\&#34;&gt;&lt;/td&gt;&#34;], &#34;log&#34;: &#34;self = &amp;lt;com.bridgelabz.testcases.test_maker_plan.TestMakerPlan object at 0x000001B1857A7B10&amp;gt;\nlogin = &amp;lt;selenium.webdriver.chrome.webdriver.WebDriver (session=&amp;quot;a122694e5de1b305a0ba73dd29a47ffe&amp;quot;)&amp;gt;\n\n    @pytest.mark.sanity\n    def test_edit_maker_plan(self, login):\n        try:\n            maker = MakerPlanPage(login)\n            sleep(1)\n            maker.click_maker_plan_tab()\n            maker.open_maker_plan_dropdown()\n            maker.select_maker_plan(&amp;quot;P &amp;amp; A Phase 2&amp;quot;)\n            maker.click_edit_icon()\n            maker.edit_duration(&amp;quot;210&amp;quot;)\n            maker.save_changes()\n        except Exception as e:\n            take_screenshot(login, &amp;quot;test_edit_maker_plan&amp;quot;)\n&amp;gt;           raise e\n\ntestcases\\test_maker_plan.py:37: \n_ _ _ _ _ _ _ _ _ _ _ _ _ _ _ _ _ _ _ _ _ _ _ _ _ _ _ _ _ _ _ _ _ _ _ _ _ _ _ _ _ _ _ _ _ _ _ _ _ _ _ _ _ _ _ _ _ _ _ _\ntestcases\\test_maker_plan.py:34: in test_edit_maker_plan\n    maker.save_changes()\npageObjects\\MakerPlan\\MakerPlanPage.py:94: in save_changes\n    wait.until(EC.element_to_be_clickable((By.XPATH, self.submit_button_xpath))).click()\n    ^^^^^^^^^^^^^^^^^^^^^^^^^^^^^^^^^^^^^^^^^^^^^^^^^^^^^^^^^^^^^^^^^^^^^^^^^^^^\n_ _ _ _ _ _ _ _ _ _ _ _ _ _ _ _ _ _ _ _ _ _ _ _ _ _ _ _ _ _ _ _ _ _ _ _ _ _ _ _ _ _ _ _ _ _ _ _ _ _ _ _ _ _ _ _ _ _ _ _\n\nself = &amp;lt;selenium.webdriver.support.wait.WebDriverWait (session=&amp;quot;a122694e5de1b305a0ba73dd29a47ffe&amp;quot;)&amp;gt;\nmethod = &amp;lt;function element_to_be_clickable.&amp;lt;locals&amp;gt;._predicate at 0x000001B1859D9C60&amp;gt;, message = &amp;#x27;&amp;#x27;\n\n    def until(self, method: Callable[[D], Union[Literal[False], T]], message: str = &amp;quot;&amp;quot;) -&amp;gt; T:\n        &amp;quot;&amp;quot;&amp;quot;Wait until the method returns a value that is not False.\n    \n        Calls the method provided with the driver as an argument until the\n        return value does not evaluate to ``False``.\n    \n        Parameters:\n        -----------\n        method: callable(WebDriver)\n            - A callable object that takes a WebDriver instance as an argument.\n    \n        message: str\n            - Optional message for :exc:`TimeoutException`\n    \n        Return:\n        -------\n        object: T\n            - The result of the last call to `method`\n    \n        Raises:\n        -------\n        TimeoutException\n            - If &amp;#x27;method&amp;#x27; does not return a truthy value within the WebDriverWait\n            object&amp;#x27;s timeout\n    \n        Example:\n        --------\n        &amp;gt;&amp;gt;&amp;gt; from selenium.webdriver.common.by import By\n        &amp;gt;&amp;gt;&amp;gt; from selenium.webdriver.support.ui import WebDriverWait\n        &amp;gt;&amp;gt;&amp;gt; from selenium.webdriver.support import expected_conditions as EC\n    \n        # Wait until an element is visible on the page\n        &amp;gt;&amp;gt;&amp;gt; wait = WebDriverWait(driver, 10)\n        &amp;gt;&amp;gt;&amp;gt; element = wait.until(EC.visibility_of_element_located((By.ID, &amp;quot;exampleId&amp;quot;)))\n        &amp;gt;&amp;gt;&amp;gt; print(element.text)\n        &amp;quot;&amp;quot;&amp;quot;\n        screen = None\n        stacktrace = None\n    \n        end_time = time.monotonic() + self._timeout\n        while True:\n            try:\n                value = method(self._driver)\n                if value:\n                    return value\n            except self._ignored_exceptions as exc:\n                screen = getattr(exc, &amp;quot;screen&amp;quot;, None)\n                stacktrace = getattr(exc, &amp;quot;stacktrace&amp;quot;, None)\n            if time.monotonic() &amp;gt; end_time:\n                break\n            time.sleep(self._poll)\n&amp;gt;       raise TimeoutException(message, screen, stacktrace)\nE       selenium.common.exceptions.TimeoutException: Message: \nE       Stacktrace:\nE       \tGetHandleVerifier [0x0x7ff73ed8e415+77285]\nE       \tGetHandleVerifier [0x0x7ff73ed8e470+77376]\nE       \t(No symbol) [0x0x7ff73eb59a6a]\nE       \t(No symbol) [0x0x7ff73ebb0406]\nE       \t(No symbol) [0x0x7ff73ebb06bc]\nE       \t(No symbol) [0x0x7ff73ec03ac7]\nE       \t(No symbol) [0x0x7ff73ebd864f]\nE       \t(No symbol) [0x0x7ff73ec0087f]\nE       \t(No symbol) [0x0x7ff73ebd83e3]\nE       \t(No symbol) [0x0x7ff73eba1521]\nE       \t(No symbol) [0x0x7ff73eba22b3]\nE       \tGetHandleVerifier [0x0x7ff73f071efd+3107021]\nE       \tGetHandleVerifier [0x0x7ff73f06c29d+3083373]\nE       \tGetHandleVerifier [0x0x7ff73f08bedd+3213485]\nE       \tGetHandleVerifier [0x0x7ff73eda884e+184862]\nE       \tGetHandleVerifier [0x0x7ff73edb055f+216879]\nE       \tGetHandleVerifier [0x0x7ff73ed97084+113236]\nE       \tGetHandleVerifier [0x0x7ff73ed97239+113673]\nE       \tGetHandleVerifier [0x0x7ff73ed7e298+11368]\nE       \tBaseThreadInitThunk [0x0x7ff9ed36e8d7+23]\nE       \tRtlUserThreadStart [0x0x7ff9ee07c34c+44]\n\n..\\..\\..\\..\\AppData\\Local\\Programs\\Python\\Python313\\Lib\\site-packages\\selenium\\webdriver\\support\\wait.py:138: TimeoutException\n\n---------------------------- Captured stderr setup -----------------------------\n2025-08-04 10:22:00,560 - INFO - conftest - Initializing Chrome WebDriver with suppressed logs.\n2025-08-04 10:22:01,781 - INFO - conftest - Maximizing browser window.\n2025-08-04 10:22:01,846 - INFO - conftest - Setting implicit wait to 10 seconds.\n2025-08-04 10:22:01,854 - INFO - conftest - Navigating to URL: https://bl-practice-attendance-app-stg-187791816934.asia-south1.run.app/admin\n2025-08-04 10:22:02,848 - INFO - conftest - Instantiating SignInPage object.\n2025-08-04 10:22:02,852 - INFO - conftest - Waiting for and clicking &amp;#x27;Sign in with Google&amp;#x27; button.\n2025-08-04 10:22:02,852 - INFO - SignInPage - Waiting for Google sign-in button.\n2025-08-04 10:22:03,272 - INFO - SignInPage - Clicking on &amp;#x27;Sign in with Google&amp;#x27; button.\n2025-08-04 10:22:03,626 - INFO - conftest - Waiting for Google login popup to appear.\n2025-08-04 10:22:03,648 - INFO - conftest - Switching to Google login popup window.\n2025-08-04 10:22:03,666 - INFO - conftest - Entering Google account email.\n2025-08-04 10:22:03,667 - INFO - SignInPage - Entering email as username\n2025-08-04 10:22:05,949 - INFO - conftest - Clicking &amp;#x27;Next&amp;#x27; after entering email.\n2025-08-04 10:22:05,949 - INFO - SignInPage - Clicking on &amp;#x27;Next&amp;#x27; button.\n2025-08-04 10:22:06,237 - INFO - conftest - Entering Google account password.\n2025-08-04 10:22:06,238 - INFO - SignInPage - Entering password.\n2025-08-04 10:22:08,396 - INFO - conftest - Clicking &amp;#x27;Next&amp;#x27; after entering password.\n2025-08-04 10:22:08,396 - INFO - SignInPage - Clicking on &amp;#x27;Next&amp;#x27; button.\n2025-08-04 10:22:08,541 - INFO - conftest - Waiting for application window to become available.\n2025-08-04 10:22:08,552 - INFO - conftest - Switching back to original application window.\n2025-08-04 10:22:08,574 - INFO - conftest - Attempting to close overlay popup after login, if present.\n2025-08-04 10:22:15,813 - INFO - conftest - Overlay popup closed after login.\n\n------------------------------ Captured log setup ------------------------------\nINFO     conftest:conftest.py:18 Initializing Chrome WebDriver with suppressed logs.\nINFO     conftest:conftest.py:28 Maximizing browser window.\nINFO     conftest:conftest.py:31 Setting implicit wait to 10 seconds.\nINFO     conftest:conftest.py:36 Navigating to URL: https://bl-practice-attendance-app-stg-187791816934.asia-south1.run.app/admin\nINFO     conftest:conftest.py:48 Instantiating SignInPage object.\nINFO     conftest:conftest.py:51 Waiting for and clicking &amp;#x27;Sign in with Google&amp;#x27; button.\nINFO     SignInPage:SignInPage.py:32 Waiting for Google sign-in button.\nINFO     SignInPage:SignInPage.py:37 Clicking on &amp;#x27;Sign in with Google&amp;#x27; button.\nINFO     conftest:conftest.py:54 Waiting for Google login popup to appear.\nINFO     conftest:conftest.py:56 Switching to Google login popup window.\nINFO     conftest:conftest.py:59 Entering Google account email.\nINFO     SignInPage:SignInPage.py:42 Entering email as username\nINFO     conftest:conftest.py:61 Clicking &amp;#x27;Next&amp;#x27; after entering email.\nINFO     SignInPage:SignInPage.py:61 Clicking on &amp;#x27;Next&amp;#x27; button.\nINFO     conftest:conftest.py:64 Entering Google account password.\nINFO     SignInPage:SignInPage.py:51 Entering password.\nINFO     conftest:conftest.py:66 Clicking &amp;#x27;Next&amp;#x27; after entering password.\nINFO     SignInPage:SignInPage.py:61 Clicking on &amp;#x27;Next&amp;#x27; button.\nINFO     conftest:conftest.py:69 Waiting for application window to become available.\nINFO     conftest:conftest.py:71 Switching back to original application window.\nINFO     conftest:conftest.py:74 Attempting to close overlay popup after login, if present.\nINFO     conftest:conftest.py:81 Overlay popup closed after login.\n\n----------------------------- Captured stderr call -----------------------------\n2025-08-04 10:22:16,814 - INFO - MakerPlanPage - Attempting to click on Maker Plan tab.\n2025-08-04 10:22:17,918 - INFO - MakerPlanPage - Opening the Maker Plan dropdown.\n2025-08-04 10:22:19,062 - INFO - MakerPlanPage - Selecting Maker Plan: P &amp;amp; A Phase 2.\n2025-08-04 10:22:20,198 - INFO - MakerPlanPage - Clicking the Edit icon for the module.\n2025-08-04 10:22:20,351 - INFO - MakerPlanPage - Locating the duration field to edit.\n2025-08-04 10:22:21,372 - INFO - MakerPlanPage - Clearing the current duration value.\n2025-08-04 10:22:22,732 - INFO - MakerPlanPage - Entering the new duration: 210.\n2025-08-04 10:22:22,786 - INFO - MakerPlanPage - Clicking the Submit button to save changes.\n2025-08-04 10:22:32,838 - INFO - conftest - Preparing to take screenshot.\n2025-08-04 10:22:32,838 - INFO - conftest - Ensuring screenshot directory exists at /Practice-Attendance-Admin/ScreenShots.\n2025-08-04 10:22:32,838 - INFO - conftest - Saving screenshot to /Practice-Attendance-Admin/ScreenShots\\test_edit_maker_plan_04-08-2025_10-22-32.png.\n2025-08-04 10:22:32,978 - INFO - conftest - Screenshot saved at /Practice-Attendance-Admin/ScreenShots\\test_edit_maker_plan_04-08-2025_10-22-32.png\n\n------------------------------ Captured log call -------------------------------\nINFO     MakerPlanPage:MakerPlanPage.py:28 Attempting to click on Maker Plan tab.\nINFO     MakerPlanPage:MakerPlanPage.py:56 Opening the Maker Plan dropdown.\nINFO     MakerPlanPage:MakerPlanPage.py:62 Selecting Maker Plan: P &amp;amp; A Phase 2.\nINFO     MakerPlanPage:MakerPlanPage.py:69 Clicking the Edit icon for the module.\nINFO     MakerPlanPage:MakerPlanPage.py:79 Locating the duration field to edit.\nINFO     MakerPlanPage:MakerPlanPage.py:84 Clearing the current duration value.\nINFO     MakerPlanPage:MakerPlanPage.py:88 Entering the new duration: 210.\nINFO     MakerPlanPage:MakerPlanPage.py:92 Clicking the Submit button to save changes.\nINFO     conftest:conftest.py:89 Preparing to take screenshot.\nINFO     conftest:conftest.py:91 Ensuring screenshot directory exists at /Practice-Attendance-Admin/ScreenShots.\nINFO     conftest:conftest.py:98 Saving screenshot to /Practice-Attendance-Admin/ScreenShots\\test_edit_maker_plan_04-08-2025_10-22-32.png.\nINFO     conftest:conftest.py:100 Screenshot saved at /Practice-Attendance-Admin/ScreenShots\\test_edit_maker_plan_04-08-2025_10-22-32.png\n\n--------------------------- Captured stderr teardown ---------------------------\n2025-08-04 10:22:32,995 - INFO - conftest - Quitting Chrome WebDriver.\n\n---------------------------- Captured log teardown -----------------------------\nINFO     conftest:conftest.py:41 Quitting Chrome WebDriver.&#34;}], &#34;com/bridgelabz/testcases/test_practice_mentor.py::TestPracticeMentor::test_create_mentor&#34;: [{&#34;extras&#34;: [], &#34;result&#34;: &#34;Passed&#34;, &#34;testId&#34;: &#34;com/bridgelabz/testcases/test_practice_mentor.py::TestPracticeMentor::test_create_mentor&#34;, &#34;duration&#34;: &#34;00:00:29&#34;, &#34;resultsTableRow&#34;: [&#34;&lt;td class=\&#34;col-result\&#34;&gt;Passed&lt;/td&gt;&#34;, &#34;&lt;td class=\&#34;col-testId\&#34;&gt;com/bridgelabz/testcases/test_practice_mentor.py::TestPracticeMentor::test_create_mentor&lt;/td&gt;&#34;, &#34;&lt;td class=\&#34;col-duration\&#34;&gt;00:00:29&lt;/td&gt;&#34;, &#34;&lt;td class=\&#34;col-links\&#34;&gt;&lt;/td&gt;&#34;], &#34;log&#34;: &#34;---------------------------- Captured stderr setup -----------------------------\n2025-08-04 10:22:35,324 - INFO - conftest - Initializing Chrome WebDriver with suppressed logs.\n2025-08-04 10:22:36,790 - INFO - conftest - Maximizing browser window.\n2025-08-04 10:22:36,853 - INFO - conftest - Setting implicit wait to 10 seconds.\n2025-08-04 10:22:36,861 - INFO - conftest - Navigating to URL: https://bl-practice-attendance-app-stg-187791816934.asia-south1.run.app/admin\n2025-08-04 10:22:38,011 - INFO - conftest - Instantiating SignInPage object.\n2025-08-04 10:22:38,012 - INFO - conftest - Waiting for and clicking &amp;#x27;Sign in with Google&amp;#x27; button.\n2025-08-04 10:22:38,012 - INFO - SignInPage - Waiting for Google sign-in button.\n2025-08-04 10:22:38,493 - INFO - SignInPage - Clicking on &amp;#x27;Sign in with Google&amp;#x27; button.\n2025-08-04 10:22:39,021 - INFO - conftest - Waiting for Google login popup to appear.\n2025-08-04 10:22:39,030 - INFO - conftest - Switching to Google login popup window.\n2025-08-04 10:22:39,041 - INFO - conftest - Entering Google account email.\n2025-08-04 10:22:39,042 - INFO - SignInPage - Entering email as username\n2025-08-04 10:22:41,825 - INFO - conftest - Clicking &amp;#x27;Next&amp;#x27; after entering email.\n2025-08-04 10:22:41,826 - INFO - SignInPage - Clicking on &amp;#x27;Next&amp;#x27; button.\n2025-08-04 10:22:42,089 - INFO - conftest - Entering Google account password.\n2025-08-04 10:22:42,089 - INFO - SignInPage - Entering password.\n2025-08-04 10:22:44,320 - INFO - conftest - Clicking &amp;#x27;Next&amp;#x27; after entering password.\n2025-08-04 10:22:44,320 - INFO - SignInPage - Clicking on &amp;#x27;Next&amp;#x27; button.\n2025-08-04 10:22:44,499 - INFO - conftest - Waiting for application window to become available.\n2025-08-04 10:22:44,502 - INFO - conftest - Switching back to original application window.\n2025-08-04 10:22:44,511 - INFO - conftest - Attempting to close overlay popup after login, if present.\n2025-08-04 10:22:51,522 - INFO - conftest - Overlay popup closed after login.\n\n------------------------------ Captured log setup ------------------------------\nINFO     conftest:conftest.py:18 Initializing Chrome WebDriver with suppressed logs.\nINFO     conftest:conftest.py:28 Maximizing browser window.\nINFO     conftest:conftest.py:31 Setting implicit wait to 10 seconds.\nINFO     conftest:conftest.py:36 Navigating to URL: https://bl-practice-attendance-app-stg-187791816934.asia-south1.run.app/admin\nINFO     conftest:conftest.py:48 Instantiating SignInPage object.\nINFO     conftest:conftest.py:51 Waiting for and clicking &amp;#x27;Sign in with Google&amp;#x27; button.\nINFO     SignInPage:SignInPage.py:32 Waiting for Google sign-in button.\nINFO     SignInPage:SignInPage.py:37 Clicking on &amp;#x27;Sign in with Google&amp;#x27; button.\nINFO     conftest:conftest.py:54 Waiting for Google login popup to appear.\nINFO     conftest:conftest.py:56 Switching to Google login popup window.\nINFO     conftest:conftest.py:59 Entering Google account email.\nINFO     SignInPage:SignInPage.py:42 Entering email as username\nINFO     conftest:conftest.py:61 Clicking &amp;#x27;Next&amp;#x27; after entering email.\nINFO     SignInPage:SignInPage.py:61 Clicking on &amp;#x27;Next&amp;#x27; button.\nINFO     conftest:conftest.py:64 Entering Google account password.\nINFO     SignInPage:SignInPage.py:51 Entering password.\nINFO     conftest:conftest.py:66 Clicking &amp;#x27;Next&amp;#x27; after entering password.\nINFO     SignInPage:SignInPage.py:61 Clicking on &amp;#x27;Next&amp;#x27; button.\nINFO     conftest:conftest.py:69 Waiting for application window to become available.\nINFO     conftest:conftest.py:71 Switching back to original application window.\nINFO     conftest:conftest.py:74 Attempting to close overlay popup after login, if present.\nINFO     conftest:conftest.py:81 Overlay popup closed after login.\n\n----------------------------- Captured stdout call -----------------------------\nPractice Mentor Email &amp;#x27;surriyaa1234@bridgelabz.com&amp;#x27; is present on the page, So Mentor is Created Successfully\n\n----------------------------- Captured stderr call -----------------------------\n2025-08-04 10:22:51,524 - INFO - MentorPage - Initializing wait for mentor creation.\n2025-08-04 10:22:51,525 - INFO - MentorPage - Waiting for mentor tab to be clickable.\n2025-08-04 10:22:51,575 - INFO - MentorPage - Clicking mentor tab.\n2025-08-04 10:22:51,667 - INFO - MentorPage - Clicking add mentor button.\n2025-08-04 10:22:51,864 - INFO - MentorPage - Entering mentor name: Surriyaa 1\n2025-08-04 10:22:52,378 - INFO - MentorPage - Entering mentor email: surriyaa1234@bridgelabz.com\n2025-08-04 10:22:52,770 - INFO - MentorPage - Entering mentor mobile: 6354670109\n2025-08-04 10:22:52,892 - INFO - MentorPage - Opening base COE dropdown.\n2025-08-04 10:22:52,990 - INFO - MentorPage - Waiting for base COE option &amp;#x27;P&amp;amp;A Phase 2&amp;#x27; to be clickable.\n2025-08-04 10:22:53,021 - INFO - MentorPage - Clicking base COE option: P&amp;amp;A Phase 2\n2025-08-04 10:22:53,282 - INFO - MentorPage - Sleeping for 2 seconds after selecting COE.\n2025-08-04 10:22:55,283 - INFO - MentorPage - Clicking create button.\n2025-08-04 10:22:56,390 - INFO - MentorPage - Locating right arrow for navigation.\n2025-08-04 10:22:56,406 - INFO - MentorPage - Clicking right arrow (iteration 1).\n2025-08-04 10:22:56,495 - INFO - MentorPage - Clicking right arrow (iteration 2).\n2025-08-04 10:22:56,625 - INFO - MentorPage - Clicking right arrow (iteration 3).\n2025-08-04 10:22:56,728 - INFO - MentorPage - Clicking right arrow (iteration 4).\n2025-08-04 10:22:56,823 - INFO - MentorPage - Sleeping for 5 seconds after arrow navigation.\n2025-08-04 10:23:01,824 - INFO - MentorPage - Asserting that mentor email &amp;#x27;surriyaa1234@bridgelabz.com&amp;#x27; is present on the page.\n2025-08-04 10:23:01,848 - INFO - MentorPage - Practice Mentor Email &amp;#x27;surriyaa1234@bridgelabz.com&amp;#x27; is present on the page, So Mentor is Created Successfully\n\n------------------------------ Captured log call -------------------------------\nINFO     MentorPage:PracticeMentorPage.py:30 Initializing wait for mentor creation.\nINFO     MentorPage:PracticeMentorPage.py:33 Waiting for mentor tab to be clickable.\nINFO     MentorPage:PracticeMentorPage.py:38 Clicking mentor tab.\nINFO     MentorPage:PracticeMentorPage.py:41 Clicking add mentor button.\nINFO     MentorPage:PracticeMentorPage.py:44 Entering mentor name: Surriyaa 1\nINFO     MentorPage:PracticeMentorPage.py:47 Entering mentor email: surriyaa1234@bridgelabz.com\nINFO     MentorPage:PracticeMentorPage.py:50 Entering mentor mobile: 6354670109\nINFO     MentorPage:PracticeMentorPage.py:53 Opening base COE dropdown.\nINFO     MentorPage:PracticeMentorPage.py:57 Waiting for base COE option &amp;#x27;P&amp;amp;A Phase 2&amp;#x27; to be clickable.\nINFO     MentorPage:PracticeMentorPage.py:60 Clicking base COE option: P&amp;amp;A Phase 2\nINFO     MentorPage:PracticeMentorPage.py:63 Sleeping for 2 seconds after selecting COE.\nINFO     MentorPage:PracticeMentorPage.py:66 Clicking create button.\nINFO     MentorPage:PracticeMentorPage.py:69 Locating right arrow for navigation.\nINFO     MentorPage:PracticeMentorPage.py:73 Clicking right arrow (iteration 1).\nINFO     MentorPage:PracticeMentorPage.py:73 Clicking right arrow (iteration 2).\nINFO     MentorPage:PracticeMentorPage.py:73 Clicking right arrow (iteration 3).\nINFO     MentorPage:PracticeMentorPage.py:73 Clicking right arrow (iteration 4).\nINFO     MentorPage:PracticeMentorPage.py:76 Sleeping for 5 seconds after arrow navigation.\nINFO     MentorPage:PracticeMentorPage.py:79 Asserting that mentor email &amp;#x27;surriyaa1234@bridgelabz.com&amp;#x27; is present on the page.\nINFO     MentorPage:PracticeMentorPage.py:82 Practice Mentor Email &amp;#x27;surriyaa1234@bridgelabz.com&amp;#x27; is present on the page, So Mentor is Created Successfully\n\n--------------------------- Captured stderr teardown ---------------------------\n2025-08-04 10:23:01,853 - INFO - conftest - Quitting Chrome WebDriver.\n\n---------------------------- Captured log teardown -----------------------------\nINFO     conftest:conftest.py:41 Quitting Chrome WebDriver.&#34;}], &#34;com/bridgelabz/testcases/test_practice_mentor.py::TestPracticeMentor::test_edit_mentor&#34;: [{&#34;extras&#34;: [], &#34;result&#34;: &#34;Passed&#34;, &#34;testId&#34;: &#34;com/bridgelabz/testcases/test_practice_mentor.py::TestPracticeMentor::test_edit_mentor&#34;, &#34;duration&#34;: &#34;00:00:23&#34;, &#34;resultsTableRow&#34;: [&#34;&lt;td class=\&#34;col-result\&#34;&gt;Passed&lt;/td&gt;&#34;, &#34;&lt;td class=\&#34;col-testId\&#34;&gt;com/bridgelabz/testcases/test_practice_mentor.py::TestPracticeMentor::test_edit_mentor&lt;/td&gt;&#34;, &#34;&lt;td class=\&#34;col-duration\&#34;&gt;00:00:23&lt;/td&gt;&#34;, &#34;&lt;td class=\&#34;col-links\&#34;&gt;&lt;/td&gt;&#34;], &#34;log&#34;: &#34;---------------------------- Captured stderr setup -----------------------------\n2025-08-04 10:23:04,081 - INFO - conftest - Initializing Chrome WebDriver with suppressed logs.\n2025-08-04 10:23:05,395 - INFO - conftest - Maximizing browser window.\n2025-08-04 10:23:05,450 - INFO - conftest - Setting implicit wait to 10 seconds.\n2025-08-04 10:23:05,452 - INFO - conftest - Navigating to URL: https://bl-practice-attendance-app-stg-187791816934.asia-south1.run.app/admin\n2025-08-04 10:23:06,308 - INFO - conftest - Instantiating SignInPage object.\n2025-08-04 10:23:06,309 - INFO - conftest - Waiting for and clicking &amp;#x27;Sign in with Google&amp;#x27; button.\n2025-08-04 10:23:06,309 - INFO - SignInPage - Waiting for Google sign-in button.\n2025-08-04 10:23:06,760 - INFO - SignInPage - Clicking on &amp;#x27;Sign in with Google&amp;#x27; button.\n2025-08-04 10:23:07,056 - INFO - conftest - Waiting for Google login popup to appear.\n2025-08-04 10:23:07,064 - INFO - conftest - Switching to Google login popup window.\n2025-08-04 10:23:07,078 - INFO - conftest - Entering Google account email.\n2025-08-04 10:23:07,079 - INFO - SignInPage - Entering email as username\n2025-08-04 10:23:09,429 - INFO - conftest - Clicking &amp;#x27;Next&amp;#x27; after entering email.\n2025-08-04 10:23:09,429 - INFO - SignInPage - Clicking on &amp;#x27;Next&amp;#x27; button.\n2025-08-04 10:23:09,808 - INFO - conftest - Entering Google account password.\n2025-08-04 10:23:09,810 - INFO - SignInPage - Entering password.\n2025-08-04 10:23:12,141 - INFO - conftest - Clicking &amp;#x27;Next&amp;#x27; after entering password.\n2025-08-04 10:23:12,141 - INFO - SignInPage - Clicking on &amp;#x27;Next&amp;#x27; button.\n2025-08-04 10:23:12,342 - INFO - conftest - Waiting for application window to become available.\n2025-08-04 10:23:12,348 - INFO - conftest - Switching back to original application window.\n2025-08-04 10:23:12,376 - INFO - conftest - Attempting to close overlay popup after login, if present.\n2025-08-04 10:23:19,699 - INFO - conftest - Overlay popup closed after login.\n\n------------------------------ Captured log setup ------------------------------\nINFO     conftest:conftest.py:18 Initializing Chrome WebDriver with suppressed logs.\nINFO     conftest:conftest.py:28 Maximizing browser window.\nINFO     conftest:conftest.py:31 Setting implicit wait to 10 seconds.\nINFO     conftest:conftest.py:36 Navigating to URL: https://bl-practice-attendance-app-stg-187791816934.asia-south1.run.app/admin\nINFO     conftest:conftest.py:48 Instantiating SignInPage object.\nINFO     conftest:conftest.py:51 Waiting for and clicking &amp;#x27;Sign in with Google&amp;#x27; button.\nINFO     SignInPage:SignInPage.py:32 Waiting for Google sign-in button.\nINFO     SignInPage:SignInPage.py:37 Clicking on &amp;#x27;Sign in with Google&amp;#x27; button.\nINFO     conftest:conftest.py:54 Waiting for Google login popup to appear.\nINFO     conftest:conftest.py:56 Switching to Google login popup window.\nINFO     conftest:conftest.py:59 Entering Google account email.\nINFO     SignInPage:SignInPage.py:42 Entering email as username\nINFO     conftest:conftest.py:61 Clicking &amp;#x27;Next&amp;#x27; after entering email.\nINFO     SignInPage:SignInPage.py:61 Clicking on &amp;#x27;Next&amp;#x27; button.\nINFO     conftest:conftest.py:64 Entering Google account password.\nINFO     SignInPage:SignInPage.py:51 Entering password.\nINFO     conftest:conftest.py:66 Clicking &amp;#x27;Next&amp;#x27; after entering password.\nINFO     SignInPage:SignInPage.py:61 Clicking on &amp;#x27;Next&amp;#x27; button.\nINFO     conftest:conftest.py:69 Waiting for application window to become available.\nINFO     conftest:conftest.py:71 Switching back to original application window.\nINFO     conftest:conftest.py:74 Attempting to close overlay popup after login, if present.\nINFO     conftest:conftest.py:81 Overlay popup closed after login.\n\n----------------------------- Captured stdout call -----------------------------\nPractice Mentor Mobile &amp;#x27;9876555521&amp;#x27; is present on the page, So Mentor is Updated Successfully\n\n----------------------------- Captured stderr call -----------------------------\n2025-08-04 10:23:19,702 - INFO - MentorPage - Initializing wait for mentor editing.\n2025-08-04 10:23:19,703 - INFO - MentorPage - Waiting for mentor tab to be clickable.\n2025-08-04 10:23:19,751 - INFO - MentorPage - Clicking mentor tab.\n2025-08-04 10:23:20,863 - INFO - MentorPage - Sending TABs and ENTER to reach edit icon.\n2025-08-04 10:23:22,064 - INFO - MentorPage - Locating contact input field for editing.\n2025-08-04 10:23:22,081 - INFO - MentorPage - Clicking contact input field to focus.\n2025-08-04 10:23:22,172 - INFO - MentorPage - Sending CTRL+A to select all in contact field. and delete it.\n2025-08-04 10:23:22,205 - INFO - MentorPage - Sending new mobile: 9876555521\n2025-08-04 10:23:23,380 - INFO - MentorPage - Clicking update button.\n2025-08-04 10:23:24,484 - INFO - MentorPage - Asserting that new mobile &amp;#x27;9876555521&amp;#x27; is present on the page.\n2025-08-04 10:23:24,499 - INFO - MentorPage - Practice Mentor Mobile &amp;#x27;9876555521&amp;#x27; is present on the page, So Mentor is Updated Successfully\n\n------------------------------ Captured log call -------------------------------\nINFO     MentorPage:PracticeMentorPage.py:90 Initializing wait for mentor editing.\nINFO     MentorPage:PracticeMentorPage.py:93 Waiting for mentor tab to be clickable.\nINFO     MentorPage:PracticeMentorPage.py:96 Clicking mentor tab.\nINFO     MentorPage:PracticeMentorPage.py:99 Sending TABs and ENTER to reach edit icon.\nINFO     MentorPage:PracticeMentorPage.py:102 Locating contact input field for editing.\nINFO     MentorPage:PracticeMentorPage.py:105 Clicking contact input field to focus.\nINFO     MentorPage:PracticeMentorPage.py:108 Sending CTRL+A to select all in contact field. and delete it.\nINFO     MentorPage:PracticeMentorPage.py:111 Sending new mobile: 9876555521\nINFO     MentorPage:PracticeMentorPage.py:114 Clicking update button.\nINFO     MentorPage:PracticeMentorPage.py:118 Asserting that new mobile &amp;#x27;9876555521&amp;#x27; is present on the page.\nINFO     MentorPage:PracticeMentorPage.py:121 Practice Mentor Mobile &amp;#x27;9876555521&amp;#x27; is present on the page, So Mentor is Updated Successfully\n\n--------------------------- Captured stderr teardown ---------------------------\n2025-08-04 10:23:24,505 - INFO - conftest - Quitting Chrome WebDriver.\n\n---------------------------- Captured log teardown -----------------------------\nINFO     conftest:conftest.py:41 Quitting Chrome WebDriver.&#34;}], &#34;com/bridgelabz/testcases/test_signinout_features.py::TestSignIn::test_signin&#34;: [{&#34;extras&#34;: [], &#34;result&#34;: &#34;Passed&#34;, &#34;testId&#34;: &#34;com/bridgelabz/testcases/test_signinout_features.py::TestSignIn::test_signin&#34;, &#34;duration&#34;: &#34;00:00:18&#34;, &#34;resultsTableRow&#34;: [&#34;&lt;td class=\&#34;col-result\&#34;&gt;Passed&lt;/td&gt;&#34;, &#34;&lt;td class=\&#34;col-testId\&#34;&gt;com/bridgelabz/testcases/test_signinout_features.py::TestSignIn::test_signin&lt;/td&gt;&#34;, &#34;&lt;td class=\&#34;col-duration\&#34;&gt;00:00:18&lt;/td&gt;&#34;, &#34;&lt;td class=\&#34;col-links\&#34;&gt;&lt;/td&gt;&#34;], &#34;log&#34;: &#34;---------------------------- Captured stderr setup -----------------------------\n2025-08-04 10:23:26,826 - INFO - conftest - Initializing Chrome WebDriver with suppressed logs.\n2025-08-04 10:23:28,054 - INFO - conftest - Maximizing browser window.\n2025-08-04 10:23:28,116 - INFO - conftest - Setting implicit wait to 10 seconds.\n2025-08-04 10:23:28,117 - INFO - conftest - Navigating to URL: https://bl-practice-attendance-app-stg-187791816934.asia-south1.run.app/admin\n2025-08-04 10:23:28,303 - INFO - conftest - Instantiating SignInPage object.\n2025-08-04 10:23:28,303 - INFO - conftest - Waiting for and clicking &amp;#x27;Sign in with Google&amp;#x27; button.\n2025-08-04 10:23:28,304 - INFO - SignInPage - Waiting for Google sign-in button.\n2025-08-04 10:23:29,418 - INFO - SignInPage - Clicking on &amp;#x27;Sign in with Google&amp;#x27; button.\n2025-08-04 10:23:29,853 - INFO - conftest - Waiting for Google login popup to appear.\n2025-08-04 10:23:29,865 - INFO - conftest - Switching to Google login popup window.\n2025-08-04 10:23:29,876 - INFO - conftest - Entering Google account email.\n2025-08-04 10:23:29,876 - INFO - SignInPage - Entering email as username\n2025-08-04 10:23:32,239 - INFO - conftest - Clicking &amp;#x27;Next&amp;#x27; after entering email.\n2025-08-04 10:23:32,239 - INFO - SignInPage - Clicking on &amp;#x27;Next&amp;#x27; button.\n2025-08-04 10:23:32,670 - INFO - conftest - Entering Google account password.\n2025-08-04 10:23:32,670 - INFO - SignInPage - Entering password.\n2025-08-04 10:23:34,810 - INFO - conftest - Clicking &amp;#x27;Next&amp;#x27; after entering password.\n2025-08-04 10:23:34,810 - INFO - SignInPage - Clicking on &amp;#x27;Next&amp;#x27; button.\n2025-08-04 10:23:34,978 - INFO - conftest - Waiting for application window to become available.\n2025-08-04 10:23:34,979 - INFO - conftest - Switching back to original application window.\n2025-08-04 10:23:34,990 - INFO - conftest - Attempting to close overlay popup after login, if present.\n2025-08-04 10:23:42,504 - INFO - conftest - Overlay popup closed after login.\n\n------------------------------ Captured log setup ------------------------------\nINFO     conftest:conftest.py:18 Initializing Chrome WebDriver with suppressed logs.\nINFO     conftest:conftest.py:28 Maximizing browser window.\nINFO     conftest:conftest.py:31 Setting implicit wait to 10 seconds.\nINFO     conftest:conftest.py:36 Navigating to URL: https://bl-practice-attendance-app-stg-187791816934.asia-south1.run.app/admin\nINFO     conftest:conftest.py:48 Instantiating SignInPage object.\nINFO     conftest:conftest.py:51 Waiting for and clicking &amp;#x27;Sign in with Google&amp;#x27; button.\nINFO     SignInPage:SignInPage.py:32 Waiting for Google sign-in button.\nINFO     SignInPage:SignInPage.py:37 Clicking on &amp;#x27;Sign in with Google&amp;#x27; button.\nINFO     conftest:conftest.py:54 Waiting for Google login popup to appear.\nINFO     conftest:conftest.py:56 Switching to Google login popup window.\nINFO     conftest:conftest.py:59 Entering Google account email.\nINFO     SignInPage:SignInPage.py:42 Entering email as username\nINFO     conftest:conftest.py:61 Clicking &amp;#x27;Next&amp;#x27; after entering email.\nINFO     SignInPage:SignInPage.py:61 Clicking on &amp;#x27;Next&amp;#x27; button.\nINFO     conftest:conftest.py:64 Entering Google account password.\nINFO     SignInPage:SignInPage.py:51 Entering password.\nINFO     conftest:conftest.py:66 Clicking &amp;#x27;Next&amp;#x27; after entering password.\nINFO     SignInPage:SignInPage.py:61 Clicking on &amp;#x27;Next&amp;#x27; button.\nINFO     conftest:conftest.py:69 Waiting for application window to become available.\nINFO     conftest:conftest.py:71 Switching back to original application window.\nINFO     conftest:conftest.py:74 Attempting to close overlay popup after login, if present.\nINFO     conftest:conftest.py:81 Overlay popup closed after login.\n\n----------------------------- Captured stdout call -----------------------------\nLogin successful. Title is: BL Practice App\n--------------------------- Captured stderr teardown ---------------------------\n2025-08-04 10:23:42,526 - INFO - conftest - Quitting Chrome WebDriver.\n\n---------------------------- Captured log teardown -----------------------------\nINFO     conftest:conftest.py:41 Quitting Chrome WebDriver.&#34;}], &#34;com/bridgelabz/testcases/test_signinout_features.py::TestSignIn::test_sign_out&#34;: [{&#34;extras&#34;: [], &#34;result&#34;: &#34;Passed&#34;, &#34;testId&#34;: &#34;com/bridgelabz/testcases/test_signinout_features.py::TestSignIn::test_sign_out&#34;, &#34;duration&#34;: &#34;00:00:18&#34;, &#34;resultsTableRow&#34;: [&#34;&lt;td class=\&#34;col-result\&#34;&gt;Passed&lt;/td&gt;&#34;, &#34;&lt;td class=\&#34;col-testId\&#34;&gt;com/bridgelabz/testcases/test_signinout_features.py::TestSignIn::test_sign_out&lt;/td&gt;&#34;, &#34;&lt;td class=\&#34;col-duration\&#34;&gt;00:00:18&lt;/td&gt;&#34;, &#34;&lt;td class=\&#34;col-links\&#34;&gt;&lt;/td&gt;&#34;], &#34;log&#34;: &#34;---------------------------- Captured stderr setup -----------------------------\n2025-08-04 10:23:44,823 - INFO - conftest - Initializing Chrome WebDriver with suppressed logs.\n2025-08-04 10:23:46,064 - INFO - conftest - Maximizing browser window.\n2025-08-04 10:23:46,150 - INFO - conftest - Setting implicit wait to 10 seconds.\n2025-08-04 10:23:46,154 - INFO - conftest - Navigating to URL: https://bl-practice-attendance-app-stg-187791816934.asia-south1.run.app/admin\n2025-08-04 10:23:47,072 - INFO - conftest - Instantiating SignInPage object.\n2025-08-04 10:23:47,073 - INFO - conftest - Waiting for and clicking &amp;#x27;Sign in with Google&amp;#x27; button.\n2025-08-04 10:23:47,073 - INFO - SignInPage - Waiting for Google sign-in button.\n2025-08-04 10:23:47,484 - INFO - SignInPage - Clicking on &amp;#x27;Sign in with Google&amp;#x27; button.\n2025-08-04 10:23:47,836 - INFO - conftest - Waiting for Google login popup to appear.\n2025-08-04 10:23:47,851 - INFO - conftest - Switching to Google login popup window.\n2025-08-04 10:23:47,861 - INFO - conftest - Entering Google account email.\n2025-08-04 10:23:47,861 - INFO - SignInPage - Entering email as username\n2025-08-04 10:23:50,201 - INFO - conftest - Clicking &amp;#x27;Next&amp;#x27; after entering email.\n2025-08-04 10:23:50,202 - INFO - SignInPage - Clicking on &amp;#x27;Next&amp;#x27; button.\n2025-08-04 10:23:50,625 - INFO - conftest - Entering Google account password.\n2025-08-04 10:23:50,625 - INFO - SignInPage - Entering password.\n2025-08-04 10:23:52,756 - INFO - conftest - Clicking &amp;#x27;Next&amp;#x27; after entering password.\n2025-08-04 10:23:52,757 - INFO - SignInPage - Clicking on &amp;#x27;Next&amp;#x27; button.\n2025-08-04 10:23:52,924 - INFO - conftest - Waiting for application window to become available.\n2025-08-04 10:23:52,926 - INFO - conftest - Switching back to original application window.\n2025-08-04 10:23:52,934 - INFO - conftest - Attempting to close overlay popup after login, if present.\n2025-08-04 10:24:00,639 - INFO - conftest - Overlay popup closed after login.\n\n------------------------------ Captured log setup ------------------------------\nINFO     conftest:conftest.py:18 Initializing Chrome WebDriver with suppressed logs.\nINFO     conftest:conftest.py:28 Maximizing browser window.\nINFO     conftest:conftest.py:31 Setting implicit wait to 10 seconds.\nINFO     conftest:conftest.py:36 Navigating to URL: https://bl-practice-attendance-app-stg-187791816934.asia-south1.run.app/admin\nINFO     conftest:conftest.py:48 Instantiating SignInPage object.\nINFO     conftest:conftest.py:51 Waiting for and clicking &amp;#x27;Sign in with Google&amp;#x27; button.\nINFO     SignInPage:SignInPage.py:32 Waiting for Google sign-in button.\nINFO     SignInPage:SignInPage.py:37 Clicking on &amp;#x27;Sign in with Google&amp;#x27; button.\nINFO     conftest:conftest.py:54 Waiting for Google login popup to appear.\nINFO     conftest:conftest.py:56 Switching to Google login popup window.\nINFO     conftest:conftest.py:59 Entering Google account email.\nINFO     SignInPage:SignInPage.py:42 Entering email as username\nINFO     conftest:conftest.py:61 Clicking &amp;#x27;Next&amp;#x27; after entering email.\nINFO     SignInPage:SignInPage.py:61 Clicking on &amp;#x27;Next&amp;#x27; button.\nINFO     conftest:conftest.py:64 Entering Google account password.\nINFO     SignInPage:SignInPage.py:51 Entering password.\nINFO     conftest:conftest.py:66 Clicking &amp;#x27;Next&amp;#x27; after entering password.\nINFO     SignInPage:SignInPage.py:61 Clicking on &amp;#x27;Next&amp;#x27; button.\nINFO     conftest:conftest.py:69 Waiting for application window to become available.\nINFO     conftest:conftest.py:71 Switching back to original application window.\nINFO     conftest:conftest.py:74 Attempting to close overlay popup after login, if present.\nINFO     conftest:conftest.py:81 Overlay popup closed after login.\n\n----------------------------- Captured stdout call -----------------------------\nLogout successful.\n\n----------------------------- Captured stderr call -----------------------------\n2025-08-04 10:24:00,641 - INFO - SignInPage - Initiating logout process.\n2025-08-04 10:24:00,641 - INFO - SignInPage - Checking for overlay.\n2025-08-04 10:24:00,658 - INFO - SignInPage - Hiding overlay using JavaScript.\n2025-08-04 10:24:00,667 - INFO - SignInPage - Clicking on profile icon.\n2025-08-04 10:24:00,753 - INFO - SignInPage - Clicking on &amp;#x27;Sign Out&amp;#x27; button.\n2025-08-04 10:24:00,839 - INFO - SignInPage - User signed out successfully.\n\n------------------------------ Captured log call -------------------------------\nINFO     SignInPage:SignInPage.py:68 Initiating logout process.\nINFO     SignInPage:SignInPage.py:72 Checking for overlay.\nINFO     SignInPage:SignInPage.py:74 Hiding overlay using JavaScript.\nINFO     SignInPage:SignInPage.py:79 Clicking on profile icon.\nINFO     SignInPage:SignInPage.py:85 Clicking on &amp;#x27;Sign Out&amp;#x27; button.\nINFO     SignInPage:SignInPage.py:90 User signed out successfully.\n\n--------------------------- Captured stderr teardown ---------------------------\n2025-08-04 10:24:00,905 - INFO - conftest - Quitting Chrome WebDriver.\n\n---------------------------- Captured log teardown -----------------------------\nINFO     conftest:conftest.py:41 Quitting Chrome WebDriver.&#34;}]}, &#34;renderCollapsed&#34;: [&#34;passed&#34;], &#34;initialSort&#34;: &#34;result&#34;, &#34;title&#34;: &#34;sanity_report_2025-08-04_10-13-30.html&#34;}"></div>
    <script>
      (function(){function r(e,n,t){function o(i,f){if(!n[i]){if(!e[i]){var c="function"==typeof require&&require;if(!f&&c)return c(i,!0);if(u)return u(i,!0);var a=new Error("Cannot find module '"+i+"'");throw a.code="MODULE_NOT_FOUND",a}var p=n[i]={exports:{}};e[i][0].call(p.exports,function(r){var n=e[i][1][r];return o(n||r)},p,p.exports,r,e,n,t)}return n[i].exports}for(var u="function"==typeof require&&require,i=0;i<t.length;i++)o(t[i]);return o}return r})()({1:[function(require,module,exports){
const { getCollapsedCategory, setCollapsedIds } = require('./storage.js')

class DataManager {
    setManager(data) {
        const collapsedCategories = [...getCollapsedCategory(data.renderCollapsed)]
        const collapsedIds = []
        const tests = Object.values(data.tests).flat().map((test, index) => {
            const collapsed = collapsedCategories.includes(test.result.toLowerCase())
            const id = `test_${index}`
            if (collapsed) {
                collapsedIds.push(id)
            }
            return {
                ...test,
                id,
                collapsed,
            }
        })
        const dataBlob = { ...data, tests }
        this.data = { ...dataBlob }
        this.renderData = { ...dataBlob }
        setCollapsedIds(collapsedIds)
    }

    get allData() {
        return { ...this.data }
    }

    resetRender() {
        this.renderData = { ...this.data }
    }

    setRender(data) {
        this.renderData.tests = [...data]
    }

    toggleCollapsedItem(id) {
        this.renderData.tests = this.renderData.tests.map((test) =>
            test.id === id ? { ...test, collapsed: !test.collapsed } : test,
        )
    }

    set allCollapsed(collapsed) {
        this.renderData = { ...this.renderData, tests: [...this.renderData.tests.map((test) => (
            { ...test, collapsed }
        ))] }
    }

    get testSubset() {
        return [...this.renderData.tests]
    }

    get environment() {
        return this.renderData.environment
    }

    get initialSort() {
        return this.data.initialSort
    }
}

module.exports = {
    manager: new DataManager(),
}

},{"./storage.js":8}],2:[function(require,module,exports){
const mediaViewer = require('./mediaviewer.js')
const templateEnvRow = document.getElementById('template_environment_row')
const templateResult = document.getElementById('template_results-table__tbody')

function htmlToElements(html) {
    const temp = document.createElement('template')
    temp.innerHTML = html
    return temp.content.childNodes
}

const find = (selector, elem) => {
    if (!elem) {
        elem = document
    }
    return elem.querySelector(selector)
}

const findAll = (selector, elem) => {
    if (!elem) {
        elem = document
    }
    return [...elem.querySelectorAll(selector)]
}

const dom = {
    getStaticRow: (key, value) => {
        const envRow = templateEnvRow.content.cloneNode(true)
        const isObj = typeof value === 'object' && value !== null
        const values = isObj ? Object.keys(value).map((k) => `${k}: ${value[k]}`) : null

        const valuesElement = htmlToElements(
            values ? `<ul>${values.map((val) => `<li>${val}</li>`).join('')}<ul>` : `<div>${value}</div>`)[0]
        const td = findAll('td', envRow)
        td[0].textContent = key
        td[1].appendChild(valuesElement)

        return envRow
    },
    getResultTBody: ({ testId, id, log, extras, resultsTableRow, tableHtml, result, collapsed }) => {
        const resultBody = templateResult.content.cloneNode(true)
        resultBody.querySelector('tbody').classList.add(result.toLowerCase())
        resultBody.querySelector('tbody').id = testId
        resultBody.querySelector('.collapsible').dataset.id = id

        resultsTableRow.forEach((html) => {
            const t = document.createElement('template')
            t.innerHTML = html
            resultBody.querySelector('.collapsible').appendChild(t.content)
        })

        if (log) {
            // Wrap lines starting with "E" with span.error to color those lines red
            const wrappedLog = log.replace(/^E.*$/gm, (match) => `<span class="error">${match}</span>`)
            resultBody.querySelector('.log').innerHTML = wrappedLog
        } else {
            resultBody.querySelector('.log').remove()
        }

        if (collapsed) {
            resultBody.querySelector('.collapsible > td')?.classList.add('collapsed')
            resultBody.querySelector('.extras-row').classList.add('hidden')
        } else {
            resultBody.querySelector('.collapsible > td')?.classList.remove('collapsed')
        }

        const media = []
        extras?.forEach(({ name, format_type, content }) => {
            if (['image', 'video'].includes(format_type)) {
                media.push({ path: content, name, format_type })
            }

            if (format_type === 'html') {
                resultBody.querySelector('.extraHTML').insertAdjacentHTML('beforeend', `<div>${content}</div>`)
            }
        })
        mediaViewer.setup(resultBody, media)

        // Add custom html from the pytest_html_results_table_html hook
        tableHtml?.forEach((item) => {
            resultBody.querySelector('td[class="extra"]').insertAdjacentHTML('beforeend', item)
        })

        return resultBody
    },
}

module.exports = {
    dom,
    htmlToElements,
    find,
    findAll,
}

},{"./mediaviewer.js":6}],3:[function(require,module,exports){
const { manager } = require('./datamanager.js')
const { doSort } = require('./sort.js')
const storageModule = require('./storage.js')

const getFilteredSubSet = (filter) =>
    manager.allData.tests.filter(({ result }) => filter.includes(result.toLowerCase()))

const doInitFilter = () => {
    const currentFilter = storageModule.getVisible()
    const filteredSubset = getFilteredSubSet(currentFilter)
    manager.setRender(filteredSubset)
}

const doFilter = (type, show) => {
    if (show) {
        storageModule.showCategory(type)
    } else {
        storageModule.hideCategory(type)
    }

    const currentFilter = storageModule.getVisible()
    const filteredSubset = getFilteredSubSet(currentFilter)
    manager.setRender(filteredSubset)

    const sortColumn = storageModule.getSort()
    doSort(sortColumn, true)
}

module.exports = {
    doFilter,
    doInitFilter,
}

},{"./datamanager.js":1,"./sort.js":7,"./storage.js":8}],4:[function(require,module,exports){
const { redraw, bindEvents, renderStatic } = require('./main.js')
const { doInitFilter } = require('./filter.js')
const { doInitSort } = require('./sort.js')
const { manager } = require('./datamanager.js')
const data = JSON.parse(document.getElementById('data-container').dataset.jsonblob)

function init() {
    manager.setManager(data)
    doInitFilter()
    doInitSort()
    renderStatic()
    redraw()
    bindEvents()
}

init()

},{"./datamanager.js":1,"./filter.js":3,"./main.js":5,"./sort.js":7}],5:[function(require,module,exports){
const { dom, find, findAll } = require('./dom.js')
const { manager } = require('./datamanager.js')
const { doSort } = require('./sort.js')
const { doFilter } = require('./filter.js')
const {
    getVisible,
    getCollapsedIds,
    setCollapsedIds,
    getSort,
    getSortDirection,
    possibleFilters,
} = require('./storage.js')

const removeChildren = (node) => {
    while (node.firstChild) {
        node.removeChild(node.firstChild)
    }
}

const renderStatic = () => {
    const renderEnvironmentTable = () => {
        const environment = manager.environment
        const rows = Object.keys(environment).map((key) => dom.getStaticRow(key, environment[key]))
        const table = document.getElementById('environment')
        removeChildren(table)
        rows.forEach((row) => table.appendChild(row))
    }
    renderEnvironmentTable()
}

const addItemToggleListener = (elem) => {
    elem.addEventListener('click', ({ target }) => {
        const id = target.parentElement.dataset.id
        manager.toggleCollapsedItem(id)

        const collapsedIds = getCollapsedIds()
        if (collapsedIds.includes(id)) {
            const updated = collapsedIds.filter((item) => item !== id)
            setCollapsedIds(updated)
        } else {
            collapsedIds.push(id)
            setCollapsedIds(collapsedIds)
        }
        redraw()
    })
}

const renderContent = (tests) => {
    const sortAttr = getSort(manager.initialSort)
    const sortAsc = JSON.parse(getSortDirection())
    const rows = tests.map(dom.getResultTBody)
    const table = document.getElementById('results-table')
    const tableHeader = document.getElementById('results-table-head')

    const newTable = document.createElement('table')
    newTable.id = 'results-table'

    // remove all sorting classes and set the relevant
    findAll('.sortable', tableHeader).forEach((elem) => elem.classList.remove('asc', 'desc'))
    tableHeader.querySelector(`.sortable[data-column-type="${sortAttr}"]`)?.classList.add(sortAsc ? 'desc' : 'asc')
    newTable.appendChild(tableHeader)

    if (!rows.length) {
        const emptyTable = document.getElementById('template_results-table__body--empty').content.cloneNode(true)
        newTable.appendChild(emptyTable)
    } else {
        rows.forEach((row) => {
            if (!!row) {
                findAll('.collapsible td:not(.col-links', row).forEach(addItemToggleListener)
                find('.logexpander', row).addEventListener('click',
                    (evt) => evt.target.parentNode.classList.toggle('expanded'),
                )
                newTable.appendChild(row)
            }
        })
    }

    table.replaceWith(newTable)
}

const renderDerived = () => {
    const currentFilter = getVisible()
    possibleFilters.forEach((result) => {
        const input = document.querySelector(`input[data-test-result="${result}"]`)
        input.checked = currentFilter.includes(result)
    })
}

const bindEvents = () => {
    const filterColumn = (evt) => {
        const { target: element } = evt
        const { testResult } = element.dataset

        doFilter(testResult, element.checked)
        const collapsedIds = getCollapsedIds()
        const updated = manager.renderData.tests.map((test) => {
            return {
                ...test,
                collapsed: collapsedIds.includes(test.id),
            }
        })
        manager.setRender(updated)
        redraw()
    }

    const header = document.getElementById('environment-header')
    header.addEventListener('click', () => {
        const table = document.getElementById('environment')
        table.classList.toggle('hidden')
        header.classList.toggle('collapsed')
    })

    findAll('input[name="filter_checkbox"]').forEach((elem) => {
        elem.addEventListener('click', filterColumn)
    })

    findAll('.sortable').forEach((elem) => {
        elem.addEventListener('click', (evt) => {
            const { target: element } = evt
            const { columnType } = element.dataset
            doSort(columnType)
            redraw()
        })
    })

    document.getElementById('show_all_details').addEventListener('click', () => {
        manager.allCollapsed = false
        setCollapsedIds([])
        redraw()
    })
    document.getElementById('hide_all_details').addEventListener('click', () => {
        manager.allCollapsed = true
        const allIds = manager.renderData.tests.map((test) => test.id)
        setCollapsedIds(allIds)
        redraw()
    })
}

const redraw = () => {
    const { testSubset } = manager

    renderContent(testSubset)
    renderDerived()
}

module.exports = {
    redraw,
    bindEvents,
    renderStatic,
}

},{"./datamanager.js":1,"./dom.js":2,"./filter.js":3,"./sort.js":7,"./storage.js":8}],6:[function(require,module,exports){
class MediaViewer {
    constructor(assets) {
        this.assets = assets
        this.index = 0
    }

    nextActive() {
        this.index = this.index === this.assets.length - 1 ? 0 : this.index + 1
        return [this.activeFile, this.index]
    }

    prevActive() {
        this.index = this.index === 0 ? this.assets.length - 1 : this.index -1
        return [this.activeFile, this.index]
    }

    get currentIndex() {
        return this.index
    }

    get activeFile() {
        return this.assets[this.index]
    }
}


const setup = (resultBody, assets) => {
    if (!assets.length) {
        resultBody.querySelector('.media').classList.add('hidden')
        return
    }

    const mediaViewer = new MediaViewer(assets)
    const container = resultBody.querySelector('.media-container')
    const leftArrow = resultBody.querySelector('.media-container__nav--left')
    const rightArrow = resultBody.querySelector('.media-container__nav--right')
    const mediaName = resultBody.querySelector('.media__name')
    const counter = resultBody.querySelector('.media__counter')
    const imageEl = resultBody.querySelector('img')
    const sourceEl = resultBody.querySelector('source')
    const videoEl = resultBody.querySelector('video')

    const setImg = (media, index) => {
        if (media?.format_type === 'image') {
            imageEl.src = media.path

            imageEl.classList.remove('hidden')
            videoEl.classList.add('hidden')
        } else if (media?.format_type === 'video') {
            sourceEl.src = media.path

            videoEl.classList.remove('hidden')
            imageEl.classList.add('hidden')
        }

        mediaName.innerText = media?.name
        counter.innerText = `${index + 1} / ${assets.length}`
    }
    setImg(mediaViewer.activeFile, mediaViewer.currentIndex)

    const moveLeft = () => {
        const [media, index] = mediaViewer.prevActive()
        setImg(media, index)
    }
    const doRight = () => {
        const [media, index] = mediaViewer.nextActive()
        setImg(media, index)
    }
    const openImg = () => {
        window.open(mediaViewer.activeFile.path, '_blank')
    }
    if (assets.length === 1) {
        container.classList.add('media-container--fullscreen')
    } else {
        leftArrow.addEventListener('click', moveLeft)
        rightArrow.addEventListener('click', doRight)
    }
    imageEl.addEventListener('click', openImg)
}

module.exports = {
    setup,
}

},{}],7:[function(require,module,exports){
const { manager } = require('./datamanager.js')
const storageModule = require('./storage.js')

const genericSort = (list, key, ascending, customOrder) => {
    let sorted
    if (customOrder) {
        sorted = list.sort((a, b) => {
            const aValue = a.result.toLowerCase()
            const bValue = b.result.toLowerCase()

            const aIndex = customOrder.findIndex((item) => item.toLowerCase() === aValue)
            const bIndex = customOrder.findIndex((item) => item.toLowerCase() === bValue)

            // Compare the indices to determine the sort order
            return aIndex - bIndex
        })
    } else {
        sorted = list.sort((a, b) => a[key] === b[key] ? 0 : a[key] > b[key] ? 1 : -1)
    }

    if (ascending) {
        sorted.reverse()
    }
    return sorted
}

const durationSort = (list, ascending) => {
    const parseDuration = (duration) => {
        if (duration.includes(':')) {
            // If it's in the format "HH:mm:ss"
            const [hours, minutes, seconds] = duration.split(':').map(Number)
            return (hours * 3600 + minutes * 60 + seconds) * 1000
        } else {
            // If it's in the format "nnn ms"
            return parseInt(duration)
        }
    }
    const sorted = list.sort((a, b) => parseDuration(a['duration']) - parseDuration(b['duration']))
    if (ascending) {
        sorted.reverse()
    }
    return sorted
}

const doInitSort = () => {
    const type = storageModule.getSort(manager.initialSort)
    const ascending = storageModule.getSortDirection()
    const list = manager.testSubset
    const initialOrder = ['Error', 'Failed', 'Rerun', 'XFailed', 'XPassed', 'Skipped', 'Passed']

    storageModule.setSort(type)
    storageModule.setSortDirection(ascending)

    if (type?.toLowerCase() === 'original') {
        manager.setRender(list)
    } else {
        let sortedList
        switch (type) {
        case 'duration':
            sortedList = durationSort(list, ascending)
            break
        case 'result':
            sortedList = genericSort(list, type, ascending, initialOrder)
            break
        default:
            sortedList = genericSort(list, type, ascending)
            break
        }
        manager.setRender(sortedList)
    }
}

const doSort = (type, skipDirection) => {
    const newSortType = storageModule.getSort(manager.initialSort) !== type
    const currentAsc = storageModule.getSortDirection()
    let ascending
    if (skipDirection) {
        ascending = currentAsc
    } else {
        ascending = newSortType ? false : !currentAsc
    }
    storageModule.setSort(type)
    storageModule.setSortDirection(ascending)

    const list = manager.testSubset
    const sortedList = type === 'duration' ? durationSort(list, ascending) : genericSort(list, type, ascending)
    manager.setRender(sortedList)
}

module.exports = {
    doInitSort,
    doSort,
}

},{"./datamanager.js":1,"./storage.js":8}],8:[function(require,module,exports){
const possibleFilters = [
    'passed',
    'skipped',
    'failed',
    'error',
    'xfailed',
    'xpassed',
    'rerun',
]

const getVisible = () => {
    const url = new URL(window.location.href)
    const settings = new URLSearchParams(url.search).get('visible')
    const lower = (item) => {
        const lowerItem = item.toLowerCase()
        if (possibleFilters.includes(lowerItem)) {
            return lowerItem
        }
        return null
    }
    return settings === null ?
        possibleFilters :
        [...new Set(settings?.split(',').map(lower).filter((item) => item))]
}

const hideCategory = (categoryToHide) => {
    const url = new URL(window.location.href)
    const visibleParams = new URLSearchParams(url.search).get('visible')
    const currentVisible = visibleParams ? visibleParams.split(',') : [...possibleFilters]
    const settings = [...new Set(currentVisible)].filter((f) => f !== categoryToHide).join(',')

    url.searchParams.set('visible', settings)
    window.history.pushState({}, null, unescape(url.href))
}

const showCategory = (categoryToShow) => {
    if (typeof window === 'undefined') {
        return
    }
    const url = new URL(window.location.href)
    const currentVisible = new URLSearchParams(url.search).get('visible')?.split(',').filter(Boolean) ||
        [...possibleFilters]
    const settings = [...new Set([categoryToShow, ...currentVisible])]
    const noFilter = possibleFilters.length === settings.length || !settings.length

    noFilter ? url.searchParams.delete('visible') : url.searchParams.set('visible', settings.join(','))
    window.history.pushState({}, null, unescape(url.href))
}

const getSort = (initialSort) => {
    const url = new URL(window.location.href)
    let sort = new URLSearchParams(url.search).get('sort')
    if (!sort) {
        sort = initialSort || 'result'
    }
    return sort
}

const setSort = (type) => {
    const url = new URL(window.location.href)
    url.searchParams.set('sort', type)
    window.history.pushState({}, null, unescape(url.href))
}

const getCollapsedCategory = (renderCollapsed) => {
    let categories
    if (typeof window !== 'undefined') {
        const url = new URL(window.location.href)
        const collapsedItems = new URLSearchParams(url.search).get('collapsed')
        switch (true) {
        case !renderCollapsed && collapsedItems === null:
            categories = ['passed']
            break
        case collapsedItems?.length === 0 || /^["']{2}$/.test(collapsedItems):
            categories = []
            break
        case /^all$/.test(collapsedItems) || collapsedItems === null && /^all$/.test(renderCollapsed):
            categories = [...possibleFilters]
            break
        default:
            categories = collapsedItems?.split(',').map((item) => item.toLowerCase()) || renderCollapsed
            break
        }
    } else {
        categories = []
    }
    return categories
}

const getSortDirection = () => JSON.parse(sessionStorage.getItem('sortAsc')) || false
const setSortDirection = (ascending) => sessionStorage.setItem('sortAsc', ascending)

const getCollapsedIds = () => JSON.parse(sessionStorage.getItem('collapsedIds')) || []
const setCollapsedIds = (list) => sessionStorage.setItem('collapsedIds', JSON.stringify(list))

module.exports = {
    getVisible,
    hideCategory,
    showCategory,
    getCollapsedIds,
    setCollapsedIds,
    getSort,
    setSort,
    getSortDirection,
    setSortDirection,
    getCollapsedCategory,
    possibleFilters,
}

},{}]},{},[4]);
    </script>
  </footer>
</html>