<!DOCTYPE html>
<html>
  <head>
    <meta charset="utf-8"/>
    <title id="head-title">sanity_report_2025-08-04_10-05-40.html</title>
      <style type="text/css">body {
  font-family: Helvetica, Arial, sans-serif;
  font-size: 12px;
  /* do not increase min-width as some may use split screens */
  min-width: 800px;
  color: #999;
}

h1 {
  font-size: 24px;
  color: black;
}

h2 {
  font-size: 16px;
  color: black;
}

p {
  color: black;
}

a {
  color: #999;
}

table {
  border-collapse: collapse;
}

/******************************
 * SUMMARY INFORMATION
 ******************************/
#environment td {
  padding: 5px;
  border: 1px solid #e6e6e6;
  vertical-align: top;
}
#environment tr:nth-child(odd) {
  background-color: #f6f6f6;
}
#environment ul {
  margin: 0;
  padding: 0 20px;
}

/******************************
 * TEST RESULT COLORS
 ******************************/
span.passed,
.passed .col-result {
  color: green;
}

span.skipped,
span.xfailed,
span.rerun,
.skipped .col-result,
.xfailed .col-result,
.rerun .col-result {
  color: orange;
}

span.error,
span.failed,
span.xpassed,
.error .col-result,
.failed .col-result,
.xpassed .col-result {
  color: red;
}

.col-links__extra {
  margin-right: 3px;
}

/******************************
 * RESULTS TABLE
 *
 * 1. Table Layout
 * 2. Extra
 * 3. Sorting items
 *
 ******************************/
/*------------------
 * 1. Table Layout
 *------------------*/
#results-table {
  border: 1px solid #e6e6e6;
  color: #999;
  font-size: 12px;
  width: 100%;
}
#results-table th,
#results-table td {
  padding: 5px;
  border: 1px solid #e6e6e6;
  text-align: left;
}
#results-table th {
  font-weight: bold;
}

/*------------------
 * 2. Extra
 *------------------*/
.logwrapper {
  max-height: 230px;
  overflow-y: scroll;
  background-color: #e6e6e6;
}
.logwrapper.expanded {
  max-height: none;
}
.logwrapper.expanded .logexpander:after {
  content: "collapse [-]";
}
.logwrapper .logexpander {
  z-index: 1;
  position: sticky;
  top: 10px;
  width: max-content;
  border: 1px solid;
  border-radius: 3px;
  padding: 5px 7px;
  margin: 10px 0 10px calc(100% - 80px);
  cursor: pointer;
  background-color: #e6e6e6;
}
.logwrapper .logexpander:after {
  content: "expand [+]";
}
.logwrapper .logexpander:hover {
  color: #000;
  border-color: #000;
}
.logwrapper .log {
  min-height: 40px;
  position: relative;
  top: -50px;
  height: calc(100% + 50px);
  border: 1px solid #e6e6e6;
  color: black;
  display: block;
  font-family: "Courier New", Courier, monospace;
  padding: 5px;
  padding-right: 80px;
  white-space: pre-wrap;
}

div.media {
  border: 1px solid #e6e6e6;
  float: right;
  height: 240px;
  margin: 0 5px;
  overflow: hidden;
  width: 320px;
}

.media-container {
  display: grid;
  grid-template-columns: 25px auto 25px;
  align-items: center;
  flex: 1 1;
  overflow: hidden;
  height: 200px;
}

.media-container--fullscreen {
  grid-template-columns: 0px auto 0px;
}

.media-container__nav--right,
.media-container__nav--left {
  text-align: center;
  cursor: pointer;
}

.media-container__viewport {
  cursor: pointer;
  text-align: center;
  height: inherit;
}
.media-container__viewport img,
.media-container__viewport video {
  object-fit: cover;
  width: 100%;
  max-height: 100%;
}

.media__name,
.media__counter {
  display: flex;
  flex-direction: row;
  justify-content: space-around;
  flex: 0 0 25px;
  align-items: center;
}

.collapsible td:not(.col-links) {
  cursor: pointer;
}
.collapsible td:not(.col-links):hover::after {
  color: #bbb;
  font-style: italic;
  cursor: pointer;
}

.col-result {
  width: 130px;
}
.col-result:hover::after {
  content: " (hide details)";
}

.col-result.collapsed:hover::after {
  content: " (show details)";
}

#environment-header h2:hover::after {
  content: " (hide details)";
  color: #bbb;
  font-style: italic;
  cursor: pointer;
  font-size: 12px;
}

#environment-header.collapsed h2:hover::after {
  content: " (show details)";
  color: #bbb;
  font-style: italic;
  cursor: pointer;
  font-size: 12px;
}

/*------------------
 * 3. Sorting items
 *------------------*/
.sortable {
  cursor: pointer;
}
.sortable.desc:after {
  content: " ";
  position: relative;
  left: 5px;
  bottom: -12.5px;
  border: 10px solid #4caf50;
  border-bottom: 0;
  border-left-color: transparent;
  border-right-color: transparent;
}
.sortable.asc:after {
  content: " ";
  position: relative;
  left: 5px;
  bottom: 12.5px;
  border: 10px solid #4caf50;
  border-top: 0;
  border-left-color: transparent;
  border-right-color: transparent;
}

.hidden, .summary__reload__button.hidden {
  display: none;
}

.summary__data {
  flex: 0 0 550px;
}
.summary__reload {
  flex: 1 1;
  display: flex;
  justify-content: center;
}
.summary__reload__button {
  flex: 0 0 300px;
  display: flex;
  color: white;
  font-weight: bold;
  background-color: #4caf50;
  text-align: center;
  justify-content: center;
  align-items: center;
  border-radius: 3px;
  cursor: pointer;
}
.summary__reload__button:hover {
  background-color: #46a049;
}
.summary__spacer {
  flex: 0 0 550px;
}

.controls {
  display: flex;
  justify-content: space-between;
}

.filters,
.collapse {
  display: flex;
  align-items: center;
}
.filters button,
.collapse button {
  color: #999;
  border: none;
  background: none;
  cursor: pointer;
  text-decoration: underline;
}
.filters button:hover,
.collapse button:hover {
  color: #ccc;
}

.filter__label {
  margin-right: 10px;
}

      </style>
    
  </head>
  <body>
    <h1 id="title">sanity_report_2025-08-04_10-05-40.html</h1>
    <p>Report generated on 04-Aug-2025 at 10:10:27 by <a href="https://pypi.python.org/pypi/pytest-html">pytest-html</a>
        v4.1.1</p>
    <div id="environment-header">
      <h2>Environment</h2>
    </div>
    <table id="environment"></table>
    <!-- TEMPLATES -->
      <template id="template_environment_row">
      <tr>
        <td></td>
        <td></td>
      </tr>
    </template>
    <template id="template_results-table__body--empty">
      <tbody class="results-table-row">
        <tr id="not-found-message">
          <td colspan="4">No results found. Check the filters.</th>
        </tr>
    </template>
    <template id="template_results-table__tbody">
      <tbody class="results-table-row">
        <tr class="collapsible">
        </tr>
        <tr class="extras-row">
          <td class="extra" colspan="4">
            <div class="extraHTML"></div>
            <div class="media">
              <div class="media-container">
                  <div class="media-container__nav--left"><</div>
                  <div class="media-container__viewport">
                    <img src="" />
                    <video controls>
                      <source src="" type="video/mp4">
                    </video>
                  </div>
                  <div class="media-container__nav--right">></div>
                </div>
                <div class="media__name"></div>
                <div class="media__counter"></div>
            </div>
            <div class="logwrapper">
              <div class="logexpander"></div>
              <div class="log"></div>
            </div>
          </td>
        </tr>
      </tbody>
    </template>
    <!-- END TEMPLATES -->
    <div class="summary">
      <div class="summary__data">
        <h2>Summary</h2>
        <div class="additional-summary prefix">
        </div>
        <p class="run-count">9 tests took 00:04:41.</p>
        <p class="filter">(Un)check the boxes to filter the results.</p>
        <div class="summary__reload">
          <div class="summary__reload__button hidden" onclick="location.reload()">
            <div>There are still tests running. <br />Reload this page to get the latest results!</div>
          </div>
        </div>
        <div class="summary__spacer"></div>
        <div class="controls">
          <div class="filters">
            <input checked="true" class="filter" name="filter_checkbox" type="checkbox" data-test-result="failed" />
            <span class="failed">5 Failed,</span>
            <input checked="true" class="filter" name="filter_checkbox" type="checkbox" data-test-result="passed" />
            <span class="passed">4 Passed,</span>
            <input checked="true" class="filter" name="filter_checkbox" type="checkbox" data-test-result="skipped" disabled/>
            <span class="skipped">0 Skipped,</span>
            <input checked="true" class="filter" name="filter_checkbox" type="checkbox" data-test-result="xfailed" disabled/>
            <span class="xfailed">0 Expected failures,</span>
            <input checked="true" class="filter" name="filter_checkbox" type="checkbox" data-test-result="xpassed" disabled/>
            <span class="xpassed">0 Unexpected passes,</span>
            <input checked="true" class="filter" name="filter_checkbox" type="checkbox" data-test-result="error" disabled/>
            <span class="error">0 Errors,</span>
            <input checked="true" class="filter" name="filter_checkbox" type="checkbox" data-test-result="rerun" disabled/>
            <span class="rerun">0 Reruns</span>
          </div>
          <div class="collapse">
            <button id="show_all_details">Show all details</button>&nbsp;/&nbsp;<button id="hide_all_details">Hide all details</button>
          </div>
        </div>
      </div>
      <div class="additional-summary summary">
      </div>
      <div class="additional-summary postfix">
      </div>
    </div>
    <table id="results-table">
      <thead id="results-table-head">
        <tr>
          <th class="sortable" data-column-type="result">Result</th>
          <th class="sortable" data-column-type="testId">Test</th>
          <th class="sortable" data-column-type="duration">Duration</th>
          <th>Links</th>
        </tr>
      </thead>
    </table>
  </body>
  <footer>
    <div id="data-container" data-jsonblob="{&#34;environment&#34;: {&#34;Python&#34;: &#34;3.13.3&#34;, &#34;Platform&#34;: &#34;Windows-11-10.0.26100-SP0&#34;, &#34;Packages&#34;: {&#34;pytest&#34;: &#34;8.4.1&#34;, &#34;pluggy&#34;: &#34;1.6.0&#34;}, &#34;Plugins&#34;: {&#34;forked&#34;: &#34;1.6.0&#34;, &#34;html&#34;: &#34;4.1.1&#34;, &#34;metadata&#34;: &#34;3.1.1&#34;, &#34;xdist&#34;: &#34;3.8.0&#34;}, &#34;JAVA_HOME&#34;: &#34;C:\\Program Files\\Java\\jdk-22&#34;}, &#34;tests&#34;: {&#34;com/bridgelabz/testcases/test_checkin_out_report.py::TestCheckinOutReport::test_view_checkin_checkout_report&#34;: [{&#34;extras&#34;: [], &#34;result&#34;: &#34;Passed&#34;, &#34;testId&#34;: &#34;com/bridgelabz/testcases/test_checkin_out_report.py::TestCheckinOutReport::test_view_checkin_checkout_report&#34;, &#34;duration&#34;: &#34;00:00:36&#34;, &#34;resultsTableRow&#34;: [&#34;&lt;td class=\&#34;col-result\&#34;&gt;Passed&lt;/td&gt;&#34;, &#34;&lt;td class=\&#34;col-testId\&#34;&gt;com/bridgelabz/testcases/test_checkin_out_report.py::TestCheckinOutReport::test_view_checkin_checkout_report&lt;/td&gt;&#34;, &#34;&lt;td class=\&#34;col-duration\&#34;&gt;00:00:36&lt;/td&gt;&#34;, &#34;&lt;td class=\&#34;col-links\&#34;&gt;&lt;/td&gt;&#34;], &#34;log&#34;: &#34;---------------------------- Captured stderr setup -----------------------------\n2025-08-04 10:05:42,364 - INFO - conftest - Initializing Chrome WebDriver with suppressed logs.\n2025-08-04 10:05:44,572 - INFO - conftest - Maximizing browser window.\n2025-08-04 10:05:44,719 - INFO - conftest - Setting implicit wait to 10 seconds.\n2025-08-04 10:05:44,728 - INFO - conftest - Navigating to URL: https://bl-practice-attendance-app-stg-187791816934.asia-south1.run.app/admin\n2025-08-04 10:05:56,842 - INFO - conftest - Instantiating SignInPage object.\n2025-08-04 10:05:56,844 - INFO - conftest - Waiting for and clicking &amp;#x27;Sign in with Google&amp;#x27; button.\n2025-08-04 10:05:56,844 - INFO - SignInPage - Waiting for Google sign-in button.\n2025-08-04 10:05:57,270 - INFO - SignInPage - Clicking on &amp;#x27;Sign in with Google&amp;#x27; button.\n2025-08-04 10:05:57,540 - INFO - conftest - Waiting for Google login popup to appear.\n2025-08-04 10:05:57,552 - INFO - conftest - Switching to Google login popup window.\n2025-08-04 10:05:57,571 - INFO - conftest - Entering Google account email.\n2025-08-04 10:05:57,571 - INFO - SignInPage - Entering email as username\n2025-08-04 10:05:59,478 - INFO - conftest - Clicking &amp;#x27;Next&amp;#x27; after entering email.\n2025-08-04 10:05:59,478 - INFO - SignInPage - Clicking on &amp;#x27;Next&amp;#x27; button.\n2025-08-04 10:05:59,921 - INFO - conftest - Entering Google account password.\n2025-08-04 10:05:59,921 - INFO - SignInPage - Entering password.\n2025-08-04 10:06:01,827 - INFO - conftest - Clicking &amp;#x27;Next&amp;#x27; after entering password.\n2025-08-04 10:06:01,828 - INFO - SignInPage - Clicking on &amp;#x27;Next&amp;#x27; button.\n2025-08-04 10:06:02,036 - INFO - conftest - Waiting for application window to become available.\n2025-08-04 10:06:02,038 - INFO - conftest - Switching back to original application window.\n2025-08-04 10:06:02,047 - INFO - conftest - Attempting to close overlay popup after login, if present.\n2025-08-04 10:06:08,371 - INFO - conftest - Overlay popup closed after login.\n\n------------------------------ Captured log setup ------------------------------\nINFO     conftest:conftest.py:18 Initializing Chrome WebDriver with suppressed logs.\nINFO     conftest:conftest.py:28 Maximizing browser window.\nINFO     conftest:conftest.py:31 Setting implicit wait to 10 seconds.\nINFO     conftest:conftest.py:36 Navigating to URL: https://bl-practice-attendance-app-stg-187791816934.asia-south1.run.app/admin\nINFO     conftest:conftest.py:48 Instantiating SignInPage object.\nINFO     conftest:conftest.py:51 Waiting for and clicking &amp;#x27;Sign in with Google&amp;#x27; button.\nINFO     SignInPage:SignInPage.py:32 Waiting for Google sign-in button.\nINFO     SignInPage:SignInPage.py:37 Clicking on &amp;#x27;Sign in with Google&amp;#x27; button.\nINFO     conftest:conftest.py:54 Waiting for Google login popup to appear.\nINFO     conftest:conftest.py:56 Switching to Google login popup window.\nINFO     conftest:conftest.py:59 Entering Google account email.\nINFO     SignInPage:SignInPage.py:42 Entering email as username\nINFO     conftest:conftest.py:61 Clicking &amp;#x27;Next&amp;#x27; after entering email.\nINFO     SignInPage:SignInPage.py:61 Clicking on &amp;#x27;Next&amp;#x27; button.\nINFO     conftest:conftest.py:64 Entering Google account password.\nINFO     SignInPage:SignInPage.py:51 Entering password.\nINFO     conftest:conftest.py:66 Clicking &amp;#x27;Next&amp;#x27; after entering password.\nINFO     SignInPage:SignInPage.py:61 Clicking on &amp;#x27;Next&amp;#x27; button.\nINFO     conftest:conftest.py:69 Waiting for application window to become available.\nINFO     conftest:conftest.py:71 Switching back to original application window.\nINFO     conftest:conftest.py:74 Attempting to close overlay popup after login, if present.\nINFO     conftest:conftest.py:81 Overlay popup closed after login.\n\n----------------------------- Captured stderr call -----------------------------\n2025-08-04 10:06:08,373 - INFO - CheckInOutReport - Navigating to CheckIn-Out Report tab.\n2025-08-04 10:06:08,482 - INFO - CheckInOutReport - Filling dropdowns and fields for report generation.\n2025-08-04 10:06:08,482 - INFO - CheckInOutReport - Selecting option &amp;#x27;P&amp;amp;A Phase 2&amp;#x27; for dropdown with xpath: //label[text()=&amp;#x27;COE*&amp;#x27;]/following-sibling::div//div[@role=&amp;#x27;combobox&amp;#x27;]\n2025-08-04 10:06:09,471 - INFO - CheckInOutReport - Option &amp;#x27;P&amp;amp;A Phase 2&amp;#x27; selected successfully.\n2025-08-04 10:06:09,472 - INFO - CheckInOutReport - Selecting option &amp;#x27;Fellowship&amp;#x27; for dropdown with xpath: //label[text()=&amp;#x27;Lab Type*&amp;#x27;]/following-sibling::div//div[@role=&amp;#x27;combobox&amp;#x27;]\n2025-08-04 10:06:10,560 - INFO - CheckInOutReport - Option &amp;#x27;Fellowship&amp;#x27; selected successfully.\n2025-08-04 10:06:10,560 - INFO - CheckInOutReport - Typing attendance name: July 16\n2025-08-04 10:06:11,818 - INFO - CheckInOutReport - Attendance name selected.\n2025-08-04 10:06:11,818 - INFO - CheckInOutReport - Selecting option &amp;#x27;10:00 AM - 04:00 PM&amp;#x27; for dropdown with xpath: //label[normalize-space()=&amp;#x27;Session Time&amp;#x27;]/following-sibling::div//div[@role=&amp;#x27;combobox&amp;#x27;]\n2025-08-04 10:06:12,631 - INFO - CheckInOutReport - Option &amp;#x27;10:00 AM - 04:00 PM&amp;#x27; selected successfully.\n2025-08-04 10:06:12,631 - INFO - CheckInOutReport - Setting date &amp;#x27;2025-05-01&amp;#x27; using JS for xpath: //input[@name=&amp;#x27;fromDate&amp;#x27;]\n2025-08-04 10:06:13,680 - INFO - CheckInOutReport - Date &amp;#x27;2025-05-01&amp;#x27; set successfully for xpath: //input[@name=&amp;#x27;fromDate&amp;#x27;]\n2025-08-04 10:06:13,681 - INFO - CheckInOutReport - Setting date &amp;#x27;2025-07-01&amp;#x27; using JS for xpath: //input[@name=&amp;#x27;toDate&amp;#x27;]\n2025-08-04 10:06:14,785 - INFO - CheckInOutReport - Date &amp;#x27;2025-07-01&amp;#x27; set successfully for xpath: //input[@name=&amp;#x27;toDate&amp;#x27;]\n2025-08-04 10:06:14,786 - INFO - CheckInOutReport - Clicking the VIEW button.\n2025-08-04 10:06:15,925 - INFO - CheckInOutReport - CheckIn and CheckOut report validated successfully. &amp;#x27;#CheckIn Count&amp;#x27; column found.\n\n------------------------------ Captured log call -------------------------------\nINFO     CheckInOutReport:CheckInOutReport.py:44 Navigating to CheckIn-Out Report tab.\nINFO     CheckInOutReport:CheckInOutReport.py:47 Filling dropdowns and fields for report generation.\nINFO     CheckInOutReport:CheckInOutReport.py:25 Selecting option &amp;#x27;P&amp;amp;A Phase 2&amp;#x27; for dropdown with xpath: //label[text()=&amp;#x27;COE*&amp;#x27;]/following-sibling::div//div[@role=&amp;#x27;combobox&amp;#x27;]\nINFO     CheckInOutReport:CheckInOutReport.py:30 Option &amp;#x27;P&amp;amp;A Phase 2&amp;#x27; selected successfully.\nINFO     CheckInOutReport:CheckInOutReport.py:25 Selecting option &amp;#x27;Fellowship&amp;#x27; for dropdown with xpath: //label[text()=&amp;#x27;Lab Type*&amp;#x27;]/following-sibling::div//div[@role=&amp;#x27;combobox&amp;#x27;]\nINFO     CheckInOutReport:CheckInOutReport.py:30 Option &amp;#x27;Fellowship&amp;#x27; selected successfully.\nINFO     CheckInOutReport:CheckInOutReport.py:51 Typing attendance name: July 16\nINFO     CheckInOutReport:CheckInOutReport.py:55 Attendance name selected.\nINFO     CheckInOutReport:CheckInOutReport.py:25 Selecting option &amp;#x27;10:00 AM - 04:00 PM&amp;#x27; for dropdown with xpath: //label[normalize-space()=&amp;#x27;Session Time&amp;#x27;]/following-sibling::div//div[@role=&amp;#x27;combobox&amp;#x27;]\nINFO     CheckInOutReport:CheckInOutReport.py:30 Option &amp;#x27;10:00 AM - 04:00 PM&amp;#x27; selected successfully.\nINFO     CheckInOutReport:CheckInOutReport.py:33 Setting date &amp;#x27;2025-05-01&amp;#x27; using JS for xpath: //input[@name=&amp;#x27;fromDate&amp;#x27;]\nINFO     CheckInOutReport:CheckInOutReport.py:41 Date &amp;#x27;2025-05-01&amp;#x27; set successfully for xpath: //input[@name=&amp;#x27;fromDate&amp;#x27;]\nINFO     CheckInOutReport:CheckInOutReport.py:33 Setting date &amp;#x27;2025-07-01&amp;#x27; using JS for xpath: //input[@name=&amp;#x27;toDate&amp;#x27;]\nINFO     CheckInOutReport:CheckInOutReport.py:41 Date &amp;#x27;2025-07-01&amp;#x27; set successfully for xpath: //input[@name=&amp;#x27;toDate&amp;#x27;]\nINFO     CheckInOutReport:CheckInOutReport.py:62 Clicking the VIEW button.\nINFO     CheckInOutReport:CheckInOutReport.py:67 CheckIn and CheckOut report validated successfully. &amp;#x27;#CheckIn Count&amp;#x27; column found.\n\n--------------------------- Captured stderr teardown ---------------------------\n2025-08-04 10:06:15,926 - INFO - conftest - Quitting Chrome WebDriver.\n\n---------------------------- Captured log teardown -----------------------------\nINFO     conftest:conftest.py:41 Quitting Chrome WebDriver.&#34;}], &#34;com/bridgelabz/testcases/test_coder_distribution.py::TestCoderDistribution::test_view_coder_distribution_report&#34;: [{&#34;extras&#34;: [], &#34;result&#34;: &#34;Passed&#34;, &#34;testId&#34;: &#34;com/bridgelabz/testcases/test_coder_distribution.py::TestCoderDistribution::test_view_coder_distribution_report&#34;, &#34;duration&#34;: &#34;00:00:20&#34;, &#34;resultsTableRow&#34;: [&#34;&lt;td class=\&#34;col-result\&#34;&gt;Passed&lt;/td&gt;&#34;, &#34;&lt;td class=\&#34;col-testId\&#34;&gt;com/bridgelabz/testcases/test_coder_distribution.py::TestCoderDistribution::test_view_coder_distribution_report&lt;/td&gt;&#34;, &#34;&lt;td class=\&#34;col-duration\&#34;&gt;00:00:20&lt;/td&gt;&#34;, &#34;&lt;td class=\&#34;col-links\&#34;&gt;&lt;/td&gt;&#34;], &#34;log&#34;: &#34;---------------------------- Captured stderr setup -----------------------------\n2025-08-04 10:06:18,230 - INFO - conftest - Initializing Chrome WebDriver with suppressed logs.\n2025-08-04 10:06:19,801 - INFO - conftest - Maximizing browser window.\n2025-08-04 10:06:19,893 - INFO - conftest - Setting implicit wait to 10 seconds.\n2025-08-04 10:06:19,896 - INFO - conftest - Navigating to URL: https://bl-practice-attendance-app-stg-187791816934.asia-south1.run.app/admin\n2025-08-04 10:06:20,859 - INFO - conftest - Instantiating SignInPage object.\n2025-08-04 10:06:20,859 - INFO - conftest - Waiting for and clicking &amp;#x27;Sign in with Google&amp;#x27; button.\n2025-08-04 10:06:20,860 - INFO - SignInPage - Waiting for Google sign-in button.\n2025-08-04 10:06:21,247 - INFO - SignInPage - Clicking on &amp;#x27;Sign in with Google&amp;#x27; button.\n2025-08-04 10:06:21,471 - INFO - conftest - Waiting for Google login popup to appear.\n2025-08-04 10:06:21,492 - INFO - conftest - Switching to Google login popup window.\n2025-08-04 10:06:21,505 - INFO - conftest - Entering Google account email.\n2025-08-04 10:06:21,507 - INFO - SignInPage - Entering email as username\n2025-08-04 10:06:23,447 - INFO - conftest - Clicking &amp;#x27;Next&amp;#x27; after entering email.\n2025-08-04 10:06:23,447 - INFO - SignInPage - Clicking on &amp;#x27;Next&amp;#x27; button.\n2025-08-04 10:06:23,623 - INFO - conftest - Entering Google account password.\n2025-08-04 10:06:23,623 - INFO - SignInPage - Entering password.\n2025-08-04 10:06:25,982 - INFO - conftest - Clicking &amp;#x27;Next&amp;#x27; after entering password.\n2025-08-04 10:06:25,983 - INFO - SignInPage - Clicking on &amp;#x27;Next&amp;#x27; button.\n2025-08-04 10:06:26,184 - INFO - conftest - Waiting for application window to become available.\n2025-08-04 10:06:26,185 - INFO - conftest - Switching back to original application window.\n2025-08-04 10:06:26,196 - INFO - conftest - Attempting to close overlay popup after login, if present.\n2025-08-04 10:06:32,560 - INFO - conftest - Overlay popup closed after login.\n\n------------------------------ Captured log setup ------------------------------\nINFO     conftest:conftest.py:18 Initializing Chrome WebDriver with suppressed logs.\nINFO     conftest:conftest.py:28 Maximizing browser window.\nINFO     conftest:conftest.py:31 Setting implicit wait to 10 seconds.\nINFO     conftest:conftest.py:36 Navigating to URL: https://bl-practice-attendance-app-stg-187791816934.asia-south1.run.app/admin\nINFO     conftest:conftest.py:48 Instantiating SignInPage object.\nINFO     conftest:conftest.py:51 Waiting for and clicking &amp;#x27;Sign in with Google&amp;#x27; button.\nINFO     SignInPage:SignInPage.py:32 Waiting for Google sign-in button.\nINFO     SignInPage:SignInPage.py:37 Clicking on &amp;#x27;Sign in with Google&amp;#x27; button.\nINFO     conftest:conftest.py:54 Waiting for Google login popup to appear.\nINFO     conftest:conftest.py:56 Switching to Google login popup window.\nINFO     conftest:conftest.py:59 Entering Google account email.\nINFO     SignInPage:SignInPage.py:42 Entering email as username\nINFO     conftest:conftest.py:61 Clicking &amp;#x27;Next&amp;#x27; after entering email.\nINFO     SignInPage:SignInPage.py:61 Clicking on &amp;#x27;Next&amp;#x27; button.\nINFO     conftest:conftest.py:64 Entering Google account password.\nINFO     SignInPage:SignInPage.py:51 Entering password.\nINFO     conftest:conftest.py:66 Clicking &amp;#x27;Next&amp;#x27; after entering password.\nINFO     SignInPage:SignInPage.py:61 Clicking on &amp;#x27;Next&amp;#x27; button.\nINFO     conftest:conftest.py:69 Waiting for application window to become available.\nINFO     conftest:conftest.py:71 Switching back to original application window.\nINFO     conftest:conftest.py:74 Attempting to close overlay popup after login, if present.\nINFO     conftest:conftest.py:81 Overlay popup closed after login.\n\n----------------------------- Captured stderr call -----------------------------\n2025-08-04 10:06:32,562 - INFO - CoderDistributionReport - Opening Coder Distribution Report tab\n2025-08-04 10:06:32,695 - INFO - CoderDistributionReport - Coder Distribution tab clicked\n2025-08-04 10:06:32,696 - INFO - CoderDistributionReport - Selecting value &amp;#x27;P&amp;amp;A Phase 2&amp;#x27; from dropdown: (//div[@id=&amp;#x27;coe-select&amp;#x27;])[1]\n2025-08-04 10:06:33,733 - INFO - CoderDistributionReport - Selected option &amp;#x27;P&amp;amp;A Phase 2&amp;#x27;\n2025-08-04 10:06:33,734 - INFO - CoderDistributionReport - Selecting value &amp;#x27;Fellowship&amp;#x27; from dropdown: (//div[@id=&amp;#x27;coe-select&amp;#x27;])[2]\n2025-08-04 10:06:34,821 - INFO - CoderDistributionReport - Selected option &amp;#x27;Fellowship&amp;#x27;\n2025-08-04 10:06:34,823 - INFO - CoderDistributionReport - Clicking on VIEW button\n2025-08-04 10:06:36,189 - INFO - CoderDistributionReport - Coder Distribution Report loaded successfully with valid data\n\n------------------------------ Captured log call -------------------------------\nINFO     CoderDistributionReport:CoderDistributionReport.py:32 Opening Coder Distribution Report tab\nINFO     CoderDistributionReport:CoderDistributionReport.py:36 Coder Distribution tab clicked\nINFO     CoderDistributionReport:CoderDistributionReport.py:19 Selecting value &amp;#x27;P&amp;amp;A Phase 2&amp;#x27; from dropdown: (//div[@id=&amp;#x27;coe-select&amp;#x27;])[1]\nINFO     CoderDistributionReport:CoderDistributionReport.py:29 Selected option &amp;#x27;P&amp;amp;A Phase 2&amp;#x27;\nINFO     CoderDistributionReport:CoderDistributionReport.py:19 Selecting value &amp;#x27;Fellowship&amp;#x27; from dropdown: (//div[@id=&amp;#x27;coe-select&amp;#x27;])[2]\nINFO     CoderDistributionReport:CoderDistributionReport.py:29 Selected option &amp;#x27;Fellowship&amp;#x27;\nINFO     CoderDistributionReport:CoderDistributionReport.py:43 Clicking on VIEW button\nINFO     CoderDistributionReport:CoderDistributionReport.py:51 Coder Distribution Report loaded successfully with valid data\n\n--------------------------- Captured stderr teardown ---------------------------\n2025-08-04 10:06:36,193 - INFO - conftest - Quitting Chrome WebDriver.\n\n---------------------------- Captured log teardown -----------------------------\nINFO     conftest:conftest.py:41 Quitting Chrome WebDriver.&#34;}], &#34;com/bridgelabz/testcases/test_coe_labz.py::TestCOE::test_create_coe&#34;: [{&#34;extras&#34;: [], &#34;result&#34;: &#34;Failed&#34;, &#34;testId&#34;: &#34;com/bridgelabz/testcases/test_coe_labz.py::TestCOE::test_create_coe&#34;, &#34;duration&#34;: &#34;00:00:27&#34;, &#34;resultsTableRow&#34;: [&#34;&lt;td class=\&#34;col-result\&#34;&gt;Failed&lt;/td&gt;&#34;, &#34;&lt;td class=\&#34;col-testId\&#34;&gt;com/bridgelabz/testcases/test_coe_labz.py::TestCOE::test_create_coe&lt;/td&gt;&#34;, &#34;&lt;td class=\&#34;col-duration\&#34;&gt;00:00:27&lt;/td&gt;&#34;, &#34;&lt;td class=\&#34;col-links\&#34;&gt;&lt;/td&gt;&#34;], &#34;log&#34;: &#34;self = &amp;lt;com.bridgelabz.testcases.test_coe_labz.TestCOE object at 0x00000156F07B3750&amp;gt;\nlogin = &amp;lt;selenium.webdriver.chrome.webdriver.WebDriver (session=&amp;quot;ae70576280009ff3fd08caac32b84488&amp;quot;)&amp;gt;\n\n    @pytest.mark.sanity\n    def test_create_coe(self, login):\n        driver = login\n        coe = COECenter(driver)\n    \n        try:\n&amp;gt;           coe.click_create_coe_button()\n\ntestcases\\test_coe_labz.py:27: \n_ _ _ _ _ _ _ _ _ _ _ _ _ _ _ _ _ _ _ _ _ _ _ _ _ _ _ _ _ _ _ _ _ _ _ _ _ _ _ _ _ _ _ _ _ _ _ _ _ _ _ _ _ _ _ _ _ _ _ _ _ _ _ _ _ _ _ _ _ _ _ _ _ _ _ _ _ _ _ _ _ _ _ _ _ _ _ _ _ \npageObjects\\COECenter\\COECenter.py:40: in click_create_coe_button\n    WebDriverWait(self.driver, 10).until(\n_ _ _ _ _ _ _ _ _ _ _ _ _ _ _ _ _ _ _ _ _ _ _ _ _ _ _ _ _ _ _ _ _ _ _ _ _ _ _ _ _ _ _ _ _ _ _ _ _ _ _ _ _ _ _ _ _ _ _ _ _ _ _ _ _ _ _ _ _ _ _ _ _ _ _ _ _ _ _ _ _ _ _ _ _ _ _ _ _ \n\nself = &amp;lt;selenium.webdriver.support.wait.WebDriverWait (session=&amp;quot;ae70576280009ff3fd08caac32b84488&amp;quot;)&amp;gt;\nmethod = &amp;lt;function element_to_be_clickable.&amp;lt;locals&amp;gt;._predicate at 0x00000156F04B9B20&amp;gt;, message = &amp;#x27;&amp;#x27;\n\n    def until(self, method: Callable[[D], Union[Literal[False], T]], message: str = &amp;quot;&amp;quot;) -&amp;gt; T:\n        &amp;quot;&amp;quot;&amp;quot;Wait until the method returns a value that is not False.\n    \n        Calls the method provided with the driver as an argument until the\n        return value does not evaluate to ``False``.\n    \n        Parameters:\n        -----------\n        method: callable(WebDriver)\n            - A callable object that takes a WebDriver instance as an argument.\n    \n        message: str\n            - Optional message for :exc:`TimeoutException`\n    \n        Return:\n        -------\n        object: T\n            - The result of the last call to `method`\n    \n        Raises:\n        -------\n        TimeoutException\n            - If &amp;#x27;method&amp;#x27; does not return a truthy value within the WebDriverWait\n            object&amp;#x27;s timeout\n    \n        Example:\n        --------\n        &amp;gt;&amp;gt;&amp;gt; from selenium.webdriver.common.by import By\n        &amp;gt;&amp;gt;&amp;gt; from selenium.webdriver.support.ui import WebDriverWait\n        &amp;gt;&amp;gt;&amp;gt; from selenium.webdriver.support import expected_conditions as EC\n    \n        # Wait until an element is visible on the page\n        &amp;gt;&amp;gt;&amp;gt; wait = WebDriverWait(driver, 10)\n        &amp;gt;&amp;gt;&amp;gt; element = wait.until(EC.visibility_of_element_located((By.ID, &amp;quot;exampleId&amp;quot;)))\n        &amp;gt;&amp;gt;&amp;gt; print(element.text)\n        &amp;quot;&amp;quot;&amp;quot;\n        screen = None\n        stacktrace = None\n    \n        end_time = time.monotonic() + self._timeout\n        while True:\n            try:\n                value = method(self._driver)\n                if value:\n                    return value\n            except self._ignored_exceptions as exc:\n                screen = getattr(exc, &amp;quot;screen&amp;quot;, None)\n                stacktrace = getattr(exc, &amp;quot;stacktrace&amp;quot;, None)\n            if time.monotonic() &amp;gt; end_time:\n                break\n            time.sleep(self._poll)\n&amp;gt;       raise TimeoutException(message, screen, stacktrace)\nE       selenium.common.exceptions.TimeoutException: Message: \nE       Stacktrace:\nE       \tGetHandleVerifier [0x0x7ff73ed8e415+77285]\nE       \tGetHandleVerifier [0x0x7ff73ed8e470+77376]\nE       \t(No symbol) [0x0x7ff73eb59a6a]\nE       \t(No symbol) [0x0x7ff73ebb0406]\nE       \t(No symbol) [0x0x7ff73ebb06bc]\nE       \t(No symbol) [0x0x7ff73ec03ac7]\nE       \t(No symbol) [0x0x7ff73ebd864f]\nE       \t(No symbol) [0x0x7ff73ec0087f]\nE       \t(No symbol) [0x0x7ff73ebd83e3]\nE       \t(No symbol) [0x0x7ff73eba1521]\nE       \t(No symbol) [0x0x7ff73eba22b3]\nE       \tGetHandleVerifier [0x0x7ff73f071efd+3107021]\nE       \tGetHandleVerifier [0x0x7ff73f06c29d+3083373]\nE       \tGetHandleVerifier [0x0x7ff73f08bedd+3213485]\nE       \tGetHandleVerifier [0x0x7ff73eda884e+184862]\nE       \tGetHandleVerifier [0x0x7ff73edb055f+216879]\nE       \tGetHandleVerifier [0x0x7ff73ed97084+113236]\nE       \tGetHandleVerifier [0x0x7ff73ed97239+113673]\nE       \tGetHandleVerifier [0x0x7ff73ed7e298+11368]\nE       \tBaseThreadInitThunk [0x0x7ff9ed36e8d7+23]\nE       \tRtlUserThreadStart [0x0x7ff9ee07c34c+44]\n\n..\\..\\.venv\\Lib\\site-packages\\selenium\\webdriver\\support\\wait.py:138: TimeoutException\n\nDuring handling of the above exception, another exception occurred:\n\nself = &amp;lt;com.bridgelabz.testcases.test_coe_labz.TestCOE object at 0x00000156F07B3750&amp;gt;\nlogin = &amp;lt;selenium.webdriver.chrome.webdriver.WebDriver (session=&amp;quot;ae70576280009ff3fd08caac32b84488&amp;quot;)&amp;gt;\n\n    @pytest.mark.sanity\n    def test_create_coe(self, login):\n        driver = login\n        coe = COECenter(driver)\n    \n        try:\n            coe.click_create_coe_button()\n            coe.fill_create_coe_form(\n                self.COE_NAME,\n                self.COE_DETAILS,\n                self.LATITUDE,\n                self.LONGITUDE,\n                self.DISTANCE\n            )\n            coe.click_create_button()\n    \n            assert self.COE_NAME in driver.page_source, &amp;quot;COE creation failed&amp;quot;\n            print(f&amp;quot;COE Creation successful: &amp;#x27;{self.COE_NAME}&amp;#x27; found in page source&amp;quot;)\n        except Exception as e:\n            take_screenshot(driver, &amp;quot;test_create_coe&amp;quot;)\n&amp;gt;           raise AssertionError(&amp;quot;COE creation failed. &amp;quot; + str(e))\nE           AssertionError: COE creation failed. Message: \nE           Stacktrace:\nE           \tGetHandleVerifier [0x0x7ff73ed8e415+77285]\nE           \tGetHandleVerifier [0x0x7ff73ed8e470+77376]\nE           \t(No symbol) [0x0x7ff73eb59a6a]\nE           \t(No symbol) [0x0x7ff73ebb0406]\nE           \t(No symbol) [0x0x7ff73ebb06bc]\nE           \t(No symbol) [0x0x7ff73ec03ac7]\nE           \t(No symbol) [0x0x7ff73ebd864f]\nE           \t(No symbol) [0x0x7ff73ec0087f]\nE           \t(No symbol) [0x0x7ff73ebd83e3]\nE           \t(No symbol) [0x0x7ff73eba1521]\nE           \t(No symbol) [0x0x7ff73eba22b3]\nE           \tGetHandleVerifier [0x0x7ff73f071efd+3107021]\nE           \tGetHandleVerifier [0x0x7ff73f06c29d+3083373]\nE           \tGetHandleVerifier [0x0x7ff73f08bedd+3213485]\nE           \tGetHandleVerifier [0x0x7ff73eda884e+184862]\nE           \tGetHandleVerifier [0x0x7ff73edb055f+216879]\nE           \tGetHandleVerifier [0x0x7ff73ed97084+113236]\nE           \tGetHandleVerifier [0x0x7ff73ed97239+113673]\nE           \tGetHandleVerifier [0x0x7ff73ed7e298+11368]\nE           \tBaseThreadInitThunk [0x0x7ff9ed36e8d7+23]\nE           \tRtlUserThreadStart [0x0x7ff9ee07c34c+44]\n\ntestcases\\test_coe_labz.py:41: AssertionError\n\n---------------------------- Captured stderr setup -----------------------------\n2025-08-04 10:06:38,565 - INFO - conftest - Initializing Chrome WebDriver with suppressed logs.\n2025-08-04 10:06:40,013 - INFO - conftest - Maximizing browser window.\n2025-08-04 10:06:40,100 - INFO - conftest - Setting implicit wait to 10 seconds.\n2025-08-04 10:06:40,105 - INFO - conftest - Navigating to URL: https://bl-practice-attendance-app-stg-187791816934.asia-south1.run.app/admin\n2025-08-04 10:06:40,315 - INFO - conftest - Instantiating SignInPage object.\n2025-08-04 10:06:40,323 - INFO - conftest - Waiting for and clicking &amp;#x27;Sign in with Google&amp;#x27; button.\n2025-08-04 10:06:40,323 - INFO - SignInPage - Waiting for Google sign-in button.\n2025-08-04 10:06:41,472 - INFO - SignInPage - Clicking on &amp;#x27;Sign in with Google&amp;#x27; button.\n2025-08-04 10:06:41,661 - INFO - conftest - Waiting for Google login popup to appear.\n2025-08-04 10:06:41,677 - INFO - conftest - Switching to Google login popup window.\n2025-08-04 10:06:41,680 - INFO - conftest - Entering Google account email.\n2025-08-04 10:06:41,681 - INFO - SignInPage - Entering email as username\n2025-08-04 10:06:43,557 - INFO - conftest - Clicking &amp;#x27;Next&amp;#x27; after entering email.\n2025-08-04 10:06:43,557 - INFO - SignInPage - Clicking on &amp;#x27;Next&amp;#x27; button.\n2025-08-04 10:06:43,777 - INFO - conftest - Entering Google account password.\n2025-08-04 10:06:43,777 - INFO - SignInPage - Entering password.\n2025-08-04 10:06:46,396 - INFO - conftest - Clicking &amp;#x27;Next&amp;#x27; after entering password.\n2025-08-04 10:06:46,396 - INFO - SignInPage - Clicking on &amp;#x27;Next&amp;#x27; button.\n2025-08-04 10:06:46,533 - INFO - conftest - Waiting for application window to become available.\n2025-08-04 10:06:46,537 - INFO - conftest - Switching back to original application window.\n2025-08-04 10:06:46,547 - INFO - conftest - Attempting to close overlay popup after login, if present.\n2025-08-04 10:06:52,762 - INFO - conftest - Overlay popup closed after login.\n\n------------------------------ Captured log setup ------------------------------\nINFO     conftest:conftest.py:18 Initializing Chrome WebDriver with suppressed logs.\nINFO     conftest:conftest.py:28 Maximizing browser window.\nINFO     conftest:conftest.py:31 Setting implicit wait to 10 seconds.\nINFO     conftest:conftest.py:36 Navigating to URL: https://bl-practice-attendance-app-stg-187791816934.asia-south1.run.app/admin\nINFO     conftest:conftest.py:48 Instantiating SignInPage object.\nINFO     conftest:conftest.py:51 Waiting for and clicking &amp;#x27;Sign in with Google&amp;#x27; button.\nINFO     SignInPage:SignInPage.py:32 Waiting for Google sign-in button.\nINFO     SignInPage:SignInPage.py:37 Clicking on &amp;#x27;Sign in with Google&amp;#x27; button.\nINFO     conftest:conftest.py:54 Waiting for Google login popup to appear.\nINFO     conftest:conftest.py:56 Switching to Google login popup window.\nINFO     conftest:conftest.py:59 Entering Google account email.\nINFO     SignInPage:SignInPage.py:42 Entering email as username\nINFO     conftest:conftest.py:61 Clicking &amp;#x27;Next&amp;#x27; after entering email.\nINFO     SignInPage:SignInPage.py:61 Clicking on &amp;#x27;Next&amp;#x27; button.\nINFO     conftest:conftest.py:64 Entering Google account password.\nINFO     SignInPage:SignInPage.py:51 Entering password.\nINFO     conftest:conftest.py:66 Clicking &amp;#x27;Next&amp;#x27; after entering password.\nINFO     SignInPage:SignInPage.py:61 Clicking on &amp;#x27;Next&amp;#x27; button.\nINFO     conftest:conftest.py:69 Waiting for application window to become available.\nINFO     conftest:conftest.py:71 Switching back to original application window.\nINFO     conftest:conftest.py:74 Attempting to close overlay popup after login, if present.\nINFO     conftest:conftest.py:81 Overlay popup closed after login.\n\n----------------------------- Captured stderr call -----------------------------\n2025-08-04 10:06:52,764 - INFO - COECenter - Clicking CREATE COE button.\n2025-08-04 10:07:02,830 - INFO - conftest - Preparing to take screenshot.\n2025-08-04 10:07:02,830 - INFO - conftest - Ensuring screenshot directory exists at /Practice-Attendance-Admin/ScreenShots.\n2025-08-04 10:07:02,831 - INFO - conftest - Saving screenshot to /Practice-Attendance-Admin/ScreenShots\\test_create_coe_04-08-2025_10-07-02.png.\n2025-08-04 10:07:02,943 - INFO - conftest - Screenshot saved at /Practice-Attendance-Admin/ScreenShots\\test_create_coe_04-08-2025_10-07-02.png\n\n------------------------------ Captured log call -------------------------------\nINFO     COECenter:COECenter.py:39 Clicking CREATE COE button.\nINFO     conftest:conftest.py:89 Preparing to take screenshot.\nINFO     conftest:conftest.py:91 Ensuring screenshot directory exists at /Practice-Attendance-Admin/ScreenShots.\nINFO     conftest:conftest.py:98 Saving screenshot to /Practice-Attendance-Admin/ScreenShots\\test_create_coe_04-08-2025_10-07-02.png.\nINFO     conftest:conftest.py:100 Screenshot saved at /Practice-Attendance-Admin/ScreenShots\\test_create_coe_04-08-2025_10-07-02.png\n\n--------------------------- Captured stderr teardown ---------------------------\n2025-08-04 10:07:03,112 - INFO - conftest - Quitting Chrome WebDriver.\n\n---------------------------- Captured log teardown -----------------------------\nINFO     conftest:conftest.py:41 Quitting Chrome WebDriver.&#34;}], &#34;com/bridgelabz/testcases/test_coe_labz.py::TestCOE::test_edit_coe&#34;: [{&#34;extras&#34;: [], &#34;result&#34;: &#34;Failed&#34;, &#34;testId&#34;: &#34;com/bridgelabz/testcases/test_coe_labz.py::TestCOE::test_edit_coe&#34;, &#34;duration&#34;: &#34;00:00:27&#34;, &#34;resultsTableRow&#34;: [&#34;&lt;td class=\&#34;col-result\&#34;&gt;Failed&lt;/td&gt;&#34;, &#34;&lt;td class=\&#34;col-testId\&#34;&gt;com/bridgelabz/testcases/test_coe_labz.py::TestCOE::test_edit_coe&lt;/td&gt;&#34;, &#34;&lt;td class=\&#34;col-duration\&#34;&gt;00:00:27&lt;/td&gt;&#34;, &#34;&lt;td class=\&#34;col-links\&#34;&gt;&lt;/td&gt;&#34;], &#34;log&#34;: &#34;self = &amp;lt;com.bridgelabz.testcases.test_coe_labz.TestCOE object at 0x00000156F07B3890&amp;gt;\nlogin = &amp;lt;selenium.webdriver.chrome.webdriver.WebDriver (session=&amp;quot;2ca88e32b09d819ecd50f2b7834cc1fc&amp;quot;)&amp;gt;\n\n    @pytest.mark.sanity\n    def test_edit_coe(self, login):\n        driver = login\n        coe = COECenter(driver)\n    \n        try:\n&amp;gt;           coe.click_edit_SRMTN_button()\n\ntestcases\\test_coe_labz.py:49: \n_ _ _ _ _ _ _ _ _ _ _ _ _ _ _ _ _ _ _ _ _ _ _ _ _ _ _ _ _ _ _ _ _ _ _ _ _ _ _ _ _ _ _ _ _ _ _ _ _ _ _ _ _ _ _ _ _ _ _ _ _ _ _ _ _ _ _ _ _ _ _ _ _ _ _ _ _ _ _ _ _ _ _ _ _ _ _ _ _ \npageObjects\\COECenter\\COECenter.py:60: in click_edit_SRMTN_button\n    WebDriverWait(self.driver, 10).until(\n_ _ _ _ _ _ _ _ _ _ _ _ _ _ _ _ _ _ _ _ _ _ _ _ _ _ _ _ _ _ _ _ _ _ _ _ _ _ _ _ _ _ _ _ _ _ _ _ _ _ _ _ _ _ _ _ _ _ _ _ _ _ _ _ _ _ _ _ _ _ _ _ _ _ _ _ _ _ _ _ _ _ _ _ _ _ _ _ _ \n\nself = &amp;lt;selenium.webdriver.support.wait.WebDriverWait (session=&amp;quot;2ca88e32b09d819ecd50f2b7834cc1fc&amp;quot;)&amp;gt;\nmethod = &amp;lt;function element_to_be_clickable.&amp;lt;locals&amp;gt;._predicate at 0x00000156F0C87F60&amp;gt;, message = &amp;#x27;&amp;#x27;\n\n    def until(self, method: Callable[[D], Union[Literal[False], T]], message: str = &amp;quot;&amp;quot;) -&amp;gt; T:\n        &amp;quot;&amp;quot;&amp;quot;Wait until the method returns a value that is not False.\n    \n        Calls the method provided with the driver as an argument until the\n        return value does not evaluate to ``False``.\n    \n        Parameters:\n        -----------\n        method: callable(WebDriver)\n            - A callable object that takes a WebDriver instance as an argument.\n    \n        message: str\n            - Optional message for :exc:`TimeoutException`\n    \n        Return:\n        -------\n        object: T\n            - The result of the last call to `method`\n    \n        Raises:\n        -------\n        TimeoutException\n            - If &amp;#x27;method&amp;#x27; does not return a truthy value within the WebDriverWait\n            object&amp;#x27;s timeout\n    \n        Example:\n        --------\n        &amp;gt;&amp;gt;&amp;gt; from selenium.webdriver.common.by import By\n        &amp;gt;&amp;gt;&amp;gt; from selenium.webdriver.support.ui import WebDriverWait\n        &amp;gt;&amp;gt;&amp;gt; from selenium.webdriver.support import expected_conditions as EC\n    \n        # Wait until an element is visible on the page\n        &amp;gt;&amp;gt;&amp;gt; wait = WebDriverWait(driver, 10)\n        &amp;gt;&amp;gt;&amp;gt; element = wait.until(EC.visibility_of_element_located((By.ID, &amp;quot;exampleId&amp;quot;)))\n        &amp;gt;&amp;gt;&amp;gt; print(element.text)\n        &amp;quot;&amp;quot;&amp;quot;\n        screen = None\n        stacktrace = None\n    \n        end_time = time.monotonic() + self._timeout\n        while True:\n            try:\n                value = method(self._driver)\n                if value:\n                    return value\n            except self._ignored_exceptions as exc:\n                screen = getattr(exc, &amp;quot;screen&amp;quot;, None)\n                stacktrace = getattr(exc, &amp;quot;stacktrace&amp;quot;, None)\n            if time.monotonic() &amp;gt; end_time:\n                break\n            time.sleep(self._poll)\n&amp;gt;       raise TimeoutException(message, screen, stacktrace)\nE       selenium.common.exceptions.TimeoutException: Message: \nE       Stacktrace:\nE       \tGetHandleVerifier [0x0x7ff73ed8e415+77285]\nE       \tGetHandleVerifier [0x0x7ff73ed8e470+77376]\nE       \t(No symbol) [0x0x7ff73eb59a6a]\nE       \t(No symbol) [0x0x7ff73ebb0406]\nE       \t(No symbol) [0x0x7ff73ebb06bc]\nE       \t(No symbol) [0x0x7ff73ec03ac7]\nE       \t(No symbol) [0x0x7ff73ebd864f]\nE       \t(No symbol) [0x0x7ff73ec0087f]\nE       \t(No symbol) [0x0x7ff73ebd83e3]\nE       \t(No symbol) [0x0x7ff73eba1521]\nE       \t(No symbol) [0x0x7ff73eba22b3]\nE       \tGetHandleVerifier [0x0x7ff73f071efd+3107021]\nE       \tGetHandleVerifier [0x0x7ff73f06c29d+3083373]\nE       \tGetHandleVerifier [0x0x7ff73f08bedd+3213485]\nE       \tGetHandleVerifier [0x0x7ff73eda884e+184862]\nE       \tGetHandleVerifier [0x0x7ff73edb055f+216879]\nE       \tGetHandleVerifier [0x0x7ff73ed97084+113236]\nE       \tGetHandleVerifier [0x0x7ff73ed97239+113673]\nE       \tGetHandleVerifier [0x0x7ff73ed7e298+11368]\nE       \tBaseThreadInitThunk [0x0x7ff9ed36e8d7+23]\nE       \tRtlUserThreadStart [0x0x7ff9ee07c34c+44]\n\n..\\..\\.venv\\Lib\\site-packages\\selenium\\webdriver\\support\\wait.py:138: TimeoutException\n\nDuring handling of the above exception, another exception occurred:\n\nself = &amp;lt;com.bridgelabz.testcases.test_coe_labz.TestCOE object at 0x00000156F07B3890&amp;gt;\nlogin = &amp;lt;selenium.webdriver.chrome.webdriver.WebDriver (session=&amp;quot;2ca88e32b09d819ecd50f2b7834cc1fc&amp;quot;)&amp;gt;\n\n    @pytest.mark.sanity\n    def test_edit_coe(self, login):\n        driver = login\n        coe = COECenter(driver)\n    \n        try:\n            coe.click_edit_SRMTN_button()\n            coe.edit_details(self.EDITED_DETAILS)\n            coe.click_edit_button()\n    \n            assert self.EDITED_DETAILS in driver.page_source, &amp;quot;COE edit failed&amp;quot;\n            print(f&amp;quot;COE Edit successful: &amp;#x27;{self.EDITED_DETAILS}&amp;#x27; found in page source&amp;quot;)\n        except Exception as e:\n            take_screenshot(driver, &amp;quot;test_edit_coe&amp;quot;)\n&amp;gt;           raise AssertionError(&amp;quot;COE edit failed. &amp;quot; + str(e))\nE           AssertionError: COE edit failed. Message: \nE           Stacktrace:\nE           \tGetHandleVerifier [0x0x7ff73ed8e415+77285]\nE           \tGetHandleVerifier [0x0x7ff73ed8e470+77376]\nE           \t(No symbol) [0x0x7ff73eb59a6a]\nE           \t(No symbol) [0x0x7ff73ebb0406]\nE           \t(No symbol) [0x0x7ff73ebb06bc]\nE           \t(No symbol) [0x0x7ff73ec03ac7]\nE           \t(No symbol) [0x0x7ff73ebd864f]\nE           \t(No symbol) [0x0x7ff73ec0087f]\nE           \t(No symbol) [0x0x7ff73ebd83e3]\nE           \t(No symbol) [0x0x7ff73eba1521]\nE           \t(No symbol) [0x0x7ff73eba22b3]\nE           \tGetHandleVerifier [0x0x7ff73f071efd+3107021]\nE           \tGetHandleVerifier [0x0x7ff73f06c29d+3083373]\nE           \tGetHandleVerifier [0x0x7ff73f08bedd+3213485]\nE           \tGetHandleVerifier [0x0x7ff73eda884e+184862]\nE           \tGetHandleVerifier [0x0x7ff73edb055f+216879]\nE           \tGetHandleVerifier [0x0x7ff73ed97084+113236]\nE           \tGetHandleVerifier [0x0x7ff73ed97239+113673]\nE           \tGetHandleVerifier [0x0x7ff73ed7e298+11368]\nE           \tBaseThreadInitThunk [0x0x7ff9ed36e8d7+23]\nE           \tRtlUserThreadStart [0x0x7ff9ee07c34c+44]\n\ntestcases\\test_coe_labz.py:57: AssertionError\n\n---------------------------- Captured stderr setup -----------------------------\n2025-08-04 10:07:05,456 - INFO - conftest - Initializing Chrome WebDriver with suppressed logs.\n2025-08-04 10:07:07,036 - INFO - conftest - Maximizing browser window.\n2025-08-04 10:07:07,122 - INFO - conftest - Setting implicit wait to 10 seconds.\n2025-08-04 10:07:07,129 - INFO - conftest - Navigating to URL: https://bl-practice-attendance-app-stg-187791816934.asia-south1.run.app/admin\n2025-08-04 10:07:07,981 - INFO - conftest - Instantiating SignInPage object.\n2025-08-04 10:07:07,982 - INFO - conftest - Waiting for and clicking &amp;#x27;Sign in with Google&amp;#x27; button.\n2025-08-04 10:07:07,982 - INFO - SignInPage - Waiting for Google sign-in button.\n2025-08-04 10:07:08,470 - INFO - SignInPage - Clicking on &amp;#x27;Sign in with Google&amp;#x27; button.\n2025-08-04 10:07:08,678 - INFO - conftest - Waiting for Google login popup to appear.\n2025-08-04 10:07:08,726 - INFO - conftest - Switching to Google login popup window.\n2025-08-04 10:07:08,735 - INFO - conftest - Entering Google account email.\n2025-08-04 10:07:08,735 - INFO - SignInPage - Entering email as username\n2025-08-04 10:07:10,394 - INFO - conftest - Clicking &amp;#x27;Next&amp;#x27; after entering email.\n2025-08-04 10:07:10,394 - INFO - SignInPage - Clicking on &amp;#x27;Next&amp;#x27; button.\n2025-08-04 10:07:10,596 - INFO - conftest - Entering Google account password.\n2025-08-04 10:07:10,597 - INFO - SignInPage - Entering password.\n2025-08-04 10:07:13,558 - INFO - conftest - Clicking &amp;#x27;Next&amp;#x27; after entering password.\n2025-08-04 10:07:13,558 - INFO - SignInPage - Clicking on &amp;#x27;Next&amp;#x27; button.\n2025-08-04 10:07:13,763 - INFO - conftest - Waiting for application window to become available.\n2025-08-04 10:07:13,767 - INFO - conftest - Switching back to original application window.\n2025-08-04 10:07:13,783 - INFO - conftest - Attempting to close overlay popup after login, if present.\n2025-08-04 10:07:20,365 - INFO - conftest - Overlay popup closed after login.\n\n------------------------------ Captured log setup ------------------------------\nINFO     conftest:conftest.py:18 Initializing Chrome WebDriver with suppressed logs.\nINFO     conftest:conftest.py:28 Maximizing browser window.\nINFO     conftest:conftest.py:31 Setting implicit wait to 10 seconds.\nINFO     conftest:conftest.py:36 Navigating to URL: https://bl-practice-attendance-app-stg-187791816934.asia-south1.run.app/admin\nINFO     conftest:conftest.py:48 Instantiating SignInPage object.\nINFO     conftest:conftest.py:51 Waiting for and clicking &amp;#x27;Sign in with Google&amp;#x27; button.\nINFO     SignInPage:SignInPage.py:32 Waiting for Google sign-in button.\nINFO     SignInPage:SignInPage.py:37 Clicking on &amp;#x27;Sign in with Google&amp;#x27; button.\nINFO     conftest:conftest.py:54 Waiting for Google login popup to appear.\nINFO     conftest:conftest.py:56 Switching to Google login popup window.\nINFO     conftest:conftest.py:59 Entering Google account email.\nINFO     SignInPage:SignInPage.py:42 Entering email as username\nINFO     conftest:conftest.py:61 Clicking &amp;#x27;Next&amp;#x27; after entering email.\nINFO     SignInPage:SignInPage.py:61 Clicking on &amp;#x27;Next&amp;#x27; button.\nINFO     conftest:conftest.py:64 Entering Google account password.\nINFO     SignInPage:SignInPage.py:51 Entering password.\nINFO     conftest:conftest.py:66 Clicking &amp;#x27;Next&amp;#x27; after entering password.\nINFO     SignInPage:SignInPage.py:61 Clicking on &amp;#x27;Next&amp;#x27; button.\nINFO     conftest:conftest.py:69 Waiting for application window to become available.\nINFO     conftest:conftest.py:71 Switching back to original application window.\nINFO     conftest:conftest.py:74 Attempting to close overlay popup after login, if present.\nINFO     conftest:conftest.py:81 Overlay popup closed after login.\n\n----------------------------- Captured stderr call -----------------------------\n2025-08-04 10:07:20,366 - INFO - COECenter - Clicking edit button for SRMTN.\n2025-08-04 10:07:30,450 - INFO - conftest - Preparing to take screenshot.\n2025-08-04 10:07:30,450 - INFO - conftest - Ensuring screenshot directory exists at /Practice-Attendance-Admin/ScreenShots.\n2025-08-04 10:07:30,451 - INFO - conftest - Saving screenshot to /Practice-Attendance-Admin/ScreenShots\\test_edit_coe_04-08-2025_10-07-30.png.\n2025-08-04 10:07:30,578 - INFO - conftest - Screenshot saved at /Practice-Attendance-Admin/ScreenShots\\test_edit_coe_04-08-2025_10-07-30.png\n\n------------------------------ Captured log call -------------------------------\nINFO     COECenter:COECenter.py:59 Clicking edit button for SRMTN.\nINFO     conftest:conftest.py:89 Preparing to take screenshot.\nINFO     conftest:conftest.py:91 Ensuring screenshot directory exists at /Practice-Attendance-Admin/ScreenShots.\nINFO     conftest:conftest.py:98 Saving screenshot to /Practice-Attendance-Admin/ScreenShots\\test_edit_coe_04-08-2025_10-07-30.png.\nINFO     conftest:conftest.py:100 Screenshot saved at /Practice-Attendance-Admin/ScreenShots\\test_edit_coe_04-08-2025_10-07-30.png\n\n--------------------------- Captured stderr teardown ---------------------------\n2025-08-04 10:07:30,589 - INFO - conftest - Quitting Chrome WebDriver.\n\n---------------------------- Captured log teardown -----------------------------\nINFO     conftest:conftest.py:41 Quitting Chrome WebDriver.&#34;}], &#34;com/bridgelabz/testcases/test_coe_labz.py::TestCOE::test_check_download_sample_csv&#34;: [{&#34;extras&#34;: [], &#34;result&#34;: &#34;Failed&#34;, &#34;testId&#34;: &#34;com/bridgelabz/testcases/test_coe_labz.py::TestCOE::test_check_download_sample_csv&#34;, &#34;duration&#34;: &#34;00:00:27&#34;, &#34;resultsTableRow&#34;: [&#34;&lt;td class=\&#34;col-result\&#34;&gt;Failed&lt;/td&gt;&#34;, &#34;&lt;td class=\&#34;col-testId\&#34;&gt;com/bridgelabz/testcases/test_coe_labz.py::TestCOE::test_check_download_sample_csv&lt;/td&gt;&#34;, &#34;&lt;td class=\&#34;col-duration\&#34;&gt;00:00:27&lt;/td&gt;&#34;, &#34;&lt;td class=\&#34;col-links\&#34;&gt;&lt;/td&gt;&#34;], &#34;log&#34;: &#34;self = &amp;lt;com.bridgelabz.testcases.test_coe_labz.TestCOE object at 0x00000156F07C1BA0&amp;gt;\nlogin = &amp;lt;selenium.webdriver.chrome.webdriver.WebDriver (session=&amp;quot;2cd41379db3fb7bd5335817b86d8a637&amp;quot;)&amp;gt;\n\n    @pytest.mark.sanity\n    def test_check_download_sample_csv(self, login):\n        driver = login\n        coe = COECenter(driver)\n    \n        download_directory = os.path.expanduser(&amp;quot;~/Downloads&amp;quot;)\n        expected_file_prefix = &amp;quot;SampleLearnerCSV&amp;quot;\n        file_extension = &amp;quot;.csv&amp;quot;\n        wait_timeout = 10\n    \n        # Clean existing files\n        for file in os.listdir(download_directory):\n            if file.startswith(expected_file_prefix) and file.endswith(file_extension):\n                os.remove(os.path.join(download_directory, file))\n    \n        # Perform UI actions\n        coe.click_learner_button()\n&amp;gt;       coe.click_download_learner_data_csv()\n\ntestcases\\test_coe_labz.py:93: \n_ _ _ _ _ _ _ _ _ _ _ _ _ _ _ _ _ _ _ _ _ _ _ _ _ _ _ _ _ _ _ _ _ _ _ _ _ _ _ _ _ _ _ _ _ _ _ _ _ _ _ _ _ _ _ _ _ _ _ _ _ _ _ _ _ _ _ _ _ _ _ _ _ _ _ _ _ _ _ _ _ _ _ _ _ _ _ _ _ \npageObjects\\COECenter\\COECenter.py:102: in click_download_learner_data_csv\n    download_button = self.wait.until(EC.element_to_be_clickable((By.XPATH, self.download_learner_data_csv_xpath)))\n                      ^^^^^^^^^^^^^^^^^^^^^^^^^^^^^^^^^^^^^^^^^^^^^^^^^^^^^^^^^^^^^^^^^^^^^^^^^^^^^^^^^^^^^^^^^^^^^\n_ _ _ _ _ _ _ _ _ _ _ _ _ _ _ _ _ _ _ _ _ _ _ _ _ _ _ _ _ _ _ _ _ _ _ _ _ _ _ _ _ _ _ _ _ _ _ _ _ _ _ _ _ _ _ _ _ _ _ _ _ _ _ _ _ _ _ _ _ _ _ _ _ _ _ _ _ _ _ _ _ _ _ _ _ _ _ _ _ \n\nself = &amp;lt;selenium.webdriver.support.wait.WebDriverWait (session=&amp;quot;2cd41379db3fb7bd5335817b86d8a637&amp;quot;)&amp;gt;\nmethod = &amp;lt;function element_to_be_clickable.&amp;lt;locals&amp;gt;._predicate at 0x00000156F0BFB2E0&amp;gt;, message = &amp;#x27;&amp;#x27;\n\n    def until(self, method: Callable[[D], Union[Literal[False], T]], message: str = &amp;quot;&amp;quot;) -&amp;gt; T:\n        &amp;quot;&amp;quot;&amp;quot;Wait until the method returns a value that is not False.\n    \n        Calls the method provided with the driver as an argument until the\n        return value does not evaluate to ``False``.\n    \n        Parameters:\n        -----------\n        method: callable(WebDriver)\n            - A callable object that takes a WebDriver instance as an argument.\n    \n        message: str\n            - Optional message for :exc:`TimeoutException`\n    \n        Return:\n        -------\n        object: T\n            - The result of the last call to `method`\n    \n        Raises:\n        -------\n        TimeoutException\n            - If &amp;#x27;method&amp;#x27; does not return a truthy value within the WebDriverWait\n            object&amp;#x27;s timeout\n    \n        Example:\n        --------\n        &amp;gt;&amp;gt;&amp;gt; from selenium.webdriver.common.by import By\n        &amp;gt;&amp;gt;&amp;gt; from selenium.webdriver.support.ui import WebDriverWait\n        &amp;gt;&amp;gt;&amp;gt; from selenium.webdriver.support import expected_conditions as EC\n    \n        # Wait until an element is visible on the page\n        &amp;gt;&amp;gt;&amp;gt; wait = WebDriverWait(driver, 10)\n        &amp;gt;&amp;gt;&amp;gt; element = wait.until(EC.visibility_of_element_located((By.ID, &amp;quot;exampleId&amp;quot;)))\n        &amp;gt;&amp;gt;&amp;gt; print(element.text)\n        &amp;quot;&amp;quot;&amp;quot;\n        screen = None\n        stacktrace = None\n    \n        end_time = time.monotonic() + self._timeout\n        while True:\n            try:\n                value = method(self._driver)\n                if value:\n                    return value\n            except self._ignored_exceptions as exc:\n                screen = getattr(exc, &amp;quot;screen&amp;quot;, None)\n                stacktrace = getattr(exc, &amp;quot;stacktrace&amp;quot;, None)\n            if time.monotonic() &amp;gt; end_time:\n                break\n            time.sleep(self._poll)\n&amp;gt;       raise TimeoutException(message, screen, stacktrace)\nE       selenium.common.exceptions.TimeoutException: Message: \nE       Stacktrace:\nE       \tGetHandleVerifier [0x0x7ff73ed8e415+77285]\nE       \tGetHandleVerifier [0x0x7ff73ed8e470+77376]\nE       \t(No symbol) [0x0x7ff73eb59a6a]\nE       \t(No symbol) [0x0x7ff73ebb0406]\nE       \t(No symbol) [0x0x7ff73ebb06bc]\nE       \t(No symbol) [0x0x7ff73ec03ac7]\nE       \t(No symbol) [0x0x7ff73ebd864f]\nE       \t(No symbol) [0x0x7ff73ec0087f]\nE       \t(No symbol) [0x0x7ff73ebd83e3]\nE       \t(No symbol) [0x0x7ff73eba1521]\nE       \t(No symbol) [0x0x7ff73eba22b3]\nE       \tGetHandleVerifier [0x0x7ff73f071efd+3107021]\nE       \tGetHandleVerifier [0x0x7ff73f06c29d+3083373]\nE       \tGetHandleVerifier [0x0x7ff73f08bedd+3213485]\nE       \tGetHandleVerifier [0x0x7ff73eda884e+184862]\nE       \tGetHandleVerifier [0x0x7ff73edb055f+216879]\nE       \tGetHandleVerifier [0x0x7ff73ed97084+113236]\nE       \tGetHandleVerifier [0x0x7ff73ed97239+113673]\nE       \tGetHandleVerifier [0x0x7ff73ed7e298+11368]\nE       \tBaseThreadInitThunk [0x0x7ff9ed36e8d7+23]\nE       \tRtlUserThreadStart [0x0x7ff9ee07c34c+44]\n\n..\\..\\.venv\\Lib\\site-packages\\selenium\\webdriver\\support\\wait.py:138: TimeoutException\n\n---------------------------- Captured stderr setup -----------------------------\n2025-08-04 10:07:32,874 - INFO - conftest - Initializing Chrome WebDriver with suppressed logs.\n2025-08-04 10:07:34,481 - INFO - conftest - Maximizing browser window.\n2025-08-04 10:07:34,537 - INFO - conftest - Setting implicit wait to 10 seconds.\n2025-08-04 10:07:34,539 - INFO - conftest - Navigating to URL: https://bl-practice-attendance-app-stg-187791816934.asia-south1.run.app/admin\n2025-08-04 10:07:35,574 - INFO - conftest - Instantiating SignInPage object.\n2025-08-04 10:07:35,574 - INFO - conftest - Waiting for and clicking &amp;#x27;Sign in with Google&amp;#x27; button.\n2025-08-04 10:07:35,574 - INFO - SignInPage - Waiting for Google sign-in button.\n2025-08-04 10:07:36,125 - INFO - SignInPage - Clicking on &amp;#x27;Sign in with Google&amp;#x27; button.\n2025-08-04 10:07:36,263 - INFO - conftest - Waiting for Google login popup to appear.\n2025-08-04 10:07:36,270 - INFO - conftest - Switching to Google login popup window.\n2025-08-04 10:07:36,274 - INFO - conftest - Entering Google account email.\n2025-08-04 10:07:36,275 - INFO - SignInPage - Entering email as username\n2025-08-04 10:07:37,969 - INFO - conftest - Clicking &amp;#x27;Next&amp;#x27; after entering email.\n2025-08-04 10:07:37,969 - INFO - SignInPage - Clicking on &amp;#x27;Next&amp;#x27; button.\n2025-08-04 10:07:38,414 - INFO - conftest - Entering Google account password.\n2025-08-04 10:07:38,414 - INFO - SignInPage - Entering password.\n2025-08-04 10:07:40,764 - INFO - conftest - Clicking &amp;#x27;Next&amp;#x27; after entering password.\n2025-08-04 10:07:40,764 - INFO - SignInPage - Clicking on &amp;#x27;Next&amp;#x27; button.\n2025-08-04 10:07:41,008 - INFO - conftest - Waiting for application window to become available.\n2025-08-04 10:07:41,011 - INFO - conftest - Switching back to original application window.\n2025-08-04 10:07:41,019 - INFO - conftest - Attempting to close overlay popup after login, if present.\n2025-08-04 10:07:47,232 - INFO - conftest - Overlay popup closed after login.\n\n------------------------------ Captured log setup ------------------------------\nINFO     conftest:conftest.py:18 Initializing Chrome WebDriver with suppressed logs.\nINFO     conftest:conftest.py:28 Maximizing browser window.\nINFO     conftest:conftest.py:31 Setting implicit wait to 10 seconds.\nINFO     conftest:conftest.py:36 Navigating to URL: https://bl-practice-attendance-app-stg-187791816934.asia-south1.run.app/admin\nINFO     conftest:conftest.py:48 Instantiating SignInPage object.\nINFO     conftest:conftest.py:51 Waiting for and clicking &amp;#x27;Sign in with Google&amp;#x27; button.\nINFO     SignInPage:SignInPage.py:32 Waiting for Google sign-in button.\nINFO     SignInPage:SignInPage.py:37 Clicking on &amp;#x27;Sign in with Google&amp;#x27; button.\nINFO     conftest:conftest.py:54 Waiting for Google login popup to appear.\nINFO     conftest:conftest.py:56 Switching to Google login popup window.\nINFO     conftest:conftest.py:59 Entering Google account email.\nINFO     SignInPage:SignInPage.py:42 Entering email as username\nINFO     conftest:conftest.py:61 Clicking &amp;#x27;Next&amp;#x27; after entering email.\nINFO     SignInPage:SignInPage.py:61 Clicking on &amp;#x27;Next&amp;#x27; button.\nINFO     conftest:conftest.py:64 Entering Google account password.\nINFO     SignInPage:SignInPage.py:51 Entering password.\nINFO     conftest:conftest.py:66 Clicking &amp;#x27;Next&amp;#x27; after entering password.\nINFO     SignInPage:SignInPage.py:61 Clicking on &amp;#x27;Next&amp;#x27; button.\nINFO     conftest:conftest.py:69 Waiting for application window to become available.\nINFO     conftest:conftest.py:71 Switching back to original application window.\nINFO     conftest:conftest.py:74 Attempting to close overlay popup after login, if present.\nINFO     conftest:conftest.py:81 Overlay popup closed after login.\n\n----------------------------- Captured stderr call -----------------------------\n2025-08-04 10:07:47,248 - INFO - COECenter - Clicking Learner count button.\n2025-08-04 10:07:47,399 - INFO - COECenter - Learner button clicked.\n2025-08-04 10:07:47,400 - INFO - COECenter - Clicking Download Learner Data CSV button.\n\n------------------------------ Captured log call -------------------------------\nINFO     COECenter:COECenter.py:89 Clicking Learner count button.\nINFO     COECenter:COECenter.py:92 Learner button clicked.\nINFO     COECenter:COECenter.py:101 Clicking Download Learner Data CSV button.\n\n--------------------------- Captured stderr teardown ---------------------------\n2025-08-04 10:07:57,462 - INFO - conftest - Quitting Chrome WebDriver.\n\n---------------------------- Captured log teardown -----------------------------\nINFO     conftest:conftest.py:41 Quitting Chrome WebDriver.&#34;}], &#34;com/bridgelabz/testcases/test_coe_labz.py::TestCOE::test_check_download_learner_data_csv&#34;: [{&#34;extras&#34;: [], &#34;result&#34;: &#34;Failed&#34;, &#34;testId&#34;: &#34;com/bridgelabz/testcases/test_coe_labz.py::TestCOE::test_check_download_learner_data_csv&#34;, &#34;duration&#34;: &#34;00:00:26&#34;, &#34;resultsTableRow&#34;: [&#34;&lt;td class=\&#34;col-result\&#34;&gt;Failed&lt;/td&gt;&#34;, &#34;&lt;td class=\&#34;col-testId\&#34;&gt;com/bridgelabz/testcases/test_coe_labz.py::TestCOE::test_check_download_learner_data_csv&lt;/td&gt;&#34;, &#34;&lt;td class=\&#34;col-duration\&#34;&gt;00:00:26&lt;/td&gt;&#34;, &#34;&lt;td class=\&#34;col-links\&#34;&gt;&lt;/td&gt;&#34;], &#34;log&#34;: &#34;self = &amp;lt;com.bridgelabz.testcases.test_coe_labz.TestCOE object at 0x00000156F083DB50&amp;gt;\nlogin = &amp;lt;selenium.webdriver.chrome.webdriver.WebDriver (session=&amp;quot;8874e24faef072bd96c718fd9cb0837f&amp;quot;)&amp;gt;\n\n    @pytest.mark.sanity\n    def test_check_download_learner_data_csv(self, login):\n        driver = login\n        coe = COECenter(driver)\n    \n        download_directory = os.path.expanduser(&amp;quot;~/Downloads&amp;quot;)\n        expected_file_prefix = &amp;quot;LearnersData&amp;quot;\n        file_extension = &amp;quot;.csv&amp;quot;\n        wait_timeout = 10\n    \n        # Clean existing files\n        for file in os.listdir(download_directory):\n            if file.startswith(expected_file_prefix) and file.endswith(file_extension):\n                os.remove(os.path.join(download_directory, file))\n    \n        # Perform UI actions\n        coe.click_learner_button()\n&amp;gt;       coe.click_download_learner_data_csv()\n\ntestcases\\test_coe_labz.py:146: \n_ _ _ _ _ _ _ _ _ _ _ _ _ _ _ _ _ _ _ _ _ _ _ _ _ _ _ _ _ _ _ _ _ _ _ _ _ _ _ _ _ _ _ _ _ _ _ _ _ _ _ _ _ _ _ _ _ _ _ _ _ _ _ _ _ _ _ _ _ _ _ _ _ _ _ _ _ _ _ _ _ _ _ _ _ _ _ _ _ \npageObjects\\COECenter\\COECenter.py:102: in click_download_learner_data_csv\n    download_button = self.wait.until(EC.element_to_be_clickable((By.XPATH, self.download_learner_data_csv_xpath)))\n                      ^^^^^^^^^^^^^^^^^^^^^^^^^^^^^^^^^^^^^^^^^^^^^^^^^^^^^^^^^^^^^^^^^^^^^^^^^^^^^^^^^^^^^^^^^^^^^\n_ _ _ _ _ _ _ _ _ _ _ _ _ _ _ _ _ _ _ _ _ _ _ _ _ _ _ _ _ _ _ _ _ _ _ _ _ _ _ _ _ _ _ _ _ _ _ _ _ _ _ _ _ _ _ _ _ _ _ _ _ _ _ _ _ _ _ _ _ _ _ _ _ _ _ _ _ _ _ _ _ _ _ _ _ _ _ _ _ \n\nself = &amp;lt;selenium.webdriver.support.wait.WebDriverWait (session=&amp;quot;8874e24faef072bd96c718fd9cb0837f&amp;quot;)&amp;gt;\nmethod = &amp;lt;function element_to_be_clickable.&amp;lt;locals&amp;gt;._predicate at 0x00000156F0C87EC0&amp;gt;, message = &amp;#x27;&amp;#x27;\n\n    def until(self, method: Callable[[D], Union[Literal[False], T]], message: str = &amp;quot;&amp;quot;) -&amp;gt; T:\n        &amp;quot;&amp;quot;&amp;quot;Wait until the method returns a value that is not False.\n    \n        Calls the method provided with the driver as an argument until the\n        return value does not evaluate to ``False``.\n    \n        Parameters:\n        -----------\n        method: callable(WebDriver)\n            - A callable object that takes a WebDriver instance as an argument.\n    \n        message: str\n            - Optional message for :exc:`TimeoutException`\n    \n        Return:\n        -------\n        object: T\n            - The result of the last call to `method`\n    \n        Raises:\n        -------\n        TimeoutException\n            - If &amp;#x27;method&amp;#x27; does not return a truthy value within the WebDriverWait\n            object&amp;#x27;s timeout\n    \n        Example:\n        --------\n        &amp;gt;&amp;gt;&amp;gt; from selenium.webdriver.common.by import By\n        &amp;gt;&amp;gt;&amp;gt; from selenium.webdriver.support.ui import WebDriverWait\n        &amp;gt;&amp;gt;&amp;gt; from selenium.webdriver.support import expected_conditions as EC\n    \n        # Wait until an element is visible on the page\n        &amp;gt;&amp;gt;&amp;gt; wait = WebDriverWait(driver, 10)\n        &amp;gt;&amp;gt;&amp;gt; element = wait.until(EC.visibility_of_element_located((By.ID, &amp;quot;exampleId&amp;quot;)))\n        &amp;gt;&amp;gt;&amp;gt; print(element.text)\n        &amp;quot;&amp;quot;&amp;quot;\n        screen = None\n        stacktrace = None\n    \n        end_time = time.monotonic() + self._timeout\n        while True:\n            try:\n                value = method(self._driver)\n                if value:\n                    return value\n            except self._ignored_exceptions as exc:\n                screen = getattr(exc, &amp;quot;screen&amp;quot;, None)\n                stacktrace = getattr(exc, &amp;quot;stacktrace&amp;quot;, None)\n            if time.monotonic() &amp;gt; end_time:\n                break\n            time.sleep(self._poll)\n&amp;gt;       raise TimeoutException(message, screen, stacktrace)\nE       selenium.common.exceptions.TimeoutException: Message: \nE       Stacktrace:\nE       \tGetHandleVerifier [0x0x7ff73ed8e415+77285]\nE       \tGetHandleVerifier [0x0x7ff73ed8e470+77376]\nE       \t(No symbol) [0x0x7ff73eb59a6a]\nE       \t(No symbol) [0x0x7ff73ebb0406]\nE       \t(No symbol) [0x0x7ff73ebb06bc]\nE       \t(No symbol) [0x0x7ff73ec03ac7]\nE       \t(No symbol) [0x0x7ff73ebd864f]\nE       \t(No symbol) [0x0x7ff73ec0087f]\nE       \t(No symbol) [0x0x7ff73ebd83e3]\nE       \t(No symbol) [0x0x7ff73eba1521]\nE       \t(No symbol) [0x0x7ff73eba22b3]\nE       \tGetHandleVerifier [0x0x7ff73f071efd+3107021]\nE       \tGetHandleVerifier [0x0x7ff73f06c29d+3083373]\nE       \tGetHandleVerifier [0x0x7ff73f08bedd+3213485]\nE       \tGetHandleVerifier [0x0x7ff73eda884e+184862]\nE       \tGetHandleVerifier [0x0x7ff73edb055f+216879]\nE       \tGetHandleVerifier [0x0x7ff73ed97084+113236]\nE       \tGetHandleVerifier [0x0x7ff73ed97239+113673]\nE       \tGetHandleVerifier [0x0x7ff73ed7e298+11368]\nE       \tBaseThreadInitThunk [0x0x7ff9ed36e8d7+23]\nE       \tRtlUserThreadStart [0x0x7ff9ee07c34c+44]\n\n..\\..\\.venv\\Lib\\site-packages\\selenium\\webdriver\\support\\wait.py:138: TimeoutException\n\n---------------------------- Captured stderr setup -----------------------------\n2025-08-04 10:07:59,741 - INFO - conftest - Initializing Chrome WebDriver with suppressed logs.\n2025-08-04 10:08:01,255 - INFO - conftest - Maximizing browser window.\n2025-08-04 10:08:01,323 - INFO - conftest - Setting implicit wait to 10 seconds.\n2025-08-04 10:08:01,329 - INFO - conftest - Navigating to URL: https://bl-practice-attendance-app-stg-187791816934.asia-south1.run.app/admin\n2025-08-04 10:08:01,506 - INFO - conftest - Instantiating SignInPage object.\n2025-08-04 10:08:01,509 - INFO - conftest - Waiting for and clicking &amp;#x27;Sign in with Google&amp;#x27; button.\n2025-08-04 10:08:01,509 - INFO - SignInPage - Waiting for Google sign-in button.\n2025-08-04 10:08:02,537 - INFO - SignInPage - Clicking on &amp;#x27;Sign in with Google&amp;#x27; button.\n2025-08-04 10:08:02,758 - INFO - conftest - Waiting for Google login popup to appear.\n2025-08-04 10:08:02,783 - INFO - conftest - Switching to Google login popup window.\n2025-08-04 10:08:02,795 - INFO - conftest - Entering Google account email.\n2025-08-04 10:08:02,795 - INFO - SignInPage - Entering email as username\n2025-08-04 10:08:04,710 - INFO - conftest - Clicking &amp;#x27;Next&amp;#x27; after entering email.\n2025-08-04 10:08:04,710 - INFO - SignInPage - Clicking on &amp;#x27;Next&amp;#x27; button.\n2025-08-04 10:08:04,902 - INFO - conftest - Entering Google account password.\n2025-08-04 10:08:04,903 - INFO - SignInPage - Entering password.\n2025-08-04 10:08:06,868 - INFO - conftest - Clicking &amp;#x27;Next&amp;#x27; after entering password.\n2025-08-04 10:08:06,869 - INFO - SignInPage - Clicking on &amp;#x27;Next&amp;#x27; button.\n2025-08-04 10:08:07,091 - INFO - conftest - Waiting for application window to become available.\n2025-08-04 10:08:07,093 - INFO - conftest - Switching back to original application window.\n2025-08-04 10:08:07,104 - INFO - conftest - Attempting to close overlay popup after login, if present.\n2025-08-04 10:08:13,360 - INFO - conftest - Overlay popup closed after login.\n\n------------------------------ Captured log setup ------------------------------\nINFO     conftest:conftest.py:18 Initializing Chrome WebDriver with suppressed logs.\nINFO     conftest:conftest.py:28 Maximizing browser window.\nINFO     conftest:conftest.py:31 Setting implicit wait to 10 seconds.\nINFO     conftest:conftest.py:36 Navigating to URL: https://bl-practice-attendance-app-stg-187791816934.asia-south1.run.app/admin\nINFO     conftest:conftest.py:48 Instantiating SignInPage object.\nINFO     conftest:conftest.py:51 Waiting for and clicking &amp;#x27;Sign in with Google&amp;#x27; button.\nINFO     SignInPage:SignInPage.py:32 Waiting for Google sign-in button.\nINFO     SignInPage:SignInPage.py:37 Clicking on &amp;#x27;Sign in with Google&amp;#x27; button.\nINFO     conftest:conftest.py:54 Waiting for Google login popup to appear.\nINFO     conftest:conftest.py:56 Switching to Google login popup window.\nINFO     conftest:conftest.py:59 Entering Google account email.\nINFO     SignInPage:SignInPage.py:42 Entering email as username\nINFO     conftest:conftest.py:61 Clicking &amp;#x27;Next&amp;#x27; after entering email.\nINFO     SignInPage:SignInPage.py:61 Clicking on &amp;#x27;Next&amp;#x27; button.\nINFO     conftest:conftest.py:64 Entering Google account password.\nINFO     SignInPage:SignInPage.py:51 Entering password.\nINFO     conftest:conftest.py:66 Clicking &amp;#x27;Next&amp;#x27; after entering password.\nINFO     SignInPage:SignInPage.py:61 Clicking on &amp;#x27;Next&amp;#x27; button.\nINFO     conftest:conftest.py:69 Waiting for application window to become available.\nINFO     conftest:conftest.py:71 Switching back to original application window.\nINFO     conftest:conftest.py:74 Attempting to close overlay popup after login, if present.\nINFO     conftest:conftest.py:81 Overlay popup closed after login.\n\n----------------------------- Captured stderr call -----------------------------\n2025-08-04 10:08:13,364 - INFO - COECenter - Clicking Learner count button.\n2025-08-04 10:08:13,581 - INFO - COECenter - Learner button clicked.\n2025-08-04 10:08:13,581 - INFO - COECenter - Clicking Download Learner Data CSV button.\n\n------------------------------ Captured log call -------------------------------\nINFO     COECenter:COECenter.py:89 Clicking Learner count button.\nINFO     COECenter:COECenter.py:92 Learner button clicked.\nINFO     COECenter:COECenter.py:101 Clicking Download Learner Data CSV button.\n\n--------------------------- Captured stderr teardown ---------------------------\n2025-08-04 10:08:23,688 - INFO - conftest - Quitting Chrome WebDriver.\n\n---------------------------- Captured log teardown -----------------------------\nINFO     conftest:conftest.py:41 Quitting Chrome WebDriver.&#34;}], &#34;com/bridgelabz/testcases/test_coe_labz.py::TestCOE::test_upload_csv_file&#34;: [{&#34;extras&#34;: [], &#34;result&#34;: &#34;Failed&#34;, &#34;testId&#34;: &#34;com/bridgelabz/testcases/test_coe_labz.py::TestCOE::test_upload_csv_file&#34;, &#34;duration&#34;: &#34;00:00:28&#34;, &#34;resultsTableRow&#34;: [&#34;&lt;td class=\&#34;col-result\&#34;&gt;Failed&lt;/td&gt;&#34;, &#34;&lt;td class=\&#34;col-testId\&#34;&gt;com/bridgelabz/testcases/test_coe_labz.py::TestCOE::test_upload_csv_file&lt;/td&gt;&#34;, &#34;&lt;td class=\&#34;col-duration\&#34;&gt;00:00:28&lt;/td&gt;&#34;, &#34;&lt;td class=\&#34;col-links\&#34;&gt;&lt;/td&gt;&#34;], &#34;log&#34;: &#34;self = &amp;lt;com.bridgelabz.testcases.test_coe_labz.TestCOE object at 0x00000156F080CF30&amp;gt;\nlogin = &amp;lt;selenium.webdriver.chrome.webdriver.WebDriver (session=&amp;quot;93f2543f1a079b69852e692d2878a399&amp;quot;)&amp;gt;\n\n    @pytest.mark.sanity\n    def test_upload_csv_file(self, login):\n        driver = login\n        coe = COECenter(driver)\n    \n        # Ensure file path is correct\n        file_path = r&amp;quot;C:\\Users\\ASUS\\Downloads\\CSVFiles\\SampleLearnerCSV.csv&amp;quot;  # &amp;lt;-- FIXED\n        if not os.path.exists(file_path):\n            raise FileNotFoundError(f&amp;quot;CSV file not found at: {file_path}&amp;quot;)\n    \n        coe.click_learner_button()\n&amp;gt;       coe.upload_csv_file(file_path=file_path)\n\ntestcases\\test_coe_labz.py:193: \n_ _ _ _ _ _ _ _ _ _ _ _ _ _ _ _ _ _ _ _ _ _ _ _ _ _ _ _ _ _ _ _ _ _ _ _ _ _ _ _ _ _ _ _ _ _ _ _ _ _ _ _ _ _ _ _ _ _ _ _ _ _ _ _ _ _ _ _ _ _ _ _ _ _ _ _ _ _ _ _ _ _ _ _ _ _ _ _ _ \npageObjects\\COECenter\\COECenter.py:109: in upload_csv_file\n    upload_btn = self.wait.until(EC.element_to_be_clickable((By.XPATH, self.upload_csv_btn_xpath)))\n                 ^^^^^^^^^^^^^^^^^^^^^^^^^^^^^^^^^^^^^^^^^^^^^^^^^^^^^^^^^^^^^^^^^^^^^^^^^^^^^^^^^^\n_ _ _ _ _ _ _ _ _ _ _ _ _ _ _ _ _ _ _ _ _ _ _ _ _ _ _ _ _ _ _ _ _ _ _ _ _ _ _ _ _ _ _ _ _ _ _ _ _ _ _ _ _ _ _ _ _ _ _ _ _ _ _ _ _ _ _ _ _ _ _ _ _ _ _ _ _ _ _ _ _ _ _ _ _ _ _ _ _ \n\nself = &amp;lt;selenium.webdriver.support.wait.WebDriverWait (session=&amp;quot;93f2543f1a079b69852e692d2878a399&amp;quot;)&amp;gt;\nmethod = &amp;lt;function element_to_be_clickable.&amp;lt;locals&amp;gt;._predicate at 0x00000156F0C87A60&amp;gt;, message = &amp;#x27;&amp;#x27;\n\n    def until(self, method: Callable[[D], Union[Literal[False], T]], message: str = &amp;quot;&amp;quot;) -&amp;gt; T:\n        &amp;quot;&amp;quot;&amp;quot;Wait until the method returns a value that is not False.\n    \n        Calls the method provided with the driver as an argument until the\n        return value does not evaluate to ``False``.\n    \n        Parameters:\n        -----------\n        method: callable(WebDriver)\n            - A callable object that takes a WebDriver instance as an argument.\n    \n        message: str\n            - Optional message for :exc:`TimeoutException`\n    \n        Return:\n        -------\n        object: T\n            - The result of the last call to `method`\n    \n        Raises:\n        -------\n        TimeoutException\n            - If &amp;#x27;method&amp;#x27; does not return a truthy value within the WebDriverWait\n            object&amp;#x27;s timeout\n    \n        Example:\n        --------\n        &amp;gt;&amp;gt;&amp;gt; from selenium.webdriver.common.by import By\n        &amp;gt;&amp;gt;&amp;gt; from selenium.webdriver.support.ui import WebDriverWait\n        &amp;gt;&amp;gt;&amp;gt; from selenium.webdriver.support import expected_conditions as EC\n    \n        # Wait until an element is visible on the page\n        &amp;gt;&amp;gt;&amp;gt; wait = WebDriverWait(driver, 10)\n        &amp;gt;&amp;gt;&amp;gt; element = wait.until(EC.visibility_of_element_located((By.ID, &amp;quot;exampleId&amp;quot;)))\n        &amp;gt;&amp;gt;&amp;gt; print(element.text)\n        &amp;quot;&amp;quot;&amp;quot;\n        screen = None\n        stacktrace = None\n    \n        end_time = time.monotonic() + self._timeout\n        while True:\n            try:\n                value = method(self._driver)\n                if value:\n                    return value\n            except self._ignored_exceptions as exc:\n                screen = getattr(exc, &amp;quot;screen&amp;quot;, None)\n                stacktrace = getattr(exc, &amp;quot;stacktrace&amp;quot;, None)\n            if time.monotonic() &amp;gt; end_time:\n                break\n            time.sleep(self._poll)\n&amp;gt;       raise TimeoutException(message, screen, stacktrace)\nE       selenium.common.exceptions.TimeoutException: Message: \nE       Stacktrace:\nE       \tGetHandleVerifier [0x0x7ff73ed8e415+77285]\nE       \tGetHandleVerifier [0x0x7ff73ed8e470+77376]\nE       \t(No symbol) [0x0x7ff73eb59a6a]\nE       \t(No symbol) [0x0x7ff73ebb0406]\nE       \t(No symbol) [0x0x7ff73ebb06bc]\nE       \t(No symbol) [0x0x7ff73ec03ac7]\nE       \t(No symbol) [0x0x7ff73ebd864f]\nE       \t(No symbol) [0x0x7ff73ec0087f]\nE       \t(No symbol) [0x0x7ff73ebd83e3]\nE       \t(No symbol) [0x0x7ff73eba1521]\nE       \t(No symbol) [0x0x7ff73eba22b3]\nE       \tGetHandleVerifier [0x0x7ff73f071efd+3107021]\nE       \tGetHandleVerifier [0x0x7ff73f06c29d+3083373]\nE       \tGetHandleVerifier [0x0x7ff73f08bedd+3213485]\nE       \tGetHandleVerifier [0x0x7ff73eda884e+184862]\nE       \tGetHandleVerifier [0x0x7ff73edb055f+216879]\nE       \tGetHandleVerifier [0x0x7ff73ed97084+113236]\nE       \tGetHandleVerifier [0x0x7ff73ed97239+113673]\nE       \tGetHandleVerifier [0x0x7ff73ed7e298+11368]\nE       \tBaseThreadInitThunk [0x0x7ff9ed36e8d7+23]\nE       \tRtlUserThreadStart [0x0x7ff9ee07c34c+44]\n\n..\\..\\.venv\\Lib\\site-packages\\selenium\\webdriver\\support\\wait.py:138: TimeoutException\n\n---------------------------- Captured stderr setup -----------------------------\n2025-08-04 10:08:25,971 - INFO - conftest - Initializing Chrome WebDriver with suppressed logs.\n2025-08-04 10:08:27,476 - INFO - conftest - Maximizing browser window.\n2025-08-04 10:08:27,553 - INFO - conftest - Setting implicit wait to 10 seconds.\n2025-08-04 10:08:27,554 - INFO - conftest - Navigating to URL: https://bl-practice-attendance-app-stg-187791816934.asia-south1.run.app/admin\n2025-08-04 10:08:27,751 - INFO - conftest - Instantiating SignInPage object.\n2025-08-04 10:08:27,762 - INFO - conftest - Waiting for and clicking &amp;#x27;Sign in with Google&amp;#x27; button.\n2025-08-04 10:08:27,774 - INFO - SignInPage - Waiting for Google sign-in button.\n2025-08-04 10:08:28,879 - INFO - SignInPage - Clicking on &amp;#x27;Sign in with Google&amp;#x27; button.\n2025-08-04 10:08:29,110 - INFO - conftest - Waiting for Google login popup to appear.\n2025-08-04 10:08:29,124 - INFO - conftest - Switching to Google login popup window.\n2025-08-04 10:08:29,130 - INFO - conftest - Entering Google account email.\n2025-08-04 10:08:29,130 - INFO - SignInPage - Entering email as username\n2025-08-04 10:08:31,295 - INFO - conftest - Clicking &amp;#x27;Next&amp;#x27; after entering email.\n2025-08-04 10:08:31,295 - INFO - SignInPage - Clicking on &amp;#x27;Next&amp;#x27; button.\n2025-08-04 10:08:31,560 - INFO - conftest - Entering Google account password.\n2025-08-04 10:08:31,560 - INFO - SignInPage - Entering password.\n2025-08-04 10:08:33,866 - INFO - conftest - Clicking &amp;#x27;Next&amp;#x27; after entering password.\n2025-08-04 10:08:33,867 - INFO - SignInPage - Clicking on &amp;#x27;Next&amp;#x27; button.\n2025-08-04 10:08:34,030 - INFO - conftest - Waiting for application window to become available.\n2025-08-04 10:08:34,032 - INFO - conftest - Switching back to original application window.\n2025-08-04 10:08:34,052 - INFO - conftest - Attempting to close overlay popup after login, if present.\n2025-08-04 10:08:41,122 - INFO - conftest - Overlay popup closed after login.\n\n------------------------------ Captured log setup ------------------------------\nINFO     conftest:conftest.py:18 Initializing Chrome WebDriver with suppressed logs.\nINFO     conftest:conftest.py:28 Maximizing browser window.\nINFO     conftest:conftest.py:31 Setting implicit wait to 10 seconds.\nINFO     conftest:conftest.py:36 Navigating to URL: https://bl-practice-attendance-app-stg-187791816934.asia-south1.run.app/admin\nINFO     conftest:conftest.py:48 Instantiating SignInPage object.\nINFO     conftest:conftest.py:51 Waiting for and clicking &amp;#x27;Sign in with Google&amp;#x27; button.\nINFO     SignInPage:SignInPage.py:32 Waiting for Google sign-in button.\nINFO     SignInPage:SignInPage.py:37 Clicking on &amp;#x27;Sign in with Google&amp;#x27; button.\nINFO     conftest:conftest.py:54 Waiting for Google login popup to appear.\nINFO     conftest:conftest.py:56 Switching to Google login popup window.\nINFO     conftest:conftest.py:59 Entering Google account email.\nINFO     SignInPage:SignInPage.py:42 Entering email as username\nINFO     conftest:conftest.py:61 Clicking &amp;#x27;Next&amp;#x27; after entering email.\nINFO     SignInPage:SignInPage.py:61 Clicking on &amp;#x27;Next&amp;#x27; button.\nINFO     conftest:conftest.py:64 Entering Google account password.\nINFO     SignInPage:SignInPage.py:51 Entering password.\nINFO     conftest:conftest.py:66 Clicking &amp;#x27;Next&amp;#x27; after entering password.\nINFO     SignInPage:SignInPage.py:61 Clicking on &amp;#x27;Next&amp;#x27; button.\nINFO     conftest:conftest.py:69 Waiting for application window to become available.\nINFO     conftest:conftest.py:71 Switching back to original application window.\nINFO     conftest:conftest.py:74 Attempting to close overlay popup after login, if present.\nINFO     conftest:conftest.py:81 Overlay popup closed after login.\n\n----------------------------- Captured stderr call -----------------------------\n2025-08-04 10:08:41,129 - INFO - COECenter - Clicking Learner count button.\n2025-08-04 10:08:41,643 - INFO - COECenter - Learner button clicked.\n2025-08-04 10:08:41,644 - INFO - COECenter - Uploading CSV file from path: C:\\Users\\ASUS\\Downloads\\CSVFiles\\SampleLearnerCSV.csv\n\n------------------------------ Captured log call -------------------------------\nINFO     COECenter:COECenter.py:89 Clicking Learner count button.\nINFO     COECenter:COECenter.py:92 Learner button clicked.\nINFO     COECenter:COECenter.py:107 Uploading CSV file from path: C:\\Users\\ASUS\\Downloads\\CSVFiles\\SampleLearnerCSV.csv\n\n--------------------------- Captured stderr teardown ---------------------------\n2025-08-04 10:08:51,704 - INFO - conftest - Quitting Chrome WebDriver.\n\n---------------------------- Captured log teardown -----------------------------\nINFO     conftest:conftest.py:41 Quitting Chrome WebDriver.&#34;}], &#34;com/bridgelabz/testcases/test_daily_reports.py::TestDailyReports::test_view_daily_attendance_report&#34;: [{&#34;extras&#34;: [], &#34;result&#34;: &#34;Passed&#34;, &#34;testId&#34;: &#34;com/bridgelabz/testcases/test_daily_reports.py::TestDailyReports::test_view_daily_attendance_report&#34;, &#34;duration&#34;: &#34;00:00:26&#34;, &#34;resultsTableRow&#34;: [&#34;&lt;td class=\&#34;col-result\&#34;&gt;Passed&lt;/td&gt;&#34;, &#34;&lt;td class=\&#34;col-testId\&#34;&gt;com/bridgelabz/testcases/test_daily_reports.py::TestDailyReports::test_view_daily_attendance_report&lt;/td&gt;&#34;, &#34;&lt;td class=\&#34;col-duration\&#34;&gt;00:00:26&lt;/td&gt;&#34;, &#34;&lt;td class=\&#34;col-links\&#34;&gt;&lt;/td&gt;&#34;], &#34;log&#34;: &#34;---------------------------- Captured stderr setup -----------------------------\n2025-08-04 10:08:54,008 - INFO - conftest - Initializing Chrome WebDriver with suppressed logs.\n2025-08-04 10:08:55,672 - INFO - conftest - Maximizing browser window.\n2025-08-04 10:08:55,715 - INFO - conftest - Setting implicit wait to 10 seconds.\n2025-08-04 10:08:55,718 - INFO - conftest - Navigating to URL: https://bl-practice-attendance-app-stg-187791816934.asia-south1.run.app/admin\n2025-08-04 10:08:56,628 - INFO - conftest - Instantiating SignInPage object.\n2025-08-04 10:08:56,629 - INFO - conftest - Waiting for and clicking &amp;#x27;Sign in with Google&amp;#x27; button.\n2025-08-04 10:08:56,630 - INFO - SignInPage - Waiting for Google sign-in button.\n2025-08-04 10:08:57,052 - INFO - SignInPage - Clicking on &amp;#x27;Sign in with Google&amp;#x27; button.\n2025-08-04 10:08:57,309 - INFO - conftest - Waiting for Google login popup to appear.\n2025-08-04 10:08:57,325 - INFO - conftest - Switching to Google login popup window.\n2025-08-04 10:08:57,330 - INFO - conftest - Entering Google account email.\n2025-08-04 10:08:57,330 - INFO - SignInPage - Entering email as username\n2025-08-04 10:09:00,616 - INFO - conftest - Clicking &amp;#x27;Next&amp;#x27; after entering email.\n2025-08-04 10:09:00,617 - INFO - SignInPage - Clicking on &amp;#x27;Next&amp;#x27; button.\n2025-08-04 10:09:01,046 - INFO - conftest - Entering Google account password.\n2025-08-04 10:09:01,046 - INFO - SignInPage - Entering password.\n2025-08-04 10:09:03,114 - INFO - conftest - Clicking &amp;#x27;Next&amp;#x27; after entering password.\n2025-08-04 10:09:03,114 - INFO - SignInPage - Clicking on &amp;#x27;Next&amp;#x27; button.\n2025-08-04 10:09:03,378 - INFO - conftest - Waiting for application window to become available.\n2025-08-04 10:09:03,380 - INFO - conftest - Switching back to original application window.\n2025-08-04 10:09:03,387 - INFO - conftest - Attempting to close overlay popup after login, if present.\n2025-08-04 10:09:09,759 - INFO - conftest - Overlay popup closed after login.\n\n------------------------------ Captured log setup ------------------------------\nINFO     conftest:conftest.py:18 Initializing Chrome WebDriver with suppressed logs.\nINFO     conftest:conftest.py:28 Maximizing browser window.\nINFO     conftest:conftest.py:31 Setting implicit wait to 10 seconds.\nINFO     conftest:conftest.py:36 Navigating to URL: https://bl-practice-attendance-app-stg-187791816934.asia-south1.run.app/admin\nINFO     conftest:conftest.py:48 Instantiating SignInPage object.\nINFO     conftest:conftest.py:51 Waiting for and clicking &amp;#x27;Sign in with Google&amp;#x27; button.\nINFO     SignInPage:SignInPage.py:32 Waiting for Google sign-in button.\nINFO     SignInPage:SignInPage.py:37 Clicking on &amp;#x27;Sign in with Google&amp;#x27; button.\nINFO     conftest:conftest.py:54 Waiting for Google login popup to appear.\nINFO     conftest:conftest.py:56 Switching to Google login popup window.\nINFO     conftest:conftest.py:59 Entering Google account email.\nINFO     SignInPage:SignInPage.py:42 Entering email as username\nINFO     conftest:conftest.py:61 Clicking &amp;#x27;Next&amp;#x27; after entering email.\nINFO     SignInPage:SignInPage.py:61 Clicking on &amp;#x27;Next&amp;#x27; button.\nINFO     conftest:conftest.py:64 Entering Google account password.\nINFO     SignInPage:SignInPage.py:51 Entering password.\nINFO     conftest:conftest.py:66 Clicking &amp;#x27;Next&amp;#x27; after entering password.\nINFO     SignInPage:SignInPage.py:61 Clicking on &amp;#x27;Next&amp;#x27; button.\nINFO     conftest:conftest.py:69 Waiting for application window to become available.\nINFO     conftest:conftest.py:71 Switching back to original application window.\nINFO     conftest:conftest.py:74 Attempting to close overlay popup after login, if present.\nINFO     conftest:conftest.py:81 Overlay popup closed after login.\n\n----------------------------- Captured stderr call -----------------------------\n2025-08-04 10:09:10,143 - INFO - DailyReports - Clicked on Daily Report tab\n2025-08-04 10:09:10,872 - INFO - DailyReports - Clicked on View Daily Attendance Report button\n2025-08-04 10:09:11,204 - INFO - DailyReports - Clicked combobox: (//div[@class=&amp;#x27;MuiInputBase-root MuiOutlinedInput-root MuiInputBase-colorPrimary MuiInputBase-formControl MuiInputBase-sizeSmall MuiSelect-root css-iz33ar&amp;#x27;])[1]\n2025-08-04 10:09:11,871 - INFO - DailyReports - Selected option: P&amp;amp;A Phase 2\n2025-08-04 10:09:12,329 - INFO - DailyReports - Clicked combobox: //label[text()=&amp;#x27;Lab Type*&amp;#x27;]/following-sibling::div//div[@role=&amp;#x27;combobox&amp;#x27;]\n2025-08-04 10:09:12,978 - INFO - DailyReports - Selected option: Fellowship\n2025-08-04 10:09:14,260 - INFO - DailyReports - Selected attendance name: Day Order1\n2025-08-04 10:09:15,482 - INFO - DailyReports - Clicked combobox: //label[normalize-space()=&amp;#x27;Session Time&amp;#x27;]/following-sibling::div//div[@role=&amp;#x27;combobox&amp;#x27;]\n2025-08-04 10:09:16,165 - INFO - DailyReports - Selected option: 10:00 AM - 05:00 PM\n2025-08-04 10:09:16,199 - INFO - DailyReports - Date set for //input[@name=&amp;#x27;fromDate&amp;#x27;]: 2025-05-01\n2025-08-04 10:09:16,215 - INFO - DailyReports - Date set for //input[@name=&amp;#x27;toDate&amp;#x27;]: 2025-07-01\n2025-08-04 10:09:16,455 - INFO - DailyReports - Clicked on View button for Attendance Report\n2025-08-04 10:09:17,476 - INFO - DailyReports - Total Strength column is present in Daily Attendance Report \u2014 Validation Passed\n\n------------------------------ Captured log call -------------------------------\nINFO     DailyReports:DailyReports.py:76 Clicked on Daily Report tab\nINFO     DailyReports:DailyReports.py:81 Clicked on View Daily Attendance Report button\nINFO     DailyReports:DailyReports.py:41 Clicked combobox: (//div[@class=&amp;#x27;MuiInputBase-root MuiOutlinedInput-root MuiInputBase-colorPrimary MuiInputBase-formControl MuiInputBase-sizeSmall MuiSelect-root css-iz33ar&amp;#x27;])[1]\nINFO     DailyReports:DailyReports.py:47 Selected option: P&amp;amp;A Phase 2\nINFO     DailyReports:DailyReports.py:41 Clicked combobox: //label[text()=&amp;#x27;Lab Type*&amp;#x27;]/following-sibling::div//div[@role=&amp;#x27;combobox&amp;#x27;]\nINFO     DailyReports:DailyReports.py:47 Selected option: Fellowship\nINFO     DailyReports:DailyReports.py:92 Selected attendance name: Day Order1\nINFO     DailyReports:DailyReports.py:41 Clicked combobox: //label[normalize-space()=&amp;#x27;Session Time&amp;#x27;]/following-sibling::div//div[@role=&amp;#x27;combobox&amp;#x27;]\nINFO     DailyReports:DailyReports.py:47 Selected option: 10:00 AM - 05:00 PM\nINFO     DailyReports:DailyReports.py:70 Date set for //input[@name=&amp;#x27;fromDate&amp;#x27;]: 2025-05-01\nINFO     DailyReports:DailyReports.py:70 Date set for //input[@name=&amp;#x27;toDate&amp;#x27;]: 2025-07-01\nINFO     DailyReports:DailyReports.py:103 Clicked on View button for Attendance Report\nINFO     DailyReports:DailyReports.py:107 Total Strength column is present in Daily Attendance Report \u2014 Validation Passed\n\n--------------------------- Captured stderr teardown ---------------------------\n2025-08-04 10:09:17,480 - INFO - conftest - Quitting Chrome WebDriver.\n\n---------------------------- Captured log teardown -----------------------------\nINFO     conftest:conftest.py:41 Quitting Chrome WebDriver.&#34;}], &#34;com/bridgelabz/testcases/test_daily_reports.py::TestDailyReports::test_view_daily_practice_report&#34;: [{&#34;extras&#34;: [], &#34;result&#34;: &#34;Passed&#34;, &#34;testId&#34;: &#34;com/bridgelabz/testcases/test_daily_reports.py::TestDailyReports::test_view_daily_practice_report&#34;, &#34;duration&#34;: &#34;00:00:25&#34;, &#34;resultsTableRow&#34;: [&#34;&lt;td class=\&#34;col-result\&#34;&gt;Passed&lt;/td&gt;&#34;, &#34;&lt;td class=\&#34;col-testId\&#34;&gt;com/bridgelabz/testcases/test_daily_reports.py::TestDailyReports::test_view_daily_practice_report&lt;/td&gt;&#34;, &#34;&lt;td class=\&#34;col-duration\&#34;&gt;00:00:25&lt;/td&gt;&#34;, &#34;&lt;td class=\&#34;col-links\&#34;&gt;&lt;/td&gt;&#34;], &#34;log&#34;: &#34;---------------------------- Captured stderr setup -----------------------------\n2025-08-04 10:09:19,755 - INFO - conftest - Initializing Chrome WebDriver with suppressed logs.\n2025-08-04 10:09:21,170 - INFO - conftest - Maximizing browser window.\n2025-08-04 10:09:21,235 - INFO - conftest - Setting implicit wait to 10 seconds.\n2025-08-04 10:09:21,238 - INFO - conftest - Navigating to URL: https://bl-practice-attendance-app-stg-187791816934.asia-south1.run.app/admin\n2025-08-04 10:09:22,260 - INFO - conftest - Instantiating SignInPage object.\n2025-08-04 10:09:22,262 - INFO - conftest - Waiting for and clicking &amp;#x27;Sign in with Google&amp;#x27; button.\n2025-08-04 10:09:22,262 - INFO - SignInPage - Waiting for Google sign-in button.\n2025-08-04 10:09:22,677 - INFO - SignInPage - Clicking on &amp;#x27;Sign in with Google&amp;#x27; button.\n2025-08-04 10:09:22,922 - INFO - conftest - Waiting for Google login popup to appear.\n2025-08-04 10:09:22,932 - INFO - conftest - Switching to Google login popup window.\n2025-08-04 10:09:22,945 - INFO - conftest - Entering Google account email.\n2025-08-04 10:09:22,946 - INFO - SignInPage - Entering email as username\n2025-08-04 10:09:24,446 - INFO - conftest - Clicking &amp;#x27;Next&amp;#x27; after entering email.\n2025-08-04 10:09:24,446 - INFO - SignInPage - Clicking on &amp;#x27;Next&amp;#x27; button.\n2025-08-04 10:09:24,621 - INFO - conftest - Entering Google account password.\n2025-08-04 10:09:24,622 - INFO - SignInPage - Entering password.\n2025-08-04 10:09:27,984 - INFO - conftest - Clicking &amp;#x27;Next&amp;#x27; after entering password.\n2025-08-04 10:09:27,984 - INFO - SignInPage - Clicking on &amp;#x27;Next&amp;#x27; button.\n2025-08-04 10:09:28,131 - INFO - conftest - Waiting for application window to become available.\n2025-08-04 10:09:28,134 - INFO - conftest - Switching back to original application window.\n2025-08-04 10:09:28,143 - INFO - conftest - Attempting to close overlay popup after login, if present.\n2025-08-04 10:09:34,972 - INFO - conftest - Overlay popup closed after login.\n\n------------------------------ Captured log setup ------------------------------\nINFO     conftest:conftest.py:18 Initializing Chrome WebDriver with suppressed logs.\nINFO     conftest:conftest.py:28 Maximizing browser window.\nINFO     conftest:conftest.py:31 Setting implicit wait to 10 seconds.\nINFO     conftest:conftest.py:36 Navigating to URL: https://bl-practice-attendance-app-stg-187791816934.asia-south1.run.app/admin\nINFO     conftest:conftest.py:48 Instantiating SignInPage object.\nINFO     conftest:conftest.py:51 Waiting for and clicking &amp;#x27;Sign in with Google&amp;#x27; button.\nINFO     SignInPage:SignInPage.py:32 Waiting for Google sign-in button.\nINFO     SignInPage:SignInPage.py:37 Clicking on &amp;#x27;Sign in with Google&amp;#x27; button.\nINFO     conftest:conftest.py:54 Waiting for Google login popup to appear.\nINFO     conftest:conftest.py:56 Switching to Google login popup window.\nINFO     conftest:conftest.py:59 Entering Google account email.\nINFO     SignInPage:SignInPage.py:42 Entering email as username\nINFO     conftest:conftest.py:61 Clicking &amp;#x27;Next&amp;#x27; after entering email.\nINFO     SignInPage:SignInPage.py:61 Clicking on &amp;#x27;Next&amp;#x27; button.\nINFO     conftest:conftest.py:64 Entering Google account password.\nINFO     SignInPage:SignInPage.py:51 Entering password.\nINFO     conftest:conftest.py:66 Clicking &amp;#x27;Next&amp;#x27; after entering password.\nINFO     SignInPage:SignInPage.py:61 Clicking on &amp;#x27;Next&amp;#x27; button.\nINFO     conftest:conftest.py:69 Waiting for application window to become available.\nINFO     conftest:conftest.py:71 Switching back to original application window.\nINFO     conftest:conftest.py:74 Attempting to close overlay popup after login, if present.\nINFO     conftest:conftest.py:81 Overlay popup closed after login.\n\n----------------------------- Captured stderr call -----------------------------\n2025-08-04 10:09:35,144 - INFO - DailyReports - Clicked on Daily Report tab\n2025-08-04 10:09:35,587 - INFO - DailyReports - Clicked on Daily Practice Report tab\n2025-08-04 10:09:35,902 - INFO - DailyReports - Clicked combobox: //div[@id=&amp;#x27;mui-component-select-coe&amp;#x27;]\n2025-08-04 10:09:36,663 - INFO - DailyReports - Selected option: P&amp;amp;A Phase 2\n2025-08-04 10:09:37,758 - INFO - DailyReports - Clicked combobox: //div[@id=&amp;#x27;mui-component-select-labType&amp;#x27;]\n2025-08-04 10:09:38,361 - INFO - DailyReports - Selected option: Fellowship\n2025-08-04 10:09:38,669 - INFO - DailyReports - Clicked combobox: //div[@id=&amp;#x27;mui-component-select-makerPlan&amp;#x27;]\n2025-08-04 10:09:39,366 - INFO - DailyReports - Selected option: QA\n2025-08-04 10:09:39,728 - INFO - DailyReports - Clicked combobox: //div[@id=&amp;#x27;mui-component-select-makerModule&amp;#x27;]\n2025-08-04 10:09:40,554 - INFO - DailyReports - Selected option: QA Automation\n2025-08-04 10:09:41,137 - INFO - DailyReports - Clicked combobox: (//div[@class=&amp;#x27;MuiInputBase-root MuiOutlinedInput-root MuiInputBase-colorPrimary MuiInputBase-fullWidth MuiInputBase-formControl MuiInputBase-sizeSmall MuiInputBase-adornedEnd MuiAutocomplete-inputRoot css-1kmkvia&amp;#x27;])[1]\n2025-08-04 10:09:41,715 - INFO - DailyReports - Selected option: Lab 1\n2025-08-04 10:09:41,752 - INFO - DailyReports - Clicked on View button for Daily Practice Report\n2025-08-04 10:09:42,762 - INFO - DailyReports - Lab Strength column is present in Daily Practice Report \u2014 Validation Passed\n\n------------------------------ Captured log call -------------------------------\nINFO     DailyReports:DailyReports.py:115 Clicked on Daily Report tab\nINFO     DailyReports:DailyReports.py:119 Clicked on Daily Practice Report tab\nINFO     DailyReports:DailyReports.py:41 Clicked combobox: //div[@id=&amp;#x27;mui-component-select-coe&amp;#x27;]\nINFO     DailyReports:DailyReports.py:47 Selected option: P&amp;amp;A Phase 2\nINFO     DailyReports:DailyReports.py:41 Clicked combobox: //div[@id=&amp;#x27;mui-component-select-labType&amp;#x27;]\nINFO     DailyReports:DailyReports.py:47 Selected option: Fellowship\nINFO     DailyReports:DailyReports.py:41 Clicked combobox: //div[@id=&amp;#x27;mui-component-select-makerPlan&amp;#x27;]\nINFO     DailyReports:DailyReports.py:47 Selected option: QA\nINFO     DailyReports:DailyReports.py:41 Clicked combobox: //div[@id=&amp;#x27;mui-component-select-makerModule&amp;#x27;]\nINFO     DailyReports:DailyReports.py:47 Selected option: QA Automation\nINFO     DailyReports:DailyReports.py:41 Clicked combobox: (//div[@class=&amp;#x27;MuiInputBase-root MuiOutlinedInput-root MuiInputBase-colorPrimary MuiInputBase-fullWidth MuiInputBase-formControl MuiInputBase-sizeSmall MuiInputBase-adornedEnd MuiAutocomplete-inputRoot css-1kmkvia&amp;#x27;])[1]\nINFO     DailyReports:DailyReports.py:47 Selected option: Lab 1\nINFO     DailyReports:DailyReports.py:130 Clicked on View button for Daily Practice Report\nINFO     DailyReports:DailyReports.py:134 Lab Strength column is present in Daily Practice Report \u2014 Validation Passed\n\n--------------------------- Captured stderr teardown ---------------------------\n2025-08-04 10:09:42,764 - INFO - conftest - Quitting Chrome WebDriver.\n\n---------------------------- Captured log teardown -----------------------------\nINFO     conftest:conftest.py:41 Quitting Chrome WebDriver.&#34;}]}, &#34;renderCollapsed&#34;: [&#34;passed&#34;], &#34;initialSort&#34;: &#34;result&#34;, &#34;title&#34;: &#34;sanity_report_2025-08-04_10-05-40.html&#34;}"></div>
    <script>
      (function(){function r(e,n,t){function o(i,f){if(!n[i]){if(!e[i]){var c="function"==typeof require&&require;if(!f&&c)return c(i,!0);if(u)return u(i,!0);var a=new Error("Cannot find module '"+i+"'");throw a.code="MODULE_NOT_FOUND",a}var p=n[i]={exports:{}};e[i][0].call(p.exports,function(r){var n=e[i][1][r];return o(n||r)},p,p.exports,r,e,n,t)}return n[i].exports}for(var u="function"==typeof require&&require,i=0;i<t.length;i++)o(t[i]);return o}return r})()({1:[function(require,module,exports){
const { getCollapsedCategory, setCollapsedIds } = require('./storage.js')

class DataManager {
    setManager(data) {
        const collapsedCategories = [...getCollapsedCategory(data.renderCollapsed)]
        const collapsedIds = []
        const tests = Object.values(data.tests).flat().map((test, index) => {
            const collapsed = collapsedCategories.includes(test.result.toLowerCase())
            const id = `test_${index}`
            if (collapsed) {
                collapsedIds.push(id)
            }
            return {
                ...test,
                id,
                collapsed,
            }
        })
        const dataBlob = { ...data, tests }
        this.data = { ...dataBlob }
        this.renderData = { ...dataBlob }
        setCollapsedIds(collapsedIds)
    }

    get allData() {
        return { ...this.data }
    }

    resetRender() {
        this.renderData = { ...this.data }
    }

    setRender(data) {
        this.renderData.tests = [...data]
    }

    toggleCollapsedItem(id) {
        this.renderData.tests = this.renderData.tests.map((test) =>
            test.id === id ? { ...test, collapsed: !test.collapsed } : test,
        )
    }

    set allCollapsed(collapsed) {
        this.renderData = { ...this.renderData, tests: [...this.renderData.tests.map((test) => (
            { ...test, collapsed }
        ))] }
    }

    get testSubset() {
        return [...this.renderData.tests]
    }

    get environment() {
        return this.renderData.environment
    }

    get initialSort() {
        return this.data.initialSort
    }
}

module.exports = {
    manager: new DataManager(),
}

},{"./storage.js":8}],2:[function(require,module,exports){
const mediaViewer = require('./mediaviewer.js')
const templateEnvRow = document.getElementById('template_environment_row')
const templateResult = document.getElementById('template_results-table__tbody')

function htmlToElements(html) {
    const temp = document.createElement('template')
    temp.innerHTML = html
    return temp.content.childNodes
}

const find = (selector, elem) => {
    if (!elem) {
        elem = document
    }
    return elem.querySelector(selector)
}

const findAll = (selector, elem) => {
    if (!elem) {
        elem = document
    }
    return [...elem.querySelectorAll(selector)]
}

const dom = {
    getStaticRow: (key, value) => {
        const envRow = templateEnvRow.content.cloneNode(true)
        const isObj = typeof value === 'object' && value !== null
        const values = isObj ? Object.keys(value).map((k) => `${k}: ${value[k]}`) : null

        const valuesElement = htmlToElements(
            values ? `<ul>${values.map((val) => `<li>${val}</li>`).join('')}<ul>` : `<div>${value}</div>`)[0]
        const td = findAll('td', envRow)
        td[0].textContent = key
        td[1].appendChild(valuesElement)

        return envRow
    },
    getResultTBody: ({ testId, id, log, extras, resultsTableRow, tableHtml, result, collapsed }) => {
        const resultBody = templateResult.content.cloneNode(true)
        resultBody.querySelector('tbody').classList.add(result.toLowerCase())
        resultBody.querySelector('tbody').id = testId
        resultBody.querySelector('.collapsible').dataset.id = id

        resultsTableRow.forEach((html) => {
            const t = document.createElement('template')
            t.innerHTML = html
            resultBody.querySelector('.collapsible').appendChild(t.content)
        })

        if (log) {
            // Wrap lines starting with "E" with span.error to color those lines red
            const wrappedLog = log.replace(/^E.*$/gm, (match) => `<span class="error">${match}</span>`)
            resultBody.querySelector('.log').innerHTML = wrappedLog
        } else {
            resultBody.querySelector('.log').remove()
        }

        if (collapsed) {
            resultBody.querySelector('.collapsible > td')?.classList.add('collapsed')
            resultBody.querySelector('.extras-row').classList.add('hidden')
        } else {
            resultBody.querySelector('.collapsible > td')?.classList.remove('collapsed')
        }

        const media = []
        extras?.forEach(({ name, format_type, content }) => {
            if (['image', 'video'].includes(format_type)) {
                media.push({ path: content, name, format_type })
            }

            if (format_type === 'html') {
                resultBody.querySelector('.extraHTML').insertAdjacentHTML('beforeend', `<div>${content}</div>`)
            }
        })
        mediaViewer.setup(resultBody, media)

        // Add custom html from the pytest_html_results_table_html hook
        tableHtml?.forEach((item) => {
            resultBody.querySelector('td[class="extra"]').insertAdjacentHTML('beforeend', item)
        })

        return resultBody
    },
}

module.exports = {
    dom,
    htmlToElements,
    find,
    findAll,
}

},{"./mediaviewer.js":6}],3:[function(require,module,exports){
const { manager } = require('./datamanager.js')
const { doSort } = require('./sort.js')
const storageModule = require('./storage.js')

const getFilteredSubSet = (filter) =>
    manager.allData.tests.filter(({ result }) => filter.includes(result.toLowerCase()))

const doInitFilter = () => {
    const currentFilter = storageModule.getVisible()
    const filteredSubset = getFilteredSubSet(currentFilter)
    manager.setRender(filteredSubset)
}

const doFilter = (type, show) => {
    if (show) {
        storageModule.showCategory(type)
    } else {
        storageModule.hideCategory(type)
    }

    const currentFilter = storageModule.getVisible()
    const filteredSubset = getFilteredSubSet(currentFilter)
    manager.setRender(filteredSubset)

    const sortColumn = storageModule.getSort()
    doSort(sortColumn, true)
}

module.exports = {
    doFilter,
    doInitFilter,
}

},{"./datamanager.js":1,"./sort.js":7,"./storage.js":8}],4:[function(require,module,exports){
const { redraw, bindEvents, renderStatic } = require('./main.js')
const { doInitFilter } = require('./filter.js')
const { doInitSort } = require('./sort.js')
const { manager } = require('./datamanager.js')
const data = JSON.parse(document.getElementById('data-container').dataset.jsonblob)

function init() {
    manager.setManager(data)
    doInitFilter()
    doInitSort()
    renderStatic()
    redraw()
    bindEvents()
}

init()

},{"./datamanager.js":1,"./filter.js":3,"./main.js":5,"./sort.js":7}],5:[function(require,module,exports){
const { dom, find, findAll } = require('./dom.js')
const { manager } = require('./datamanager.js')
const { doSort } = require('./sort.js')
const { doFilter } = require('./filter.js')
const {
    getVisible,
    getCollapsedIds,
    setCollapsedIds,
    getSort,
    getSortDirection,
    possibleFilters,
} = require('./storage.js')

const removeChildren = (node) => {
    while (node.firstChild) {
        node.removeChild(node.firstChild)
    }
}

const renderStatic = () => {
    const renderEnvironmentTable = () => {
        const environment = manager.environment
        const rows = Object.keys(environment).map((key) => dom.getStaticRow(key, environment[key]))
        const table = document.getElementById('environment')
        removeChildren(table)
        rows.forEach((row) => table.appendChild(row))
    }
    renderEnvironmentTable()
}

const addItemToggleListener = (elem) => {
    elem.addEventListener('click', ({ target }) => {
        const id = target.parentElement.dataset.id
        manager.toggleCollapsedItem(id)

        const collapsedIds = getCollapsedIds()
        if (collapsedIds.includes(id)) {
            const updated = collapsedIds.filter((item) => item !== id)
            setCollapsedIds(updated)
        } else {
            collapsedIds.push(id)
            setCollapsedIds(collapsedIds)
        }
        redraw()
    })
}

const renderContent = (tests) => {
    const sortAttr = getSort(manager.initialSort)
    const sortAsc = JSON.parse(getSortDirection())
    const rows = tests.map(dom.getResultTBody)
    const table = document.getElementById('results-table')
    const tableHeader = document.getElementById('results-table-head')

    const newTable = document.createElement('table')
    newTable.id = 'results-table'

    // remove all sorting classes and set the relevant
    findAll('.sortable', tableHeader).forEach((elem) => elem.classList.remove('asc', 'desc'))
    tableHeader.querySelector(`.sortable[data-column-type="${sortAttr}"]`)?.classList.add(sortAsc ? 'desc' : 'asc')
    newTable.appendChild(tableHeader)

    if (!rows.length) {
        const emptyTable = document.getElementById('template_results-table__body--empty').content.cloneNode(true)
        newTable.appendChild(emptyTable)
    } else {
        rows.forEach((row) => {
            if (!!row) {
                findAll('.collapsible td:not(.col-links', row).forEach(addItemToggleListener)
                find('.logexpander', row).addEventListener('click',
                    (evt) => evt.target.parentNode.classList.toggle('expanded'),
                )
                newTable.appendChild(row)
            }
        })
    }

    table.replaceWith(newTable)
}

const renderDerived = () => {
    const currentFilter = getVisible()
    possibleFilters.forEach((result) => {
        const input = document.querySelector(`input[data-test-result="${result}"]`)
        input.checked = currentFilter.includes(result)
    })
}

const bindEvents = () => {
    const filterColumn = (evt) => {
        const { target: element } = evt
        const { testResult } = element.dataset

        doFilter(testResult, element.checked)
        const collapsedIds = getCollapsedIds()
        const updated = manager.renderData.tests.map((test) => {
            return {
                ...test,
                collapsed: collapsedIds.includes(test.id),
            }
        })
        manager.setRender(updated)
        redraw()
    }

    const header = document.getElementById('environment-header')
    header.addEventListener('click', () => {
        const table = document.getElementById('environment')
        table.classList.toggle('hidden')
        header.classList.toggle('collapsed')
    })

    findAll('input[name="filter_checkbox"]').forEach((elem) => {
        elem.addEventListener('click', filterColumn)
    })

    findAll('.sortable').forEach((elem) => {
        elem.addEventListener('click', (evt) => {
            const { target: element } = evt
            const { columnType } = element.dataset
            doSort(columnType)
            redraw()
        })
    })

    document.getElementById('show_all_details').addEventListener('click', () => {
        manager.allCollapsed = false
        setCollapsedIds([])
        redraw()
    })
    document.getElementById('hide_all_details').addEventListener('click', () => {
        manager.allCollapsed = true
        const allIds = manager.renderData.tests.map((test) => test.id)
        setCollapsedIds(allIds)
        redraw()
    })
}

const redraw = () => {
    const { testSubset } = manager

    renderContent(testSubset)
    renderDerived()
}

module.exports = {
    redraw,
    bindEvents,
    renderStatic,
}

},{"./datamanager.js":1,"./dom.js":2,"./filter.js":3,"./sort.js":7,"./storage.js":8}],6:[function(require,module,exports){
class MediaViewer {
    constructor(assets) {
        this.assets = assets
        this.index = 0
    }

    nextActive() {
        this.index = this.index === this.assets.length - 1 ? 0 : this.index + 1
        return [this.activeFile, this.index]
    }

    prevActive() {
        this.index = this.index === 0 ? this.assets.length - 1 : this.index -1
        return [this.activeFile, this.index]
    }

    get currentIndex() {
        return this.index
    }

    get activeFile() {
        return this.assets[this.index]
    }
}


const setup = (resultBody, assets) => {
    if (!assets.length) {
        resultBody.querySelector('.media').classList.add('hidden')
        return
    }

    const mediaViewer = new MediaViewer(assets)
    const container = resultBody.querySelector('.media-container')
    const leftArrow = resultBody.querySelector('.media-container__nav--left')
    const rightArrow = resultBody.querySelector('.media-container__nav--right')
    const mediaName = resultBody.querySelector('.media__name')
    const counter = resultBody.querySelector('.media__counter')
    const imageEl = resultBody.querySelector('img')
    const sourceEl = resultBody.querySelector('source')
    const videoEl = resultBody.querySelector('video')

    const setImg = (media, index) => {
        if (media?.format_type === 'image') {
            imageEl.src = media.path

            imageEl.classList.remove('hidden')
            videoEl.classList.add('hidden')
        } else if (media?.format_type === 'video') {
            sourceEl.src = media.path

            videoEl.classList.remove('hidden')
            imageEl.classList.add('hidden')
        }

        mediaName.innerText = media?.name
        counter.innerText = `${index + 1} / ${assets.length}`
    }
    setImg(mediaViewer.activeFile, mediaViewer.currentIndex)

    const moveLeft = () => {
        const [media, index] = mediaViewer.prevActive()
        setImg(media, index)
    }
    const doRight = () => {
        const [media, index] = mediaViewer.nextActive()
        setImg(media, index)
    }
    const openImg = () => {
        window.open(mediaViewer.activeFile.path, '_blank')
    }
    if (assets.length === 1) {
        container.classList.add('media-container--fullscreen')
    } else {
        leftArrow.addEventListener('click', moveLeft)
        rightArrow.addEventListener('click', doRight)
    }
    imageEl.addEventListener('click', openImg)
}

module.exports = {
    setup,
}

},{}],7:[function(require,module,exports){
const { manager } = require('./datamanager.js')
const storageModule = require('./storage.js')

const genericSort = (list, key, ascending, customOrder) => {
    let sorted
    if (customOrder) {
        sorted = list.sort((a, b) => {
            const aValue = a.result.toLowerCase()
            const bValue = b.result.toLowerCase()

            const aIndex = customOrder.findIndex((item) => item.toLowerCase() === aValue)
            const bIndex = customOrder.findIndex((item) => item.toLowerCase() === bValue)

            // Compare the indices to determine the sort order
            return aIndex - bIndex
        })
    } else {
        sorted = list.sort((a, b) => a[key] === b[key] ? 0 : a[key] > b[key] ? 1 : -1)
    }

    if (ascending) {
        sorted.reverse()
    }
    return sorted
}

const durationSort = (list, ascending) => {
    const parseDuration = (duration) => {
        if (duration.includes(':')) {
            // If it's in the format "HH:mm:ss"
            const [hours, minutes, seconds] = duration.split(':').map(Number)
            return (hours * 3600 + minutes * 60 + seconds) * 1000
        } else {
            // If it's in the format "nnn ms"
            return parseInt(duration)
        }
    }
    const sorted = list.sort((a, b) => parseDuration(a['duration']) - parseDuration(b['duration']))
    if (ascending) {
        sorted.reverse()
    }
    return sorted
}

const doInitSort = () => {
    const type = storageModule.getSort(manager.initialSort)
    const ascending = storageModule.getSortDirection()
    const list = manager.testSubset
    const initialOrder = ['Error', 'Failed', 'Rerun', 'XFailed', 'XPassed', 'Skipped', 'Passed']

    storageModule.setSort(type)
    storageModule.setSortDirection(ascending)

    if (type?.toLowerCase() === 'original') {
        manager.setRender(list)
    } else {
        let sortedList
        switch (type) {
        case 'duration':
            sortedList = durationSort(list, ascending)
            break
        case 'result':
            sortedList = genericSort(list, type, ascending, initialOrder)
            break
        default:
            sortedList = genericSort(list, type, ascending)
            break
        }
        manager.setRender(sortedList)
    }
}

const doSort = (type, skipDirection) => {
    const newSortType = storageModule.getSort(manager.initialSort) !== type
    const currentAsc = storageModule.getSortDirection()
    let ascending
    if (skipDirection) {
        ascending = currentAsc
    } else {
        ascending = newSortType ? false : !currentAsc
    }
    storageModule.setSort(type)
    storageModule.setSortDirection(ascending)

    const list = manager.testSubset
    const sortedList = type === 'duration' ? durationSort(list, ascending) : genericSort(list, type, ascending)
    manager.setRender(sortedList)
}

module.exports = {
    doInitSort,
    doSort,
}

},{"./datamanager.js":1,"./storage.js":8}],8:[function(require,module,exports){
const possibleFilters = [
    'passed',
    'skipped',
    'failed',
    'error',
    'xfailed',
    'xpassed',
    'rerun',
]

const getVisible = () => {
    const url = new URL(window.location.href)
    const settings = new URLSearchParams(url.search).get('visible')
    const lower = (item) => {
        const lowerItem = item.toLowerCase()
        if (possibleFilters.includes(lowerItem)) {
            return lowerItem
        }
        return null
    }
    return settings === null ?
        possibleFilters :
        [...new Set(settings?.split(',').map(lower).filter((item) => item))]
}

const hideCategory = (categoryToHide) => {
    const url = new URL(window.location.href)
    const visibleParams = new URLSearchParams(url.search).get('visible')
    const currentVisible = visibleParams ? visibleParams.split(',') : [...possibleFilters]
    const settings = [...new Set(currentVisible)].filter((f) => f !== categoryToHide).join(',')

    url.searchParams.set('visible', settings)
    window.history.pushState({}, null, unescape(url.href))
}

const showCategory = (categoryToShow) => {
    if (typeof window === 'undefined') {
        return
    }
    const url = new URL(window.location.href)
    const currentVisible = new URLSearchParams(url.search).get('visible')?.split(',').filter(Boolean) ||
        [...possibleFilters]
    const settings = [...new Set([categoryToShow, ...currentVisible])]
    const noFilter = possibleFilters.length === settings.length || !settings.length

    noFilter ? url.searchParams.delete('visible') : url.searchParams.set('visible', settings.join(','))
    window.history.pushState({}, null, unescape(url.href))
}

const getSort = (initialSort) => {
    const url = new URL(window.location.href)
    let sort = new URLSearchParams(url.search).get('sort')
    if (!sort) {
        sort = initialSort || 'result'
    }
    return sort
}

const setSort = (type) => {
    const url = new URL(window.location.href)
    url.searchParams.set('sort', type)
    window.history.pushState({}, null, unescape(url.href))
}

const getCollapsedCategory = (renderCollapsed) => {
    let categories
    if (typeof window !== 'undefined') {
        const url = new URL(window.location.href)
        const collapsedItems = new URLSearchParams(url.search).get('collapsed')
        switch (true) {
        case !renderCollapsed && collapsedItems === null:
            categories = ['passed']
            break
        case collapsedItems?.length === 0 || /^["']{2}$/.test(collapsedItems):
            categories = []
            break
        case /^all$/.test(collapsedItems) || collapsedItems === null && /^all$/.test(renderCollapsed):
            categories = [...possibleFilters]
            break
        default:
            categories = collapsedItems?.split(',').map((item) => item.toLowerCase()) || renderCollapsed
            break
        }
    } else {
        categories = []
    }
    return categories
}

const getSortDirection = () => JSON.parse(sessionStorage.getItem('sortAsc')) || false
const setSortDirection = (ascending) => sessionStorage.setItem('sortAsc', ascending)

const getCollapsedIds = () => JSON.parse(sessionStorage.getItem('collapsedIds')) || []
const setCollapsedIds = (list) => sessionStorage.setItem('collapsedIds', JSON.stringify(list))

module.exports = {
    getVisible,
    hideCategory,
    showCategory,
    getCollapsedIds,
    setCollapsedIds,
    getSort,
    setSort,
    getSortDirection,
    setSortDirection,
    getCollapsedCategory,
    possibleFilters,
}

},{}]},{},[4]);
    </script>
  </footer>
</html>